[0.076s] DEBUG:colcon:Command line arguments: ['/usr/bin/colcon', 'build']
[0.076s] DEBUG:colcon:Parsed command line arguments: Namespace(log_base=None, log_level=None, verb_name='build', build_base='build', install_base='install', merge_install=False, symlink_install=False, test_result_base=None, continue_on_error=False, executor='parallel', parallel_workers=8, event_handlers=None, ignore_user_meta=False, metas=['./colcon.meta'], base_paths=['.'], packages_ignore=None, packages_ignore_regex=None, paths=None, packages_up_to=None, packages_up_to_regex=None, packages_above=None, packages_above_and_dependencies=None, packages_above_depth=None, packages_select_by_dep=None, packages_skip_by_dep=None, packages_skip_up_to=None, packages_select_build_failed=False, packages_skip_build_finished=False, packages_select_test_failures=False, packages_skip_test_passed=False, packages_select=None, packages_skip=None, packages_select_regex=None, packages_skip_regex=None, packages_start=None, packages_end=None, cmake_args=None, cmake_target=None, cmake_target_skip_unavailable=False, cmake_clean_cache=False, cmake_clean_first=False, cmake_force_configure=False, ament_cmake_args=None, catkin_cmake_args=None, catkin_skip_building_tests=False, mixin_files=None, mixin=None, verb_parser=<colcon_mixin.mixin.mixin_argument.MixinArgumentDecorator object at 0x766fb1c889a0>, verb_extension=<colcon_core.verb.build.BuildVerb object at 0x766fb1dd9030>, main=<bound method BuildVerb.main of <colcon_core.verb.build.BuildVerb object at 0x766fb1dd9030>>, mixin_verb=('build',))
[0.168s] Level 1:colcon.colcon_core.package_discovery:discover_packages(colcon_meta) check parameters
[0.168s] INFO:colcon.colcon_metadata.package_discovery.colcon_meta:Using configuration from '/root/.colcon/metadata/default/Gazebo.meta'
[0.169s] INFO:colcon.colcon_metadata.package_discovery.colcon_meta:Using configuration from '/root/.colcon/metadata/default/fastrtps.meta'
[0.169s] Level 1:colcon.colcon_core.package_discovery:discover_packages(recursive) check parameters
[0.169s] Level 1:colcon.colcon_core.package_discovery:discover_packages(ignore) check parameters
[0.169s] Level 1:colcon.colcon_core.package_discovery:discover_packages(path) check parameters
[0.169s] Level 1:colcon.colcon_core.package_discovery:discover_packages(colcon_meta) discover
[0.169s] Level 1:colcon.colcon_core.package_discovery:discover_packages(recursive) discover
[0.169s] INFO:colcon.colcon_core.package_discovery:Crawling recursively for packages in '/workspace/ros2_ws_turtlebot3'
[0.169s] Level 1:colcon.colcon_core.package_identification:_identify(.) by extensions ['ignore', 'ignore_ament_install']
[0.169s] Level 1:colcon.colcon_core.package_identification:_identify(.) by extension 'ignore'
[0.169s] Level 1:colcon.colcon_core.package_identification:_identify(.) by extension 'ignore_ament_install'
[0.169s] Level 1:colcon.colcon_core.package_identification:_identify(.) by extensions ['colcon_pkg']
[0.169s] Level 1:colcon.colcon_core.package_identification:_identify(.) by extension 'colcon_pkg'
[0.169s] Level 1:colcon.colcon_core.package_identification:_identify(.) by extensions ['colcon_meta']
[0.169s] Level 1:colcon.colcon_core.package_identification:_identify(.) by extension 'colcon_meta'
[0.169s] Level 1:colcon.colcon_core.package_identification:_identify(.) by extensions ['ros']
[0.169s] Level 1:colcon.colcon_core.package_identification:_identify(.) by extension 'ros'
[0.177s] Level 1:colcon.colcon_core.package_identification:_identify(.) by extensions ['cmake', 'python']
[0.177s] Level 1:colcon.colcon_core.package_identification:_identify(.) by extension 'cmake'
[0.177s] Level 1:colcon.colcon_core.package_identification:_identify(.) by extension 'python'
[0.177s] Level 1:colcon.colcon_core.package_identification:_identify(.) by extensions ['python_setup_py']
[0.177s] Level 1:colcon.colcon_core.package_identification:_identify(.) by extension 'python_setup_py'
[0.177s] Level 1:colcon.colcon_core.package_identification:_identify(build) by extensions ['ignore', 'ignore_ament_install']
[0.177s] Level 1:colcon.colcon_core.package_identification:_identify(build) by extension 'ignore'
[0.177s] Level 1:colcon.colcon_core.package_identification:_identify(build) ignored
[0.177s] Level 1:colcon.colcon_core.package_identification:_identify(install) by extensions ['ignore', 'ignore_ament_install']
[0.177s] Level 1:colcon.colcon_core.package_identification:_identify(install) by extension 'ignore'
[0.177s] Level 1:colcon.colcon_core.package_identification:_identify(install) ignored
[0.177s] Level 1:colcon.colcon_core.package_identification:_identify(log) by extensions ['ignore', 'ignore_ament_install']
[0.177s] Level 1:colcon.colcon_core.package_identification:_identify(log) by extension 'ignore'
[0.177s] Level 1:colcon.colcon_core.package_identification:_identify(log) ignored
[0.177s] Level 1:colcon.colcon_core.package_identification:_identify(src) by extensions ['ignore', 'ignore_ament_install']
[0.177s] Level 1:colcon.colcon_core.package_identification:_identify(src) by extension 'ignore'
[0.177s] Level 1:colcon.colcon_core.package_identification:_identify(src) by extension 'ignore_ament_install'
[0.177s] Level 1:colcon.colcon_core.package_identification:_identify(src) by extensions ['colcon_pkg']
[0.177s] Level 1:colcon.colcon_core.package_identification:_identify(src) by extension 'colcon_pkg'
[0.177s] Level 1:colcon.colcon_core.package_identification:_identify(src) by extensions ['colcon_meta']
[0.177s] Level 1:colcon.colcon_core.package_identification:_identify(src) by extension 'colcon_meta'
[0.177s] Level 1:colcon.colcon_core.package_identification:_identify(src) by extensions ['ros']
[0.178s] Level 1:colcon.colcon_core.package_identification:_identify(src) by extension 'ros'
[0.178s] Level 1:colcon.colcon_core.package_identification:_identify(src) by extensions ['cmake', 'python']
[0.178s] Level 1:colcon.colcon_core.package_identification:_identify(src) by extension 'cmake'
[0.178s] Level 1:colcon.colcon_core.package_identification:_identify(src) by extension 'python'
[0.178s] Level 1:colcon.colcon_core.package_identification:_identify(src) by extensions ['python_setup_py']
[0.178s] Level 1:colcon.colcon_core.package_identification:_identify(src) by extension 'python_setup_py'
[0.178s] Level 1:colcon.colcon_core.package_identification:_identify(src/launch) by extensions ['ignore', 'ignore_ament_install']
[0.178s] Level 1:colcon.colcon_core.package_identification:_identify(src/launch) by extension 'ignore'
[0.178s] Level 1:colcon.colcon_core.package_identification:_identify(src/launch) by extension 'ignore_ament_install'
[0.178s] Level 1:colcon.colcon_core.package_identification:_identify(src/launch) by extensions ['colcon_pkg']
[0.178s] Level 1:colcon.colcon_core.package_identification:_identify(src/launch) by extension 'colcon_pkg'
[0.178s] Level 1:colcon.colcon_core.package_identification:_identify(src/launch) by extensions ['colcon_meta']
[0.178s] Level 1:colcon.colcon_core.package_identification:_identify(src/launch) by extension 'colcon_meta'
[0.178s] Level 1:colcon.colcon_core.package_identification:_identify(src/launch) by extensions ['ros']
[0.178s] Level 1:colcon.colcon_core.package_identification:_identify(src/launch) by extension 'ros'
[0.179s] DEBUG:colcon.colcon_core.package_identification:Package 'src/launch' with type 'ros.ament_cmake' and name 'launch'
[0.179s] Level 1:colcon.colcon_core.package_identification:_identify(src/ros_gz) by extensions ['ignore', 'ignore_ament_install']
[0.180s] Level 1:colcon.colcon_core.package_identification:_identify(src/ros_gz) by extension 'ignore'
[0.180s] Level 1:colcon.colcon_core.package_identification:_identify(src/ros_gz) by extension 'ignore_ament_install'
[0.180s] Level 1:colcon.colcon_core.package_identification:_identify(src/ros_gz) by extensions ['colcon_pkg']
[0.180s] Level 1:colcon.colcon_core.package_identification:_identify(src/ros_gz) by extension 'colcon_pkg'
[0.180s] Level 1:colcon.colcon_core.package_identification:_identify(src/ros_gz) by extensions ['colcon_meta']
[0.180s] Level 1:colcon.colcon_core.package_identification:_identify(src/ros_gz) by extension 'colcon_meta'
[0.180s] Level 1:colcon.colcon_core.package_identification:_identify(src/ros_gz) by extensions ['ros']
[0.180s] Level 1:colcon.colcon_core.package_identification:_identify(src/ros_gz) by extension 'ros'
[0.180s] Level 1:colcon.colcon_core.package_identification:_identify(src/ros_gz) by extensions ['cmake', 'python']
[0.180s] Level 1:colcon.colcon_core.package_identification:_identify(src/ros_gz) by extension 'cmake'
[0.180s] Level 1:colcon.colcon_core.package_identification:_identify(src/ros_gz) by extension 'python'
[0.180s] Level 1:colcon.colcon_core.package_identification:_identify(src/ros_gz) by extensions ['python_setup_py']
[0.180s] Level 1:colcon.colcon_core.package_identification:_identify(src/ros_gz) by extension 'python_setup_py'
[0.180s] Level 1:colcon.colcon_core.package_identification:_identify(src/ros_gz/ros_gz_bringup) by extensions ['ignore', 'ignore_ament_install']
[0.180s] Level 1:colcon.colcon_core.package_identification:_identify(src/ros_gz/ros_gz_bringup) by extension 'ignore'
[0.180s] Level 1:colcon.colcon_core.package_identification:_identify(src/ros_gz/ros_gz_bringup) by extension 'ignore_ament_install'
[0.180s] Level 1:colcon.colcon_core.package_identification:_identify(src/ros_gz/ros_gz_bringup) by extensions ['colcon_pkg']
[0.180s] Level 1:colcon.colcon_core.package_identification:_identify(src/ros_gz/ros_gz_bringup) by extension 'colcon_pkg'
[0.180s] Level 1:colcon.colcon_core.package_identification:_identify(src/ros_gz/ros_gz_bringup) by extensions ['colcon_meta']
[0.180s] Level 1:colcon.colcon_core.package_identification:_identify(src/ros_gz/ros_gz_bringup) by extension 'colcon_meta'
[0.180s] Level 1:colcon.colcon_core.package_identification:_identify(src/ros_gz/ros_gz_bringup) by extensions ['ros']
[0.180s] Level 1:colcon.colcon_core.package_identification:_identify(src/ros_gz/ros_gz_bringup) by extension 'ros'
[0.181s] DEBUG:colcon.colcon_core.package_identification:Package 'src/ros_gz/ros_gz_bringup' with type 'ros.ament_cmake' and name 'ros_gz_bringup'
[0.181s] Level 1:colcon.colcon_core.package_identification:_identify(src/ros_gz/ros_gz_description) by extensions ['ignore', 'ignore_ament_install']
[0.181s] Level 1:colcon.colcon_core.package_identification:_identify(src/ros_gz/ros_gz_description) by extension 'ignore'
[0.181s] Level 1:colcon.colcon_core.package_identification:_identify(src/ros_gz/ros_gz_description) by extension 'ignore_ament_install'
[0.181s] Level 1:colcon.colcon_core.package_identification:_identify(src/ros_gz/ros_gz_description) by extensions ['colcon_pkg']
[0.181s] Level 1:colcon.colcon_core.package_identification:_identify(src/ros_gz/ros_gz_description) by extension 'colcon_pkg'
[0.181s] Level 1:colcon.colcon_core.package_identification:_identify(src/ros_gz/ros_gz_description) by extensions ['colcon_meta']
[0.181s] Level 1:colcon.colcon_core.package_identification:_identify(src/ros_gz/ros_gz_description) by extension 'colcon_meta'
[0.181s] Level 1:colcon.colcon_core.package_identification:_identify(src/ros_gz/ros_gz_description) by extensions ['ros']
[0.181s] Level 1:colcon.colcon_core.package_identification:_identify(src/ros_gz/ros_gz_description) by extension 'ros'
[0.181s] DEBUG:colcon.colcon_core.package_identification:Package 'src/ros_gz/ros_gz_description' with type 'ros.ament_cmake' and name 'ros_gz_description'
[0.181s] Level 1:colcon.colcon_core.package_identification:_identify(src/ros_gz/ros_gz_gazebo) by extensions ['ignore', 'ignore_ament_install']
[0.181s] Level 1:colcon.colcon_core.package_identification:_identify(src/ros_gz/ros_gz_gazebo) by extension 'ignore'
[0.182s] Level 1:colcon.colcon_core.package_identification:_identify(src/ros_gz/ros_gz_gazebo) by extension 'ignore_ament_install'
[0.182s] Level 1:colcon.colcon_core.package_identification:_identify(src/ros_gz/ros_gz_gazebo) by extensions ['colcon_pkg']
[0.182s] Level 1:colcon.colcon_core.package_identification:_identify(src/ros_gz/ros_gz_gazebo) by extension 'colcon_pkg'
[0.182s] Level 1:colcon.colcon_core.package_identification:_identify(src/ros_gz/ros_gz_gazebo) by extensions ['colcon_meta']
[0.182s] Level 1:colcon.colcon_core.package_identification:_identify(src/ros_gz/ros_gz_gazebo) by extension 'colcon_meta'
[0.182s] Level 1:colcon.colcon_core.package_identification:_identify(src/ros_gz/ros_gz_gazebo) by extensions ['ros']
[0.182s] Level 1:colcon.colcon_core.package_identification:_identify(src/ros_gz/ros_gz_gazebo) by extension 'ros'
[0.182s] DEBUG:colcon.colcon_core.package_identification:Package 'src/ros_gz/ros_gz_gazebo' with type 'ros.ament_cmake' and name 'ros_gz_gazebo'
[0.182s] Level 1:colcon.colcon_core.package_identification:_identify(src/slam_toolbox_bringup) by extensions ['ignore', 'ignore_ament_install']
[0.182s] Level 1:colcon.colcon_core.package_identification:_identify(src/slam_toolbox_bringup) by extension 'ignore'
[0.182s] Level 1:colcon.colcon_core.package_identification:_identify(src/slam_toolbox_bringup) by extension 'ignore_ament_install'
[0.182s] Level 1:colcon.colcon_core.package_identification:_identify(src/slam_toolbox_bringup) by extensions ['colcon_pkg']
[0.182s] Level 1:colcon.colcon_core.package_identification:_identify(src/slam_toolbox_bringup) by extension 'colcon_pkg'
[0.182s] Level 1:colcon.colcon_core.package_identification:_identify(src/slam_toolbox_bringup) by extensions ['colcon_meta']
[0.182s] Level 1:colcon.colcon_core.package_identification:_identify(src/slam_toolbox_bringup) by extension 'colcon_meta'
[0.182s] Level 1:colcon.colcon_core.package_identification:_identify(src/slam_toolbox_bringup) by extensions ['ros']
[0.182s] Level 1:colcon.colcon_core.package_identification:_identify(src/slam_toolbox_bringup) by extension 'ros'
[0.183s] DEBUG:colcon.colcon_core.package_identification:Package 'src/slam_toolbox_bringup' with type 'ros.ament_cmake' and name 'slam_toolbox_bringup'
[0.183s] Level 1:colcon.colcon_core.package_discovery:discover_packages(recursive) using defaults
[0.183s] Level 1:colcon.colcon_core.package_discovery:discover_packages(ignore) discover
[0.183s] Level 1:colcon.colcon_core.package_discovery:discover_packages(ignore) using defaults
[0.183s] Level 1:colcon.colcon_core.package_discovery:discover_packages(path) discover
[0.183s] Level 1:colcon.colcon_core.package_discovery:discover_packages(path) using defaults
[0.196s] Level 5:colcon.colcon_core.verb:set package 'launch' build argument 'cmake_args' from command line to 'None'
[0.196s] Level 5:colcon.colcon_core.verb:set package 'launch' build argument 'cmake_target' from command line to 'None'
[0.196s] Level 5:colcon.colcon_core.verb:set package 'launch' build argument 'cmake_target_skip_unavailable' from command line to 'False'
[0.196s] Level 5:colcon.colcon_core.verb:set package 'launch' build argument 'cmake_clean_cache' from command line to 'False'
[0.196s] Level 5:colcon.colcon_core.verb:set package 'launch' build argument 'cmake_clean_first' from command line to 'False'
[0.196s] Level 5:colcon.colcon_core.verb:set package 'launch' build argument 'cmake_force_configure' from command line to 'False'
[0.196s] Level 5:colcon.colcon_core.verb:set package 'launch' build argument 'ament_cmake_args' from command line to 'None'
[0.196s] Level 5:colcon.colcon_core.verb:set package 'launch' build argument 'catkin_cmake_args' from command line to 'None'
[0.196s] Level 5:colcon.colcon_core.verb:set package 'launch' build argument 'catkin_skip_building_tests' from command line to 'False'
[0.196s] DEBUG:colcon.colcon_core.verb:Building package 'launch' with the following arguments: {'ament_cmake_args': None, 'build_base': '/workspace/ros2_ws_turtlebot3/build/launch', 'catkin_cmake_args': None, 'catkin_skip_building_tests': False, 'cmake_args': None, 'cmake_clean_cache': False, 'cmake_clean_first': False, 'cmake_force_configure': False, 'cmake_target': None, 'cmake_target_skip_unavailable': False, 'install_base': '/workspace/ros2_ws_turtlebot3/install/launch', 'merge_install': False, 'path': '/workspace/ros2_ws_turtlebot3/src/launch', 'symlink_install': False, 'test_result_base': None}
[0.196s] Level 5:colcon.colcon_core.verb:set package 'ros_gz_description' build argument 'cmake_args' from command line to 'None'
[0.196s] Level 5:colcon.colcon_core.verb:set package 'ros_gz_description' build argument 'cmake_target' from command line to 'None'
[0.196s] Level 5:colcon.colcon_core.verb:set package 'ros_gz_description' build argument 'cmake_target_skip_unavailable' from command line to 'False'
[0.196s] Level 5:colcon.colcon_core.verb:set package 'ros_gz_description' build argument 'cmake_clean_cache' from command line to 'False'
[0.196s] Level 5:colcon.colcon_core.verb:set package 'ros_gz_description' build argument 'cmake_clean_first' from command line to 'False'
[0.196s] Level 5:colcon.colcon_core.verb:set package 'ros_gz_description' build argument 'cmake_force_configure' from command line to 'False'
[0.196s] Level 5:colcon.colcon_core.verb:set package 'ros_gz_description' build argument 'ament_cmake_args' from command line to 'None'
[0.196s] Level 5:colcon.colcon_core.verb:set package 'ros_gz_description' build argument 'catkin_cmake_args' from command line to 'None'
[0.196s] Level 5:colcon.colcon_core.verb:set package 'ros_gz_description' build argument 'catkin_skip_building_tests' from command line to 'False'
[0.196s] DEBUG:colcon.colcon_core.verb:Building package 'ros_gz_description' with the following arguments: {'ament_cmake_args': None, 'build_base': '/workspace/ros2_ws_turtlebot3/build/ros_gz_description', 'catkin_cmake_args': None, 'catkin_skip_building_tests': False, 'cmake_args': None, 'cmake_clean_cache': False, 'cmake_clean_first': False, 'cmake_force_configure': False, 'cmake_target': None, 'cmake_target_skip_unavailable': False, 'install_base': '/workspace/ros2_ws_turtlebot3/install/ros_gz_description', 'merge_install': False, 'path': '/workspace/ros2_ws_turtlebot3/src/ros_gz/ros_gz_description', 'symlink_install': False, 'test_result_base': None}
[0.197s] Level 5:colcon.colcon_core.verb:set package 'slam_toolbox_bringup' build argument 'cmake_args' from command line to 'None'
[0.197s] Level 5:colcon.colcon_core.verb:set package 'slam_toolbox_bringup' build argument 'cmake_target' from command line to 'None'
[0.197s] Level 5:colcon.colcon_core.verb:set package 'slam_toolbox_bringup' build argument 'cmake_target_skip_unavailable' from command line to 'False'
[0.197s] Level 5:colcon.colcon_core.verb:set package 'slam_toolbox_bringup' build argument 'cmake_clean_cache' from command line to 'False'
[0.197s] Level 5:colcon.colcon_core.verb:set package 'slam_toolbox_bringup' build argument 'cmake_clean_first' from command line to 'False'
[0.197s] Level 5:colcon.colcon_core.verb:set package 'slam_toolbox_bringup' build argument 'cmake_force_configure' from command line to 'False'
[0.197s] Level 5:colcon.colcon_core.verb:set package 'slam_toolbox_bringup' build argument 'ament_cmake_args' from command line to 'None'
[0.197s] Level 5:colcon.colcon_core.verb:set package 'slam_toolbox_bringup' build argument 'catkin_cmake_args' from command line to 'None'
[0.197s] Level 5:colcon.colcon_core.verb:set package 'slam_toolbox_bringup' build argument 'catkin_skip_building_tests' from command line to 'False'
[0.197s] DEBUG:colcon.colcon_core.verb:Building package 'slam_toolbox_bringup' with the following arguments: {'ament_cmake_args': None, 'build_base': '/workspace/ros2_ws_turtlebot3/build/slam_toolbox_bringup', 'catkin_cmake_args': None, 'catkin_skip_building_tests': False, 'cmake_args': None, 'cmake_clean_cache': False, 'cmake_clean_first': False, 'cmake_force_configure': False, 'cmake_target': None, 'cmake_target_skip_unavailable': False, 'install_base': '/workspace/ros2_ws_turtlebot3/install/slam_toolbox_bringup', 'merge_install': False, 'path': '/workspace/ros2_ws_turtlebot3/src/slam_toolbox_bringup', 'symlink_install': False, 'test_result_base': None}
[0.197s] Level 5:colcon.colcon_core.verb:set package 'ros_gz_gazebo' build argument 'cmake_args' from command line to 'None'
[0.197s] Level 5:colcon.colcon_core.verb:set package 'ros_gz_gazebo' build argument 'cmake_target' from command line to 'None'
[0.197s] Level 5:colcon.colcon_core.verb:set package 'ros_gz_gazebo' build argument 'cmake_target_skip_unavailable' from command line to 'False'
[0.197s] Level 5:colcon.colcon_core.verb:set package 'ros_gz_gazebo' build argument 'cmake_clean_cache' from command line to 'False'
[0.197s] Level 5:colcon.colcon_core.verb:set package 'ros_gz_gazebo' build argument 'cmake_clean_first' from command line to 'False'
[0.197s] Level 5:colcon.colcon_core.verb:set package 'ros_gz_gazebo' build argument 'cmake_force_configure' from command line to 'False'
[0.197s] Level 5:colcon.colcon_core.verb:set package 'ros_gz_gazebo' build argument 'ament_cmake_args' from command line to 'None'
[0.197s] Level 5:colcon.colcon_core.verb:set package 'ros_gz_gazebo' build argument 'catkin_cmake_args' from command line to 'None'
[0.197s] Level 5:colcon.colcon_core.verb:set package 'ros_gz_gazebo' build argument 'catkin_skip_building_tests' from command line to 'False'
[0.197s] DEBUG:colcon.colcon_core.verb:Building package 'ros_gz_gazebo' with the following arguments: {'ament_cmake_args': None, 'build_base': '/workspace/ros2_ws_turtlebot3/build/ros_gz_gazebo', 'catkin_cmake_args': None, 'catkin_skip_building_tests': False, 'cmake_args': None, 'cmake_clean_cache': False, 'cmake_clean_first': False, 'cmake_force_configure': False, 'cmake_target': None, 'cmake_target_skip_unavailable': False, 'install_base': '/workspace/ros2_ws_turtlebot3/install/ros_gz_gazebo', 'merge_install': False, 'path': '/workspace/ros2_ws_turtlebot3/src/ros_gz/ros_gz_gazebo', 'symlink_install': False, 'test_result_base': None}
[0.197s] Level 5:colcon.colcon_core.verb:set package 'ros_gz_bringup' build argument 'cmake_args' from command line to 'None'
[0.197s] Level 5:colcon.colcon_core.verb:set package 'ros_gz_bringup' build argument 'cmake_target' from command line to 'None'
[0.197s] Level 5:colcon.colcon_core.verb:set package 'ros_gz_bringup' build argument 'cmake_target_skip_unavailable' from command line to 'False'
[0.197s] Level 5:colcon.colcon_core.verb:set package 'ros_gz_bringup' build argument 'cmake_clean_cache' from command line to 'False'
[0.197s] Level 5:colcon.colcon_core.verb:set package 'ros_gz_bringup' build argument 'cmake_clean_first' from command line to 'False'
[0.197s] Level 5:colcon.colcon_core.verb:set package 'ros_gz_bringup' build argument 'cmake_force_configure' from command line to 'False'
[0.197s] Level 5:colcon.colcon_core.verb:set package 'ros_gz_bringup' build argument 'ament_cmake_args' from command line to 'None'
[0.197s] Level 5:colcon.colcon_core.verb:set package 'ros_gz_bringup' build argument 'catkin_cmake_args' from command line to 'None'
[0.197s] Level 5:colcon.colcon_core.verb:set package 'ros_gz_bringup' build argument 'catkin_skip_building_tests' from command line to 'False'
[0.197s] DEBUG:colcon.colcon_core.verb:Building package 'ros_gz_bringup' with the following arguments: {'ament_cmake_args': None, 'build_base': '/workspace/ros2_ws_turtlebot3/build/ros_gz_bringup', 'catkin_cmake_args': None, 'catkin_skip_building_tests': False, 'cmake_args': None, 'cmake_clean_cache': False, 'cmake_clean_first': False, 'cmake_force_configure': False, 'cmake_target': None, 'cmake_target_skip_unavailable': False, 'install_base': '/workspace/ros2_ws_turtlebot3/install/ros_gz_bringup', 'merge_install': False, 'path': '/workspace/ros2_ws_turtlebot3/src/ros_gz/ros_gz_bringup', 'symlink_install': False, 'test_result_base': None}
[0.197s] INFO:colcon.colcon_core.executor:Executing jobs using 'parallel' executor
[0.198s] DEBUG:colcon.colcon_parallel_executor.executor.parallel:run_until_complete
[0.199s] INFO:colcon.colcon_ros.task.ament_cmake.build:Building ROS package in '/workspace/ros2_ws_turtlebot3/src/ros_gz/ros_gz_description' with build type 'ament_cmake'
[0.199s] INFO:colcon.colcon_cmake.task.cmake.build:Building CMake package in '/workspace/ros2_ws_turtlebot3/src/ros_gz/ros_gz_description'
[0.200s] INFO:colcon.colcon_core.plugin_system:Skipping extension 'colcon_core.shell.bat': Not used on non-Windows systems
[0.200s] INFO:colcon.colcon_core.shell:Skip shell extension 'powershell' for command environment: Not usable outside of PowerShell
[0.200s] DEBUG:colcon.colcon_core.shell:Skip shell extension 'dsv' for command environment
[0.204s] INFO:colcon.colcon_ros.task.ament_cmake.build:Building ROS package in '/workspace/ros2_ws_turtlebot3/src/launch' with build type 'ament_cmake'
[0.204s] INFO:colcon.colcon_cmake.task.cmake.build:Building CMake package in '/workspace/ros2_ws_turtlebot3/src/launch'
[0.204s] INFO:colcon.colcon_core.shell:Skip shell extension 'powershell' for command environment: Not usable outside of PowerShell
[0.204s] DEBUG:colcon.colcon_core.shell:Skip shell extension 'dsv' for command environment
[0.207s] INFO:colcon.colcon_ros.task.ament_cmake.build:Building ROS package in '/workspace/ros2_ws_turtlebot3/src/slam_toolbox_bringup' with build type 'ament_cmake'
[0.207s] INFO:colcon.colcon_cmake.task.cmake.build:Building CMake package in '/workspace/ros2_ws_turtlebot3/src/slam_toolbox_bringup'
[0.208s] INFO:colcon.colcon_core.shell:Skip shell extension 'powershell' for command environment: Not usable outside of PowerShell
[0.208s] DEBUG:colcon.colcon_core.shell:Skip shell extension 'dsv' for command environment
[0.212s] DEBUG:colcon.colcon_core.event_handler.log_command:Invoking command in '/workspace/ros2_ws_turtlebot3/build/ros_gz_description': CMAKE_PREFIX_PATH=${CMAKE_PREFIX_PATH}:/opt/ros/humble /usr/bin/cmake --build /workspace/ros2_ws_turtlebot3/build/ros_gz_description -- -j8 -l8
[0.215s] DEBUG:colcon.colcon_core.event_handler.log_command:Invoking command in '/workspace/ros2_ws_turtlebot3/build/launch': CMAKE_PREFIX_PATH=${CMAKE_PREFIX_PATH}:/opt/ros/humble /usr/bin/cmake --build /workspace/ros2_ws_turtlebot3/build/launch -- -j8 -l8
[0.217s] DEBUG:colcon.colcon_core.event_handler.log_command:Invoking command in '/workspace/ros2_ws_turtlebot3/build/slam_toolbox_bringup': CMAKE_PREFIX_PATH=${CMAKE_PREFIX_PATH}:/opt/ros/humble /usr/bin/cmake --build /workspace/ros2_ws_turtlebot3/build/slam_toolbox_bringup -- -j8 -l8
[0.238s] DEBUG:colcon.colcon_core.event_handler.log_command:Invoked command in '/workspace/ros2_ws_turtlebot3/build/ros_gz_description' returned '0': CMAKE_PREFIX_PATH=${CMAKE_PREFIX_PATH}:/opt/ros/humble /usr/bin/cmake --build /workspace/ros2_ws_turtlebot3/build/ros_gz_description -- -j8 -l8
[0.239s] DEBUG:colcon.colcon_core.event_handler.log_command:Invoked command in '/workspace/ros2_ws_turtlebot3/build/launch' returned '0': CMAKE_PREFIX_PATH=${CMAKE_PREFIX_PATH}:/opt/ros/humble /usr/bin/cmake --build /workspace/ros2_ws_turtlebot3/build/launch -- -j8 -l8
[0.240s] DEBUG:colcon.colcon_core.event_handler.log_command:Invoked command in '/workspace/ros2_ws_turtlebot3/build/slam_toolbox_bringup' returned '0': CMAKE_PREFIX_PATH=${CMAKE_PREFIX_PATH}:/opt/ros/humble /usr/bin/cmake --build /workspace/ros2_ws_turtlebot3/build/slam_toolbox_bringup -- -j8 -l8
[0.258s] DEBUG:colcon.colcon_core.event_handler.log_command:Invoking command in '/workspace/ros2_ws_turtlebot3/build/ros_gz_description': CMAKE_PREFIX_PATH=${CMAKE_PREFIX_PATH}:/opt/ros/humble /usr/bin/cmake --install /workspace/ros2_ws_turtlebot3/build/ros_gz_description
[0.259s] DEBUG:colcon.colcon_core.event_handler.log_command:Invoking command in '/workspace/ros2_ws_turtlebot3/build/launch': CMAKE_PREFIX_PATH=${CMAKE_PREFIX_PATH}:/opt/ros/humble /usr/bin/cmake --install /workspace/ros2_ws_turtlebot3/build/launch
[0.260s] DEBUG:colcon.colcon_core.event_handler.log_command:Invoking command in '/workspace/ros2_ws_turtlebot3/build/slam_toolbox_bringup': CMAKE_PREFIX_PATH=${CMAKE_PREFIX_PATH}:/opt/ros/humble /usr/bin/cmake --install /workspace/ros2_ws_turtlebot3/build/slam_toolbox_bringup
[0.265s] Level 1:colcon.colcon_core.environment:create_environment_scripts_only(ros_gz_description)
[0.269s] DEBUG:colcon.colcon_core.event_handler.log_command:Invoked command in '/workspace/ros2_ws_turtlebot3/build/ros_gz_description' returned '0': CMAKE_PREFIX_PATH=${CMAKE_PREFIX_PATH}:/opt/ros/humble /usr/bin/cmake --install /workspace/ros2_ws_turtlebot3/build/ros_gz_description
[0.270s] Level 1:colcon.colcon_core.environment:checking '/workspace/ros2_ws_turtlebot3/install/ros_gz_description' for CMake module files
[0.271s] Level 1:colcon.colcon_core.environment:checking '/workspace/ros2_ws_turtlebot3/install/ros_gz_description' for CMake config files
[0.271s] Level 1:colcon.colcon_core.shell:create_environment_hook('ros_gz_description', 'cmake_prefix_path')
[0.271s] INFO:colcon.colcon_core.shell:Creating environment hook '/workspace/ros2_ws_turtlebot3/install/ros_gz_description/share/ros_gz_description/hook/cmake_prefix_path.ps1'
[0.272s] INFO:colcon.colcon_core.shell:Creating environment descriptor '/workspace/ros2_ws_turtlebot3/install/ros_gz_description/share/ros_gz_description/hook/cmake_prefix_path.dsv'
[0.272s] INFO:colcon.colcon_core.shell:Creating environment hook '/workspace/ros2_ws_turtlebot3/install/ros_gz_description/share/ros_gz_description/hook/cmake_prefix_path.sh'
[0.273s] Level 1:colcon.colcon_core.environment:checking '/workspace/ros2_ws_turtlebot3/install/ros_gz_description/bin'
[0.273s] Level 1:colcon.colcon_core.environment:checking '/workspace/ros2_ws_turtlebot3/install/ros_gz_description/lib/pkgconfig/ros_gz_description.pc'
[0.275s] Level 1:colcon.colcon_core.environment:checking '/workspace/ros2_ws_turtlebot3/install/ros_gz_description/lib/python3.10/site-packages'
[0.275s] Level 1:colcon.colcon_core.environment:checking '/workspace/ros2_ws_turtlebot3/install/ros_gz_description/bin'
[0.275s] INFO:colcon.colcon_core.shell:Creating package script '/workspace/ros2_ws_turtlebot3/install/ros_gz_description/share/ros_gz_description/package.ps1'
[0.276s] INFO:colcon.colcon_core.shell:Creating package descriptor '/workspace/ros2_ws_turtlebot3/install/ros_gz_description/share/ros_gz_description/package.dsv'
[0.276s] INFO:colcon.colcon_core.shell:Creating package script '/workspace/ros2_ws_turtlebot3/install/ros_gz_description/share/ros_gz_description/package.sh'
[0.277s] INFO:colcon.colcon_core.shell:Creating package script '/workspace/ros2_ws_turtlebot3/install/ros_gz_description/share/ros_gz_description/package.bash'
[0.278s] INFO:colcon.colcon_core.shell:Creating package script '/workspace/ros2_ws_turtlebot3/install/ros_gz_description/share/ros_gz_description/package.zsh'
[0.278s] Level 1:colcon.colcon_core.environment:create_file_with_runtime_dependencies(/workspace/ros2_ws_turtlebot3/install/ros_gz_description/share/colcon-core/packages/ros_gz_description)
[0.279s] Level 1:colcon.colcon_core.environment:create_environment_scripts_only(launch)
[0.280s] Level 1:colcon.colcon_core.environment:checking '/workspace/ros2_ws_turtlebot3/install/launch' for CMake module files
[0.280s] DEBUG:colcon.colcon_core.event_handler.log_command:Invoked command in '/workspace/ros2_ws_turtlebot3/build/launch' returned '0': CMAKE_PREFIX_PATH=${CMAKE_PREFIX_PATH}:/opt/ros/humble /usr/bin/cmake --install /workspace/ros2_ws_turtlebot3/build/launch
[0.280s] Level 1:colcon.colcon_core.environment:checking '/workspace/ros2_ws_turtlebot3/install/launch' for CMake config files
[0.280s] Level 1:colcon.colcon_core.shell:create_environment_hook('launch', 'cmake_prefix_path')
[0.281s] INFO:colcon.colcon_core.shell:Creating environment hook '/workspace/ros2_ws_turtlebot3/install/launch/share/launch/hook/cmake_prefix_path.ps1'
[0.281s] INFO:colcon.colcon_core.shell:Creating environment descriptor '/workspace/ros2_ws_turtlebot3/install/launch/share/launch/hook/cmake_prefix_path.dsv'
[0.281s] INFO:colcon.colcon_core.shell:Creating environment hook '/workspace/ros2_ws_turtlebot3/install/launch/share/launch/hook/cmake_prefix_path.sh'
[0.281s] Level 1:colcon.colcon_core.environment:checking '/workspace/ros2_ws_turtlebot3/install/launch/bin'
[0.281s] Level 1:colcon.colcon_core.environment:checking '/workspace/ros2_ws_turtlebot3/install/launch/lib/pkgconfig/launch.pc'
[0.282s] Level 1:colcon.colcon_core.environment:checking '/workspace/ros2_ws_turtlebot3/install/launch/lib/python3.10/site-packages'
[0.282s] Level 1:colcon.colcon_core.environment:checking '/workspace/ros2_ws_turtlebot3/install/launch/bin'
[0.282s] INFO:colcon.colcon_core.shell:Creating package script '/workspace/ros2_ws_turtlebot3/install/launch/share/launch/package.ps1'
[0.282s] INFO:colcon.colcon_core.shell:Creating package descriptor '/workspace/ros2_ws_turtlebot3/install/launch/share/launch/package.dsv'
[0.282s] INFO:colcon.colcon_core.shell:Creating package script '/workspace/ros2_ws_turtlebot3/install/launch/share/launch/package.sh'
[0.283s] INFO:colcon.colcon_core.shell:Creating package script '/workspace/ros2_ws_turtlebot3/install/launch/share/launch/package.bash'
[0.283s] INFO:colcon.colcon_core.shell:Creating package script '/workspace/ros2_ws_turtlebot3/install/launch/share/launch/package.zsh'
[0.283s] Level 1:colcon.colcon_core.environment:create_file_with_runtime_dependencies(/workspace/ros2_ws_turtlebot3/install/launch/share/colcon-core/packages/launch)
[0.284s] Level 1:colcon.colcon_core.environment:create_environment_scripts_only(slam_toolbox_bringup)
[0.284s] Level 1:colcon.colcon_core.environment:checking '/workspace/ros2_ws_turtlebot3/install/slam_toolbox_bringup' for CMake module files
[0.284s] DEBUG:colcon.colcon_core.event_handler.log_command:Invoked command in '/workspace/ros2_ws_turtlebot3/build/slam_toolbox_bringup' returned '0': CMAKE_PREFIX_PATH=${CMAKE_PREFIX_PATH}:/opt/ros/humble /usr/bin/cmake --install /workspace/ros2_ws_turtlebot3/build/slam_toolbox_bringup
[0.284s] Level 1:colcon.colcon_core.environment:checking '/workspace/ros2_ws_turtlebot3/install/slam_toolbox_bringup' for CMake config files
[0.284s] Level 1:colcon.colcon_core.shell:create_environment_hook('slam_toolbox_bringup', 'cmake_prefix_path')
[0.285s] INFO:colcon.colcon_core.shell:Creating environment hook '/workspace/ros2_ws_turtlebot3/install/slam_toolbox_bringup/share/slam_toolbox_bringup/hook/cmake_prefix_path.ps1'
[0.285s] INFO:colcon.colcon_core.shell:Creating environment descriptor '/workspace/ros2_ws_turtlebot3/install/slam_toolbox_bringup/share/slam_toolbox_bringup/hook/cmake_prefix_path.dsv'
[0.285s] INFO:colcon.colcon_core.shell:Creating environment hook '/workspace/ros2_ws_turtlebot3/install/slam_toolbox_bringup/share/slam_toolbox_bringup/hook/cmake_prefix_path.sh'
[0.285s] Level 1:colcon.colcon_core.environment:checking '/workspace/ros2_ws_turtlebot3/install/slam_toolbox_bringup/bin'
[0.286s] Level 1:colcon.colcon_core.environment:checking '/workspace/ros2_ws_turtlebot3/install/slam_toolbox_bringup/lib/pkgconfig/slam_toolbox_bringup.pc'
[0.286s] Level 1:colcon.colcon_core.environment:checking '/workspace/ros2_ws_turtlebot3/install/slam_toolbox_bringup/lib/python3.10/site-packages'
[0.286s] Level 1:colcon.colcon_core.environment:checking '/workspace/ros2_ws_turtlebot3/install/slam_toolbox_bringup/bin'
[0.286s] INFO:colcon.colcon_core.shell:Creating package script '/workspace/ros2_ws_turtlebot3/install/slam_toolbox_bringup/share/slam_toolbox_bringup/package.ps1'
[0.286s] INFO:colcon.colcon_core.shell:Creating package descriptor '/workspace/ros2_ws_turtlebot3/install/slam_toolbox_bringup/share/slam_toolbox_bringup/package.dsv'
[0.286s] INFO:colcon.colcon_core.shell:Creating package script '/workspace/ros2_ws_turtlebot3/install/slam_toolbox_bringup/share/slam_toolbox_bringup/package.sh'
[0.287s] INFO:colcon.colcon_core.shell:Creating package script '/workspace/ros2_ws_turtlebot3/install/slam_toolbox_bringup/share/slam_toolbox_bringup/package.bash'
[0.287s] INFO:colcon.colcon_core.shell:Creating package script '/workspace/ros2_ws_turtlebot3/install/slam_toolbox_bringup/share/slam_toolbox_bringup/package.zsh'
[0.287s] Level 1:colcon.colcon_core.environment:create_file_with_runtime_dependencies(/workspace/ros2_ws_turtlebot3/install/slam_toolbox_bringup/share/colcon-core/packages/slam_toolbox_bringup)
[0.292s] Level 1:colcon.colcon_core.environment:create_environment_scripts_only(ros_gz_description)
[0.293s] Level 1:colcon.colcon_core.environment:checking '/workspace/ros2_ws_turtlebot3/install/ros_gz_description' for CMake module files
[0.293s] Level 1:colcon.colcon_core.environment:checking '/workspace/ros2_ws_turtlebot3/install/ros_gz_description' for CMake config files
[0.293s] Level 1:colcon.colcon_core.shell:create_environment_hook('ros_gz_description', 'cmake_prefix_path')
[0.293s] INFO:colcon.colcon_core.shell:Creating environment hook '/workspace/ros2_ws_turtlebot3/install/ros_gz_description/share/ros_gz_description/hook/cmake_prefix_path.ps1'
[0.294s] INFO:colcon.colcon_core.shell:Creating environment descriptor '/workspace/ros2_ws_turtlebot3/install/ros_gz_description/share/ros_gz_description/hook/cmake_prefix_path.dsv'
[0.294s] INFO:colcon.colcon_core.shell:Creating environment hook '/workspace/ros2_ws_turtlebot3/install/ros_gz_description/share/ros_gz_description/hook/cmake_prefix_path.sh'
[0.294s] Level 1:colcon.colcon_core.environment:checking '/workspace/ros2_ws_turtlebot3/install/ros_gz_description/bin'
[0.294s] Level 1:colcon.colcon_core.environment:checking '/workspace/ros2_ws_turtlebot3/install/ros_gz_description/lib/pkgconfig/ros_gz_description.pc'
[0.294s] Level 1:colcon.colcon_core.environment:checking '/workspace/ros2_ws_turtlebot3/install/ros_gz_description/lib/python3.10/site-packages'
[0.295s] Level 1:colcon.colcon_core.environment:checking '/workspace/ros2_ws_turtlebot3/install/ros_gz_description/bin'
[0.295s] INFO:colcon.colcon_core.shell:Creating package script '/workspace/ros2_ws_turtlebot3/install/ros_gz_description/share/ros_gz_description/package.ps1'
[0.295s] INFO:colcon.colcon_core.shell:Creating package descriptor '/workspace/ros2_ws_turtlebot3/install/ros_gz_description/share/ros_gz_description/package.dsv'
[0.295s] INFO:colcon.colcon_core.shell:Creating package script '/workspace/ros2_ws_turtlebot3/install/ros_gz_description/share/ros_gz_description/package.sh'
[0.296s] INFO:colcon.colcon_core.shell:Creating package script '/workspace/ros2_ws_turtlebot3/install/ros_gz_description/share/ros_gz_description/package.bash'
[0.296s] INFO:colcon.colcon_core.shell:Creating package script '/workspace/ros2_ws_turtlebot3/install/ros_gz_description/share/ros_gz_description/package.zsh'
[0.296s] Level 1:colcon.colcon_core.environment:create_file_with_runtime_dependencies(/workspace/ros2_ws_turtlebot3/install/ros_gz_description/share/colcon-core/packages/ros_gz_description)
[0.297s] INFO:colcon.colcon_ros.task.ament_cmake.build:Building ROS package in '/workspace/ros2_ws_turtlebot3/src/ros_gz/ros_gz_gazebo' with build type 'ament_cmake'
[0.297s] INFO:colcon.colcon_cmake.task.cmake.build:Building CMake package in '/workspace/ros2_ws_turtlebot3/src/ros_gz/ros_gz_gazebo'
[0.297s] INFO:colcon.colcon_core.shell:Skip shell extension 'powershell' for command environment: Not usable outside of PowerShell
[0.297s] DEBUG:colcon.colcon_core.shell:Skip shell extension 'dsv' for command environment
[0.302s] Level 1:colcon.colcon_core.environment:create_environment_scripts_only(launch)
[0.302s] Level 1:colcon.colcon_core.environment:checking '/workspace/ros2_ws_turtlebot3/install/launch' for CMake module files
[0.302s] Level 1:colcon.colcon_core.environment:checking '/workspace/ros2_ws_turtlebot3/install/launch' for CMake config files
[0.302s] Level 1:colcon.colcon_core.shell:create_environment_hook('launch', 'cmake_prefix_path')
[0.302s] INFO:colcon.colcon_core.shell:Creating environment hook '/workspace/ros2_ws_turtlebot3/install/launch/share/launch/hook/cmake_prefix_path.ps1'
[0.303s] INFO:colcon.colcon_core.shell:Creating environment descriptor '/workspace/ros2_ws_turtlebot3/install/launch/share/launch/hook/cmake_prefix_path.dsv'
[0.303s] INFO:colcon.colcon_core.shell:Creating environment hook '/workspace/ros2_ws_turtlebot3/install/launch/share/launch/hook/cmake_prefix_path.sh'
[0.304s] Level 1:colcon.colcon_core.environment:checking '/workspace/ros2_ws_turtlebot3/install/launch/bin'
[0.304s] Level 1:colcon.colcon_core.environment:checking '/workspace/ros2_ws_turtlebot3/install/launch/lib/pkgconfig/launch.pc'
[0.304s] Level 1:colcon.colcon_core.environment:checking '/workspace/ros2_ws_turtlebot3/install/launch/lib/python3.10/site-packages'
[0.304s] Level 1:colcon.colcon_core.environment:checking '/workspace/ros2_ws_turtlebot3/install/launch/bin'
[0.304s] INFO:colcon.colcon_core.shell:Creating package script '/workspace/ros2_ws_turtlebot3/install/launch/share/launch/package.ps1'
[0.305s] INFO:colcon.colcon_core.shell:Creating package descriptor '/workspace/ros2_ws_turtlebot3/install/launch/share/launch/package.dsv'
[0.305s] INFO:colcon.colcon_core.shell:Creating package script '/workspace/ros2_ws_turtlebot3/install/launch/share/launch/package.sh'
[0.305s] INFO:colcon.colcon_core.shell:Creating package script '/workspace/ros2_ws_turtlebot3/install/launch/share/launch/package.bash'
[0.305s] INFO:colcon.colcon_core.shell:Creating package script '/workspace/ros2_ws_turtlebot3/install/launch/share/launch/package.zsh'
[0.306s] Level 1:colcon.colcon_core.environment:create_file_with_runtime_dependencies(/workspace/ros2_ws_turtlebot3/install/launch/share/colcon-core/packages/launch)
[0.307s] Level 1:colcon.colcon_core.environment:create_environment_scripts_only(slam_toolbox_bringup)
[0.307s] Level 1:colcon.colcon_core.environment:checking '/workspace/ros2_ws_turtlebot3/install/slam_toolbox_bringup' for CMake module files
[0.308s] Level 1:colcon.colcon_core.environment:checking '/workspace/ros2_ws_turtlebot3/install/slam_toolbox_bringup' for CMake config files
[0.308s] Level 1:colcon.colcon_core.shell:create_environment_hook('slam_toolbox_bringup', 'cmake_prefix_path')
[0.308s] INFO:colcon.colcon_core.shell:Creating environment hook '/workspace/ros2_ws_turtlebot3/install/slam_toolbox_bringup/share/slam_toolbox_bringup/hook/cmake_prefix_path.ps1'
[0.308s] INFO:colcon.colcon_core.shell:Creating environment descriptor '/workspace/ros2_ws_turtlebot3/install/slam_toolbox_bringup/share/slam_toolbox_bringup/hook/cmake_prefix_path.dsv'
[0.308s] INFO:colcon.colcon_core.shell:Creating environment hook '/workspace/ros2_ws_turtlebot3/install/slam_toolbox_bringup/share/slam_toolbox_bringup/hook/cmake_prefix_path.sh'
[0.309s] Level 1:colcon.colcon_core.environment:checking '/workspace/ros2_ws_turtlebot3/install/slam_toolbox_bringup/bin'
[0.309s] Level 1:colcon.colcon_core.environment:checking '/workspace/ros2_ws_turtlebot3/install/slam_toolbox_bringup/lib/pkgconfig/slam_toolbox_bringup.pc'
[0.309s] Level 1:colcon.colcon_core.environment:checking '/workspace/ros2_ws_turtlebot3/install/slam_toolbox_bringup/lib/python3.10/site-packages'
[0.309s] Level 1:colcon.colcon_core.environment:checking '/workspace/ros2_ws_turtlebot3/install/slam_toolbox_bringup/bin'
[0.309s] INFO:colcon.colcon_core.shell:Creating package script '/workspace/ros2_ws_turtlebot3/install/slam_toolbox_bringup/share/slam_toolbox_bringup/package.ps1'
[0.309s] INFO:colcon.colcon_core.shell:Creating package descriptor '/workspace/ros2_ws_turtlebot3/install/slam_toolbox_bringup/share/slam_toolbox_bringup/package.dsv'
[0.310s] INFO:colcon.colcon_core.shell:Creating package script '/workspace/ros2_ws_turtlebot3/install/slam_toolbox_bringup/share/slam_toolbox_bringup/package.sh'
[0.310s] INFO:colcon.colcon_core.shell:Creating package script '/workspace/ros2_ws_turtlebot3/install/slam_toolbox_bringup/share/slam_toolbox_bringup/package.bash'
[0.310s] INFO:colcon.colcon_core.shell:Creating package script '/workspace/ros2_ws_turtlebot3/install/slam_toolbox_bringup/share/slam_toolbox_bringup/package.zsh'
[0.310s] Level 1:colcon.colcon_core.environment:create_file_with_runtime_dependencies(/workspace/ros2_ws_turtlebot3/install/slam_toolbox_bringup/share/colcon-core/packages/slam_toolbox_bringup)
[0.313s] DEBUG:colcon.colcon_core.event_handler.log_command:Invoking command in '/workspace/ros2_ws_turtlebot3/build/ros_gz_gazebo': CMAKE_PREFIX_PATH=/workspace/ros2_ws_turtlebot3/install/ros_gz_description:/workspace/ros2_ws_turtlebot3/install/slam_toolbox_bringup:/workspace/ros2_ws_turtlebot3/install/ros_gz_bringup:/workspace/ros2_ws_turtlebot3/install/ros_gz_gazebo:/workspace/ros2_ws_turtlebot3/install/launch:/opt/ros/humble IGN_GAZEBO_RESOURCE_PATH=/workspace/ros2_ws_turtlebot3/install/ros_gz_description/share/ros_gz_description/models:${IGN_GAZEBO_RESOURCE_PATH} /usr/bin/cmake --build /workspace/ros2_ws_turtlebot3/build/ros_gz_gazebo -- -j8 -l8
[0.355s] DEBUG:colcon.colcon_core.event_handler.log_command:Invoked command in '/workspace/ros2_ws_turtlebot3/build/ros_gz_gazebo' returned '0': CMAKE_PREFIX_PATH=/workspace/ros2_ws_turtlebot3/install/ros_gz_description:/workspace/ros2_ws_turtlebot3/install/slam_toolbox_bringup:/workspace/ros2_ws_turtlebot3/install/ros_gz_bringup:/workspace/ros2_ws_turtlebot3/install/ros_gz_gazebo:/workspace/ros2_ws_turtlebot3/install/launch:/opt/ros/humble IGN_GAZEBO_RESOURCE_PATH=/workspace/ros2_ws_turtlebot3/install/ros_gz_description/share/ros_gz_description/models:${IGN_GAZEBO_RESOURCE_PATH} /usr/bin/cmake --build /workspace/ros2_ws_turtlebot3/build/ros_gz_gazebo -- -j8 -l8
[0.373s] DEBUG:colcon.colcon_core.event_handler.log_command:Invoking command in '/workspace/ros2_ws_turtlebot3/build/ros_gz_gazebo': CMAKE_PREFIX_PATH=/workspace/ros2_ws_turtlebot3/install/ros_gz_description:/workspace/ros2_ws_turtlebot3/install/slam_toolbox_bringup:/workspace/ros2_ws_turtlebot3/install/ros_gz_bringup:/workspace/ros2_ws_turtlebot3/install/ros_gz_gazebo:/workspace/ros2_ws_turtlebot3/install/launch:/opt/ros/humble IGN_GAZEBO_RESOURCE_PATH=/workspace/ros2_ws_turtlebot3/install/ros_gz_description/share/ros_gz_description/models:${IGN_GAZEBO_RESOURCE_PATH} /usr/bin/cmake --install /workspace/ros2_ws_turtlebot3/build/ros_gz_gazebo
[0.380s] Level 1:colcon.colcon_core.environment:create_environment_scripts_only(ros_gz_gazebo)
[0.380s] Level 1:colcon.colcon_core.environment:checking '/workspace/ros2_ws_turtlebot3/install/ros_gz_gazebo' for CMake module files
[0.381s] DEBUG:colcon.colcon_core.event_handler.log_command:Invoked command in '/workspace/ros2_ws_turtlebot3/build/ros_gz_gazebo' returned '0': CMAKE_PREFIX_PATH=/workspace/ros2_ws_turtlebot3/install/ros_gz_description:/workspace/ros2_ws_turtlebot3/install/slam_toolbox_bringup:/workspace/ros2_ws_turtlebot3/install/ros_gz_bringup:/workspace/ros2_ws_turtlebot3/install/ros_gz_gazebo:/workspace/ros2_ws_turtlebot3/install/launch:/opt/ros/humble IGN_GAZEBO_RESOURCE_PATH=/workspace/ros2_ws_turtlebot3/install/ros_gz_description/share/ros_gz_description/models:${IGN_GAZEBO_RESOURCE_PATH} /usr/bin/cmake --install /workspace/ros2_ws_turtlebot3/build/ros_gz_gazebo
[0.381s] Level 1:colcon.colcon_core.environment:checking '/workspace/ros2_ws_turtlebot3/install/ros_gz_gazebo' for CMake config files
[0.381s] Level 1:colcon.colcon_core.shell:create_environment_hook('ros_gz_gazebo', 'cmake_prefix_path')
[0.381s] INFO:colcon.colcon_core.shell:Creating environment hook '/workspace/ros2_ws_turtlebot3/install/ros_gz_gazebo/share/ros_gz_gazebo/hook/cmake_prefix_path.ps1'
[0.382s] INFO:colcon.colcon_core.shell:Creating environment descriptor '/workspace/ros2_ws_turtlebot3/install/ros_gz_gazebo/share/ros_gz_gazebo/hook/cmake_prefix_path.dsv'
[0.382s] INFO:colcon.colcon_core.shell:Creating environment hook '/workspace/ros2_ws_turtlebot3/install/ros_gz_gazebo/share/ros_gz_gazebo/hook/cmake_prefix_path.sh'
[0.382s] Level 1:colcon.colcon_core.environment:checking '/workspace/ros2_ws_turtlebot3/install/ros_gz_gazebo/lib'
[0.382s] Level 1:colcon.colcon_core.environment:checking '/workspace/ros2_ws_turtlebot3/install/ros_gz_gazebo/bin'
[0.382s] Level 1:colcon.colcon_core.environment:checking '/workspace/ros2_ws_turtlebot3/install/ros_gz_gazebo/lib/pkgconfig/ros_gz_gazebo.pc'
[0.382s] Level 1:colcon.colcon_core.environment:checking '/workspace/ros2_ws_turtlebot3/install/ros_gz_gazebo/lib/python3.10/site-packages'
[0.382s] Level 1:colcon.colcon_core.environment:checking '/workspace/ros2_ws_turtlebot3/install/ros_gz_gazebo/bin'
[0.383s] INFO:colcon.colcon_core.shell:Creating package script '/workspace/ros2_ws_turtlebot3/install/ros_gz_gazebo/share/ros_gz_gazebo/package.ps1'
[0.383s] INFO:colcon.colcon_core.shell:Creating package descriptor '/workspace/ros2_ws_turtlebot3/install/ros_gz_gazebo/share/ros_gz_gazebo/package.dsv'
[0.383s] INFO:colcon.colcon_core.shell:Creating package script '/workspace/ros2_ws_turtlebot3/install/ros_gz_gazebo/share/ros_gz_gazebo/package.sh'
[0.383s] INFO:colcon.colcon_core.shell:Creating package script '/workspace/ros2_ws_turtlebot3/install/ros_gz_gazebo/share/ros_gz_gazebo/package.bash'
[0.384s] INFO:colcon.colcon_core.shell:Creating package script '/workspace/ros2_ws_turtlebot3/install/ros_gz_gazebo/share/ros_gz_gazebo/package.zsh'
[0.384s] Level 1:colcon.colcon_core.environment:create_file_with_runtime_dependencies(/workspace/ros2_ws_turtlebot3/install/ros_gz_gazebo/share/colcon-core/packages/ros_gz_gazebo)
[0.402s] Level 1:colcon.colcon_core.environment:create_environment_scripts_only(ros_gz_gazebo)
[0.402s] Level 1:colcon.colcon_core.environment:checking '/workspace/ros2_ws_turtlebot3/install/ros_gz_gazebo' for CMake module files
[0.402s] Level 1:colcon.colcon_core.environment:checking '/workspace/ros2_ws_turtlebot3/install/ros_gz_gazebo' for CMake config files
[0.403s] Level 1:colcon.colcon_core.shell:create_environment_hook('ros_gz_gazebo', 'cmake_prefix_path')
[0.403s] INFO:colcon.colcon_core.shell:Creating environment hook '/workspace/ros2_ws_turtlebot3/install/ros_gz_gazebo/share/ros_gz_gazebo/hook/cmake_prefix_path.ps1'
[0.403s] INFO:colcon.colcon_core.shell:Creating environment descriptor '/workspace/ros2_ws_turtlebot3/install/ros_gz_gazebo/share/ros_gz_gazebo/hook/cmake_prefix_path.dsv'
[0.403s] INFO:colcon.colcon_core.shell:Creating environment hook '/workspace/ros2_ws_turtlebot3/install/ros_gz_gazebo/share/ros_gz_gazebo/hook/cmake_prefix_path.sh'
[0.404s] Level 1:colcon.colcon_core.environment:checking '/workspace/ros2_ws_turtlebot3/install/ros_gz_gazebo/lib'
[0.404s] Level 1:colcon.colcon_core.environment:checking '/workspace/ros2_ws_turtlebot3/install/ros_gz_gazebo/bin'
[0.404s] Level 1:colcon.colcon_core.environment:checking '/workspace/ros2_ws_turtlebot3/install/ros_gz_gazebo/lib/pkgconfig/ros_gz_gazebo.pc'
[0.404s] Level 1:colcon.colcon_core.environment:checking '/workspace/ros2_ws_turtlebot3/install/ros_gz_gazebo/lib/python3.10/site-packages'
[0.404s] Level 1:colcon.colcon_core.environment:checking '/workspace/ros2_ws_turtlebot3/install/ros_gz_gazebo/bin'
[0.404s] INFO:colcon.colcon_core.shell:Creating package script '/workspace/ros2_ws_turtlebot3/install/ros_gz_gazebo/share/ros_gz_gazebo/package.ps1'
[0.404s] INFO:colcon.colcon_core.shell:Creating package descriptor '/workspace/ros2_ws_turtlebot3/install/ros_gz_gazebo/share/ros_gz_gazebo/package.dsv'
[0.405s] INFO:colcon.colcon_core.shell:Creating package script '/workspace/ros2_ws_turtlebot3/install/ros_gz_gazebo/share/ros_gz_gazebo/package.sh'
[0.405s] INFO:colcon.colcon_core.shell:Creating package script '/workspace/ros2_ws_turtlebot3/install/ros_gz_gazebo/share/ros_gz_gazebo/package.bash'
[0.405s] INFO:colcon.colcon_core.shell:Creating package script '/workspace/ros2_ws_turtlebot3/install/ros_gz_gazebo/share/ros_gz_gazebo/package.zsh'
[0.405s] Level 1:colcon.colcon_core.environment:create_file_with_runtime_dependencies(/workspace/ros2_ws_turtlebot3/install/ros_gz_gazebo/share/colcon-core/packages/ros_gz_gazebo)
[0.406s] INFO:colcon.colcon_ros.task.ament_cmake.build:Building ROS package in '/workspace/ros2_ws_turtlebot3/src/ros_gz/ros_gz_bringup' with build type 'ament_cmake'
[0.406s] INFO:colcon.colcon_cmake.task.cmake.build:Building CMake package in '/workspace/ros2_ws_turtlebot3/src/ros_gz/ros_gz_bringup'
[0.406s] INFO:colcon.colcon_core.shell:Skip shell extension 'powershell' for command environment: Not usable outside of PowerShell
[0.406s] DEBUG:colcon.colcon_core.shell:Skip shell extension 'dsv' for command environment
[0.412s] DEBUG:colcon.colcon_core.event_handler.log_command:Invoking command in '/workspace/ros2_ws_turtlebot3/build/ros_gz_bringup': CMAKE_PREFIX_PATH=/workspace/ros2_ws_turtlebot3/install/ros_gz_gazebo:/workspace/ros2_ws_turtlebot3/install/ros_gz_description:/workspace/ros2_ws_turtlebot3/install/slam_toolbox_bringup:/workspace/ros2_ws_turtlebot3/install/ros_gz_bringup:/workspace/ros2_ws_turtlebot3/install/launch:/opt/ros/humble IGN_GAZEBO_PLUGIN_PATH=/workspace/ros2_ws_turtlebot3/install/ros_gz_gazebo/lib/ros_gz_gazebo IGN_GAZEBO_RESOURCE_PATH=/workspace/ros2_ws_turtlebot3/install/ros_gz_description/share/ros_gz_description/models:${IGN_GAZEBO_RESOURCE_PATH} /usr/bin/cmake --build /workspace/ros2_ws_turtlebot3/build/ros_gz_bringup -- -j8 -l8
[0.436s] DEBUG:colcon.colcon_core.event_handler.log_command:Invoked command in '/workspace/ros2_ws_turtlebot3/build/ros_gz_bringup' returned '0': CMAKE_PREFIX_PATH=/workspace/ros2_ws_turtlebot3/install/ros_gz_gazebo:/workspace/ros2_ws_turtlebot3/install/ros_gz_description:/workspace/ros2_ws_turtlebot3/install/slam_toolbox_bringup:/workspace/ros2_ws_turtlebot3/install/ros_gz_bringup:/workspace/ros2_ws_turtlebot3/install/launch:/opt/ros/humble IGN_GAZEBO_PLUGIN_PATH=/workspace/ros2_ws_turtlebot3/install/ros_gz_gazebo/lib/ros_gz_gazebo IGN_GAZEBO_RESOURCE_PATH=/workspace/ros2_ws_turtlebot3/install/ros_gz_description/share/ros_gz_description/models:${IGN_GAZEBO_RESOURCE_PATH} /usr/bin/cmake --build /workspace/ros2_ws_turtlebot3/build/ros_gz_bringup -- -j8 -l8
[0.450s] DEBUG:colcon.colcon_core.event_handler.log_command:Invoking command in '/workspace/ros2_ws_turtlebot3/build/ros_gz_bringup': CMAKE_PREFIX_PATH=/workspace/ros2_ws_turtlebot3/install/ros_gz_gazebo:/workspace/ros2_ws_turtlebot3/install/ros_gz_description:/workspace/ros2_ws_turtlebot3/install/slam_toolbox_bringup:/workspace/ros2_ws_turtlebot3/install/ros_gz_bringup:/workspace/ros2_ws_turtlebot3/install/launch:/opt/ros/humble IGN_GAZEBO_PLUGIN_PATH=/workspace/ros2_ws_turtlebot3/install/ros_gz_gazebo/lib/ros_gz_gazebo IGN_GAZEBO_RESOURCE_PATH=/workspace/ros2_ws_turtlebot3/install/ros_gz_description/share/ros_gz_description/models:${IGN_GAZEBO_RESOURCE_PATH} /usr/bin/cmake --install /workspace/ros2_ws_turtlebot3/build/ros_gz_bringup
[0.456s] Level 1:colcon.colcon_core.environment:create_environment_scripts_only(ros_gz_bringup)
[0.457s] Level 1:colcon.colcon_core.environment:checking '/workspace/ros2_ws_turtlebot3/install/ros_gz_bringup' for CMake module files
[0.457s] DEBUG:colcon.colcon_core.event_handler.log_command:Invoked command in '/workspace/ros2_ws_turtlebot3/build/ros_gz_bringup' returned '0': CMAKE_PREFIX_PATH=/workspace/ros2_ws_turtlebot3/install/ros_gz_gazebo:/workspace/ros2_ws_turtlebot3/install/ros_gz_description:/workspace/ros2_ws_turtlebot3/install/slam_toolbox_bringup:/workspace/ros2_ws_turtlebot3/install/ros_gz_bringup:/workspace/ros2_ws_turtlebot3/install/launch:/opt/ros/humble IGN_GAZEBO_PLUGIN_PATH=/workspace/ros2_ws_turtlebot3/install/ros_gz_gazebo/lib/ros_gz_gazebo IGN_GAZEBO_RESOURCE_PATH=/workspace/ros2_ws_turtlebot3/install/ros_gz_description/share/ros_gz_description/models:${IGN_GAZEBO_RESOURCE_PATH} /usr/bin/cmake --install /workspace/ros2_ws_turtlebot3/build/ros_gz_bringup
[0.457s] Level 1:colcon.colcon_core.environment:checking '/workspace/ros2_ws_turtlebot3/install/ros_gz_bringup' for CMake config files
[0.457s] Level 1:colcon.colcon_core.shell:create_environment_hook('ros_gz_bringup', 'cmake_prefix_path')
[0.457s] INFO:colcon.colcon_core.shell:Creating environment hook '/workspace/ros2_ws_turtlebot3/install/ros_gz_bringup/share/ros_gz_bringup/hook/cmake_prefix_path.ps1'
[0.458s] INFO:colcon.colcon_core.shell:Creating environment descriptor '/workspace/ros2_ws_turtlebot3/install/ros_gz_bringup/share/ros_gz_bringup/hook/cmake_prefix_path.dsv'
[0.458s] INFO:colcon.colcon_core.shell:Creating environment hook '/workspace/ros2_ws_turtlebot3/install/ros_gz_bringup/share/ros_gz_bringup/hook/cmake_prefix_path.sh'
[0.458s] Level 1:colcon.colcon_core.environment:checking '/workspace/ros2_ws_turtlebot3/install/ros_gz_bringup/bin'
[0.458s] Level 1:colcon.colcon_core.environment:checking '/workspace/ros2_ws_turtlebot3/install/ros_gz_bringup/lib/pkgconfig/ros_gz_bringup.pc'
[0.458s] Level 1:colcon.colcon_core.environment:checking '/workspace/ros2_ws_turtlebot3/install/ros_gz_bringup/lib/python3.10/site-packages'
[0.459s] Level 1:colcon.colcon_core.environment:checking '/workspace/ros2_ws_turtlebot3/install/ros_gz_bringup/bin'
[0.459s] INFO:colcon.colcon_core.shell:Creating package script '/workspace/ros2_ws_turtlebot3/install/ros_gz_bringup/share/ros_gz_bringup/package.ps1'
[0.459s] INFO:colcon.colcon_core.shell:Creating package descriptor '/workspace/ros2_ws_turtlebot3/install/ros_gz_bringup/share/ros_gz_bringup/package.dsv'
[0.459s] INFO:colcon.colcon_core.shell:Creating package script '/workspace/ros2_ws_turtlebot3/install/ros_gz_bringup/share/ros_gz_bringup/package.sh'
[0.459s] INFO:colcon.colcon_core.shell:Creating package script '/workspace/ros2_ws_turtlebot3/install/ros_gz_bringup/share/ros_gz_bringup/package.bash'
[0.460s] INFO:colcon.colcon_core.shell:Creating package script '/workspace/ros2_ws_turtlebot3/install/ros_gz_bringup/share/ros_gz_bringup/package.zsh'
[0.460s] Level 1:colcon.colcon_core.environment:create_file_with_runtime_dependencies(/workspace/ros2_ws_turtlebot3/install/ros_gz_bringup/share/colcon-core/packages/ros_gz_bringup)
[0.473s] Level 1:colcon.colcon_core.environment:create_environment_scripts_only(ros_gz_bringup)
[0.473s] Level 1:colcon.colcon_core.environment:checking '/workspace/ros2_ws_turtlebot3/install/ros_gz_bringup' for CMake module files
[0.473s] Level 1:colcon.colcon_core.environment:checking '/workspace/ros2_ws_turtlebot3/install/ros_gz_bringup' for CMake config files
[0.474s] Level 1:colcon.colcon_core.shell:create_environment_hook('ros_gz_bringup', 'cmake_prefix_path')
[0.474s] INFO:colcon.colcon_core.shell:Creating environment hook '/workspace/ros2_ws_turtlebot3/install/ros_gz_bringup/share/ros_gz_bringup/hook/cmake_prefix_path.ps1'
[0.474s] INFO:colcon.colcon_core.shell:Creating environment descriptor '/workspace/ros2_ws_turtlebot3/install/ros_gz_bringup/share/ros_gz_bringup/hook/cmake_prefix_path.dsv'
[0.474s] INFO:colcon.colcon_core.shell:Creating environment hook '/workspace/ros2_ws_turtlebot3/install/ros_gz_bringup/share/ros_gz_bringup/hook/cmake_prefix_path.sh'
[0.475s] Level 1:colcon.colcon_core.environment:checking '/workspace/ros2_ws_turtlebot3/install/ros_gz_bringup/bin'
[0.475s] Level 1:colcon.colcon_core.environment:checking '/workspace/ros2_ws_turtlebot3/install/ros_gz_bringup/lib/pkgconfig/ros_gz_bringup.pc'
[0.475s] Level 1:colcon.colcon_core.environment:checking '/workspace/ros2_ws_turtlebot3/install/ros_gz_bringup/lib/python3.10/site-packages'
[0.475s] Level 1:colcon.colcon_core.environment:checking '/workspace/ros2_ws_turtlebot3/install/ros_gz_bringup/bin'
[0.475s] INFO:colcon.colcon_core.shell:Creating package script '/workspace/ros2_ws_turtlebot3/install/ros_gz_bringup/share/ros_gz_bringup/package.ps1'
[0.475s] INFO:colcon.colcon_core.shell:Creating package descriptor '/workspace/ros2_ws_turtlebot3/install/ros_gz_bringup/share/ros_gz_bringup/package.dsv'
[0.476s] INFO:colcon.colcon_core.shell:Creating package script '/workspace/ros2_ws_turtlebot3/install/ros_gz_bringup/share/ros_gz_bringup/package.sh'
[0.476s] INFO:colcon.colcon_core.shell:Creating package script '/workspace/ros2_ws_turtlebot3/install/ros_gz_bringup/share/ros_gz_bringup/package.bash'
[0.476s] INFO:colcon.colcon_core.shell:Creating package script '/workspace/ros2_ws_turtlebot3/install/ros_gz_bringup/share/ros_gz_bringup/package.zsh'
[0.476s] Level 1:colcon.colcon_core.environment:create_file_with_runtime_dependencies(/workspace/ros2_ws_turtlebot3/install/ros_gz_bringup/share/colcon-core/packages/ros_gz_bringup)
[0.476s] DEBUG:colcon.colcon_parallel_executor.executor.parallel:closing loop
[0.477s] DEBUG:colcon.colcon_parallel_executor.executor.parallel:loop closed
[0.477s] DEBUG:colcon.colcon_parallel_executor.executor.parallel:run_until_complete finished with '0'
[0.477s] DEBUG:colcon.colcon_core.event_reactor:joining thread
[0.487s] INFO:colcon.colcon_core.plugin_system:Skipping extension 'colcon_notification.desktop_notification.notify_send': Could not find 'notify-send'
[0.488s] INFO:colcon.colcon_core.plugin_system:Skipping extension 'colcon_notification.desktop_notification.terminal_notifier': Not used on non-Darwin systems
[0.488s] INFO:colcon.colcon_core.plugin_system:Skipping extension 'colcon_notification.desktop_notification.win32': Not used on non-Windows systems
[0.488s] INFO:colcon.colcon_notification.desktop_notification:Sending desktop notification using 'notify2'
[0.489s] DEBUG:colcon.colcon_notification.desktop_notification.notify2:Failed to initialize notify2: org.freedesktop.DBus.Error.Spawn.ExecFailed: /usr/bin/dbus-launch terminated abnormally without any error message
[0.490s] DEBUG:colcon.colcon_core.event_reactor:joined thread
[0.490s] INFO:colcon.colcon_core.shell:Creating prefix script '/workspace/ros2_ws_turtlebot3/install/local_setup.ps1'
[0.491s] INFO:colcon.colcon_core.shell:Creating prefix util module '/workspace/ros2_ws_turtlebot3/install/_local_setup_util_ps1.py'
[0.492s] INFO:colcon.colcon_core.shell:Creating prefix chain script '/workspace/ros2_ws_turtlebot3/install/setup.ps1'
[0.493s] INFO:colcon.colcon_core.shell:Creating prefix script '/workspace/ros2_ws_turtlebot3/install/local_setup.sh'
[0.493s] INFO:colcon.colcon_core.shell:Creating prefix util module '/workspace/ros2_ws_turtlebot3/install/_local_setup_util_sh.py'
[0.493s] INFO:colcon.colcon_core.shell:Creating prefix chain script '/workspace/ros2_ws_turtlebot3/install/setup.sh'
[0.494s] INFO:colcon.colcon_core.shell:Creating prefix script '/workspace/ros2_ws_turtlebot3/install/local_setup.bash'
[0.494s] INFO:colcon.colcon_core.shell:Creating prefix chain script '/workspace/ros2_ws_turtlebot3/install/setup.bash'
[0.495s] INFO:colcon.colcon_core.shell:Creating prefix script '/workspace/ros2_ws_turtlebot3/install/local_setup.zsh'
[0.495s] INFO:colcon.colcon_core.shell:Creating prefix chain script '/workspace/ros2_ws_turtlebot3/install/setup.zsh'
