[0.005s] Invoking command in '/workspace/ros2_ws_turtlebot3/build/ros_gz_gazebo': AMENT_PREFIX_PATH=/workspace/ros2_ws_turtlebot3/install/ros_gz_description:${AMENT_PREFIX_PATH} CMAKE_PREFIX_PATH=/workspace/ros2_ws_turtlebot3/install/ros_gz_description:/opt/ros/humble IGN_GAZEBO_RESOURCE_PATH=/workspace/ros2_ws_turtlebot3/install/ros_gz_description/share/ros_gz_description/models /usr/bin/cmake /workspace/ros2_ws_turtlebot3/src/ros_gz/ros_gz_gazebo -DCMAKE_INSTALL_PREFIX=/workspace/ros2_ws_turtlebot3/install/ros_gz_gazebo
[0.040s] -- The C compiler identification is GNU 11.4.0
[0.077s] -- The CXX compiler identification is GNU 11.4.0
[0.084s] -- Detecting C compiler ABI info
[0.126s] -- Detecting C compiler ABI info - done
[0.131s] -- Check for working C compiler: /usr/bin/cc - skipped
[0.131s] -- Detecting C compile features
[0.132s] -- Detecting C compile features - done
[0.134s] -- Detecting CXX compiler ABI info
[0.186s] -- Detecting CXX compiler ABI info - done
[0.191s] -- Check for working CXX compiler: /usr/bin/c++ - skipped
[0.192s] -- Detecting CXX compile features
[0.192s] -- Detecting CXX compile features - done
[0.194s] -- Found ament_cmake: 1.3.10 (/opt/ros/humble/share/ament_cmake/cmake)
[0.288s] -- Found Python3: /usr/bin/python3 (found version "3.10.12") found components: Interpreter 
[0.352s] -- Found ros_gz_description: 0.0.0 (/workspace/ros2_ws_turtlebot3/install/ros_gz_description/share/ros_gz_description/cmake)
[0.358s] -- Looking for ignition-plugin1 -- found version 1.4.0
[0.358s] -- Searching for dependencies of ignition-plugin1
[0.358s] -- Searching for <ignition-plugin1> component [register]
[0.360s] -- Looking for ignition-plugin1-register -- found version 1.4.0
[0.360s] -- Searching for dependencies of ignition-plugin1-register
[0.362s] -- Looking for ignition-common4 -- found version 4.7.0
[0.363s] -- Searching for dependencies of ignition-common4
[0.363s] -- Looking for dlfcn.h - found
[0.367s] -- Looking for libdl - found
[0.368s] -- Found DL: TRUE  
[0.371s] -- Checking for module 'uuid'
[0.378s] --   Found uuid, version 2.37.2
[0.396s] -- Found UUID: TRUE  
[0.396s] -- Searching for <ignition-common4> component [profiler]
[0.399s] -- Looking for ignition-common4-profiler -- found version 4.7.0
[0.399s] -- Searching for dependencies of ignition-common4-profiler
[0.401s] -- Looking for ignition-gazebo6 -- found version 6.16.0
[0.402s] -- Searching for dependencies of ignition-gazebo6
[0.404s] -- Looking for sdformat12 -- found version 12.7.2
[0.404s] -- Searching for dependencies of sdformat12
[0.407s] -- Checking for module 'tinyxml2'
[0.414s] --   Found tinyxml2, version 9.0.0
[0.434s] -- Looking for ignition-math6 -- found version 6.15.1
[0.434s] -- Searching for dependencies of ignition-math6
[0.437s] -- Looking for ignition-utils1 -- found version 1.5.1
[0.437s] -- Searching for dependencies of ignition-utils1
[0.438s] -- Looking for ignition-plugin1 -- found version 1.4.0
[0.438s] -- Searching for dependencies of ignition-plugin1
[0.438s] -- Searching for <ignition-plugin1> component [loader]
[0.441s] -- Looking for ignition-plugin1-loader -- found version 1.4.0
[0.441s] -- Searching for dependencies of ignition-plugin1-loader
[0.441s] -- Searching for <ignition-plugin1> component [register]
[0.444s] -- Looking for ignition-transport11 -- found version 11.4.1
[0.444s] -- Searching for dependencies of ignition-transport11
[0.555s] -- Found Protobuf: /usr/lib/x86_64-linux-gnu/libprotobuf.so (found version "3.12.4") 
[0.566s] -- Config-file not installed for ZeroMQ -- checking for pkg-config
[0.569s] -- Checking for module 'libzmq >= 4'
[0.576s] --   Found libzmq , version 4.3.4
[0.598s] -- Found ZeroMQ: TRUE (Required is at least version "4") 
[0.605s] -- Looking for ignition-utils1 -- found version 1.5.1
[0.605s] -- Searching for dependencies of ignition-utils1
[0.605s] -- Searching for <ignition-utils1> component [cli]
[0.607s] -- Looking for ignition-utils1-cli -- found version 1.5.1
[0.608s] -- Searching for dependencies of ignition-utils1-cli
[0.610s] -- Looking for ignition-msgs8 -- found version 8.7.0
[0.610s] -- Searching for dependencies of ignition-msgs8
[0.624s] -- Found Protobuf: /usr/lib/x86_64-linux-gnu/libprotobuf.so (found suitable version "3.12.4", minimum required is "3") 
[0.625s] -- Looking for ignition-math6 -- found version 6.15.1
[0.629s] -- Searching for <ignition-transport11> component [log]
[0.631s] -- Looking for ignition-transport11-log -- found version 11.4.1
[0.631s] -- Searching for dependencies of ignition-transport11-log
[0.632s] -- Searching for <ignition-transport11> component [parameters]
[0.633s] -- Looking for ignition-transport11-parameters -- found version 11.4.1
[0.634s] -- Searching for dependencies of ignition-transport11-parameters
[0.634s] -- Looking for ignition-msgs8 -- found version 8.7.0
[0.635s] -- Looking for ignition-common4 -- found version 4.7.0
[0.635s] -- Searching for dependencies of ignition-common4
[0.635s] -- Looking for dlfcn.h - found
[0.635s] -- Looking for libdl - found
[0.641s] -- Searching for <ignition-common4> component [profiler]
[0.641s] -- Searching for <ignition-common4> component [events]
[0.643s] -- Looking for ignition-common4-events -- found version 4.7.0
[0.644s] -- Searching for dependencies of ignition-common4-events
[0.644s] -- Looking for ignition-math6 -- found version 6.15.1
[0.644s] -- Searching for <ignition-common4> component [av]
[0.646s] -- Looking for ignition-common4-av -- found version 4.7.0
[0.646s] -- Searching for dependencies of ignition-common4-av
[0.650s] -- Checking for module 'libswscale'
[0.657s] --   Found libswscale, version 5.9.100
[0.676s] -- Found SWSCALE: TRUE  
[0.680s] -- Checking for module 'libavdevice >= 56.4.100'
[0.688s] --   Found libavdevice , version 58.13.100
[0.710s] -- Found AVDEVICE: TRUE (Required is at least version "56.4.100") 
[0.713s] -- Checking for module 'libavformat'
[0.721s] --   Found libavformat, version 58.76.100
[0.742s] -- Found AVFORMAT: TRUE  
[0.745s] -- Checking for module 'libavcodec'
[0.752s] --   Found libavcodec, version 58.134.100
[0.772s] -- Found AVCODEC: TRUE  
[0.776s] -- Checking for module 'libavutil'
[0.783s] --   Found libavutil, version 56.70.100
[0.803s] -- Found AVUTIL: TRUE  
[0.805s] -- Looking for ignition-fuel_tools7 -- found version 7.3.0
[0.806s] -- Searching for dependencies of ignition-fuel_tools7
[0.856s] -- Found CURL: /usr/lib/x86_64-linux-gnu/libcurl.so (found version "7.81.0")  
[0.862s] -- Checking for module 'jsoncpp'
[0.870s] --   Found jsoncpp, version 1.9.5
[0.890s] -- Found JSONCPP: TRUE  
[0.894s] -- Checking for module 'libzip'
[0.902s] --   Found libzip, version 1.7.3
[0.922s] -- Found ZIP: TRUE  
[0.923s] -- Looking for ignition-common4 -- found version 4.7.0
[0.923s] -- Looking for ignition-math6 -- found version 6.15.1
[0.923s] -- Looking for ignition-msgs8 -- found version 8.7.0
[0.926s] -- Looking for ignition-gui6 -- found version 6.8.0
[0.926s] -- Searching for dependencies of ignition-gui6
[0.948s] -- Looking for ignition-math6 -- found version 6.15.1
[0.948s] -- Looking for ignition-common4 -- found version 4.7.0
[0.948s] -- Looking for ignition-plugin1 -- found version 1.4.0
[0.949s] -- Looking for ignition-transport11 -- found version 11.4.1
[0.951s] -- Looking for ignition-rendering6 -- found version 6.6.3
[0.951s] -- Searching for dependencies of ignition-rendering6
[0.951s] -- Looking for ignition-math6 -- found version 6.15.1
[0.951s] -- Searching for dependencies of ignition-math6
[0.951s] -- Searching for <ignition-math6> component [eigen3]
[0.953s] -- Looking for ignition-math6-eigen3 -- found version 6.15.1
[0.954s] -- Searching for dependencies of ignition-math6-eigen3
[0.961s] -- Looking for ignition-common4 -- found version 4.7.0
[0.961s] -- Searching for dependencies of ignition-common4
[0.961s] -- Looking for dlfcn.h - found
[0.961s] -- Looking for libdl - found
[0.967s] -- Searching for <ignition-common4> component [graphics]
[0.969s] -- Looking for ignition-common4-graphics -- found version 4.7.0
[0.969s] -- Searching for dependencies of ignition-common4-graphics
[0.969s] -- Looking for ignition-math6 -- found version 6.15.1
[0.970s] -- Looking for ignition-utils1 -- found version 1.5.1
[0.970s] -- Searching for <ignition-common4> component [events]
[0.971s] -- Looking for ignition-plugin1 -- found version 1.4.0
[0.971s] -- Searching for dependencies of ignition-plugin1
[0.971s] -- Searching for <ignition-plugin1> component [all]
[0.973s] -- Looking for all libraries of ignition-plugin1 -- found version 1.4.0
[0.973s] -- Looking for ignition-plugin1 -- found version 1.4.0
[0.975s] -- Looking for ignition-msgs8 -- found version 8.7.0
[0.990s] -- Looking for ignition-physics5 -- found version 5.3.2
[0.990s] -- Searching for dependencies of ignition-physics5
[0.990s] -- Looking for ignition-math6 -- found version 6.15.1
[0.991s] -- Looking for ignition-plugin1 -- found version 1.4.0
[0.991s] -- Looking for ignition-utils1 -- found version 1.5.1
[0.992s] -- Searching for <ignition-physics5> component [heightmap]
[0.994s] -- Looking for ignition-physics5-heightmap -- found version 5.3.2
[0.994s] -- Searching for dependencies of ignition-physics5-heightmap
[0.994s] -- Looking for ignition-common4 -- found version 4.7.0
[0.994s] -- Searching for <ignition-physics5> component [mesh]
[0.997s] -- Looking for ignition-physics5-mesh -- found version 5.3.2
[0.997s] -- Searching for dependencies of ignition-physics5-mesh
[0.997s] -- Looking for ignition-common4 -- found version 4.7.0
[0.997s] -- Searching for <ignition-physics5> component [sdf]
[0.999s] -- Looking for ignition-physics5-sdf -- found version 5.3.2
[0.999s] -- Searching for dependencies of ignition-physics5-sdf
[1.000s] -- Looking for sdformat12 -- found version 12.7.2
[1.002s] -- Looking for ignition-sensors6 -- found version 6.8.0
[1.002s] -- Searching for dependencies of ignition-sensors6
[1.018s] -- Found Protobuf: /usr/lib/x86_64-linux-gnu/libprotobuf.so (found version "3.12.4") 
[1.018s] -- Looking for ignition-math6 -- found version 6.15.1
[1.018s] -- Looking for ignition-common4 -- found version 4.7.0
[1.019s] -- Looking for ignition-transport11 -- found version 11.4.1
[1.019s] -- Looking for ignition-rendering6 -- found version 6.6.3
[1.019s] -- Looking for ignition-msgs8 -- found version 8.7.0
[1.020s] -- Looking for sdformat12 -- found version 12.7.2
[1.020s] -- Searching for <ignition-sensors6> component [air_pressure]
[1.022s] -- Looking for ignition-sensors6-air_pressure -- found version 6.8.0
[1.022s] -- Searching for dependencies of ignition-sensors6-air_pressure
[1.023s] -- Searching for <ignition-sensors6> component [altimeter]
[1.025s] -- Looking for ignition-sensors6-altimeter -- found version 6.8.0
[1.025s] -- Searching for dependencies of ignition-sensors6-altimeter
[1.025s] -- Searching for <ignition-sensors6> component [imu]
[1.027s] -- Looking for ignition-sensors6-imu -- found version 6.8.0
[1.027s] -- Searching for dependencies of ignition-sensors6-imu
[1.028s] -- Searching for <ignition-sensors6> component [force_torque]
[1.030s] -- Looking for ignition-sensors6-force_torque -- found version 6.8.0
[1.030s] -- Searching for dependencies of ignition-sensors6-force_torque
[1.030s] -- Searching for <ignition-sensors6> component [logical_camera]
[1.032s] -- Looking for ignition-sensors6-logical_camera -- found version 6.8.0
[1.033s] -- Searching for dependencies of ignition-sensors6-logical_camera
[1.033s] -- Searching for <ignition-sensors6> component [magnetometer]
[1.035s] -- Looking for ignition-sensors6-magnetometer -- found version 6.8.0
[1.036s] -- Searching for dependencies of ignition-sensors6-magnetometer
[1.036s] -- Searching for <ignition-sensors6> component [navsat]
[1.038s] -- Looking for ignition-sensors6-navsat -- found version 6.8.0
[1.038s] -- Searching for dependencies of ignition-sensors6-navsat
[1.039s] -- Searching for <ignition-sensors6> component [rendering]
[1.041s] -- Looking for ignition-sensors6-rendering -- found version 6.8.0
[1.041s] -- Searching for dependencies of ignition-sensors6-rendering
[1.041s] -- Searching for <ignition-sensors6> component [lidar]
[1.043s] -- Looking for ignition-sensors6-lidar -- found version 6.8.0
[1.044s] -- Searching for dependencies of ignition-sensors6-lidar
[1.044s] -- Looking for ignition-sensors6 -- found version 6.8.0
[1.044s] -- Searching for <ignition-sensors6> component [gpu_lidar]
[1.046s] -- Looking for ignition-sensors6-gpu_lidar -- found version 6.8.0
[1.047s] -- Searching for dependencies of ignition-sensors6-gpu_lidar
[1.047s] -- Looking for ignition-sensors6 -- found version 6.8.0
[1.047s] -- Searching for <ignition-sensors6> component [camera]
[1.049s] -- Looking for ignition-sensors6-camera -- found version 6.8.0
[1.049s] -- Searching for dependencies of ignition-sensors6-camera
[1.050s] -- Looking for ignition-sensors6 -- found version 6.8.0
[1.050s] -- Searching for <ignition-sensors6> component [boundingbox_camera]
[1.052s] -- Looking for ignition-sensors6-boundingbox_camera -- found version 6.8.0
[1.052s] -- Searching for dependencies of ignition-sensors6-boundingbox_camera
[1.053s] -- Searching for <ignition-sensors6> component [segmentation_camera]
[1.055s] -- Looking for ignition-sensors6-segmentation_camera -- found version 6.8.0
[1.055s] -- Searching for dependencies of ignition-sensors6-segmentation_camera
[1.055s] -- Searching for <ignition-sensors6> component [depth_camera]
[1.057s] -- Looking for ignition-sensors6-depth_camera -- found version 6.8.0
[1.058s] -- Searching for dependencies of ignition-sensors6-depth_camera
[1.058s] -- Looking for ignition-sensors6 -- found version 6.8.0
[1.058s] -- Searching for <ignition-sensors6> component [rgbd_camera]
[1.060s] -- Looking for ignition-sensors6-rgbd_camera -- found version 6.8.0
[1.060s] -- Searching for dependencies of ignition-sensors6-rgbd_camera
[1.061s] -- Looking for ignition-sensors6 -- found version 6.8.0
[1.061s] -- Searching for <ignition-sensors6> component [thermal_camera]
[1.063s] -- Looking for ignition-sensors6-thermal_camera -- found version 6.8.0
[1.063s] -- Searching for dependencies of ignition-sensors6-thermal_camera
[1.064s] -- Looking for ignition-sensors6 -- found version 6.8.0
[1.064s] -- Looking for ignition-rendering6 -- found version 6.6.3
[1.064s] -- Looking for ignition-math6 -- found version 6.15.1
[1.067s] -- Looking for ignition-utils1 -- found version 1.5.1
[1.085s] -- Found ament_lint_auto: 0.12.11 (/opt/ros/humble/share/ament_lint_auto/cmake)
[1.124s] -- Configuring done
[1.132s] -- Generating done
[1.133s] -- Build files have been written to: /workspace/ros2_ws_turtlebot3/build/ros_gz_gazebo
[1.140s] Invoked command in '/workspace/ros2_ws_turtlebot3/build/ros_gz_gazebo' returned '0': AMENT_PREFIX_PATH=/workspace/ros2_ws_turtlebot3/install/ros_gz_description:${AMENT_PREFIX_PATH} CMAKE_PREFIX_PATH=/workspace/ros2_ws_turtlebot3/install/ros_gz_description:/opt/ros/humble IGN_GAZEBO_RESOURCE_PATH=/workspace/ros2_ws_turtlebot3/install/ros_gz_description/share/ros_gz_description/models /usr/bin/cmake /workspace/ros2_ws_turtlebot3/src/ros_gz/ros_gz_gazebo -DCMAKE_INSTALL_PREFIX=/workspace/ros2_ws_turtlebot3/install/ros_gz_gazebo
[1.141s] Invoking command in '/workspace/ros2_ws_turtlebot3/build/ros_gz_gazebo': AMENT_PREFIX_PATH=/workspace/ros2_ws_turtlebot3/install/ros_gz_description:${AMENT_PREFIX_PATH} CMAKE_PREFIX_PATH=/workspace/ros2_ws_turtlebot3/install/ros_gz_description:/opt/ros/humble IGN_GAZEBO_RESOURCE_PATH=/workspace/ros2_ws_turtlebot3/install/ros_gz_description/share/ros_gz_description/models /usr/bin/cmake --build /workspace/ros2_ws_turtlebot3/build/ros_gz_gazebo -- -j8 -l8
[1.173s] [ 50%] [32mBuilding CXX object CMakeFiles/FullSystem.dir/src/FullSystem.cc.o[0m
[1.173s] [ 50%] [32mBuilding CXX object CMakeFiles/BasicSystem.dir/src/BasicSystem.cc.o[0m
[3.617s] [ 75%] [32m[1mLinking CXX shared library libBasicSystem.so[0m
[3.695s] [100%] [32m[1mLinking CXX shared library libFullSystem.so[0m
[3.767s] [100%] Built target BasicSystem
[3.851s] [100%] Built target FullSystem
[3.858s] Invoked command in '/workspace/ros2_ws_turtlebot3/build/ros_gz_gazebo' returned '0': AMENT_PREFIX_PATH=/workspace/ros2_ws_turtlebot3/install/ros_gz_description:${AMENT_PREFIX_PATH} CMAKE_PREFIX_PATH=/workspace/ros2_ws_turtlebot3/install/ros_gz_description:/opt/ros/humble IGN_GAZEBO_RESOURCE_PATH=/workspace/ros2_ws_turtlebot3/install/ros_gz_description/share/ros_gz_description/models /usr/bin/cmake --build /workspace/ros2_ws_turtlebot3/build/ros_gz_gazebo -- -j8 -l8
[3.877s] Invoking command in '/workspace/ros2_ws_turtlebot3/build/ros_gz_gazebo': AMENT_PREFIX_PATH=/workspace/ros2_ws_turtlebot3/install/ros_gz_description:${AMENT_PREFIX_PATH} CMAKE_PREFIX_PATH=/workspace/ros2_ws_turtlebot3/install/ros_gz_description:/opt/ros/humble IGN_GAZEBO_RESOURCE_PATH=/workspace/ros2_ws_turtlebot3/install/ros_gz_description/share/ros_gz_description/models /usr/bin/cmake --install /workspace/ros2_ws_turtlebot3/build/ros_gz_gazebo
[3.881s] -- Install configuration: ""
[3.881s] -- Installing: /workspace/ros2_ws_turtlebot3/install/ros_gz_gazebo/lib/ros_gz_gazebo/libBasicSystem.so
[3.882s] -- Installing: /workspace/ros2_ws_turtlebot3/install/ros_gz_gazebo/lib/ros_gz_gazebo/libFullSystem.so
[3.883s] -- Installing: /workspace/ros2_ws_turtlebot3/install/ros_gz_gazebo/share/ros_gz_gazebo/worlds
[3.883s] -- Installing: /workspace/ros2_ws_turtlebot3/install/ros_gz_gazebo/share/ros_gz_gazebo/worlds/turtlebot3_world.sdf
[3.883s] -- Installing: /workspace/ros2_ws_turtlebot3/install/ros_gz_gazebo/share/ros_gz_gazebo/worlds/meshes
[3.883s] -- Installing: /workspace/ros2_ws_turtlebot3/install/ros_gz_gazebo/share/ros_gz_gazebo/worlds/meshes/hexagon.dae
[3.883s] -- Installing: /workspace/ros2_ws_turtlebot3/install/ros_gz_gazebo/share/ros_gz_gazebo/worlds/meshes/wall.dae
[3.883s] -- Installing: /workspace/ros2_ws_turtlebot3/install/ros_gz_gazebo/share/ros_gz_gazebo/environment/ros_gz_gazebo.dsv
[3.883s] -- Installing: /workspace/ros2_ws_turtlebot3/install/ros_gz_gazebo/share/ros_gz_gazebo/environment/ros_gz_gazebo.sh
[3.883s] -- Installing: /workspace/ros2_ws_turtlebot3/install/ros_gz_gazebo/share/ament_index/resource_index/package_run_dependencies/ros_gz_gazebo
[3.884s] -- Installing: /workspace/ros2_ws_turtlebot3/install/ros_gz_gazebo/share/ament_index/resource_index/parent_prefix_path/ros_gz_gazebo
[3.884s] -- Installing: /workspace/ros2_ws_turtlebot3/install/ros_gz_gazebo/share/ros_gz_gazebo/environment/ament_prefix_path.sh
[3.884s] -- Installing: /workspace/ros2_ws_turtlebot3/install/ros_gz_gazebo/share/ros_gz_gazebo/environment/ament_prefix_path.dsv
[3.884s] -- Installing: /workspace/ros2_ws_turtlebot3/install/ros_gz_gazebo/share/ros_gz_gazebo/environment/path.sh
[3.884s] -- Installing: /workspace/ros2_ws_turtlebot3/install/ros_gz_gazebo/share/ros_gz_gazebo/environment/path.dsv
[3.884s] -- Installing: /workspace/ros2_ws_turtlebot3/install/ros_gz_gazebo/share/ros_gz_gazebo/local_setup.bash
[3.884s] -- Installing: /workspace/ros2_ws_turtlebot3/install/ros_gz_gazebo/share/ros_gz_gazebo/local_setup.sh
[3.884s] -- Installing: /workspace/ros2_ws_turtlebot3/install/ros_gz_gazebo/share/ros_gz_gazebo/local_setup.zsh
[3.884s] -- Installing: /workspace/ros2_ws_turtlebot3/install/ros_gz_gazebo/share/ros_gz_gazebo/local_setup.dsv
[3.884s] -- Installing: /workspace/ros2_ws_turtlebot3/install/ros_gz_gazebo/share/ros_gz_gazebo/package.dsv
[3.884s] -- Installing: /workspace/ros2_ws_turtlebot3/install/ros_gz_gazebo/share/ament_index/resource_index/packages/ros_gz_gazebo
[3.884s] -- Installing: /workspace/ros2_ws_turtlebot3/install/ros_gz_gazebo/share/ros_gz_gazebo/cmake/ros_gz_gazeboConfig.cmake
[3.884s] -- Installing: /workspace/ros2_ws_turtlebot3/install/ros_gz_gazebo/share/ros_gz_gazebo/cmake/ros_gz_gazeboConfig-version.cmake
[3.885s] -- Installing: /workspace/ros2_ws_turtlebot3/install/ros_gz_gazebo/share/ros_gz_gazebo/package.xml
[3.886s] Invoked command in '/workspace/ros2_ws_turtlebot3/build/ros_gz_gazebo' returned '0': AMENT_PREFIX_PATH=/workspace/ros2_ws_turtlebot3/install/ros_gz_description:${AMENT_PREFIX_PATH} CMAKE_PREFIX_PATH=/workspace/ros2_ws_turtlebot3/install/ros_gz_description:/opt/ros/humble IGN_GAZEBO_RESOURCE_PATH=/workspace/ros2_ws_turtlebot3/install/ros_gz_description/share/ros_gz_description/models /usr/bin/cmake --install /workspace/ros2_ws_turtlebot3/build/ros_gz_gazebo
