[0.017s] Invoking command in '/workspace/ros2_ws_turtlebot3/build/bt_nav2': CMAKE_PREFIX_PATH=${CMAKE_PREFIX_PATH}:/opt/ros/humble /usr/bin/cmake --build /workspace/ros2_ws_turtlebot3/build/bt_nav2 -- -j8 -l8
[0.053s] [35m[1mConsolidate compiler generated dependencies of target initial_pose_publisher[0m
[0.054s] [35m[1mConsolidate compiler generated dependencies of target navigation_behavior[0m
[0.071s] [ 50%] Built target initial_pose_publisher
[0.077s] [100%] Built target navigation_behavior
[0.102s] Invoked command in '/workspace/ros2_ws_turtlebot3/build/bt_nav2' returned '0': CMAKE_PREFIX_PATH=${CMAKE_PREFIX_PATH}:/opt/ros/humble /usr/bin/cmake --build /workspace/ros2_ws_turtlebot3/build/bt_nav2 -- -j8 -l8
[0.134s] Invoking command in '/workspace/ros2_ws_turtlebot3/build/bt_nav2': CMAKE_PREFIX_PATH=${CMAKE_PREFIX_PATH}:/opt/ros/humble /usr/bin/cmake --install /workspace/ros2_ws_turtlebot3/build/bt_nav2
[0.142s] -- Install configuration: ""
[0.142s] -- Up-to-date: /workspace/ros2_ws_turtlebot3/install/bt_nav2/lib/bt_nav2/initial_pose_publisher
[0.142s] -- Up-to-date: /workspace/ros2_ws_turtlebot3/install/bt_nav2/lib/bt_nav2/navigation_behavior
[0.142s] -- Up-to-date: /workspace/ros2_ws_turtlebot3/install/bt_nav2/share/bt_nav2/launch
[0.142s] -- Up-to-date: /workspace/ros2_ws_turtlebot3/install/bt_nav2/share/bt_nav2/launch/launch.py
[0.142s] -- Up-to-date: /workspace/ros2_ws_turtlebot3/install/bt_nav2/share/bt_nav2/bt_xml
[0.142s] -- Up-to-date: /workspace/ros2_ws_turtlebot3/install/bt_nav2/share/bt_nav2/bt_xml/tree.xml
[0.143s] -- Up-to-date: /workspace/ros2_ws_turtlebot3/install/bt_nav2/share/ament_index/resource_index/package_run_dependencies/bt_nav2
[0.143s] -- Up-to-date: /workspace/ros2_ws_turtlebot3/install/bt_nav2/share/ament_index/resource_index/parent_prefix_path/bt_nav2
[0.143s] -- Up-to-date: /workspace/ros2_ws_turtlebot3/install/bt_nav2/share/bt_nav2/environment/ament_prefix_path.sh
[0.143s] -- Up-to-date: /workspace/ros2_ws_turtlebot3/install/bt_nav2/share/bt_nav2/environment/ament_prefix_path.dsv
[0.143s] -- Up-to-date: /workspace/ros2_ws_turtlebot3/install/bt_nav2/share/bt_nav2/environment/path.sh
[0.143s] -- Up-to-date: /workspace/ros2_ws_turtlebot3/install/bt_nav2/share/bt_nav2/environment/path.dsv
[0.143s] -- Up-to-date: /workspace/ros2_ws_turtlebot3/install/bt_nav2/share/bt_nav2/local_setup.bash
[0.143s] -- Up-to-date: /workspace/ros2_ws_turtlebot3/install/bt_nav2/share/bt_nav2/local_setup.sh
[0.143s] -- Up-to-date: /workspace/ros2_ws_turtlebot3/install/bt_nav2/share/bt_nav2/local_setup.zsh
[0.144s] -- Up-to-date: /workspace/ros2_ws_turtlebot3/install/bt_nav2/share/bt_nav2/local_setup.dsv
[0.144s] -- Installing: /workspace/ros2_ws_turtlebot3/install/bt_nav2/share/bt_nav2/package.dsv
[0.144s] -- Up-to-date: /workspace/ros2_ws_turtlebot3/install/bt_nav2/share/ament_index/resource_index/packages/bt_nav2
[0.144s] -- Up-to-date: /workspace/ros2_ws_turtlebot3/install/bt_nav2/share/bt_nav2/cmake/bt_nav2Config.cmake
[0.144s] -- Up-to-date: /workspace/ros2_ws_turtlebot3/install/bt_nav2/share/bt_nav2/cmake/bt_nav2Config-version.cmake
[0.144s] -- Up-to-date: /workspace/ros2_ws_turtlebot3/install/bt_nav2/share/bt_nav2/package.xml
[0.162s] Invoked command in '/workspace/ros2_ws_turtlebot3/build/bt_nav2' returned '0': CMAKE_PREFIX_PATH=${CMAKE_PREFIX_PATH}:/opt/ros/humble /usr/bin/cmake --install /workspace/ros2_ws_turtlebot3/build/bt_nav2
