[0.015s] Invoking command in '/workspace/ros2_ws_turtlebot3/build/bt_nav2': CMAKE_PREFIX_PATH=${CMAKE_PREFIX_PATH}:/opt/ros/humble /usr/bin/cmake --build /workspace/ros2_ws_turtlebot3/build/bt_nav2 -- -j8 -l8
[0.058s] [100%] Built target initial_pose_publisher
[0.058s] [100%] Built target navigation_behavior
[0.069s] Invoked command in '/workspace/ros2_ws_turtlebot3/build/bt_nav2' returned '0': CMAKE_PREFIX_PATH=${CMAKE_PREFIX_PATH}:/opt/ros/humble /usr/bin/cmake --build /workspace/ros2_ws_turtlebot3/build/bt_nav2 -- -j8 -l8
[0.104s] Invoking command in '/workspace/ros2_ws_turtlebot3/build/bt_nav2': CMAKE_PREFIX_PATH=${CMAKE_PREFIX_PATH}:/opt/ros/humble /usr/bin/cmake --install /workspace/ros2_ws_turtlebot3/build/bt_nav2
[0.111s] -- Install configuration: ""
[0.112s] -- Up-to-date: /workspace/ros2_ws_turtlebot3/install/bt_nav2/lib/bt_nav2/initial_pose_publisher
[0.112s] -- Up-to-date: /workspace/ros2_ws_turtlebot3/install/bt_nav2/lib/bt_nav2/navigation_behavior
[0.112s] -- Up-to-date: /workspace/ros2_ws_turtlebot3/install/bt_nav2/share/bt_nav2/launch
[0.112s] -- Up-to-date: /workspace/ros2_ws_turtlebot3/install/bt_nav2/share/bt_nav2/launch/launch.py
[0.112s] -- Up-to-date: /workspace/ros2_ws_turtlebot3/install/bt_nav2/share/bt_nav2/bt_xml
[0.112s] -- Up-to-date: /workspace/ros2_ws_turtlebot3/install/bt_nav2/share/bt_nav2/bt_xml/tree.xml
[0.112s] -- Up-to-date: /workspace/ros2_ws_turtlebot3/install/bt_nav2/share/ament_index/resource_index/package_run_dependencies/bt_nav2
[0.112s] -- Up-to-date: /workspace/ros2_ws_turtlebot3/install/bt_nav2/share/ament_index/resource_index/parent_prefix_path/bt_nav2
[0.112s] -- Up-to-date: /workspace/ros2_ws_turtlebot3/install/bt_nav2/share/bt_nav2/environment/ament_prefix_path.sh
[0.113s] -- Up-to-date: /workspace/ros2_ws_turtlebot3/install/bt_nav2/share/bt_nav2/environment/ament_prefix_path.dsv
[0.113s] -- Up-to-date: /workspace/ros2_ws_turtlebot3/install/bt_nav2/share/bt_nav2/environment/path.sh
[0.113s] -- Up-to-date: /workspace/ros2_ws_turtlebot3/install/bt_nav2/share/bt_nav2/environment/path.dsv
[0.113s] -- Up-to-date: /workspace/ros2_ws_turtlebot3/install/bt_nav2/share/bt_nav2/local_setup.bash
[0.113s] -- Up-to-date: /workspace/ros2_ws_turtlebot3/install/bt_nav2/share/bt_nav2/local_setup.sh
[0.113s] -- Up-to-date: /workspace/ros2_ws_turtlebot3/install/bt_nav2/share/bt_nav2/local_setup.zsh
[0.114s] -- Up-to-date: /workspace/ros2_ws_turtlebot3/install/bt_nav2/share/bt_nav2/local_setup.dsv
[0.114s] -- Installing: /workspace/ros2_ws_turtlebot3/install/bt_nav2/share/bt_nav2/package.dsv
[0.114s] -- Up-to-date: /workspace/ros2_ws_turtlebot3/install/bt_nav2/share/ament_index/resource_index/packages/bt_nav2
[0.114s] -- Up-to-date: /workspace/ros2_ws_turtlebot3/install/bt_nav2/share/bt_nav2/cmake/bt_nav2Config.cmake
[0.114s] -- Up-to-date: /workspace/ros2_ws_turtlebot3/install/bt_nav2/share/bt_nav2/cmake/bt_nav2Config-version.cmake
[0.114s] -- Up-to-date: /workspace/ros2_ws_turtlebot3/install/bt_nav2/share/bt_nav2/package.xml
[0.130s] Invoked command in '/workspace/ros2_ws_turtlebot3/build/bt_nav2' returned '0': CMAKE_PREFIX_PATH=${CMAKE_PREFIX_PATH}:/opt/ros/humble /usr/bin/cmake --install /workspace/ros2_ws_turtlebot3/build/bt_nav2
