[0.008s] Invoking command in '/workspace/ros2_ws_turtlebot3/build/ros_gz_gazebo': CMAKE_PREFIX_PATH=/workspace/ros2_ws_turtlebot3/install/ros_gz_description:/workspace/ros2_ws_turtlebot3/install/slam_nav2_bringup:/workspace/ros2_ws_turtlebot3/install/ros_gz_bringup:/workspace/ros2_ws_turtlebot3/install/ros_gz_gazebo:/workspace/ros2_ws_turtlebot3/install/launch:/opt/ros/humble IGN_GAZEBO_RESOURCE_PATH=/workspace/ros2_ws_turtlebot3/install/ros_gz_description/share/ros_gz_description/models:${IGN_GAZEBO_RESOURCE_PATH} /usr/bin/cmake /workspace/ros2_ws_turtlebot3/src/ros_gz/ros_gz_gazebo -DCMAKE_INSTALL_PREFIX=/workspace/ros2_ws_turtlebot3/install/ros_gz_gazebo
[0.044s] -- The C compiler identification is GNU 11.4.0
[0.079s] -- The CXX compiler identification is GNU 11.4.0
[0.084s] -- Detecting C compiler ABI info
[0.127s] -- Detecting C compiler ABI info - done
[0.132s] -- Check for working C compiler: /usr/bin/cc - skipped
[0.132s] -- Detecting C compile features
[0.132s] -- Detecting C compile features - done
[0.134s] -- Detecting CXX compiler ABI info
[0.184s] -- Detecting CXX compiler ABI info - done
[0.189s] -- Check for working CXX compiler: /usr/bin/c++ - skipped
[0.190s] -- Detecting CXX compile features
[0.190s] -- Detecting CXX compile features - done
[0.192s] -- Found ament_cmake: 1.3.10 (/opt/ros/humble/share/ament_cmake/cmake)
[0.284s] -- Found Python3: /usr/bin/python3 (found version "3.10.12") found components: Interpreter 
[0.349s] -- Found ros_gz_description: 0.0.0 (/workspace/ros2_ws_turtlebot3/install/ros_gz_description/share/ros_gz_description/cmake)
[0.366s] -- Looking for ignition-plugin1 -- found version 1.4.0
[0.366s] -- Searching for dependencies of ignition-plugin1
[0.367s] -- Searching for <ignition-plugin1> component [register]
[0.369s] -- Looking for ignition-plugin1-register -- found version 1.4.0
[0.369s] -- Searching for dependencies of ignition-plugin1-register
[0.372s] -- Looking for ignition-common4 -- found version 4.7.0
[0.372s] -- Searching for dependencies of ignition-common4
[0.373s] -- Looking for dlfcn.h - found
[0.378s] -- Looking for libdl - found
[0.378s] -- Found DL: TRUE  
[0.382s] -- Checking for module 'uuid'
[0.392s] --   Found uuid, version 2.37.2
[0.410s] -- Found UUID: TRUE  
[0.411s] -- Searching for <ignition-common4> component [profiler]
[0.413s] -- Looking for ignition-common4-profiler -- found version 4.7.0
[0.414s] -- Searching for dependencies of ignition-common4-profiler
[0.419s] -- Looking for ignition-gazebo6 -- found version 6.16.0
[0.419s] -- Searching for dependencies of ignition-gazebo6
[0.422s] -- Looking for sdformat12 -- found version 12.7.2
[0.423s] -- Searching for dependencies of sdformat12
[0.426s] -- Checking for module 'tinyxml2'
[0.433s] --   Found tinyxml2, version 9.0.0
[0.454s] -- Looking for ignition-math6 -- found version 6.15.1
[0.454s] -- Searching for dependencies of ignition-math6
[0.457s] -- Looking for ignition-utils1 -- found version 1.5.1
[0.457s] -- Searching for dependencies of ignition-utils1
[0.458s] -- Looking for ignition-plugin1 -- found version 1.4.0
[0.459s] -- Searching for dependencies of ignition-plugin1
[0.459s] -- Searching for <ignition-plugin1> component [loader]
[0.461s] -- Looking for ignition-plugin1-loader -- found version 1.4.0
[0.461s] -- Searching for dependencies of ignition-plugin1-loader
[0.462s] -- Searching for <ignition-plugin1> component [register]
[0.465s] -- Looking for ignition-transport11 -- found version 11.4.1
[0.465s] -- Searching for dependencies of ignition-transport11
[0.583s] -- Found Protobuf: /usr/lib/x86_64-linux-gnu/libprotobuf.so (found version "3.12.4") 
[0.594s] -- Config-file not installed for ZeroMQ -- checking for pkg-config
[0.596s] -- Checking for module 'libzmq >= 4'
[0.605s] --   Found libzmq , version 4.3.4
[0.626s] -- Found ZeroMQ: TRUE (Required is at least version "4") 
[0.635s] -- Looking for ignition-utils1 -- found version 1.5.1
[0.635s] -- Searching for dependencies of ignition-utils1
[0.635s] -- Searching for <ignition-utils1> component [cli]
[0.638s] -- Looking for ignition-utils1-cli -- found version 1.5.1
[0.638s] -- Searching for dependencies of ignition-utils1-cli
[0.640s] -- Looking for ignition-msgs8 -- found version 8.7.0
[0.641s] -- Searching for dependencies of ignition-msgs8
[0.655s] -- Found Protobuf: /usr/lib/x86_64-linux-gnu/libprotobuf.so (found suitable version "3.12.4", minimum required is "3") 
[0.655s] -- Looking for ignition-math6 -- found version 6.15.1
[0.660s] -- Searching for <ignition-transport11> component [log]
[0.662s] -- Looking for ignition-transport11-log -- found version 11.4.1
[0.663s] -- Searching for dependencies of ignition-transport11-log
[0.663s] -- Searching for <ignition-transport11> component [parameters]
[0.665s] -- Looking for ignition-transport11-parameters -- found version 11.4.1
[0.666s] -- Searching for dependencies of ignition-transport11-parameters
[0.666s] -- Looking for ignition-msgs8 -- found version 8.7.0
[0.667s] -- Looking for ignition-common4 -- found version 4.7.0
[0.667s] -- Searching for dependencies of ignition-common4
[0.667s] -- Looking for dlfcn.h - found
[0.667s] -- Looking for libdl - found
[0.672s] -- Searching for <ignition-common4> component [profiler]
[0.672s] -- Searching for <ignition-common4> component [events]
[0.675s] -- Looking for ignition-common4-events -- found version 4.7.0
[0.675s] -- Searching for dependencies of ignition-common4-events
[0.675s] -- Looking for ignition-math6 -- found version 6.15.1
[0.676s] -- Searching for <ignition-common4> component [av]
[0.678s] -- Looking for ignition-common4-av -- found version 4.7.0
[0.678s] -- Searching for dependencies of ignition-common4-av
[0.682s] -- Checking for module 'libswscale'
[0.690s] --   Found libswscale, version 5.9.100
[0.711s] -- Found SWSCALE: TRUE  
[0.714s] -- Checking for module 'libavdevice >= 56.4.100'
[0.723s] --   Found libavdevice , version 58.13.100
[0.745s] -- Found AVDEVICE: TRUE (Required is at least version "56.4.100") 
[0.748s] -- Checking for module 'libavformat'
[0.755s] --   Found libavformat, version 58.76.100
[0.776s] -- Found AVFORMAT: TRUE  
[0.779s] -- Checking for module 'libavcodec'
[0.786s] --   Found libavcodec, version 58.134.100
[0.807s] -- Found AVCODEC: TRUE  
[0.810s] -- Checking for module 'libavutil'
[0.818s] --   Found libavutil, version 56.70.100
[0.840s] -- Found AVUTIL: TRUE  
[0.843s] -- Looking for ignition-fuel_tools7 -- found version 7.3.0
[0.843s] -- Searching for dependencies of ignition-fuel_tools7
[0.898s] -- Found CURL: /usr/lib/x86_64-linux-gnu/libcurl.so (found version "7.81.0")  
[0.905s] -- Checking for module 'jsoncpp'
[0.914s] --   Found jsoncpp, version 1.9.5
[0.936s] -- Found JSONCPP: TRUE  
[0.941s] -- Checking for module 'libzip'
[0.950s] --   Found libzip, version 1.7.3
[0.975s] -- Found ZIP: TRUE  
[0.975s] -- Looking for ignition-common4 -- found version 4.7.0
[0.975s] -- Looking for ignition-math6 -- found version 6.15.1
[0.976s] -- Looking for ignition-msgs8 -- found version 8.7.0
[0.979s] -- Looking for ignition-gui6 -- found version 6.8.0
[0.980s] -- Searching for dependencies of ignition-gui6
[1.005s] -- Looking for ignition-math6 -- found version 6.15.1
[1.005s] -- Looking for ignition-common4 -- found version 4.7.0
[1.006s] -- Looking for ignition-plugin1 -- found version 1.4.0
[1.006s] -- Looking for ignition-transport11 -- found version 11.4.1
[1.009s] -- Looking for ignition-rendering6 -- found version 6.6.3
[1.010s] -- Searching for dependencies of ignition-rendering6
[1.010s] -- Looking for ignition-math6 -- found version 6.15.1
[1.010s] -- Searching for dependencies of ignition-math6
[1.010s] -- Searching for <ignition-math6> component [eigen3]
[1.013s] -- Looking for ignition-math6-eigen3 -- found version 6.15.1
[1.014s] -- Searching for dependencies of ignition-math6-eigen3
[1.024s] -- Looking for ignition-common4 -- found version 4.7.0
[1.024s] -- Searching for dependencies of ignition-common4
[1.024s] -- Looking for dlfcn.h - found
[1.024s] -- Looking for libdl - found
[1.032s] -- Searching for <ignition-common4> component [graphics]
[1.035s] -- Looking for ignition-common4-graphics -- found version 4.7.0
[1.035s] -- Searching for dependencies of ignition-common4-graphics
[1.036s] -- Looking for ignition-math6 -- found version 6.15.1
[1.036s] -- Looking for ignition-utils1 -- found version 1.5.1
[1.037s] -- Searching for <ignition-common4> component [events]
[1.038s] -- Looking for ignition-plugin1 -- found version 1.4.0
[1.038s] -- Searching for dependencies of ignition-plugin1
[1.038s] -- Searching for <ignition-plugin1> component [all]
[1.041s] -- Looking for all libraries of ignition-plugin1 -- found version 1.4.0
[1.042s] -- Looking for ignition-plugin1 -- found version 1.4.0
[1.044s] -- Looking for ignition-msgs8 -- found version 8.7.0
[1.077s] -- Looking for ignition-physics5 -- found version 5.3.2
[1.077s] -- Searching for dependencies of ignition-physics5
[1.078s] -- Looking for ignition-math6 -- found version 6.15.1
[1.078s] -- Looking for ignition-plugin1 -- found version 1.4.0
[1.079s] -- Looking for ignition-utils1 -- found version 1.5.1
[1.080s] -- Searching for <ignition-physics5> component [heightmap]
[1.083s] -- Looking for ignition-physics5-heightmap -- found version 5.3.2
[1.083s] -- Searching for dependencies of ignition-physics5-heightmap
[1.083s] -- Looking for ignition-common4 -- found version 4.7.0
[1.084s] -- Searching for <ignition-physics5> component [mesh]
[1.087s] -- Looking for ignition-physics5-mesh -- found version 5.3.2
[1.087s] -- Searching for dependencies of ignition-physics5-mesh
[1.088s] -- Looking for ignition-common4 -- found version 4.7.0
[1.088s] -- Searching for <ignition-physics5> component [sdf]
[1.091s] -- Looking for ignition-physics5-sdf -- found version 5.3.2
[1.091s] -- Searching for dependencies of ignition-physics5-sdf
[1.092s] -- Looking for sdformat12 -- found version 12.7.2
[1.096s] -- Looking for ignition-sensors6 -- found version 6.8.0
[1.096s] -- Searching for dependencies of ignition-sensors6
[1.117s] -- Found Protobuf: /usr/lib/x86_64-linux-gnu/libprotobuf.so (found version "3.12.4") 
[1.117s] -- Looking for ignition-math6 -- found version 6.15.1
[1.118s] -- Looking for ignition-common4 -- found version 4.7.0
[1.118s] -- Looking for ignition-transport11 -- found version 11.4.1
[1.119s] -- Looking for ignition-rendering6 -- found version 6.6.3
[1.119s] -- Looking for ignition-msgs8 -- found version 8.7.0
[1.119s] -- Looking for sdformat12 -- found version 12.7.2
[1.120s] -- Searching for <ignition-sensors6> component [air_pressure]
[1.123s] -- Looking for ignition-sensors6-air_pressure -- found version 6.8.0
[1.124s] -- Searching for dependencies of ignition-sensors6-air_pressure
[1.124s] -- Searching for <ignition-sensors6> component [altimeter]
[1.127s] -- Looking for ignition-sensors6-altimeter -- found version 6.8.0
[1.128s] -- Searching for dependencies of ignition-sensors6-altimeter
[1.129s] -- Searching for <ignition-sensors6> component [imu]
[1.132s] -- Looking for ignition-sensors6-imu -- found version 6.8.0
[1.132s] -- Searching for dependencies of ignition-sensors6-imu
[1.133s] -- Searching for <ignition-sensors6> component [force_torque]
[1.136s] -- Looking for ignition-sensors6-force_torque -- found version 6.8.0
[1.136s] -- Searching for dependencies of ignition-sensors6-force_torque
[1.137s] -- Searching for <ignition-sensors6> component [logical_camera]
[1.140s] -- Looking for ignition-sensors6-logical_camera -- found version 6.8.0
[1.141s] -- Searching for dependencies of ignition-sensors6-logical_camera
[1.141s] -- Searching for <ignition-sensors6> component [magnetometer]
[1.144s] -- Looking for ignition-sensors6-magnetometer -- found version 6.8.0
[1.145s] -- Searching for dependencies of ignition-sensors6-magnetometer
[1.145s] -- Searching for <ignition-sensors6> component [navsat]
[1.149s] -- Looking for ignition-sensors6-navsat -- found version 6.8.0
[1.149s] -- Searching for dependencies of ignition-sensors6-navsat
[1.150s] -- Searching for <ignition-sensors6> component [rendering]
[1.153s] -- Looking for ignition-sensors6-rendering -- found version 6.8.0
[1.153s] -- Searching for dependencies of ignition-sensors6-rendering
[1.154s] -- Searching for <ignition-sensors6> component [lidar]
[1.157s] -- Looking for ignition-sensors6-lidar -- found version 6.8.0
[1.157s] -- Searching for dependencies of ignition-sensors6-lidar
[1.158s] -- Looking for ignition-sensors6 -- found version 6.8.0
[1.158s] -- Searching for <ignition-sensors6> component [gpu_lidar]
[1.161s] -- Looking for ignition-sensors6-gpu_lidar -- found version 6.8.0
[1.162s] -- Searching for dependencies of ignition-sensors6-gpu_lidar
[1.162s] -- Looking for ignition-sensors6 -- found version 6.8.0
[1.163s] -- Searching for <ignition-sensors6> component [camera]
[1.166s] -- Looking for ignition-sensors6-camera -- found version 6.8.0
[1.166s] -- Searching for dependencies of ignition-sensors6-camera
[1.167s] -- Looking for ignition-sensors6 -- found version 6.8.0
[1.167s] -- Searching for <ignition-sensors6> component [boundingbox_camera]
[1.171s] -- Looking for ignition-sensors6-boundingbox_camera -- found version 6.8.0
[1.171s] -- Searching for dependencies of ignition-sensors6-boundingbox_camera
[1.172s] -- Searching for <ignition-sensors6> component [segmentation_camera]
[1.175s] -- Looking for ignition-sensors6-segmentation_camera -- found version 6.8.0
[1.175s] -- Searching for dependencies of ignition-sensors6-segmentation_camera
[1.176s] -- Searching for <ignition-sensors6> component [depth_camera]
[1.179s] -- Looking for ignition-sensors6-depth_camera -- found version 6.8.0
[1.180s] -- Searching for dependencies of ignition-sensors6-depth_camera
[1.180s] -- Looking for ignition-sensors6 -- found version 6.8.0
[1.181s] -- Searching for <ignition-sensors6> component [rgbd_camera]
[1.184s] -- Looking for ignition-sensors6-rgbd_camera -- found version 6.8.0
[1.184s] -- Searching for dependencies of ignition-sensors6-rgbd_camera
[1.185s] -- Looking for ignition-sensors6 -- found version 6.8.0
[1.185s] -- Searching for <ignition-sensors6> component [thermal_camera]
[1.188s] -- Looking for ignition-sensors6-thermal_camera -- found version 6.8.0
[1.189s] -- Searching for dependencies of ignition-sensors6-thermal_camera
[1.189s] -- Looking for ignition-sensors6 -- found version 6.8.0
[1.190s] -- Looking for ignition-rendering6 -- found version 6.6.3
[1.191s] -- Looking for ignition-math6 -- found version 6.15.1
[1.194s] -- Looking for ignition-utils1 -- found version 1.5.1
[1.220s] -- Found ament_lint_auto: 0.12.11 (/opt/ros/humble/share/ament_lint_auto/cmake)
[1.281s] -- Configuring done
[1.295s] -- Generating done
[1.297s] -- Build files have been written to: /workspace/ros2_ws_turtlebot3/build/ros_gz_gazebo
[1.305s] Invoked command in '/workspace/ros2_ws_turtlebot3/build/ros_gz_gazebo' returned '0': CMAKE_PREFIX_PATH=/workspace/ros2_ws_turtlebot3/install/ros_gz_description:/workspace/ros2_ws_turtlebot3/install/slam_nav2_bringup:/workspace/ros2_ws_turtlebot3/install/ros_gz_bringup:/workspace/ros2_ws_turtlebot3/install/ros_gz_gazebo:/workspace/ros2_ws_turtlebot3/install/launch:/opt/ros/humble IGN_GAZEBO_RESOURCE_PATH=/workspace/ros2_ws_turtlebot3/install/ros_gz_description/share/ros_gz_description/models:${IGN_GAZEBO_RESOURCE_PATH} /usr/bin/cmake /workspace/ros2_ws_turtlebot3/src/ros_gz/ros_gz_gazebo -DCMAKE_INSTALL_PREFIX=/workspace/ros2_ws_turtlebot3/install/ros_gz_gazebo
[1.306s] Invoking command in '/workspace/ros2_ws_turtlebot3/build/ros_gz_gazebo': CMAKE_PREFIX_PATH=/workspace/ros2_ws_turtlebot3/install/ros_gz_description:/workspace/ros2_ws_turtlebot3/install/slam_nav2_bringup:/workspace/ros2_ws_turtlebot3/install/ros_gz_bringup:/workspace/ros2_ws_turtlebot3/install/ros_gz_gazebo:/workspace/ros2_ws_turtlebot3/install/launch:/opt/ros/humble IGN_GAZEBO_RESOURCE_PATH=/workspace/ros2_ws_turtlebot3/install/ros_gz_description/share/ros_gz_description/models:${IGN_GAZEBO_RESOURCE_PATH} /usr/bin/cmake --build /workspace/ros2_ws_turtlebot3/build/ros_gz_gazebo -- -j8 -l8
[1.352s] [ 25%] [32mBuilding CXX object CMakeFiles/BasicSystem.dir/src/BasicSystem.cc.o[0m
[1.352s] [ 50%] [32mBuilding CXX object CMakeFiles/FullSystem.dir/src/FullSystem.cc.o[0m
[5.003s] [ 75%] [32m[1mLinking CXX shared library libBasicSystem.so[0m
[5.100s] [100%] [32m[1mLinking CXX shared library libFullSystem.so[0m
[5.217s] [100%] Built target BasicSystem
[5.319s] [100%] Built target FullSystem
[5.328s] Invoked command in '/workspace/ros2_ws_turtlebot3/build/ros_gz_gazebo' returned '0': CMAKE_PREFIX_PATH=/workspace/ros2_ws_turtlebot3/install/ros_gz_description:/workspace/ros2_ws_turtlebot3/install/slam_nav2_bringup:/workspace/ros2_ws_turtlebot3/install/ros_gz_bringup:/workspace/ros2_ws_turtlebot3/install/ros_gz_gazebo:/workspace/ros2_ws_turtlebot3/install/launch:/opt/ros/humble IGN_GAZEBO_RESOURCE_PATH=/workspace/ros2_ws_turtlebot3/install/ros_gz_description/share/ros_gz_description/models:${IGN_GAZEBO_RESOURCE_PATH} /usr/bin/cmake --build /workspace/ros2_ws_turtlebot3/build/ros_gz_gazebo -- -j8 -l8
[5.355s] Invoking command in '/workspace/ros2_ws_turtlebot3/build/ros_gz_gazebo': CMAKE_PREFIX_PATH=/workspace/ros2_ws_turtlebot3/install/ros_gz_description:/workspace/ros2_ws_turtlebot3/install/slam_nav2_bringup:/workspace/ros2_ws_turtlebot3/install/ros_gz_bringup:/workspace/ros2_ws_turtlebot3/install/ros_gz_gazebo:/workspace/ros2_ws_turtlebot3/install/launch:/opt/ros/humble IGN_GAZEBO_RESOURCE_PATH=/workspace/ros2_ws_turtlebot3/install/ros_gz_description/share/ros_gz_description/models:${IGN_GAZEBO_RESOURCE_PATH} /usr/bin/cmake --install /workspace/ros2_ws_turtlebot3/build/ros_gz_gazebo
[5.362s] -- Install configuration: ""
[5.362s] -- Installing: /workspace/ros2_ws_turtlebot3/install/ros_gz_gazebo/lib/ros_gz_gazebo/libBasicSystem.so
[5.363s] -- Installing: /workspace/ros2_ws_turtlebot3/install/ros_gz_gazebo/lib/ros_gz_gazebo/libFullSystem.so
[5.364s] -- Installing: /workspace/ros2_ws_turtlebot3/install/ros_gz_gazebo/share/ros_gz_gazebo/worlds
[5.364s] -- Installing: /workspace/ros2_ws_turtlebot3/install/ros_gz_gazebo/share/ros_gz_gazebo/worlds/turtlebot3_world.sdf
[5.364s] -- Installing: /workspace/ros2_ws_turtlebot3/install/ros_gz_gazebo/share/ros_gz_gazebo/worlds/meshes
[5.364s] -- Installing: /workspace/ros2_ws_turtlebot3/install/ros_gz_gazebo/share/ros_gz_gazebo/worlds/meshes/hexagon.dae
[5.365s] -- Installing: /workspace/ros2_ws_turtlebot3/install/ros_gz_gazebo/share/ros_gz_gazebo/worlds/meshes/wall.dae
[5.365s] -- Installing: /workspace/ros2_ws_turtlebot3/install/ros_gz_gazebo/share/ros_gz_gazebo/environment/ros_gz_gazebo.dsv
[5.365s] -- Installing: /workspace/ros2_ws_turtlebot3/install/ros_gz_gazebo/share/ros_gz_gazebo/environment/ros_gz_gazebo.sh
[5.365s] -- Installing: /workspace/ros2_ws_turtlebot3/install/ros_gz_gazebo/share/ament_index/resource_index/package_run_dependencies/ros_gz_gazebo
[5.365s] -- Installing: /workspace/ros2_ws_turtlebot3/install/ros_gz_gazebo/share/ament_index/resource_index/parent_prefix_path/ros_gz_gazebo
[5.365s] -- Installing: /workspace/ros2_ws_turtlebot3/install/ros_gz_gazebo/share/ros_gz_gazebo/environment/ament_prefix_path.sh
[5.366s] -- Installing: /workspace/ros2_ws_turtlebot3/install/ros_gz_gazebo/share/ros_gz_gazebo/environment/ament_prefix_path.dsv
[5.366s] -- Installing: /workspace/ros2_ws_turtlebot3/install/ros_gz_gazebo/share/ros_gz_gazebo/environment/path.sh
[5.366s] -- Installing: /workspace/ros2_ws_turtlebot3/install/ros_gz_gazebo/share/ros_gz_gazebo/environment/path.dsv
[5.366s] -- Installing: /workspace/ros2_ws_turtlebot3/install/ros_gz_gazebo/share/ros_gz_gazebo/local_setup.bash
[5.366s] -- Installing: /workspace/ros2_ws_turtlebot3/install/ros_gz_gazebo/share/ros_gz_gazebo/local_setup.sh
[5.366s] -- Installing: /workspace/ros2_ws_turtlebot3/install/ros_gz_gazebo/share/ros_gz_gazebo/local_setup.zsh
[5.366s] -- Installing: /workspace/ros2_ws_turtlebot3/install/ros_gz_gazebo/share/ros_gz_gazebo/local_setup.dsv
[5.366s] -- Installing: /workspace/ros2_ws_turtlebot3/install/ros_gz_gazebo/share/ros_gz_gazebo/package.dsv
[5.366s] -- Installing: /workspace/ros2_ws_turtlebot3/install/ros_gz_gazebo/share/ament_index/resource_index/packages/ros_gz_gazebo
[5.367s] -- Installing: /workspace/ros2_ws_turtlebot3/install/ros_gz_gazebo/share/ros_gz_gazebo/cmake/ros_gz_gazeboConfig.cmake
[5.367s] -- Installing: /workspace/ros2_ws_turtlebot3/install/ros_gz_gazebo/share/ros_gz_gazebo/cmake/ros_gz_gazeboConfig-version.cmake
[5.367s] -- Installing: /workspace/ros2_ws_turtlebot3/install/ros_gz_gazebo/share/ros_gz_gazebo/package.xml
[5.369s] Invoked command in '/workspace/ros2_ws_turtlebot3/build/ros_gz_gazebo' returned '0': CMAKE_PREFIX_PATH=/workspace/ros2_ws_turtlebot3/install/ros_gz_description:/workspace/ros2_ws_turtlebot3/install/slam_nav2_bringup:/workspace/ros2_ws_turtlebot3/install/ros_gz_bringup:/workspace/ros2_ws_turtlebot3/install/ros_gz_gazebo:/workspace/ros2_ws_turtlebot3/install/launch:/opt/ros/humble IGN_GAZEBO_RESOURCE_PATH=/workspace/ros2_ws_turtlebot3/install/ros_gz_description/share/ros_gz_description/models:${IGN_GAZEBO_RESOURCE_PATH} /usr/bin/cmake --install /workspace/ros2_ws_turtlebot3/build/ros_gz_gazebo
