[0.075s] DEBUG:colcon:Command line arguments: ['/usr/bin/colcon', 'build']
[0.075s] DEBUG:colcon:Parsed command line arguments: Namespace(log_base=None, log_level=None, verb_name='build', build_base='build', install_base='install', merge_install=False, symlink_install=False, test_result_base=None, continue_on_error=False, executor='parallel', parallel_workers=8, event_handlers=None, ignore_user_meta=False, metas=['./colcon.meta'], base_paths=['.'], packages_ignore=None, packages_ignore_regex=None, paths=None, packages_up_to=None, packages_up_to_regex=None, packages_above=None, packages_above_and_dependencies=None, packages_above_depth=None, packages_select_by_dep=None, packages_skip_by_dep=None, packages_skip_up_to=None, packages_select_build_failed=False, packages_skip_build_finished=False, packages_select_test_failures=False, packages_skip_test_passed=False, packages_select=None, packages_skip=None, packages_select_regex=None, packages_skip_regex=None, packages_start=None, packages_end=None, cmake_args=None, cmake_target=None, cmake_target_skip_unavailable=False, cmake_clean_cache=False, cmake_clean_first=False, cmake_force_configure=False, ament_cmake_args=None, catkin_cmake_args=None, catkin_skip_building_tests=False, mixin_files=None, mixin=None, verb_parser=<colcon_mixin.mixin.mixin_argument.MixinArgumentDecorator object at 0x7da174534a00>, verb_extension=<colcon_core.verb.build.BuildVerb object at 0x7da174681090>, main=<bound method BuildVerb.main of <colcon_core.verb.build.BuildVerb object at 0x7da174681090>>, mixin_verb=('build',))
[0.165s] Level 1:colcon.colcon_core.package_discovery:discover_packages(colcon_meta) check parameters
[0.166s] INFO:colcon.colcon_metadata.package_discovery.colcon_meta:Using configuration from '/root/.colcon/metadata/default/Gazebo.meta'
[0.166s] INFO:colcon.colcon_metadata.package_discovery.colcon_meta:Using configuration from '/root/.colcon/metadata/default/fastrtps.meta'
[0.166s] Level 1:colcon.colcon_core.package_discovery:discover_packages(recursive) check parameters
[0.166s] Level 1:colcon.colcon_core.package_discovery:discover_packages(ignore) check parameters
[0.166s] Level 1:colcon.colcon_core.package_discovery:discover_packages(path) check parameters
[0.166s] Level 1:colcon.colcon_core.package_discovery:discover_packages(colcon_meta) discover
[0.166s] Level 1:colcon.colcon_core.package_discovery:discover_packages(recursive) discover
[0.166s] INFO:colcon.colcon_core.package_discovery:Crawling recursively for packages in '/ros2_ws'
[0.166s] Level 1:colcon.colcon_core.package_identification:_identify(.) by extensions ['ignore', 'ignore_ament_install']
[0.166s] Level 1:colcon.colcon_core.package_identification:_identify(.) by extension 'ignore'
[0.166s] Level 1:colcon.colcon_core.package_identification:_identify(.) by extension 'ignore_ament_install'
[0.166s] Level 1:colcon.colcon_core.package_identification:_identify(.) by extensions ['colcon_pkg']
[0.166s] Level 1:colcon.colcon_core.package_identification:_identify(.) by extension 'colcon_pkg'
[0.166s] Level 1:colcon.colcon_core.package_identification:_identify(.) by extensions ['colcon_meta']
[0.166s] Level 1:colcon.colcon_core.package_identification:_identify(.) by extension 'colcon_meta'
[0.166s] Level 1:colcon.colcon_core.package_identification:_identify(.) by extensions ['ros']
[0.166s] Level 1:colcon.colcon_core.package_identification:_identify(.) by extension 'ros'
[0.174s] Level 1:colcon.colcon_core.package_identification:_identify(.) by extensions ['cmake', 'python']
[0.174s] Level 1:colcon.colcon_core.package_identification:_identify(.) by extension 'cmake'
[0.174s] Level 1:colcon.colcon_core.package_identification:_identify(.) by extension 'python'
[0.174s] Level 1:colcon.colcon_core.package_identification:_identify(.) by extensions ['python_setup_py']
[0.174s] Level 1:colcon.colcon_core.package_identification:_identify(.) by extension 'python_setup_py'
[0.174s] Level 1:colcon.colcon_core.package_identification:_identify(build) by extensions ['ignore', 'ignore_ament_install']
[0.174s] Level 1:colcon.colcon_core.package_identification:_identify(build) by extension 'ignore'
[0.174s] Level 1:colcon.colcon_core.package_identification:_identify(build) ignored
[0.174s] Level 1:colcon.colcon_core.package_identification:_identify(install) by extensions ['ignore', 'ignore_ament_install']
[0.174s] Level 1:colcon.colcon_core.package_identification:_identify(install) by extension 'ignore'
[0.174s] Level 1:colcon.colcon_core.package_identification:_identify(install) ignored
[0.174s] Level 1:colcon.colcon_core.package_identification:_identify(log) by extensions ['ignore', 'ignore_ament_install']
[0.174s] Level 1:colcon.colcon_core.package_identification:_identify(log) by extension 'ignore'
[0.174s] Level 1:colcon.colcon_core.package_identification:_identify(log) ignored
[0.174s] Level 1:colcon.colcon_core.package_identification:_identify(src) by extensions ['ignore', 'ignore_ament_install']
[0.174s] Level 1:colcon.colcon_core.package_identification:_identify(src) by extension 'ignore'
[0.175s] Level 1:colcon.colcon_core.package_identification:_identify(src) by extension 'ignore_ament_install'
[0.175s] Level 1:colcon.colcon_core.package_identification:_identify(src) by extensions ['colcon_pkg']
[0.175s] Level 1:colcon.colcon_core.package_identification:_identify(src) by extension 'colcon_pkg'
[0.175s] Level 1:colcon.colcon_core.package_identification:_identify(src) by extensions ['colcon_meta']
[0.175s] Level 1:colcon.colcon_core.package_identification:_identify(src) by extension 'colcon_meta'
[0.175s] Level 1:colcon.colcon_core.package_identification:_identify(src) by extensions ['ros']
[0.175s] Level 1:colcon.colcon_core.package_identification:_identify(src) by extension 'ros'
[0.175s] Level 1:colcon.colcon_core.package_identification:_identify(src) by extensions ['cmake', 'python']
[0.175s] Level 1:colcon.colcon_core.package_identification:_identify(src) by extension 'cmake'
[0.175s] Level 1:colcon.colcon_core.package_identification:_identify(src) by extension 'python'
[0.175s] Level 1:colcon.colcon_core.package_identification:_identify(src) by extensions ['python_setup_py']
[0.175s] Level 1:colcon.colcon_core.package_identification:_identify(src) by extension 'python_setup_py'
[0.175s] Level 1:colcon.colcon_core.package_identification:_identify(src/launch) by extensions ['ignore', 'ignore_ament_install']
[0.175s] Level 1:colcon.colcon_core.package_identification:_identify(src/launch) by extension 'ignore'
[0.175s] Level 1:colcon.colcon_core.package_identification:_identify(src/launch) by extension 'ignore_ament_install'
[0.175s] Level 1:colcon.colcon_core.package_identification:_identify(src/launch) by extensions ['colcon_pkg']
[0.175s] Level 1:colcon.colcon_core.package_identification:_identify(src/launch) by extension 'colcon_pkg'
[0.175s] Level 1:colcon.colcon_core.package_identification:_identify(src/launch) by extensions ['colcon_meta']
[0.175s] Level 1:colcon.colcon_core.package_identification:_identify(src/launch) by extension 'colcon_meta'
[0.175s] Level 1:colcon.colcon_core.package_identification:_identify(src/launch) by extensions ['ros']
[0.175s] Level 1:colcon.colcon_core.package_identification:_identify(src/launch) by extension 'ros'
[0.176s] DEBUG:colcon.colcon_core.package_identification:Package 'src/launch' with type 'ros.ament_cmake' and name 'launch'
[0.177s] Level 1:colcon.colcon_core.package_identification:_identify(src/ros_gz) by extensions ['ignore', 'ignore_ament_install']
[0.177s] Level 1:colcon.colcon_core.package_identification:_identify(src/ros_gz) by extension 'ignore'
[0.177s] Level 1:colcon.colcon_core.package_identification:_identify(src/ros_gz) by extension 'ignore_ament_install'
[0.177s] Level 1:colcon.colcon_core.package_identification:_identify(src/ros_gz) by extensions ['colcon_pkg']
[0.177s] Level 1:colcon.colcon_core.package_identification:_identify(src/ros_gz) by extension 'colcon_pkg'
[0.177s] Level 1:colcon.colcon_core.package_identification:_identify(src/ros_gz) by extensions ['colcon_meta']
[0.177s] Level 1:colcon.colcon_core.package_identification:_identify(src/ros_gz) by extension 'colcon_meta'
[0.177s] Level 1:colcon.colcon_core.package_identification:_identify(src/ros_gz) by extensions ['ros']
[0.177s] Level 1:colcon.colcon_core.package_identification:_identify(src/ros_gz) by extension 'ros'
[0.177s] Level 1:colcon.colcon_core.package_identification:_identify(src/ros_gz) by extensions ['cmake', 'python']
[0.177s] Level 1:colcon.colcon_core.package_identification:_identify(src/ros_gz) by extension 'cmake'
[0.177s] Level 1:colcon.colcon_core.package_identification:_identify(src/ros_gz) by extension 'python'
[0.177s] Level 1:colcon.colcon_core.package_identification:_identify(src/ros_gz) by extensions ['python_setup_py']
[0.177s] Level 1:colcon.colcon_core.package_identification:_identify(src/ros_gz) by extension 'python_setup_py'
[0.177s] Level 1:colcon.colcon_core.package_identification:_identify(src/ros_gz/ros_gz_bringup) by extensions ['ignore', 'ignore_ament_install']
[0.177s] Level 1:colcon.colcon_core.package_identification:_identify(src/ros_gz/ros_gz_bringup) by extension 'ignore'
[0.177s] Level 1:colcon.colcon_core.package_identification:_identify(src/ros_gz/ros_gz_bringup) by extension 'ignore_ament_install'
[0.177s] Level 1:colcon.colcon_core.package_identification:_identify(src/ros_gz/ros_gz_bringup) by extensions ['colcon_pkg']
[0.177s] Level 1:colcon.colcon_core.package_identification:_identify(src/ros_gz/ros_gz_bringup) by extension 'colcon_pkg'
[0.177s] Level 1:colcon.colcon_core.package_identification:_identify(src/ros_gz/ros_gz_bringup) by extensions ['colcon_meta']
[0.177s] Level 1:colcon.colcon_core.package_identification:_identify(src/ros_gz/ros_gz_bringup) by extension 'colcon_meta'
[0.177s] Level 1:colcon.colcon_core.package_identification:_identify(src/ros_gz/ros_gz_bringup) by extensions ['ros']
[0.177s] Level 1:colcon.colcon_core.package_identification:_identify(src/ros_gz/ros_gz_bringup) by extension 'ros'
[0.178s] DEBUG:colcon.colcon_core.package_identification:Package 'src/ros_gz/ros_gz_bringup' with type 'ros.ament_cmake' and name 'ros_gz_bringup'
[0.178s] Level 1:colcon.colcon_core.package_identification:_identify(src/ros_gz/ros_gz_description) by extensions ['ignore', 'ignore_ament_install']
[0.178s] Level 1:colcon.colcon_core.package_identification:_identify(src/ros_gz/ros_gz_description) by extension 'ignore'
[0.178s] Level 1:colcon.colcon_core.package_identification:_identify(src/ros_gz/ros_gz_description) by extension 'ignore_ament_install'
[0.178s] Level 1:colcon.colcon_core.package_identification:_identify(src/ros_gz/ros_gz_description) by extensions ['colcon_pkg']
[0.178s] Level 1:colcon.colcon_core.package_identification:_identify(src/ros_gz/ros_gz_description) by extension 'colcon_pkg'
[0.178s] Level 1:colcon.colcon_core.package_identification:_identify(src/ros_gz/ros_gz_description) by extensions ['colcon_meta']
[0.178s] Level 1:colcon.colcon_core.package_identification:_identify(src/ros_gz/ros_gz_description) by extension 'colcon_meta'
[0.178s] Level 1:colcon.colcon_core.package_identification:_identify(src/ros_gz/ros_gz_description) by extensions ['ros']
[0.178s] Level 1:colcon.colcon_core.package_identification:_identify(src/ros_gz/ros_gz_description) by extension 'ros'
[0.178s] DEBUG:colcon.colcon_core.package_identification:Package 'src/ros_gz/ros_gz_description' with type 'ros.ament_cmake' and name 'ros_gz_description'
[0.178s] Level 1:colcon.colcon_core.package_identification:_identify(src/ros_gz/ros_gz_gazebo) by extensions ['ignore', 'ignore_ament_install']
[0.178s] Level 1:colcon.colcon_core.package_identification:_identify(src/ros_gz/ros_gz_gazebo) by extension 'ignore'
[0.178s] Level 1:colcon.colcon_core.package_identification:_identify(src/ros_gz/ros_gz_gazebo) by extension 'ignore_ament_install'
[0.178s] Level 1:colcon.colcon_core.package_identification:_identify(src/ros_gz/ros_gz_gazebo) by extensions ['colcon_pkg']
[0.178s] Level 1:colcon.colcon_core.package_identification:_identify(src/ros_gz/ros_gz_gazebo) by extension 'colcon_pkg'
[0.178s] Level 1:colcon.colcon_core.package_identification:_identify(src/ros_gz/ros_gz_gazebo) by extensions ['colcon_meta']
[0.179s] Level 1:colcon.colcon_core.package_identification:_identify(src/ros_gz/ros_gz_gazebo) by extension 'colcon_meta'
[0.179s] Level 1:colcon.colcon_core.package_identification:_identify(src/ros_gz/ros_gz_gazebo) by extensions ['ros']
[0.179s] Level 1:colcon.colcon_core.package_identification:_identify(src/ros_gz/ros_gz_gazebo) by extension 'ros'
[0.179s] DEBUG:colcon.colcon_core.package_identification:Package 'src/ros_gz/ros_gz_gazebo' with type 'ros.ament_cmake' and name 'ros_gz_gazebo'
[0.179s] Level 1:colcon.colcon_core.package_identification:_identify(src/turtlebot3) by extensions ['ignore', 'ignore_ament_install']
[0.179s] Level 1:colcon.colcon_core.package_identification:_identify(src/turtlebot3) by extension 'ignore'
[0.179s] Level 1:colcon.colcon_core.package_identification:_identify(src/turtlebot3) by extension 'ignore_ament_install'
[0.179s] Level 1:colcon.colcon_core.package_identification:_identify(src/turtlebot3) by extensions ['colcon_pkg']
[0.179s] Level 1:colcon.colcon_core.package_identification:_identify(src/turtlebot3) by extension 'colcon_pkg'
[0.179s] Level 1:colcon.colcon_core.package_identification:_identify(src/turtlebot3) by extensions ['colcon_meta']
[0.179s] Level 1:colcon.colcon_core.package_identification:_identify(src/turtlebot3) by extension 'colcon_meta'
[0.179s] Level 1:colcon.colcon_core.package_identification:_identify(src/turtlebot3) by extensions ['ros']
[0.179s] Level 1:colcon.colcon_core.package_identification:_identify(src/turtlebot3) by extension 'ros'
[0.179s] DEBUG:colcon.colcon_core.package_identification:Package 'src/turtlebot3' with type 'ros.ament_cmake' and name 'turtlebot3'
[0.179s] Level 1:colcon.colcon_core.package_discovery:discover_packages(recursive) using defaults
[0.179s] Level 1:colcon.colcon_core.package_discovery:discover_packages(ignore) discover
[0.179s] Level 1:colcon.colcon_core.package_discovery:discover_packages(ignore) using defaults
[0.180s] Level 1:colcon.colcon_core.package_discovery:discover_packages(path) discover
[0.180s] Level 1:colcon.colcon_core.package_discovery:discover_packages(path) using defaults
[0.192s] Level 5:colcon.colcon_core.verb:set package 'launch' build argument 'cmake_args' from command line to 'None'
[0.192s] Level 5:colcon.colcon_core.verb:set package 'launch' build argument 'cmake_target' from command line to 'None'
[0.192s] Level 5:colcon.colcon_core.verb:set package 'launch' build argument 'cmake_target_skip_unavailable' from command line to 'False'
[0.192s] Level 5:colcon.colcon_core.verb:set package 'launch' build argument 'cmake_clean_cache' from command line to 'False'
[0.192s] Level 5:colcon.colcon_core.verb:set package 'launch' build argument 'cmake_clean_first' from command line to 'False'
[0.192s] Level 5:colcon.colcon_core.verb:set package 'launch' build argument 'cmake_force_configure' from command line to 'False'
[0.192s] Level 5:colcon.colcon_core.verb:set package 'launch' build argument 'ament_cmake_args' from command line to 'None'
[0.192s] Level 5:colcon.colcon_core.verb:set package 'launch' build argument 'catkin_cmake_args' from command line to 'None'
[0.192s] Level 5:colcon.colcon_core.verb:set package 'launch' build argument 'catkin_skip_building_tests' from command line to 'False'
[0.192s] DEBUG:colcon.colcon_core.verb:Building package 'launch' with the following arguments: {'ament_cmake_args': None, 'build_base': '/ros2_ws/build/launch', 'catkin_cmake_args': None, 'catkin_skip_building_tests': False, 'cmake_args': None, 'cmake_clean_cache': False, 'cmake_clean_first': False, 'cmake_force_configure': False, 'cmake_target': None, 'cmake_target_skip_unavailable': False, 'install_base': '/ros2_ws/install/launch', 'merge_install': False, 'path': '/ros2_ws/src/launch', 'symlink_install': False, 'test_result_base': None}
[0.193s] Level 5:colcon.colcon_core.verb:set package 'ros_gz_description' build argument 'cmake_args' from command line to 'None'
[0.193s] Level 5:colcon.colcon_core.verb:set package 'ros_gz_description' build argument 'cmake_target' from command line to 'None'
[0.193s] Level 5:colcon.colcon_core.verb:set package 'ros_gz_description' build argument 'cmake_target_skip_unavailable' from command line to 'False'
[0.193s] Level 5:colcon.colcon_core.verb:set package 'ros_gz_description' build argument 'cmake_clean_cache' from command line to 'False'
[0.193s] Level 5:colcon.colcon_core.verb:set package 'ros_gz_description' build argument 'cmake_clean_first' from command line to 'False'
[0.193s] Level 5:colcon.colcon_core.verb:set package 'ros_gz_description' build argument 'cmake_force_configure' from command line to 'False'
[0.193s] Level 5:colcon.colcon_core.verb:set package 'ros_gz_description' build argument 'ament_cmake_args' from command line to 'None'
[0.193s] Level 5:colcon.colcon_core.verb:set package 'ros_gz_description' build argument 'catkin_cmake_args' from command line to 'None'
[0.193s] Level 5:colcon.colcon_core.verb:set package 'ros_gz_description' build argument 'catkin_skip_building_tests' from command line to 'False'
[0.193s] DEBUG:colcon.colcon_core.verb:Building package 'ros_gz_description' with the following arguments: {'ament_cmake_args': None, 'build_base': '/ros2_ws/build/ros_gz_description', 'catkin_cmake_args': None, 'catkin_skip_building_tests': False, 'cmake_args': None, 'cmake_clean_cache': False, 'cmake_clean_first': False, 'cmake_force_configure': False, 'cmake_target': None, 'cmake_target_skip_unavailable': False, 'install_base': '/ros2_ws/install/ros_gz_description', 'merge_install': False, 'path': '/ros2_ws/src/ros_gz/ros_gz_description', 'symlink_install': False, 'test_result_base': None}
[0.193s] Level 5:colcon.colcon_core.verb:set package 'turtlebot3' build argument 'cmake_args' from command line to 'None'
[0.193s] Level 5:colcon.colcon_core.verb:set package 'turtlebot3' build argument 'cmake_target' from command line to 'None'
[0.193s] Level 5:colcon.colcon_core.verb:set package 'turtlebot3' build argument 'cmake_target_skip_unavailable' from command line to 'False'
[0.193s] Level 5:colcon.colcon_core.verb:set package 'turtlebot3' build argument 'cmake_clean_cache' from command line to 'False'
[0.193s] Level 5:colcon.colcon_core.verb:set package 'turtlebot3' build argument 'cmake_clean_first' from command line to 'False'
[0.193s] Level 5:colcon.colcon_core.verb:set package 'turtlebot3' build argument 'cmake_force_configure' from command line to 'False'
[0.193s] Level 5:colcon.colcon_core.verb:set package 'turtlebot3' build argument 'ament_cmake_args' from command line to 'None'
[0.193s] Level 5:colcon.colcon_core.verb:set package 'turtlebot3' build argument 'catkin_cmake_args' from command line to 'None'
[0.193s] Level 5:colcon.colcon_core.verb:set package 'turtlebot3' build argument 'catkin_skip_building_tests' from command line to 'False'
[0.193s] DEBUG:colcon.colcon_core.verb:Building package 'turtlebot3' with the following arguments: {'ament_cmake_args': None, 'build_base': '/ros2_ws/build/turtlebot3', 'catkin_cmake_args': None, 'catkin_skip_building_tests': False, 'cmake_args': None, 'cmake_clean_cache': False, 'cmake_clean_first': False, 'cmake_force_configure': False, 'cmake_target': None, 'cmake_target_skip_unavailable': False, 'install_base': '/ros2_ws/install/turtlebot3', 'merge_install': False, 'path': '/ros2_ws/src/turtlebot3', 'symlink_install': False, 'test_result_base': None}
[0.193s] Level 5:colcon.colcon_core.verb:set package 'ros_gz_gazebo' build argument 'cmake_args' from command line to 'None'
[0.193s] Level 5:colcon.colcon_core.verb:set package 'ros_gz_gazebo' build argument 'cmake_target' from command line to 'None'
[0.193s] Level 5:colcon.colcon_core.verb:set package 'ros_gz_gazebo' build argument 'cmake_target_skip_unavailable' from command line to 'False'
[0.193s] Level 5:colcon.colcon_core.verb:set package 'ros_gz_gazebo' build argument 'cmake_clean_cache' from command line to 'False'
[0.193s] Level 5:colcon.colcon_core.verb:set package 'ros_gz_gazebo' build argument 'cmake_clean_first' from command line to 'False'
[0.193s] Level 5:colcon.colcon_core.verb:set package 'ros_gz_gazebo' build argument 'cmake_force_configure' from command line to 'False'
[0.193s] Level 5:colcon.colcon_core.verb:set package 'ros_gz_gazebo' build argument 'ament_cmake_args' from command line to 'None'
[0.193s] Level 5:colcon.colcon_core.verb:set package 'ros_gz_gazebo' build argument 'catkin_cmake_args' from command line to 'None'
[0.193s] Level 5:colcon.colcon_core.verb:set package 'ros_gz_gazebo' build argument 'catkin_skip_building_tests' from command line to 'False'
[0.193s] DEBUG:colcon.colcon_core.verb:Building package 'ros_gz_gazebo' with the following arguments: {'ament_cmake_args': None, 'build_base': '/ros2_ws/build/ros_gz_gazebo', 'catkin_cmake_args': None, 'catkin_skip_building_tests': False, 'cmake_args': None, 'cmake_clean_cache': False, 'cmake_clean_first': False, 'cmake_force_configure': False, 'cmake_target': None, 'cmake_target_skip_unavailable': False, 'install_base': '/ros2_ws/install/ros_gz_gazebo', 'merge_install': False, 'path': '/ros2_ws/src/ros_gz/ros_gz_gazebo', 'symlink_install': False, 'test_result_base': None}
[0.194s] Level 5:colcon.colcon_core.verb:set package 'ros_gz_bringup' build argument 'cmake_args' from command line to 'None'
[0.194s] Level 5:colcon.colcon_core.verb:set package 'ros_gz_bringup' build argument 'cmake_target' from command line to 'None'
[0.194s] Level 5:colcon.colcon_core.verb:set package 'ros_gz_bringup' build argument 'cmake_target_skip_unavailable' from command line to 'False'
[0.194s] Level 5:colcon.colcon_core.verb:set package 'ros_gz_bringup' build argument 'cmake_clean_cache' from command line to 'False'
[0.194s] Level 5:colcon.colcon_core.verb:set package 'ros_gz_bringup' build argument 'cmake_clean_first' from command line to 'False'
[0.194s] Level 5:colcon.colcon_core.verb:set package 'ros_gz_bringup' build argument 'cmake_force_configure' from command line to 'False'
[0.194s] Level 5:colcon.colcon_core.verb:set package 'ros_gz_bringup' build argument 'ament_cmake_args' from command line to 'None'
[0.194s] Level 5:colcon.colcon_core.verb:set package 'ros_gz_bringup' build argument 'catkin_cmake_args' from command line to 'None'
[0.194s] Level 5:colcon.colcon_core.verb:set package 'ros_gz_bringup' build argument 'catkin_skip_building_tests' from command line to 'False'
[0.194s] DEBUG:colcon.colcon_core.verb:Building package 'ros_gz_bringup' with the following arguments: {'ament_cmake_args': None, 'build_base': '/ros2_ws/build/ros_gz_bringup', 'catkin_cmake_args': None, 'catkin_skip_building_tests': False, 'cmake_args': None, 'cmake_clean_cache': False, 'cmake_clean_first': False, 'cmake_force_configure': False, 'cmake_target': None, 'cmake_target_skip_unavailable': False, 'install_base': '/ros2_ws/install/ros_gz_bringup', 'merge_install': False, 'path': '/ros2_ws/src/ros_gz/ros_gz_bringup', 'symlink_install': False, 'test_result_base': None}
[0.194s] INFO:colcon.colcon_core.executor:Executing jobs using 'parallel' executor
[0.195s] DEBUG:colcon.colcon_parallel_executor.executor.parallel:run_until_complete
[0.195s] INFO:colcon.colcon_ros.task.ament_cmake.build:Building ROS package in '/ros2_ws/src/ros_gz/ros_gz_description' with build type 'ament_cmake'
[0.195s] INFO:colcon.colcon_cmake.task.cmake.build:Building CMake package in '/ros2_ws/src/ros_gz/ros_gz_description'
[0.196s] INFO:colcon.colcon_core.plugin_system:Skipping extension 'colcon_core.shell.bat': Not used on non-Windows systems
[0.196s] INFO:colcon.colcon_core.shell:Skip shell extension 'powershell' for command environment: Not usable outside of PowerShell
[0.196s] DEBUG:colcon.colcon_core.shell:Skip shell extension 'dsv' for command environment
[0.200s] INFO:colcon.colcon_ros.task.ament_cmake.build:Building ROS package in '/ros2_ws/src/launch' with build type 'ament_cmake'
[0.200s] INFO:colcon.colcon_cmake.task.cmake.build:Building CMake package in '/ros2_ws/src/launch'
[0.200s] INFO:colcon.colcon_core.shell:Skip shell extension 'powershell' for command environment: Not usable outside of PowerShell
[0.200s] DEBUG:colcon.colcon_core.shell:Skip shell extension 'dsv' for command environment
[0.203s] INFO:colcon.colcon_ros.task.ament_cmake.build:Building ROS package in '/ros2_ws/src/turtlebot3' with build type 'ament_cmake'
[0.203s] INFO:colcon.colcon_cmake.task.cmake.build:Building CMake package in '/ros2_ws/src/turtlebot3'
[0.203s] INFO:colcon.colcon_core.shell:Skip shell extension 'powershell' for command environment: Not usable outside of PowerShell
[0.203s] DEBUG:colcon.colcon_core.shell:Skip shell extension 'dsv' for command environment
[0.208s] DEBUG:colcon.colcon_core.event_handler.log_command:Invoking command in '/ros2_ws/build/ros_gz_description': CMAKE_PREFIX_PATH=/opt/ros/humble /usr/bin/cmake /ros2_ws/src/ros_gz/ros_gz_description -DCMAKE_INSTALL_PREFIX=/ros2_ws/install/ros_gz_description
[0.210s] DEBUG:colcon.colcon_core.event_handler.log_command:Invoking command in '/ros2_ws/build/launch': CMAKE_PREFIX_PATH=/opt/ros/humble /usr/bin/cmake /ros2_ws/src/launch -DCMAKE_INSTALL_PREFIX=/ros2_ws/install/launch
[0.212s] DEBUG:colcon.colcon_core.event_handler.log_command:Invoking command in '/ros2_ws/build/turtlebot3': CMAKE_PREFIX_PATH=/opt/ros/humble /usr/bin/cmake /ros2_ws/src/turtlebot3 -DCMAKE_INSTALL_PREFIX=/ros2_ws/install/turtlebot3
[0.672s] DEBUG:colcon.colcon_core.event_handler.log_command:Invoked command in '/ros2_ws/build/launch' returned '0': CMAKE_PREFIX_PATH=/opt/ros/humble /usr/bin/cmake /ros2_ws/src/launch -DCMAKE_INSTALL_PREFIX=/ros2_ws/install/launch
[0.673s] DEBUG:colcon.colcon_core.event_handler.log_command:Invoking command in '/ros2_ws/build/launch': CMAKE_PREFIX_PATH=/opt/ros/humble /usr/bin/cmake --build /ros2_ws/build/launch -- -j8 -l8
[0.675s] DEBUG:colcon.colcon_core.event_handler.log_command:Invoked command in '/ros2_ws/build/ros_gz_description' returned '0': CMAKE_PREFIX_PATH=/opt/ros/humble /usr/bin/cmake /ros2_ws/src/ros_gz/ros_gz_description -DCMAKE_INSTALL_PREFIX=/ros2_ws/install/ros_gz_description
[0.676s] DEBUG:colcon.colcon_core.event_handler.log_command:Invoking command in '/ros2_ws/build/ros_gz_description': CMAKE_PREFIX_PATH=/opt/ros/humble /usr/bin/cmake --build /ros2_ws/build/ros_gz_description -- -j8 -l8
[0.696s] DEBUG:colcon.colcon_core.event_handler.log_command:Invoked command in '/ros2_ws/build/turtlebot3' returned '0': CMAKE_PREFIX_PATH=/opt/ros/humble /usr/bin/cmake /ros2_ws/src/turtlebot3 -DCMAKE_INSTALL_PREFIX=/ros2_ws/install/turtlebot3
[0.697s] DEBUG:colcon.colcon_core.event_handler.log_command:Invoking command in '/ros2_ws/build/turtlebot3': CMAKE_PREFIX_PATH=/opt/ros/humble /usr/bin/cmake --build /ros2_ws/build/turtlebot3 -- -j8 -l8
[0.698s] DEBUG:colcon.colcon_core.event_handler.log_command:Invoked command in '/ros2_ws/build/launch' returned '0': CMAKE_PREFIX_PATH=/opt/ros/humble /usr/bin/cmake --build /ros2_ws/build/launch -- -j8 -l8
[0.705s] DEBUG:colcon.colcon_core.event_handler.log_command:Invoked command in '/ros2_ws/build/ros_gz_description' returned '0': CMAKE_PREFIX_PATH=/opt/ros/humble /usr/bin/cmake --build /ros2_ws/build/ros_gz_description -- -j8 -l8
[0.718s] DEBUG:colcon.colcon_core.event_handler.log_command:Invoking command in '/ros2_ws/build/launch': CMAKE_PREFIX_PATH=/opt/ros/humble /usr/bin/cmake --install /ros2_ws/build/launch
[0.719s] DEBUG:colcon.colcon_core.event_handler.log_command:Invoking command in '/ros2_ws/build/ros_gz_description': CMAKE_PREFIX_PATH=/opt/ros/humble /usr/bin/cmake --install /ros2_ws/build/ros_gz_description
[0.721s] DEBUG:colcon.colcon_core.event_handler.log_command:Invoked command in '/ros2_ws/build/turtlebot3' returned '0': CMAKE_PREFIX_PATH=/opt/ros/humble /usr/bin/cmake --build /ros2_ws/build/turtlebot3 -- -j8 -l8
[0.725s] Level 1:colcon.colcon_core.environment:create_environment_scripts_only(launch)
[0.725s] DEBUG:colcon.colcon_core.event_handler.log_command:Invoked command in '/ros2_ws/build/launch' returned '0': CMAKE_PREFIX_PATH=/opt/ros/humble /usr/bin/cmake --install /ros2_ws/build/launch
[0.727s] Level 1:colcon.colcon_core.environment:checking '/ros2_ws/install/launch' for CMake module files
[0.728s] Level 1:colcon.colcon_core.environment:checking '/ros2_ws/install/launch' for CMake config files
[0.728s] Level 1:colcon.colcon_core.shell:create_environment_hook('launch', 'cmake_prefix_path')
[0.728s] INFO:colcon.colcon_core.shell:Creating environment hook '/ros2_ws/install/launch/share/launch/hook/cmake_prefix_path.ps1'
[0.728s] INFO:colcon.colcon_core.shell:Creating environment descriptor '/ros2_ws/install/launch/share/launch/hook/cmake_prefix_path.dsv'
[0.729s] INFO:colcon.colcon_core.shell:Creating environment hook '/ros2_ws/install/launch/share/launch/hook/cmake_prefix_path.sh'
[0.729s] Level 1:colcon.colcon_core.environment:checking '/ros2_ws/install/launch/bin'
[0.729s] Level 1:colcon.colcon_core.environment:checking '/ros2_ws/install/launch/lib/pkgconfig/launch.pc'
[0.731s] Level 1:colcon.colcon_core.environment:checking '/ros2_ws/install/launch/lib/python3.10/site-packages'
[0.731s] Level 1:colcon.colcon_core.environment:checking '/ros2_ws/install/launch/bin'
[0.731s] INFO:colcon.colcon_core.shell:Creating package script '/ros2_ws/install/launch/share/launch/package.ps1'
[0.731s] INFO:colcon.colcon_core.shell:Creating package descriptor '/ros2_ws/install/launch/share/launch/package.dsv'
[0.732s] INFO:colcon.colcon_core.shell:Creating package script '/ros2_ws/install/launch/share/launch/package.sh'
[0.732s] INFO:colcon.colcon_core.shell:Creating package script '/ros2_ws/install/launch/share/launch/package.bash'
[0.733s] INFO:colcon.colcon_core.shell:Creating package script '/ros2_ws/install/launch/share/launch/package.zsh'
[0.733s] Level 1:colcon.colcon_core.environment:create_file_with_runtime_dependencies(/ros2_ws/install/launch/share/colcon-core/packages/launch)
[0.734s] Level 1:colcon.colcon_core.environment:create_environment_scripts_only(ros_gz_description)
[0.734s] Level 1:colcon.colcon_core.environment:checking '/ros2_ws/install/ros_gz_description' for CMake module files
[0.734s] DEBUG:colcon.colcon_core.event_handler.log_command:Invoked command in '/ros2_ws/build/ros_gz_description' returned '0': CMAKE_PREFIX_PATH=/opt/ros/humble /usr/bin/cmake --install /ros2_ws/build/ros_gz_description
[0.735s] Level 1:colcon.colcon_core.environment:checking '/ros2_ws/install/ros_gz_description' for CMake config files
[0.735s] Level 1:colcon.colcon_core.shell:create_environment_hook('ros_gz_description', 'cmake_prefix_path')
[0.735s] INFO:colcon.colcon_core.shell:Creating environment hook '/ros2_ws/install/ros_gz_description/share/ros_gz_description/hook/cmake_prefix_path.ps1'
[0.735s] INFO:colcon.colcon_core.shell:Creating environment descriptor '/ros2_ws/install/ros_gz_description/share/ros_gz_description/hook/cmake_prefix_path.dsv'
[0.735s] INFO:colcon.colcon_core.shell:Creating environment hook '/ros2_ws/install/ros_gz_description/share/ros_gz_description/hook/cmake_prefix_path.sh'
[0.736s] Level 1:colcon.colcon_core.environment:checking '/ros2_ws/install/ros_gz_description/bin'
[0.736s] Level 1:colcon.colcon_core.environment:checking '/ros2_ws/install/ros_gz_description/lib/pkgconfig/ros_gz_description.pc'
[0.736s] Level 1:colcon.colcon_core.environment:checking '/ros2_ws/install/ros_gz_description/lib/python3.10/site-packages'
[0.736s] Level 1:colcon.colcon_core.environment:checking '/ros2_ws/install/ros_gz_description/bin'
[0.736s] INFO:colcon.colcon_core.shell:Creating package script '/ros2_ws/install/ros_gz_description/share/ros_gz_description/package.ps1'
[0.736s] INFO:colcon.colcon_core.shell:Creating package descriptor '/ros2_ws/install/ros_gz_description/share/ros_gz_description/package.dsv'
[0.737s] INFO:colcon.colcon_core.shell:Creating package script '/ros2_ws/install/ros_gz_description/share/ros_gz_description/package.sh'
[0.737s] INFO:colcon.colcon_core.shell:Creating package script '/ros2_ws/install/ros_gz_description/share/ros_gz_description/package.bash'
[0.737s] INFO:colcon.colcon_core.shell:Creating package script '/ros2_ws/install/ros_gz_description/share/ros_gz_description/package.zsh'
[0.737s] Level 1:colcon.colcon_core.environment:create_file_with_runtime_dependencies(/ros2_ws/install/ros_gz_description/share/colcon-core/packages/ros_gz_description)
[0.739s] DEBUG:colcon.colcon_core.event_handler.log_command:Invoking command in '/ros2_ws/build/turtlebot3': CMAKE_PREFIX_PATH=/opt/ros/humble /usr/bin/cmake --install /ros2_ws/build/turtlebot3
[0.747s] Level 1:colcon.colcon_core.environment:create_environment_scripts_only(launch)
[0.748s] Level 1:colcon.colcon_core.environment:checking '/ros2_ws/install/launch' for CMake module files
[0.748s] Level 1:colcon.colcon_core.environment:checking '/ros2_ws/install/launch' for CMake config files
[0.748s] Level 1:colcon.colcon_core.shell:create_environment_hook('launch', 'cmake_prefix_path')
[0.748s] INFO:colcon.colcon_core.shell:Creating environment hook '/ros2_ws/install/launch/share/launch/hook/cmake_prefix_path.ps1'
[0.748s] INFO:colcon.colcon_core.shell:Creating environment descriptor '/ros2_ws/install/launch/share/launch/hook/cmake_prefix_path.dsv'
[0.749s] INFO:colcon.colcon_core.shell:Creating environment hook '/ros2_ws/install/launch/share/launch/hook/cmake_prefix_path.sh'
[0.749s] Level 1:colcon.colcon_core.environment:checking '/ros2_ws/install/launch/bin'
[0.749s] Level 1:colcon.colcon_core.environment:checking '/ros2_ws/install/launch/lib/pkgconfig/launch.pc'
[0.749s] Level 1:colcon.colcon_core.environment:checking '/ros2_ws/install/launch/lib/python3.10/site-packages'
[0.749s] Level 1:colcon.colcon_core.environment:checking '/ros2_ws/install/launch/bin'
[0.749s] INFO:colcon.colcon_core.shell:Creating package script '/ros2_ws/install/launch/share/launch/package.ps1'
[0.750s] INFO:colcon.colcon_core.shell:Creating package descriptor '/ros2_ws/install/launch/share/launch/package.dsv'
[0.750s] INFO:colcon.colcon_core.shell:Creating package script '/ros2_ws/install/launch/share/launch/package.sh'
[0.750s] INFO:colcon.colcon_core.shell:Creating package script '/ros2_ws/install/launch/share/launch/package.bash'
[0.750s] INFO:colcon.colcon_core.shell:Creating package script '/ros2_ws/install/launch/share/launch/package.zsh'
[0.751s] Level 1:colcon.colcon_core.environment:create_file_with_runtime_dependencies(/ros2_ws/install/launch/share/colcon-core/packages/launch)
[0.751s] Level 1:colcon.colcon_core.environment:create_environment_scripts_only(ros_gz_description)
[0.752s] Level 1:colcon.colcon_core.environment:checking '/ros2_ws/install/ros_gz_description' for CMake module files
[0.752s] Level 1:colcon.colcon_core.environment:checking '/ros2_ws/install/ros_gz_description' for CMake config files
[0.752s] Level 1:colcon.colcon_core.shell:create_environment_hook('ros_gz_description', 'cmake_prefix_path')
[0.752s] INFO:colcon.colcon_core.shell:Creating environment hook '/ros2_ws/install/ros_gz_description/share/ros_gz_description/hook/cmake_prefix_path.ps1'
[0.753s] INFO:colcon.colcon_core.shell:Creating environment descriptor '/ros2_ws/install/ros_gz_description/share/ros_gz_description/hook/cmake_prefix_path.dsv'
[0.753s] INFO:colcon.colcon_core.shell:Creating environment hook '/ros2_ws/install/ros_gz_description/share/ros_gz_description/hook/cmake_prefix_path.sh'
[0.753s] Level 1:colcon.colcon_core.environment:checking '/ros2_ws/install/ros_gz_description/bin'
[0.753s] Level 1:colcon.colcon_core.environment:checking '/ros2_ws/install/ros_gz_description/lib/pkgconfig/ros_gz_description.pc'
[0.753s] Level 1:colcon.colcon_core.environment:checking '/ros2_ws/install/ros_gz_description/lib/python3.10/site-packages'
[0.754s] Level 1:colcon.colcon_core.environment:checking '/ros2_ws/install/ros_gz_description/bin'
[0.754s] INFO:colcon.colcon_core.shell:Creating package script '/ros2_ws/install/ros_gz_description/share/ros_gz_description/package.ps1'
[0.754s] INFO:colcon.colcon_core.shell:Creating package descriptor '/ros2_ws/install/ros_gz_description/share/ros_gz_description/package.dsv'
[0.754s] INFO:colcon.colcon_core.shell:Creating package script '/ros2_ws/install/ros_gz_description/share/ros_gz_description/package.sh'
[0.755s] INFO:colcon.colcon_core.shell:Creating package script '/ros2_ws/install/ros_gz_description/share/ros_gz_description/package.bash'
[0.755s] INFO:colcon.colcon_core.shell:Creating package script '/ros2_ws/install/ros_gz_description/share/ros_gz_description/package.zsh'
[0.755s] Level 1:colcon.colcon_core.environment:create_file_with_runtime_dependencies(/ros2_ws/install/ros_gz_description/share/colcon-core/packages/ros_gz_description)
[0.755s] INFO:colcon.colcon_ros.task.ament_cmake.build:Building ROS package in '/ros2_ws/src/ros_gz/ros_gz_gazebo' with build type 'ament_cmake'
[0.755s] INFO:colcon.colcon_cmake.task.cmake.build:Building CMake package in '/ros2_ws/src/ros_gz/ros_gz_gazebo'
[0.756s] INFO:colcon.colcon_core.shell:Skip shell extension 'powershell' for command environment: Not usable outside of PowerShell
[0.756s] DEBUG:colcon.colcon_core.shell:Skip shell extension 'dsv' for command environment
[0.758s] Level 1:colcon.colcon_core.environment:create_environment_scripts_only(turtlebot3)
[0.758s] Level 1:colcon.colcon_core.environment:checking '/ros2_ws/install/turtlebot3' for CMake module files
[0.759s] DEBUG:colcon.colcon_core.event_handler.log_command:Invoked command in '/ros2_ws/build/turtlebot3' returned '0': CMAKE_PREFIX_PATH=/opt/ros/humble /usr/bin/cmake --install /ros2_ws/build/turtlebot3
[0.759s] Level 1:colcon.colcon_core.environment:checking '/ros2_ws/install/turtlebot3' for CMake config files
[0.759s] Level 1:colcon.colcon_core.shell:create_environment_hook('turtlebot3', 'cmake_prefix_path')
[0.759s] INFO:colcon.colcon_core.shell:Creating environment hook '/ros2_ws/install/turtlebot3/share/turtlebot3/hook/cmake_prefix_path.ps1'
[0.759s] INFO:colcon.colcon_core.shell:Creating environment descriptor '/ros2_ws/install/turtlebot3/share/turtlebot3/hook/cmake_prefix_path.dsv'
[0.760s] INFO:colcon.colcon_core.shell:Creating environment hook '/ros2_ws/install/turtlebot3/share/turtlebot3/hook/cmake_prefix_path.sh'
[0.760s] Level 1:colcon.colcon_core.environment:checking '/ros2_ws/install/turtlebot3/bin'
[0.760s] Level 1:colcon.colcon_core.environment:checking '/ros2_ws/install/turtlebot3/lib/pkgconfig/turtlebot3.pc'
[0.760s] Level 1:colcon.colcon_core.environment:checking '/ros2_ws/install/turtlebot3/lib/python3.10/site-packages'
[0.760s] Level 1:colcon.colcon_core.environment:checking '/ros2_ws/install/turtlebot3/bin'
[0.760s] INFO:colcon.colcon_core.shell:Creating package script '/ros2_ws/install/turtlebot3/share/turtlebot3/package.ps1'
[0.761s] INFO:colcon.colcon_core.shell:Creating package descriptor '/ros2_ws/install/turtlebot3/share/turtlebot3/package.dsv'
[0.761s] INFO:colcon.colcon_core.shell:Creating package script '/ros2_ws/install/turtlebot3/share/turtlebot3/package.sh'
[0.761s] INFO:colcon.colcon_core.shell:Creating package script '/ros2_ws/install/turtlebot3/share/turtlebot3/package.bash'
[0.761s] INFO:colcon.colcon_core.shell:Creating package script '/ros2_ws/install/turtlebot3/share/turtlebot3/package.zsh'
[0.761s] Level 1:colcon.colcon_core.environment:create_file_with_runtime_dependencies(/ros2_ws/install/turtlebot3/share/colcon-core/packages/turtlebot3)
[0.765s] DEBUG:colcon.colcon_core.event_handler.log_command:Invoking command in '/ros2_ws/build/ros_gz_gazebo': AMENT_PREFIX_PATH=/ros2_ws/install/ros_gz_description:${AMENT_PREFIX_PATH} CMAKE_PREFIX_PATH=/ros2_ws/install/ros_gz_description:/opt/ros/humble IGN_GAZEBO_RESOURCE_PATH=/ros2_ws/install/ros_gz_description/share/ros_gz_description/models /usr/bin/cmake /ros2_ws/src/ros_gz/ros_gz_gazebo -DCMAKE_INSTALL_PREFIX=/ros2_ws/install/ros_gz_gazebo
[0.776s] Level 1:colcon.colcon_core.environment:create_environment_scripts_only(turtlebot3)
[0.776s] Level 1:colcon.colcon_core.environment:checking '/ros2_ws/install/turtlebot3' for CMake module files
[0.777s] Level 1:colcon.colcon_core.environment:checking '/ros2_ws/install/turtlebot3' for CMake config files
[0.777s] Level 1:colcon.colcon_core.shell:create_environment_hook('turtlebot3', 'cmake_prefix_path')
[0.777s] INFO:colcon.colcon_core.shell:Creating environment hook '/ros2_ws/install/turtlebot3/share/turtlebot3/hook/cmake_prefix_path.ps1'
[0.778s] INFO:colcon.colcon_core.shell:Creating environment descriptor '/ros2_ws/install/turtlebot3/share/turtlebot3/hook/cmake_prefix_path.dsv'
[0.778s] INFO:colcon.colcon_core.shell:Creating environment hook '/ros2_ws/install/turtlebot3/share/turtlebot3/hook/cmake_prefix_path.sh'
[0.778s] Level 1:colcon.colcon_core.environment:checking '/ros2_ws/install/turtlebot3/bin'
[0.778s] Level 1:colcon.colcon_core.environment:checking '/ros2_ws/install/turtlebot3/lib/pkgconfig/turtlebot3.pc'
[0.778s] Level 1:colcon.colcon_core.environment:checking '/ros2_ws/install/turtlebot3/lib/python3.10/site-packages'
[0.779s] Level 1:colcon.colcon_core.environment:checking '/ros2_ws/install/turtlebot3/bin'
[0.779s] INFO:colcon.colcon_core.shell:Creating package script '/ros2_ws/install/turtlebot3/share/turtlebot3/package.ps1'
[0.779s] INFO:colcon.colcon_core.shell:Creating package descriptor '/ros2_ws/install/turtlebot3/share/turtlebot3/package.dsv'
[0.779s] INFO:colcon.colcon_core.shell:Creating package script '/ros2_ws/install/turtlebot3/share/turtlebot3/package.sh'
[0.780s] INFO:colcon.colcon_core.shell:Creating package script '/ros2_ws/install/turtlebot3/share/turtlebot3/package.bash'
[0.780s] INFO:colcon.colcon_core.shell:Creating package script '/ros2_ws/install/turtlebot3/share/turtlebot3/package.zsh'
[0.780s] Level 1:colcon.colcon_core.environment:create_file_with_runtime_dependencies(/ros2_ws/install/turtlebot3/share/colcon-core/packages/turtlebot3)
[1.934s] DEBUG:colcon.colcon_core.event_handler.log_command:Invoked command in '/ros2_ws/build/ros_gz_gazebo' returned '0': AMENT_PREFIX_PATH=/ros2_ws/install/ros_gz_description:${AMENT_PREFIX_PATH} CMAKE_PREFIX_PATH=/ros2_ws/install/ros_gz_description:/opt/ros/humble IGN_GAZEBO_RESOURCE_PATH=/ros2_ws/install/ros_gz_description/share/ros_gz_description/models /usr/bin/cmake /ros2_ws/src/ros_gz/ros_gz_gazebo -DCMAKE_INSTALL_PREFIX=/ros2_ws/install/ros_gz_gazebo
[1.934s] DEBUG:colcon.colcon_core.event_handler.log_command:Invoking command in '/ros2_ws/build/ros_gz_gazebo': AMENT_PREFIX_PATH=/ros2_ws/install/ros_gz_description:${AMENT_PREFIX_PATH} CMAKE_PREFIX_PATH=/ros2_ws/install/ros_gz_description:/opt/ros/humble IGN_GAZEBO_RESOURCE_PATH=/ros2_ws/install/ros_gz_description/share/ros_gz_description/models /usr/bin/cmake --build /ros2_ws/build/ros_gz_gazebo -- -j8 -l8
[5.423s] DEBUG:colcon.colcon_core.event_handler.log_command:Invoked command in '/ros2_ws/build/ros_gz_gazebo' returned '0': AMENT_PREFIX_PATH=/ros2_ws/install/ros_gz_description:${AMENT_PREFIX_PATH} CMAKE_PREFIX_PATH=/ros2_ws/install/ros_gz_description:/opt/ros/humble IGN_GAZEBO_RESOURCE_PATH=/ros2_ws/install/ros_gz_description/share/ros_gz_description/models /usr/bin/cmake --build /ros2_ws/build/ros_gz_gazebo -- -j8 -l8
[5.450s] DEBUG:colcon.colcon_core.event_handler.log_command:Invoking command in '/ros2_ws/build/ros_gz_gazebo': AMENT_PREFIX_PATH=/ros2_ws/install/ros_gz_description:${AMENT_PREFIX_PATH} CMAKE_PREFIX_PATH=/ros2_ws/install/ros_gz_description:/opt/ros/humble IGN_GAZEBO_RESOURCE_PATH=/ros2_ws/install/ros_gz_description/share/ros_gz_description/models /usr/bin/cmake --install /ros2_ws/build/ros_gz_gazebo
[5.464s] Level 1:colcon.colcon_core.environment:create_environment_scripts_only(ros_gz_gazebo)
[5.465s] Level 1:colcon.colcon_core.environment:checking '/ros2_ws/install/ros_gz_gazebo' for CMake module files
[5.465s] DEBUG:colcon.colcon_core.event_handler.log_command:Invoked command in '/ros2_ws/build/ros_gz_gazebo' returned '0': AMENT_PREFIX_PATH=/ros2_ws/install/ros_gz_description:${AMENT_PREFIX_PATH} CMAKE_PREFIX_PATH=/ros2_ws/install/ros_gz_description:/opt/ros/humble IGN_GAZEBO_RESOURCE_PATH=/ros2_ws/install/ros_gz_description/share/ros_gz_description/models /usr/bin/cmake --install /ros2_ws/build/ros_gz_gazebo
[5.465s] Level 1:colcon.colcon_core.environment:checking '/ros2_ws/install/ros_gz_gazebo' for CMake config files
[5.465s] Level 1:colcon.colcon_core.shell:create_environment_hook('ros_gz_gazebo', 'cmake_prefix_path')
[5.466s] INFO:colcon.colcon_core.shell:Creating environment hook '/ros2_ws/install/ros_gz_gazebo/share/ros_gz_gazebo/hook/cmake_prefix_path.ps1'
[5.466s] INFO:colcon.colcon_core.shell:Creating environment descriptor '/ros2_ws/install/ros_gz_gazebo/share/ros_gz_gazebo/hook/cmake_prefix_path.dsv'
[5.466s] INFO:colcon.colcon_core.shell:Creating environment hook '/ros2_ws/install/ros_gz_gazebo/share/ros_gz_gazebo/hook/cmake_prefix_path.sh'
[5.467s] Level 1:colcon.colcon_core.environment:checking '/ros2_ws/install/ros_gz_gazebo/lib'
[5.467s] Level 1:colcon.colcon_core.environment:checking '/ros2_ws/install/ros_gz_gazebo/bin'
[5.467s] Level 1:colcon.colcon_core.environment:checking '/ros2_ws/install/ros_gz_gazebo/lib/pkgconfig/ros_gz_gazebo.pc'
[5.467s] Level 1:colcon.colcon_core.environment:checking '/ros2_ws/install/ros_gz_gazebo/lib/python3.10/site-packages'
[5.467s] Level 1:colcon.colcon_core.environment:checking '/ros2_ws/install/ros_gz_gazebo/bin'
[5.468s] INFO:colcon.colcon_core.shell:Creating package script '/ros2_ws/install/ros_gz_gazebo/share/ros_gz_gazebo/package.ps1'
[5.468s] INFO:colcon.colcon_core.shell:Creating package descriptor '/ros2_ws/install/ros_gz_gazebo/share/ros_gz_gazebo/package.dsv'
[5.468s] INFO:colcon.colcon_core.shell:Creating package script '/ros2_ws/install/ros_gz_gazebo/share/ros_gz_gazebo/package.sh'
[5.469s] INFO:colcon.colcon_core.shell:Creating package script '/ros2_ws/install/ros_gz_gazebo/share/ros_gz_gazebo/package.bash'
[5.469s] INFO:colcon.colcon_core.shell:Creating package script '/ros2_ws/install/ros_gz_gazebo/share/ros_gz_gazebo/package.zsh'
[5.469s] Level 1:colcon.colcon_core.environment:create_file_with_runtime_dependencies(/ros2_ws/install/ros_gz_gazebo/share/colcon-core/packages/ros_gz_gazebo)
[5.495s] Level 1:colcon.colcon_core.environment:create_environment_scripts_only(ros_gz_gazebo)
[5.495s] Level 1:colcon.colcon_core.environment:checking '/ros2_ws/install/ros_gz_gazebo' for CMake module files
[5.496s] Level 1:colcon.colcon_core.environment:checking '/ros2_ws/install/ros_gz_gazebo' for CMake config files
[5.496s] Level 1:colcon.colcon_core.shell:create_environment_hook('ros_gz_gazebo', 'cmake_prefix_path')
[5.496s] INFO:colcon.colcon_core.shell:Creating environment hook '/ros2_ws/install/ros_gz_gazebo/share/ros_gz_gazebo/hook/cmake_prefix_path.ps1'
[5.496s] INFO:colcon.colcon_core.shell:Creating environment descriptor '/ros2_ws/install/ros_gz_gazebo/share/ros_gz_gazebo/hook/cmake_prefix_path.dsv'
[5.497s] INFO:colcon.colcon_core.shell:Creating environment hook '/ros2_ws/install/ros_gz_gazebo/share/ros_gz_gazebo/hook/cmake_prefix_path.sh'
[5.497s] Level 1:colcon.colcon_core.environment:checking '/ros2_ws/install/ros_gz_gazebo/lib'
[5.497s] Level 1:colcon.colcon_core.environment:checking '/ros2_ws/install/ros_gz_gazebo/bin'
[5.497s] Level 1:colcon.colcon_core.environment:checking '/ros2_ws/install/ros_gz_gazebo/lib/pkgconfig/ros_gz_gazebo.pc'
[5.498s] Level 1:colcon.colcon_core.environment:checking '/ros2_ws/install/ros_gz_gazebo/lib/python3.10/site-packages'
[5.498s] Level 1:colcon.colcon_core.environment:checking '/ros2_ws/install/ros_gz_gazebo/bin'
[5.498s] INFO:colcon.colcon_core.shell:Creating package script '/ros2_ws/install/ros_gz_gazebo/share/ros_gz_gazebo/package.ps1'
[5.499s] INFO:colcon.colcon_core.shell:Creating package descriptor '/ros2_ws/install/ros_gz_gazebo/share/ros_gz_gazebo/package.dsv'
[5.499s] INFO:colcon.colcon_core.shell:Creating package script '/ros2_ws/install/ros_gz_gazebo/share/ros_gz_gazebo/package.sh'
[5.499s] INFO:colcon.colcon_core.shell:Creating package script '/ros2_ws/install/ros_gz_gazebo/share/ros_gz_gazebo/package.bash'
[5.500s] INFO:colcon.colcon_core.shell:Creating package script '/ros2_ws/install/ros_gz_gazebo/share/ros_gz_gazebo/package.zsh'
[5.500s] Level 1:colcon.colcon_core.environment:create_file_with_runtime_dependencies(/ros2_ws/install/ros_gz_gazebo/share/colcon-core/packages/ros_gz_gazebo)
[5.500s] INFO:colcon.colcon_ros.task.ament_cmake.build:Building ROS package in '/ros2_ws/src/ros_gz/ros_gz_bringup' with build type 'ament_cmake'
[5.500s] INFO:colcon.colcon_cmake.task.cmake.build:Building CMake package in '/ros2_ws/src/ros_gz/ros_gz_bringup'
[5.501s] INFO:colcon.colcon_core.shell:Skip shell extension 'powershell' for command environment: Not usable outside of PowerShell
[5.501s] DEBUG:colcon.colcon_core.shell:Skip shell extension 'dsv' for command environment
[5.510s] DEBUG:colcon.colcon_core.event_handler.log_command:Invoking command in '/ros2_ws/build/ros_gz_bringup': AMENT_PREFIX_PATH=/ros2_ws/install/ros_gz_gazebo:/ros2_ws/install/ros_gz_description:${AMENT_PREFIX_PATH} CMAKE_PREFIX_PATH=/ros2_ws/install/ros_gz_gazebo:/ros2_ws/install/ros_gz_description:/opt/ros/humble IGN_GAZEBO_PLUGIN_PATH=/ros2_ws/install/ros_gz_gazebo/lib/ros_gz_gazebo IGN_GAZEBO_RESOURCE_PATH=/ros2_ws/install/ros_gz_gazebo/share/ros_gz_gazebo/worlds:/ros2_ws/install/ros_gz_description/share/ros_gz_description/models /usr/bin/cmake /ros2_ws/src/ros_gz/ros_gz_bringup -DCMAKE_INSTALL_PREFIX=/ros2_ws/install/ros_gz_bringup
[6.125s] DEBUG:colcon.colcon_core.event_handler.log_command:Invoked command in '/ros2_ws/build/ros_gz_bringup' returned '0': AMENT_PREFIX_PATH=/ros2_ws/install/ros_gz_gazebo:/ros2_ws/install/ros_gz_description:${AMENT_PREFIX_PATH} CMAKE_PREFIX_PATH=/ros2_ws/install/ros_gz_gazebo:/ros2_ws/install/ros_gz_description:/opt/ros/humble IGN_GAZEBO_PLUGIN_PATH=/ros2_ws/install/ros_gz_gazebo/lib/ros_gz_gazebo IGN_GAZEBO_RESOURCE_PATH=/ros2_ws/install/ros_gz_gazebo/share/ros_gz_gazebo/worlds:/ros2_ws/install/ros_gz_description/share/ros_gz_description/models /usr/bin/cmake /ros2_ws/src/ros_gz/ros_gz_bringup -DCMAKE_INSTALL_PREFIX=/ros2_ws/install/ros_gz_bringup
[6.127s] DEBUG:colcon.colcon_core.event_handler.log_command:Invoking command in '/ros2_ws/build/ros_gz_bringup': AMENT_PREFIX_PATH=/ros2_ws/install/ros_gz_gazebo:/ros2_ws/install/ros_gz_description:${AMENT_PREFIX_PATH} CMAKE_PREFIX_PATH=/ros2_ws/install/ros_gz_gazebo:/ros2_ws/install/ros_gz_description:/opt/ros/humble IGN_GAZEBO_PLUGIN_PATH=/ros2_ws/install/ros_gz_gazebo/lib/ros_gz_gazebo IGN_GAZEBO_RESOURCE_PATH=/ros2_ws/install/ros_gz_gazebo/share/ros_gz_gazebo/worlds:/ros2_ws/install/ros_gz_description/share/ros_gz_description/models /usr/bin/cmake --build /ros2_ws/build/ros_gz_bringup -- -j8 -l8
[6.159s] DEBUG:colcon.colcon_core.event_handler.log_command:Invoked command in '/ros2_ws/build/ros_gz_bringup' returned '0': AMENT_PREFIX_PATH=/ros2_ws/install/ros_gz_gazebo:/ros2_ws/install/ros_gz_description:${AMENT_PREFIX_PATH} CMAKE_PREFIX_PATH=/ros2_ws/install/ros_gz_gazebo:/ros2_ws/install/ros_gz_description:/opt/ros/humble IGN_GAZEBO_PLUGIN_PATH=/ros2_ws/install/ros_gz_gazebo/lib/ros_gz_gazebo IGN_GAZEBO_RESOURCE_PATH=/ros2_ws/install/ros_gz_gazebo/share/ros_gz_gazebo/worlds:/ros2_ws/install/ros_gz_description/share/ros_gz_description/models /usr/bin/cmake --build /ros2_ws/build/ros_gz_bringup -- -j8 -l8
[6.179s] DEBUG:colcon.colcon_core.event_handler.log_command:Invoking command in '/ros2_ws/build/ros_gz_bringup': AMENT_PREFIX_PATH=/ros2_ws/install/ros_gz_gazebo:/ros2_ws/install/ros_gz_description:${AMENT_PREFIX_PATH} CMAKE_PREFIX_PATH=/ros2_ws/install/ros_gz_gazebo:/ros2_ws/install/ros_gz_description:/opt/ros/humble IGN_GAZEBO_PLUGIN_PATH=/ros2_ws/install/ros_gz_gazebo/lib/ros_gz_gazebo IGN_GAZEBO_RESOURCE_PATH=/ros2_ws/install/ros_gz_gazebo/share/ros_gz_gazebo/worlds:/ros2_ws/install/ros_gz_description/share/ros_gz_description/models /usr/bin/cmake --install /ros2_ws/build/ros_gz_bringup
[6.189s] Level 1:colcon.colcon_core.environment:create_environment_scripts_only(ros_gz_bringup)
[6.189s] Level 1:colcon.colcon_core.environment:checking '/ros2_ws/install/ros_gz_bringup' for CMake module files
[6.190s] DEBUG:colcon.colcon_core.event_handler.log_command:Invoked command in '/ros2_ws/build/ros_gz_bringup' returned '0': AMENT_PREFIX_PATH=/ros2_ws/install/ros_gz_gazebo:/ros2_ws/install/ros_gz_description:${AMENT_PREFIX_PATH} CMAKE_PREFIX_PATH=/ros2_ws/install/ros_gz_gazebo:/ros2_ws/install/ros_gz_description:/opt/ros/humble IGN_GAZEBO_PLUGIN_PATH=/ros2_ws/install/ros_gz_gazebo/lib/ros_gz_gazebo IGN_GAZEBO_RESOURCE_PATH=/ros2_ws/install/ros_gz_gazebo/share/ros_gz_gazebo/worlds:/ros2_ws/install/ros_gz_description/share/ros_gz_description/models /usr/bin/cmake --install /ros2_ws/build/ros_gz_bringup
[6.190s] Level 1:colcon.colcon_core.environment:checking '/ros2_ws/install/ros_gz_bringup' for CMake config files
[6.190s] Level 1:colcon.colcon_core.shell:create_environment_hook('ros_gz_bringup', 'cmake_prefix_path')
[6.191s] INFO:colcon.colcon_core.shell:Creating environment hook '/ros2_ws/install/ros_gz_bringup/share/ros_gz_bringup/hook/cmake_prefix_path.ps1'
[6.191s] INFO:colcon.colcon_core.shell:Creating environment descriptor '/ros2_ws/install/ros_gz_bringup/share/ros_gz_bringup/hook/cmake_prefix_path.dsv'
[6.191s] INFO:colcon.colcon_core.shell:Creating environment hook '/ros2_ws/install/ros_gz_bringup/share/ros_gz_bringup/hook/cmake_prefix_path.sh'
[6.192s] Level 1:colcon.colcon_core.environment:checking '/ros2_ws/install/ros_gz_bringup/bin'
[6.192s] Level 1:colcon.colcon_core.environment:checking '/ros2_ws/install/ros_gz_bringup/lib/pkgconfig/ros_gz_bringup.pc'
[6.192s] Level 1:colcon.colcon_core.environment:checking '/ros2_ws/install/ros_gz_bringup/lib/python3.10/site-packages'
[6.192s] Level 1:colcon.colcon_core.environment:checking '/ros2_ws/install/ros_gz_bringup/bin'
[6.193s] INFO:colcon.colcon_core.shell:Creating package script '/ros2_ws/install/ros_gz_bringup/share/ros_gz_bringup/package.ps1'
[6.193s] INFO:colcon.colcon_core.shell:Creating package descriptor '/ros2_ws/install/ros_gz_bringup/share/ros_gz_bringup/package.dsv'
[6.193s] INFO:colcon.colcon_core.shell:Creating package script '/ros2_ws/install/ros_gz_bringup/share/ros_gz_bringup/package.sh'
[6.194s] INFO:colcon.colcon_core.shell:Creating package script '/ros2_ws/install/ros_gz_bringup/share/ros_gz_bringup/package.bash'
[6.194s] INFO:colcon.colcon_core.shell:Creating package script '/ros2_ws/install/ros_gz_bringup/share/ros_gz_bringup/package.zsh'
[6.194s] Level 1:colcon.colcon_core.environment:create_file_with_runtime_dependencies(/ros2_ws/install/ros_gz_bringup/share/colcon-core/packages/ros_gz_bringup)
[6.213s] Level 1:colcon.colcon_core.environment:create_environment_scripts_only(ros_gz_bringup)
[6.214s] Level 1:colcon.colcon_core.environment:checking '/ros2_ws/install/ros_gz_bringup' for CMake module files
[6.214s] Level 1:colcon.colcon_core.environment:checking '/ros2_ws/install/ros_gz_bringup' for CMake config files
[6.214s] Level 1:colcon.colcon_core.shell:create_environment_hook('ros_gz_bringup', 'cmake_prefix_path')
[6.214s] INFO:colcon.colcon_core.shell:Creating environment hook '/ros2_ws/install/ros_gz_bringup/share/ros_gz_bringup/hook/cmake_prefix_path.ps1'
[6.215s] INFO:colcon.colcon_core.shell:Creating environment descriptor '/ros2_ws/install/ros_gz_bringup/share/ros_gz_bringup/hook/cmake_prefix_path.dsv'
[6.215s] INFO:colcon.colcon_core.shell:Creating environment hook '/ros2_ws/install/ros_gz_bringup/share/ros_gz_bringup/hook/cmake_prefix_path.sh'
[6.216s] Level 1:colcon.colcon_core.environment:checking '/ros2_ws/install/ros_gz_bringup/bin'
[6.216s] Level 1:colcon.colcon_core.environment:checking '/ros2_ws/install/ros_gz_bringup/lib/pkgconfig/ros_gz_bringup.pc'
[6.216s] Level 1:colcon.colcon_core.environment:checking '/ros2_ws/install/ros_gz_bringup/lib/python3.10/site-packages'
[6.216s] Level 1:colcon.colcon_core.environment:checking '/ros2_ws/install/ros_gz_bringup/bin'
[6.216s] INFO:colcon.colcon_core.shell:Creating package script '/ros2_ws/install/ros_gz_bringup/share/ros_gz_bringup/package.ps1'
[6.217s] INFO:colcon.colcon_core.shell:Creating package descriptor '/ros2_ws/install/ros_gz_bringup/share/ros_gz_bringup/package.dsv'
[6.217s] INFO:colcon.colcon_core.shell:Creating package script '/ros2_ws/install/ros_gz_bringup/share/ros_gz_bringup/package.sh'
[6.218s] INFO:colcon.colcon_core.shell:Creating package script '/ros2_ws/install/ros_gz_bringup/share/ros_gz_bringup/package.bash'
[6.218s] INFO:colcon.colcon_core.shell:Creating package script '/ros2_ws/install/ros_gz_bringup/share/ros_gz_bringup/package.zsh'
[6.218s] Level 1:colcon.colcon_core.environment:create_file_with_runtime_dependencies(/ros2_ws/install/ros_gz_bringup/share/colcon-core/packages/ros_gz_bringup)
[6.218s] DEBUG:colcon.colcon_parallel_executor.executor.parallel:closing loop
[6.219s] DEBUG:colcon.colcon_parallel_executor.executor.parallel:loop closed
[6.219s] DEBUG:colcon.colcon_parallel_executor.executor.parallel:run_until_complete finished with '0'
[6.219s] DEBUG:colcon.colcon_core.event_reactor:joining thread
[6.233s] INFO:colcon.colcon_core.plugin_system:Skipping extension 'colcon_notification.desktop_notification.notify_send': Could not find 'notify-send'
[6.233s] INFO:colcon.colcon_core.plugin_system:Skipping extension 'colcon_notification.desktop_notification.terminal_notifier': Not used on non-Darwin systems
[6.233s] INFO:colcon.colcon_core.plugin_system:Skipping extension 'colcon_notification.desktop_notification.win32': Not used on non-Windows systems
[6.233s] INFO:colcon.colcon_notification.desktop_notification:Sending desktop notification using 'notify2'
[6.236s] DEBUG:colcon.colcon_notification.desktop_notification.notify2:Failed to initialize notify2: org.freedesktop.DBus.Error.Spawn.ExecFailed: /usr/bin/dbus-launch terminated abnormally without any error message
[6.236s] DEBUG:colcon.colcon_core.event_reactor:joined thread
[6.236s] INFO:colcon.colcon_core.shell:Creating prefix script '/ros2_ws/install/local_setup.ps1'
[6.238s] INFO:colcon.colcon_core.shell:Creating prefix util module '/ros2_ws/install/_local_setup_util_ps1.py'
[6.239s] INFO:colcon.colcon_core.shell:Creating prefix chain script '/ros2_ws/install/setup.ps1'
[6.240s] INFO:colcon.colcon_core.shell:Creating prefix script '/ros2_ws/install/local_setup.sh'
[6.241s] INFO:colcon.colcon_core.shell:Creating prefix util module '/ros2_ws/install/_local_setup_util_sh.py'
[6.241s] INFO:colcon.colcon_core.shell:Creating prefix chain script '/ros2_ws/install/setup.sh'
[6.242s] INFO:colcon.colcon_core.shell:Creating prefix script '/ros2_ws/install/local_setup.bash'
[6.243s] INFO:colcon.colcon_core.shell:Creating prefix chain script '/ros2_ws/install/setup.bash'
[6.243s] INFO:colcon.colcon_core.shell:Creating prefix script '/ros2_ws/install/local_setup.zsh'
[6.244s] INFO:colcon.colcon_core.shell:Creating prefix chain script '/ros2_ws/install/setup.zsh'
