-- Install configuration: ""
-- Up-to-date: /workspace/ros2_ws_turtlebot3/install/slam_nav2_bringup/share/slam_nav2_bringup/launch
-- Installing: /workspace/ros2_ws_turtlebot3/install/slam_nav2_bringup/share/slam_nav2_bringup/launch/launch.py
-- Up-to-date: /workspace/ros2_ws_turtlebot3/install/slam_nav2_bringup/share/slam_nav2_bringup/config
-- Up-to-date: /workspace/ros2_ws_turtlebot3/install/slam_nav2_bringup/share/slam_nav2_bringup/config/mapper_params_online_async.yaml
-- Up-to-date: /workspace/ros2_ws_turtlebot3/install/slam_nav2_bringup/share/slam_nav2_bringup/map
-- Up-to-date: /workspace/ros2_ws_turtlebot3/install/slam_nav2_bringup/share/slam_nav2_bringup/map/map.yaml
-- Up-to-date: /workspace/ros2_ws_turtlebot3/install/slam_nav2_bringup/share/slam_nav2_bringup/map/map.pgm
-- Up-to-date: /workspace/ros2_ws_turtlebot3/install/slam_nav2_bringup/share/slam_nav2_bringup/param
-- Up-to-date: /workspace/ros2_ws_turtlebot3/install/slam_nav2_bringup/share/slam_nav2_bringup/param/turtlebot3_waffle.yaml
-- Up-to-date: /workspace/ros2_ws_turtlebot3/install/slam_nav2_bringup/share/ament_index/resource_index/package_run_dependencies/slam_nav2_bringup
-- Up-to-date: /workspace/ros2_ws_turtlebot3/install/slam_nav2_bringup/share/ament_index/resource_index/parent_prefix_path/slam_nav2_bringup
-- Up-to-date: /workspace/ros2_ws_turtlebot3/install/slam_nav2_bringup/share/slam_nav2_bringup/environment/ament_prefix_path.sh
-- Up-to-date: /workspace/ros2_ws_turtlebot3/install/slam_nav2_bringup/share/slam_nav2_bringup/environment/ament_prefix_path.dsv
-- Up-to-date: /workspace/ros2_ws_turtlebot3/install/slam_nav2_bringup/share/slam_nav2_bringup/environment/path.sh
-- Up-to-date: /workspace/ros2_ws_turtlebot3/install/slam_nav2_bringup/share/slam_nav2_bringup/environment/path.dsv
-- Up-to-date: /workspace/ros2_ws_turtlebot3/install/slam_nav2_bringup/share/slam_nav2_bringup/local_setup.bash
-- Up-to-date: /workspace/ros2_ws_turtlebot3/install/slam_nav2_bringup/share/slam_nav2_bringup/local_setup.sh
-- Up-to-date: /workspace/ros2_ws_turtlebot3/install/slam_nav2_bringup/share/slam_nav2_bringup/local_setup.zsh
-- Up-to-date: /workspace/ros2_ws_turtlebot3/install/slam_nav2_bringup/share/slam_nav2_bringup/local_setup.dsv
-- Installing: /workspace/ros2_ws_turtlebot3/install/slam_nav2_bringup/share/slam_nav2_bringup/package.dsv
-- Up-to-date: /workspace/ros2_ws_turtlebot3/install/slam_nav2_bringup/share/ament_index/resource_index/packages/slam_nav2_bringup
-- Up-to-date: /workspace/ros2_ws_turtlebot3/install/slam_nav2_bringup/share/slam_nav2_bringup/cmake/slam_nav2_bringupConfig.cmake
-- Up-to-date: /workspace/ros2_ws_turtlebot3/install/slam_nav2_bringup/share/slam_nav2_bringup/cmake/slam_nav2_bringupConfig-version.cmake
-- Up-to-date: /workspace/ros2_ws_turtlebot3/install/slam_nav2_bringup/share/slam_nav2_bringup/package.xml
