-- Found ament_cmake: 1.3.10 (/opt/ros/humble/share/ament_cmake/cmake)
-- Configuring done
-- Generating done
-- Build files have been written to: /workspace/ros2_ws_turtlebot3/build/launch
-- Install configuration: "Release"
-- Installing: /workspace/ros2_ws_turtlebot3/install/launch/share/launch//frontend
-- Installing: /workspace/ros2_ws_turtlebot3/install/launch/share/launch//frontend/grammar.lark
-- Up-to-date: /workspace/ros2_ws_turtlebot3/install/launch/share/launch//launch
-- Up-to-date: /workspace/ros2_ws_turtlebot3/install/launch/share/launch//launch/launch.py
-- Up-to-date: /workspace/ros2_ws_turtlebot3/install/launch/share/ament_index/resource_index/package_run_dependencies/launch
-- Up-to-date: /workspace/ros2_ws_turtlebot3/install/launch/share/ament_index/resource_index/parent_prefix_path/launch
-- Up-to-date: /workspace/ros2_ws_turtlebot3/install/launch/share/launch/environment/ament_prefix_path.sh
-- Installing: /workspace/ros2_ws_turtlebot3/install/launch/share/launch/environment/ament_prefix_path.dsv
-- Up-to-date: /workspace/ros2_ws_turtlebot3/install/launch/share/launch/environment/path.sh
-- Installing: /workspace/ros2_ws_turtlebot3/install/launch/share/launch/environment/path.dsv
-- Up-to-date: /workspace/ros2_ws_turtlebot3/install/launch/share/launch/local_setup.bash
-- Up-to-date: /workspace/ros2_ws_turtlebot3/install/launch/share/launch/local_setup.sh
-- Up-to-date: /workspace/ros2_ws_turtlebot3/install/launch/share/launch/local_setup.zsh
-- Installing: /workspace/ros2_ws_turtlebot3/install/launch/share/launch/local_setup.dsv
-- Installing: /workspace/ros2_ws_turtlebot3/install/launch/share/launch/package.dsv
-- Up-to-date: /workspace/ros2_ws_turtlebot3/install/launch/share/ament_index/resource_index/packages/launch
-- Up-to-date: /workspace/ros2_ws_turtlebot3/install/launch/share/launch/cmake/launchConfig.cmake
-- Up-to-date: /workspace/ros2_ws_turtlebot3/install/launch/share/launch/cmake/launchConfig-version.cmake
-- Up-to-date: /workspace/ros2_ws_turtlebot3/install/launch/share/launch/package.xml
