[0.122s] DEBUG:colcon:Command line arguments: ['/usr/bin/colcon', 'build']
[0.122s] DEBUG:colcon:Parsed command line arguments: Namespace(log_base=None, log_level=None, verb_name='build', build_base='build', install_base='install', merge_install=False, symlink_install=False, test_result_base=None, continue_on_error=False, executor='parallel', parallel_workers=8, event_handlers=None, ignore_user_meta=False, metas=['./colcon.meta'], base_paths=['.'], packages_ignore=None, packages_ignore_regex=None, paths=None, packages_up_to=None, packages_up_to_regex=None, packages_above=None, packages_above_and_dependencies=None, packages_above_depth=None, packages_select_by_dep=None, packages_skip_by_dep=None, packages_skip_up_to=None, packages_select_build_failed=False, packages_skip_build_finished=False, packages_select_test_failures=False, packages_skip_test_passed=False, packages_select=None, packages_skip=None, packages_select_regex=None, packages_skip_regex=None, packages_start=None, packages_end=None, cmake_args=None, cmake_target=None, cmake_target_skip_unavailable=False, cmake_clean_cache=False, cmake_clean_first=False, cmake_force_configure=False, ament_cmake_args=None, catkin_cmake_args=None, catkin_skip_building_tests=False, mixin_files=None, mixin=None, verb_parser=<colcon_mixin.mixin.mixin_argument.MixinArgumentDecorator object at 0x74e9810c49d0>, verb_extension=<colcon_core.verb.build.BuildVerb object at 0x74e981215060>, main=<bound method BuildVerb.main of <colcon_core.verb.build.BuildVerb object at 0x74e981215060>>, mixin_verb=('build',))
[0.264s] Level 1:colcon.colcon_core.package_discovery:discover_packages(colcon_meta) check parameters
[0.265s] INFO:colcon.colcon_metadata.package_discovery.colcon_meta:Using configuration from '/root/.colcon/metadata/default/Gazebo.meta'
[0.265s] INFO:colcon.colcon_metadata.package_discovery.colcon_meta:Using configuration from '/root/.colcon/metadata/default/fastrtps.meta'
[0.265s] Level 1:colcon.colcon_core.package_discovery:discover_packages(recursive) check parameters
[0.265s] Level 1:colcon.colcon_core.package_discovery:discover_packages(ignore) check parameters
[0.265s] Level 1:colcon.colcon_core.package_discovery:discover_packages(path) check parameters
[0.266s] Level 1:colcon.colcon_core.package_discovery:discover_packages(colcon_meta) discover
[0.266s] Level 1:colcon.colcon_core.package_discovery:discover_packages(recursive) discover
[0.266s] INFO:colcon.colcon_core.package_discovery:Crawling recursively for packages in '/workspace/ros2_ws_diff_drive'
[0.266s] Level 1:colcon.colcon_core.package_identification:_identify(.) by extensions ['ignore', 'ignore_ament_install']
[0.266s] Level 1:colcon.colcon_core.package_identification:_identify(.) by extension 'ignore'
[0.266s] Level 1:colcon.colcon_core.package_identification:_identify(.) by extension 'ignore_ament_install'
[0.266s] Level 1:colcon.colcon_core.package_identification:_identify(.) by extensions ['colcon_pkg']
[0.266s] Level 1:colcon.colcon_core.package_identification:_identify(.) by extension 'colcon_pkg'
[0.266s] Level 1:colcon.colcon_core.package_identification:_identify(.) by extensions ['colcon_meta']
[0.266s] Level 1:colcon.colcon_core.package_identification:_identify(.) by extension 'colcon_meta'
[0.266s] Level 1:colcon.colcon_core.package_identification:_identify(.) by extensions ['ros']
[0.266s] Level 1:colcon.colcon_core.package_identification:_identify(.) by extension 'ros'
[0.278s] Level 1:colcon.colcon_core.package_identification:_identify(.) by extensions ['cmake', 'python']
[0.278s] Level 1:colcon.colcon_core.package_identification:_identify(.) by extension 'cmake'
[0.278s] Level 1:colcon.colcon_core.package_identification:_identify(.) by extension 'python'
[0.278s] Level 1:colcon.colcon_core.package_identification:_identify(.) by extensions ['python_setup_py']
[0.278s] Level 1:colcon.colcon_core.package_identification:_identify(.) by extension 'python_setup_py'
[0.278s] Level 1:colcon.colcon_core.package_identification:_identify(build) by extensions ['ignore', 'ignore_ament_install']
[0.279s] Level 1:colcon.colcon_core.package_identification:_identify(build) by extension 'ignore'
[0.279s] Level 1:colcon.colcon_core.package_identification:_identify(build) ignored
[0.279s] Level 1:colcon.colcon_core.package_identification:_identify(install) by extensions ['ignore', 'ignore_ament_install']
[0.279s] Level 1:colcon.colcon_core.package_identification:_identify(install) by extension 'ignore'
[0.279s] Level 1:colcon.colcon_core.package_identification:_identify(install) ignored
[0.279s] Level 1:colcon.colcon_core.package_identification:_identify(log) by extensions ['ignore', 'ignore_ament_install']
[0.279s] Level 1:colcon.colcon_core.package_identification:_identify(log) by extension 'ignore'
[0.279s] Level 1:colcon.colcon_core.package_identification:_identify(log) ignored
[0.279s] Level 1:colcon.colcon_core.package_identification:_identify(src) by extensions ['ignore', 'ignore_ament_install']
[0.279s] Level 1:colcon.colcon_core.package_identification:_identify(src) by extension 'ignore'
[0.280s] Level 1:colcon.colcon_core.package_identification:_identify(src) by extension 'ignore_ament_install'
[0.280s] Level 1:colcon.colcon_core.package_identification:_identify(src) by extensions ['colcon_pkg']
[0.280s] Level 1:colcon.colcon_core.package_identification:_identify(src) by extension 'colcon_pkg'
[0.280s] Level 1:colcon.colcon_core.package_identification:_identify(src) by extensions ['colcon_meta']
[0.280s] Level 1:colcon.colcon_core.package_identification:_identify(src) by extension 'colcon_meta'
[0.280s] Level 1:colcon.colcon_core.package_identification:_identify(src) by extensions ['ros']
[0.280s] Level 1:colcon.colcon_core.package_identification:_identify(src) by extension 'ros'
[0.280s] Level 1:colcon.colcon_core.package_identification:_identify(src) by extensions ['cmake', 'python']
[0.280s] Level 1:colcon.colcon_core.package_identification:_identify(src) by extension 'cmake'
[0.280s] Level 1:colcon.colcon_core.package_identification:_identify(src) by extension 'python'
[0.280s] Level 1:colcon.colcon_core.package_identification:_identify(src) by extensions ['python_setup_py']
[0.280s] Level 1:colcon.colcon_core.package_identification:_identify(src) by extension 'python_setup_py'
[0.280s] Level 1:colcon.colcon_core.package_identification:_identify(src/launch) by extensions ['ignore', 'ignore_ament_install']
[0.280s] Level 1:colcon.colcon_core.package_identification:_identify(src/launch) by extension 'ignore'
[0.280s] Level 1:colcon.colcon_core.package_identification:_identify(src/launch) by extension 'ignore_ament_install'
[0.281s] Level 1:colcon.colcon_core.package_identification:_identify(src/launch) by extensions ['colcon_pkg']
[0.281s] Level 1:colcon.colcon_core.package_identification:_identify(src/launch) by extension 'colcon_pkg'
[0.281s] Level 1:colcon.colcon_core.package_identification:_identify(src/launch) by extensions ['colcon_meta']
[0.281s] Level 1:colcon.colcon_core.package_identification:_identify(src/launch) by extension 'colcon_meta'
[0.281s] Level 1:colcon.colcon_core.package_identification:_identify(src/launch) by extensions ['ros']
[0.281s] Level 1:colcon.colcon_core.package_identification:_identify(src/launch) by extension 'ros'
[0.283s] DEBUG:colcon.colcon_core.package_identification:Package 'src/launch' with type 'ros.ament_cmake' and name 'launch'
[0.283s] Level 1:colcon.colcon_core.package_identification:_identify(src/ros_gz) by extensions ['ignore', 'ignore_ament_install']
[0.283s] Level 1:colcon.colcon_core.package_identification:_identify(src/ros_gz) by extension 'ignore'
[0.284s] Level 1:colcon.colcon_core.package_identification:_identify(src/ros_gz) by extension 'ignore_ament_install'
[0.284s] Level 1:colcon.colcon_core.package_identification:_identify(src/ros_gz) by extensions ['colcon_pkg']
[0.284s] Level 1:colcon.colcon_core.package_identification:_identify(src/ros_gz) by extension 'colcon_pkg'
[0.284s] Level 1:colcon.colcon_core.package_identification:_identify(src/ros_gz) by extensions ['colcon_meta']
[0.284s] Level 1:colcon.colcon_core.package_identification:_identify(src/ros_gz) by extension 'colcon_meta'
[0.284s] Level 1:colcon.colcon_core.package_identification:_identify(src/ros_gz) by extensions ['ros']
[0.284s] Level 1:colcon.colcon_core.package_identification:_identify(src/ros_gz) by extension 'ros'
[0.284s] Level 1:colcon.colcon_core.package_identification:_identify(src/ros_gz) by extensions ['cmake', 'python']
[0.284s] Level 1:colcon.colcon_core.package_identification:_identify(src/ros_gz) by extension 'cmake'
[0.284s] Level 1:colcon.colcon_core.package_identification:_identify(src/ros_gz) by extension 'python'
[0.284s] Level 1:colcon.colcon_core.package_identification:_identify(src/ros_gz) by extensions ['python_setup_py']
[0.284s] Level 1:colcon.colcon_core.package_identification:_identify(src/ros_gz) by extension 'python_setup_py'
[0.284s] Level 1:colcon.colcon_core.package_identification:_identify(src/ros_gz/ros_gz_bringup) by extensions ['ignore', 'ignore_ament_install']
[0.284s] Level 1:colcon.colcon_core.package_identification:_identify(src/ros_gz/ros_gz_bringup) by extension 'ignore'
[0.285s] Level 1:colcon.colcon_core.package_identification:_identify(src/ros_gz/ros_gz_bringup) by extension 'ignore_ament_install'
[0.285s] Level 1:colcon.colcon_core.package_identification:_identify(src/ros_gz/ros_gz_bringup) by extensions ['colcon_pkg']
[0.285s] Level 1:colcon.colcon_core.package_identification:_identify(src/ros_gz/ros_gz_bringup) by extension 'colcon_pkg'
[0.285s] Level 1:colcon.colcon_core.package_identification:_identify(src/ros_gz/ros_gz_bringup) by extensions ['colcon_meta']
[0.285s] Level 1:colcon.colcon_core.package_identification:_identify(src/ros_gz/ros_gz_bringup) by extension 'colcon_meta'
[0.285s] Level 1:colcon.colcon_core.package_identification:_identify(src/ros_gz/ros_gz_bringup) by extensions ['ros']
[0.285s] Level 1:colcon.colcon_core.package_identification:_identify(src/ros_gz/ros_gz_bringup) by extension 'ros'
[0.286s] DEBUG:colcon.colcon_core.package_identification:Package 'src/ros_gz/ros_gz_bringup' with type 'ros.ament_cmake' and name 'ros_gz_bringup'
[0.286s] Level 1:colcon.colcon_core.package_identification:_identify(src/ros_gz/ros_gz_description) by extensions ['ignore', 'ignore_ament_install']
[0.286s] Level 1:colcon.colcon_core.package_identification:_identify(src/ros_gz/ros_gz_description) by extension 'ignore'
[0.286s] Level 1:colcon.colcon_core.package_identification:_identify(src/ros_gz/ros_gz_description) by extension 'ignore_ament_install'
[0.286s] Level 1:colcon.colcon_core.package_identification:_identify(src/ros_gz/ros_gz_description) by extensions ['colcon_pkg']
[0.286s] Level 1:colcon.colcon_core.package_identification:_identify(src/ros_gz/ros_gz_description) by extension 'colcon_pkg'
[0.286s] Level 1:colcon.colcon_core.package_identification:_identify(src/ros_gz/ros_gz_description) by extensions ['colcon_meta']
[0.287s] Level 1:colcon.colcon_core.package_identification:_identify(src/ros_gz/ros_gz_description) by extension 'colcon_meta'
[0.287s] Level 1:colcon.colcon_core.package_identification:_identify(src/ros_gz/ros_gz_description) by extensions ['ros']
[0.287s] Level 1:colcon.colcon_core.package_identification:_identify(src/ros_gz/ros_gz_description) by extension 'ros'
[0.287s] DEBUG:colcon.colcon_core.package_identification:Package 'src/ros_gz/ros_gz_description' with type 'ros.ament_cmake' and name 'ros_gz_description'
[0.287s] Level 1:colcon.colcon_core.package_identification:_identify(src/ros_gz/ros_gz_gazebo) by extensions ['ignore', 'ignore_ament_install']
[0.288s] Level 1:colcon.colcon_core.package_identification:_identify(src/ros_gz/ros_gz_gazebo) by extension 'ignore'
[0.288s] Level 1:colcon.colcon_core.package_identification:_identify(src/ros_gz/ros_gz_gazebo) by extension 'ignore_ament_install'
[0.288s] Level 1:colcon.colcon_core.package_identification:_identify(src/ros_gz/ros_gz_gazebo) by extensions ['colcon_pkg']
[0.288s] Level 1:colcon.colcon_core.package_identification:_identify(src/ros_gz/ros_gz_gazebo) by extension 'colcon_pkg'
[0.288s] Level 1:colcon.colcon_core.package_identification:_identify(src/ros_gz/ros_gz_gazebo) by extensions ['colcon_meta']
[0.288s] Level 1:colcon.colcon_core.package_identification:_identify(src/ros_gz/ros_gz_gazebo) by extension 'colcon_meta'
[0.288s] Level 1:colcon.colcon_core.package_identification:_identify(src/ros_gz/ros_gz_gazebo) by extensions ['ros']
[0.288s] Level 1:colcon.colcon_core.package_identification:_identify(src/ros_gz/ros_gz_gazebo) by extension 'ros'
[0.289s] DEBUG:colcon.colcon_core.package_identification:Package 'src/ros_gz/ros_gz_gazebo' with type 'ros.ament_cmake' and name 'ros_gz_gazebo'
[0.289s] Level 1:colcon.colcon_core.package_discovery:discover_packages(recursive) using defaults
[0.289s] Level 1:colcon.colcon_core.package_discovery:discover_packages(ignore) discover
[0.289s] Level 1:colcon.colcon_core.package_discovery:discover_packages(ignore) using defaults
[0.289s] Level 1:colcon.colcon_core.package_discovery:discover_packages(path) discover
[0.289s] Level 1:colcon.colcon_core.package_discovery:discover_packages(path) using defaults
[0.309s] Level 5:colcon.colcon_core.verb:set package 'launch' build argument 'cmake_args' from command line to 'None'
[0.309s] Level 5:colcon.colcon_core.verb:set package 'launch' build argument 'cmake_target' from command line to 'None'
[0.309s] Level 5:colcon.colcon_core.verb:set package 'launch' build argument 'cmake_target_skip_unavailable' from command line to 'False'
[0.309s] Level 5:colcon.colcon_core.verb:set package 'launch' build argument 'cmake_clean_cache' from command line to 'False'
[0.309s] Level 5:colcon.colcon_core.verb:set package 'launch' build argument 'cmake_clean_first' from command line to 'False'
[0.309s] Level 5:colcon.colcon_core.verb:set package 'launch' build argument 'cmake_force_configure' from command line to 'False'
[0.309s] Level 5:colcon.colcon_core.verb:set package 'launch' build argument 'ament_cmake_args' from command line to 'None'
[0.309s] Level 5:colcon.colcon_core.verb:set package 'launch' build argument 'catkin_cmake_args' from command line to 'None'
[0.310s] Level 5:colcon.colcon_core.verb:set package 'launch' build argument 'catkin_skip_building_tests' from command line to 'False'
[0.310s] DEBUG:colcon.colcon_core.verb:Building package 'launch' with the following arguments: {'ament_cmake_args': None, 'build_base': '/workspace/ros2_ws_diff_drive/build/launch', 'catkin_cmake_args': None, 'catkin_skip_building_tests': False, 'cmake_args': None, 'cmake_clean_cache': False, 'cmake_clean_first': False, 'cmake_force_configure': False, 'cmake_target': None, 'cmake_target_skip_unavailable': False, 'install_base': '/workspace/ros2_ws_diff_drive/install/launch', 'merge_install': False, 'path': '/workspace/ros2_ws_diff_drive/src/launch', 'symlink_install': False, 'test_result_base': None}
[0.310s] Level 5:colcon.colcon_core.verb:set package 'ros_gz_description' build argument 'cmake_args' from command line to 'None'
[0.310s] Level 5:colcon.colcon_core.verb:set package 'ros_gz_description' build argument 'cmake_target' from command line to 'None'
[0.310s] Level 5:colcon.colcon_core.verb:set package 'ros_gz_description' build argument 'cmake_target_skip_unavailable' from command line to 'False'
[0.310s] Level 5:colcon.colcon_core.verb:set package 'ros_gz_description' build argument 'cmake_clean_cache' from command line to 'False'
[0.310s] Level 5:colcon.colcon_core.verb:set package 'ros_gz_description' build argument 'cmake_clean_first' from command line to 'False'
[0.310s] Level 5:colcon.colcon_core.verb:set package 'ros_gz_description' build argument 'cmake_force_configure' from command line to 'False'
[0.310s] Level 5:colcon.colcon_core.verb:set package 'ros_gz_description' build argument 'ament_cmake_args' from command line to 'None'
[0.310s] Level 5:colcon.colcon_core.verb:set package 'ros_gz_description' build argument 'catkin_cmake_args' from command line to 'None'
[0.310s] Level 5:colcon.colcon_core.verb:set package 'ros_gz_description' build argument 'catkin_skip_building_tests' from command line to 'False'
[0.310s] DEBUG:colcon.colcon_core.verb:Building package 'ros_gz_description' with the following arguments: {'ament_cmake_args': None, 'build_base': '/workspace/ros2_ws_diff_drive/build/ros_gz_description', 'catkin_cmake_args': None, 'catkin_skip_building_tests': False, 'cmake_args': None, 'cmake_clean_cache': False, 'cmake_clean_first': False, 'cmake_force_configure': False, 'cmake_target': None, 'cmake_target_skip_unavailable': False, 'install_base': '/workspace/ros2_ws_diff_drive/install/ros_gz_description', 'merge_install': False, 'path': '/workspace/ros2_ws_diff_drive/src/ros_gz/ros_gz_description', 'symlink_install': False, 'test_result_base': None}
[0.311s] Level 5:colcon.colcon_core.verb:set package 'ros_gz_gazebo' build argument 'cmake_args' from command line to 'None'
[0.311s] Level 5:colcon.colcon_core.verb:set package 'ros_gz_gazebo' build argument 'cmake_target' from command line to 'None'
[0.311s] Level 5:colcon.colcon_core.verb:set package 'ros_gz_gazebo' build argument 'cmake_target_skip_unavailable' from command line to 'False'
[0.311s] Level 5:colcon.colcon_core.verb:set package 'ros_gz_gazebo' build argument 'cmake_clean_cache' from command line to 'False'
[0.311s] Level 5:colcon.colcon_core.verb:set package 'ros_gz_gazebo' build argument 'cmake_clean_first' from command line to 'False'
[0.311s] Level 5:colcon.colcon_core.verb:set package 'ros_gz_gazebo' build argument 'cmake_force_configure' from command line to 'False'
[0.311s] Level 5:colcon.colcon_core.verb:set package 'ros_gz_gazebo' build argument 'ament_cmake_args' from command line to 'None'
[0.311s] Level 5:colcon.colcon_core.verb:set package 'ros_gz_gazebo' build argument 'catkin_cmake_args' from command line to 'None'
[0.311s] Level 5:colcon.colcon_core.verb:set package 'ros_gz_gazebo' build argument 'catkin_skip_building_tests' from command line to 'False'
[0.311s] DEBUG:colcon.colcon_core.verb:Building package 'ros_gz_gazebo' with the following arguments: {'ament_cmake_args': None, 'build_base': '/workspace/ros2_ws_diff_drive/build/ros_gz_gazebo', 'catkin_cmake_args': None, 'catkin_skip_building_tests': False, 'cmake_args': None, 'cmake_clean_cache': False, 'cmake_clean_first': False, 'cmake_force_configure': False, 'cmake_target': None, 'cmake_target_skip_unavailable': False, 'install_base': '/workspace/ros2_ws_diff_drive/install/ros_gz_gazebo', 'merge_install': False, 'path': '/workspace/ros2_ws_diff_drive/src/ros_gz/ros_gz_gazebo', 'symlink_install': False, 'test_result_base': None}
[0.312s] Level 5:colcon.colcon_core.verb:set package 'ros_gz_bringup' build argument 'cmake_args' from command line to 'None'
[0.312s] Level 5:colcon.colcon_core.verb:set package 'ros_gz_bringup' build argument 'cmake_target' from command line to 'None'
[0.312s] Level 5:colcon.colcon_core.verb:set package 'ros_gz_bringup' build argument 'cmake_target_skip_unavailable' from command line to 'False'
[0.312s] Level 5:colcon.colcon_core.verb:set package 'ros_gz_bringup' build argument 'cmake_clean_cache' from command line to 'False'
[0.312s] Level 5:colcon.colcon_core.verb:set package 'ros_gz_bringup' build argument 'cmake_clean_first' from command line to 'False'
[0.312s] Level 5:colcon.colcon_core.verb:set package 'ros_gz_bringup' build argument 'cmake_force_configure' from command line to 'False'
[0.312s] Level 5:colcon.colcon_core.verb:set package 'ros_gz_bringup' build argument 'ament_cmake_args' from command line to 'None'
[0.312s] Level 5:colcon.colcon_core.verb:set package 'ros_gz_bringup' build argument 'catkin_cmake_args' from command line to 'None'
[0.312s] Level 5:colcon.colcon_core.verb:set package 'ros_gz_bringup' build argument 'catkin_skip_building_tests' from command line to 'False'
[0.312s] DEBUG:colcon.colcon_core.verb:Building package 'ros_gz_bringup' with the following arguments: {'ament_cmake_args': None, 'build_base': '/workspace/ros2_ws_diff_drive/build/ros_gz_bringup', 'catkin_cmake_args': None, 'catkin_skip_building_tests': False, 'cmake_args': None, 'cmake_clean_cache': False, 'cmake_clean_first': False, 'cmake_force_configure': False, 'cmake_target': None, 'cmake_target_skip_unavailable': False, 'install_base': '/workspace/ros2_ws_diff_drive/install/ros_gz_bringup', 'merge_install': False, 'path': '/workspace/ros2_ws_diff_drive/src/ros_gz/ros_gz_bringup', 'symlink_install': False, 'test_result_base': None}
[0.312s] INFO:colcon.colcon_core.executor:Executing jobs using 'parallel' executor
[0.313s] DEBUG:colcon.colcon_parallel_executor.executor.parallel:run_until_complete
[0.314s] INFO:colcon.colcon_ros.task.ament_cmake.build:Building ROS package in '/workspace/ros2_ws_diff_drive/src/ros_gz/ros_gz_description' with build type 'ament_cmake'
[0.314s] INFO:colcon.colcon_cmake.task.cmake.build:Building CMake package in '/workspace/ros2_ws_diff_drive/src/ros_gz/ros_gz_description'
[0.316s] INFO:colcon.colcon_core.plugin_system:Skipping extension 'colcon_core.shell.bat': Not used on non-Windows systems
[0.316s] INFO:colcon.colcon_core.shell:Skip shell extension 'powershell' for command environment: Not usable outside of PowerShell
[0.316s] DEBUG:colcon.colcon_core.shell:Skip shell extension 'dsv' for command environment
[0.321s] INFO:colcon.colcon_ros.task.ament_cmake.build:Building ROS package in '/workspace/ros2_ws_diff_drive/src/launch' with build type 'ament_cmake'
[0.321s] INFO:colcon.colcon_cmake.task.cmake.build:Building CMake package in '/workspace/ros2_ws_diff_drive/src/launch'
[0.322s] INFO:colcon.colcon_core.shell:Skip shell extension 'powershell' for command environment: Not usable outside of PowerShell
[0.322s] DEBUG:colcon.colcon_core.shell:Skip shell extension 'dsv' for command environment
[0.329s] DEBUG:colcon.colcon_core.event_handler.log_command:Invoking command in '/workspace/ros2_ws_diff_drive/build/ros_gz_description': CMAKE_PREFIX_PATH=/opt/ros/humble /usr/bin/cmake --build /workspace/ros2_ws_diff_drive/build/ros_gz_description -- -j8 -l8
[0.333s] DEBUG:colcon.colcon_core.event_handler.log_command:Invoking command in '/workspace/ros2_ws_diff_drive/build/launch': CMAKE_PREFIX_PATH=/opt/ros/humble /usr/bin/cmake --build /workspace/ros2_ws_diff_drive/build/launch -- -j8 -l8
[0.366s] DEBUG:colcon.colcon_core.event_handler.log_command:Invoked command in '/workspace/ros2_ws_diff_drive/build/launch' returned '0': CMAKE_PREFIX_PATH=/opt/ros/humble /usr/bin/cmake --build /workspace/ros2_ws_diff_drive/build/launch -- -j8 -l8
[0.367s] DEBUG:colcon.colcon_core.event_handler.log_command:Invoked command in '/workspace/ros2_ws_diff_drive/build/ros_gz_description' returned '0': CMAKE_PREFIX_PATH=/opt/ros/humble /usr/bin/cmake --build /workspace/ros2_ws_diff_drive/build/ros_gz_description -- -j8 -l8
[0.393s] DEBUG:colcon.colcon_core.event_handler.log_command:Invoking command in '/workspace/ros2_ws_diff_drive/build/launch': CMAKE_PREFIX_PATH=/opt/ros/humble /usr/bin/cmake --install /workspace/ros2_ws_diff_drive/build/launch
[0.394s] DEBUG:colcon.colcon_core.event_handler.log_command:Invoking command in '/workspace/ros2_ws_diff_drive/build/ros_gz_description': CMAKE_PREFIX_PATH=/opt/ros/humble /usr/bin/cmake --install /workspace/ros2_ws_diff_drive/build/ros_gz_description
[0.403s] Level 1:colcon.colcon_core.environment:create_environment_scripts_only(launch)
[0.403s] DEBUG:colcon.colcon_core.event_handler.log_command:Invoked command in '/workspace/ros2_ws_diff_drive/build/launch' returned '0': CMAKE_PREFIX_PATH=/opt/ros/humble /usr/bin/cmake --install /workspace/ros2_ws_diff_drive/build/launch
[0.405s] Level 1:colcon.colcon_core.environment:checking '/workspace/ros2_ws_diff_drive/install/launch' for CMake module files
[0.406s] Level 1:colcon.colcon_core.environment:checking '/workspace/ros2_ws_diff_drive/install/launch' for CMake config files
[0.406s] Level 1:colcon.colcon_core.shell:create_environment_hook('launch', 'cmake_prefix_path')
[0.406s] INFO:colcon.colcon_core.shell:Creating environment hook '/workspace/ros2_ws_diff_drive/install/launch/share/launch/hook/cmake_prefix_path.ps1'
[0.407s] INFO:colcon.colcon_core.shell:Creating environment descriptor '/workspace/ros2_ws_diff_drive/install/launch/share/launch/hook/cmake_prefix_path.dsv'
[0.407s] INFO:colcon.colcon_core.shell:Creating environment hook '/workspace/ros2_ws_diff_drive/install/launch/share/launch/hook/cmake_prefix_path.sh'
[0.408s] Level 1:colcon.colcon_core.environment:checking '/workspace/ros2_ws_diff_drive/install/launch/bin'
[0.408s] Level 1:colcon.colcon_core.environment:checking '/workspace/ros2_ws_diff_drive/install/launch/lib/pkgconfig/launch.pc'
[0.410s] Level 1:colcon.colcon_core.environment:checking '/workspace/ros2_ws_diff_drive/install/launch/lib/python3.10/site-packages'
[0.410s] Level 1:colcon.colcon_core.environment:checking '/workspace/ros2_ws_diff_drive/install/launch/bin'
[0.410s] INFO:colcon.colcon_core.shell:Creating package script '/workspace/ros2_ws_diff_drive/install/launch/share/launch/package.ps1'
[0.411s] INFO:colcon.colcon_core.shell:Creating package descriptor '/workspace/ros2_ws_diff_drive/install/launch/share/launch/package.dsv'
[0.411s] INFO:colcon.colcon_core.shell:Creating package script '/workspace/ros2_ws_diff_drive/install/launch/share/launch/package.sh'
[0.412s] INFO:colcon.colcon_core.shell:Creating package script '/workspace/ros2_ws_diff_drive/install/launch/share/launch/package.bash'
[0.413s] INFO:colcon.colcon_core.shell:Creating package script '/workspace/ros2_ws_diff_drive/install/launch/share/launch/package.zsh'
[0.413s] Level 1:colcon.colcon_core.environment:create_file_with_runtime_dependencies(/workspace/ros2_ws_diff_drive/install/launch/share/colcon-core/packages/launch)
[0.415s] Level 1:colcon.colcon_core.environment:create_environment_scripts_only(ros_gz_description)
[0.415s] Level 1:colcon.colcon_core.environment:checking '/workspace/ros2_ws_diff_drive/install/ros_gz_description' for CMake module files
[0.415s] DEBUG:colcon.colcon_core.event_handler.log_command:Invoked command in '/workspace/ros2_ws_diff_drive/build/ros_gz_description' returned '0': CMAKE_PREFIX_PATH=/opt/ros/humble /usr/bin/cmake --install /workspace/ros2_ws_diff_drive/build/ros_gz_description
[0.416s] Level 1:colcon.colcon_core.environment:checking '/workspace/ros2_ws_diff_drive/install/ros_gz_description' for CMake config files
[0.416s] Level 1:colcon.colcon_core.shell:create_environment_hook('ros_gz_description', 'cmake_prefix_path')
[0.416s] INFO:colcon.colcon_core.shell:Creating environment hook '/workspace/ros2_ws_diff_drive/install/ros_gz_description/share/ros_gz_description/hook/cmake_prefix_path.ps1'
[0.416s] INFO:colcon.colcon_core.shell:Creating environment descriptor '/workspace/ros2_ws_diff_drive/install/ros_gz_description/share/ros_gz_description/hook/cmake_prefix_path.dsv'
[0.417s] INFO:colcon.colcon_core.shell:Creating environment hook '/workspace/ros2_ws_diff_drive/install/ros_gz_description/share/ros_gz_description/hook/cmake_prefix_path.sh'
[0.417s] Level 1:colcon.colcon_core.environment:checking '/workspace/ros2_ws_diff_drive/install/ros_gz_description/bin'
[0.417s] Level 1:colcon.colcon_core.environment:checking '/workspace/ros2_ws_diff_drive/install/ros_gz_description/lib/pkgconfig/ros_gz_description.pc'
[0.417s] Level 1:colcon.colcon_core.environment:checking '/workspace/ros2_ws_diff_drive/install/ros_gz_description/lib/python3.10/site-packages'
[0.418s] Level 1:colcon.colcon_core.environment:checking '/workspace/ros2_ws_diff_drive/install/ros_gz_description/bin'
[0.418s] INFO:colcon.colcon_core.shell:Creating package script '/workspace/ros2_ws_diff_drive/install/ros_gz_description/share/ros_gz_description/package.ps1'
[0.419s] INFO:colcon.colcon_core.shell:Creating package descriptor '/workspace/ros2_ws_diff_drive/install/ros_gz_description/share/ros_gz_description/package.dsv'
[0.419s] INFO:colcon.colcon_core.shell:Creating package script '/workspace/ros2_ws_diff_drive/install/ros_gz_description/share/ros_gz_description/package.sh'
[0.420s] INFO:colcon.colcon_core.shell:Creating package script '/workspace/ros2_ws_diff_drive/install/ros_gz_description/share/ros_gz_description/package.bash'
[0.420s] INFO:colcon.colcon_core.shell:Creating package script '/workspace/ros2_ws_diff_drive/install/ros_gz_description/share/ros_gz_description/package.zsh'
[0.420s] Level 1:colcon.colcon_core.environment:create_file_with_runtime_dependencies(/workspace/ros2_ws_diff_drive/install/ros_gz_description/share/colcon-core/packages/ros_gz_description)
[0.432s] Level 1:colcon.colcon_core.environment:create_environment_scripts_only(launch)
[0.433s] Level 1:colcon.colcon_core.environment:checking '/workspace/ros2_ws_diff_drive/install/launch' for CMake module files
[0.433s] Level 1:colcon.colcon_core.environment:checking '/workspace/ros2_ws_diff_drive/install/launch' for CMake config files
[0.434s] Level 1:colcon.colcon_core.shell:create_environment_hook('launch', 'cmake_prefix_path')
[0.434s] INFO:colcon.colcon_core.shell:Creating environment hook '/workspace/ros2_ws_diff_drive/install/launch/share/launch/hook/cmake_prefix_path.ps1'
[0.434s] INFO:colcon.colcon_core.shell:Creating environment descriptor '/workspace/ros2_ws_diff_drive/install/launch/share/launch/hook/cmake_prefix_path.dsv'
[0.435s] INFO:colcon.colcon_core.shell:Creating environment hook '/workspace/ros2_ws_diff_drive/install/launch/share/launch/hook/cmake_prefix_path.sh'
[0.435s] Level 1:colcon.colcon_core.environment:checking '/workspace/ros2_ws_diff_drive/install/launch/bin'
[0.435s] Level 1:colcon.colcon_core.environment:checking '/workspace/ros2_ws_diff_drive/install/launch/lib/pkgconfig/launch.pc'
[0.436s] Level 1:colcon.colcon_core.environment:checking '/workspace/ros2_ws_diff_drive/install/launch/lib/python3.10/site-packages'
[0.436s] Level 1:colcon.colcon_core.environment:checking '/workspace/ros2_ws_diff_drive/install/launch/bin'
[0.436s] INFO:colcon.colcon_core.shell:Creating package script '/workspace/ros2_ws_diff_drive/install/launch/share/launch/package.ps1'
[0.437s] INFO:colcon.colcon_core.shell:Creating package descriptor '/workspace/ros2_ws_diff_drive/install/launch/share/launch/package.dsv'
[0.437s] INFO:colcon.colcon_core.shell:Creating package script '/workspace/ros2_ws_diff_drive/install/launch/share/launch/package.sh'
[0.438s] INFO:colcon.colcon_core.shell:Creating package script '/workspace/ros2_ws_diff_drive/install/launch/share/launch/package.bash'
[0.438s] INFO:colcon.colcon_core.shell:Creating package script '/workspace/ros2_ws_diff_drive/install/launch/share/launch/package.zsh'
[0.438s] Level 1:colcon.colcon_core.environment:create_file_with_runtime_dependencies(/workspace/ros2_ws_diff_drive/install/launch/share/colcon-core/packages/launch)
[0.439s] Level 1:colcon.colcon_core.environment:create_environment_scripts_only(ros_gz_description)
[0.440s] Level 1:colcon.colcon_core.environment:checking '/workspace/ros2_ws_diff_drive/install/ros_gz_description' for CMake module files
[0.440s] Level 1:colcon.colcon_core.environment:checking '/workspace/ros2_ws_diff_drive/install/ros_gz_description' for CMake config files
[0.441s] Level 1:colcon.colcon_core.shell:create_environment_hook('ros_gz_description', 'cmake_prefix_path')
[0.441s] INFO:colcon.colcon_core.shell:Creating environment hook '/workspace/ros2_ws_diff_drive/install/ros_gz_description/share/ros_gz_description/hook/cmake_prefix_path.ps1'
[0.441s] INFO:colcon.colcon_core.shell:Creating environment descriptor '/workspace/ros2_ws_diff_drive/install/ros_gz_description/share/ros_gz_description/hook/cmake_prefix_path.dsv'
[0.442s] INFO:colcon.colcon_core.shell:Creating environment hook '/workspace/ros2_ws_diff_drive/install/ros_gz_description/share/ros_gz_description/hook/cmake_prefix_path.sh'
[0.442s] Level 1:colcon.colcon_core.environment:checking '/workspace/ros2_ws_diff_drive/install/ros_gz_description/bin'
[0.442s] Level 1:colcon.colcon_core.environment:checking '/workspace/ros2_ws_diff_drive/install/ros_gz_description/lib/pkgconfig/ros_gz_description.pc'
[0.443s] Level 1:colcon.colcon_core.environment:checking '/workspace/ros2_ws_diff_drive/install/ros_gz_description/lib/python3.10/site-packages'
[0.443s] Level 1:colcon.colcon_core.environment:checking '/workspace/ros2_ws_diff_drive/install/ros_gz_description/bin'
[0.443s] INFO:colcon.colcon_core.shell:Creating package script '/workspace/ros2_ws_diff_drive/install/ros_gz_description/share/ros_gz_description/package.ps1'
[0.444s] INFO:colcon.colcon_core.shell:Creating package descriptor '/workspace/ros2_ws_diff_drive/install/ros_gz_description/share/ros_gz_description/package.dsv'
[0.444s] INFO:colcon.colcon_core.shell:Creating package script '/workspace/ros2_ws_diff_drive/install/ros_gz_description/share/ros_gz_description/package.sh'
[0.445s] INFO:colcon.colcon_core.shell:Creating package script '/workspace/ros2_ws_diff_drive/install/ros_gz_description/share/ros_gz_description/package.bash'
[0.445s] INFO:colcon.colcon_core.shell:Creating package script '/workspace/ros2_ws_diff_drive/install/ros_gz_description/share/ros_gz_description/package.zsh'
[0.445s] Level 1:colcon.colcon_core.environment:create_file_with_runtime_dependencies(/workspace/ros2_ws_diff_drive/install/ros_gz_description/share/colcon-core/packages/ros_gz_description)
[0.446s] INFO:colcon.colcon_ros.task.ament_cmake.build:Building ROS package in '/workspace/ros2_ws_diff_drive/src/ros_gz/ros_gz_gazebo' with build type 'ament_cmake'
[0.446s] INFO:colcon.colcon_cmake.task.cmake.build:Building CMake package in '/workspace/ros2_ws_diff_drive/src/ros_gz/ros_gz_gazebo'
[0.446s] INFO:colcon.colcon_core.shell:Skip shell extension 'powershell' for command environment: Not usable outside of PowerShell
[0.446s] DEBUG:colcon.colcon_core.shell:Skip shell extension 'dsv' for command environment
[0.455s] DEBUG:colcon.colcon_core.event_handler.log_command:Invoking command in '/workspace/ros2_ws_diff_drive/build/ros_gz_gazebo': AMENT_PREFIX_PATH=/workspace/ros2_ws_diff_drive/install/ros_gz_description:${AMENT_PREFIX_PATH} CMAKE_PREFIX_PATH=/workspace/ros2_ws_diff_drive/install/ros_gz_description:/opt/ros/humble IGN_GAZEBO_RESOURCE_PATH=/workspace/ros2_ws_diff_drive/install/ros_gz_description/share/ros_gz_description/models /usr/bin/cmake --build /workspace/ros2_ws_diff_drive/build/ros_gz_gazebo -- -j8 -l8
[0.516s] DEBUG:colcon.colcon_core.event_handler.log_command:Invoked command in '/workspace/ros2_ws_diff_drive/build/ros_gz_gazebo' returned '0': AMENT_PREFIX_PATH=/workspace/ros2_ws_diff_drive/install/ros_gz_description:${AMENT_PREFIX_PATH} CMAKE_PREFIX_PATH=/workspace/ros2_ws_diff_drive/install/ros_gz_description:/opt/ros/humble IGN_GAZEBO_RESOURCE_PATH=/workspace/ros2_ws_diff_drive/install/ros_gz_description/share/ros_gz_description/models /usr/bin/cmake --build /workspace/ros2_ws_diff_drive/build/ros_gz_gazebo -- -j8 -l8
[0.544s] DEBUG:colcon.colcon_core.event_handler.log_command:Invoking command in '/workspace/ros2_ws_diff_drive/build/ros_gz_gazebo': AMENT_PREFIX_PATH=/workspace/ros2_ws_diff_drive/install/ros_gz_description:${AMENT_PREFIX_PATH} CMAKE_PREFIX_PATH=/workspace/ros2_ws_diff_drive/install/ros_gz_description:/opt/ros/humble IGN_GAZEBO_RESOURCE_PATH=/workspace/ros2_ws_diff_drive/install/ros_gz_description/share/ros_gz_description/models /usr/bin/cmake --install /workspace/ros2_ws_diff_drive/build/ros_gz_gazebo
[0.554s] Level 1:colcon.colcon_core.environment:create_environment_scripts_only(ros_gz_gazebo)
[0.555s] Level 1:colcon.colcon_core.environment:checking '/workspace/ros2_ws_diff_drive/install/ros_gz_gazebo' for CMake module files
[0.555s] DEBUG:colcon.colcon_core.event_handler.log_command:Invoked command in '/workspace/ros2_ws_diff_drive/build/ros_gz_gazebo' returned '0': AMENT_PREFIX_PATH=/workspace/ros2_ws_diff_drive/install/ros_gz_description:${AMENT_PREFIX_PATH} CMAKE_PREFIX_PATH=/workspace/ros2_ws_diff_drive/install/ros_gz_description:/opt/ros/humble IGN_GAZEBO_RESOURCE_PATH=/workspace/ros2_ws_diff_drive/install/ros_gz_description/share/ros_gz_description/models /usr/bin/cmake --install /workspace/ros2_ws_diff_drive/build/ros_gz_gazebo
[0.555s] Level 1:colcon.colcon_core.environment:checking '/workspace/ros2_ws_diff_drive/install/ros_gz_gazebo' for CMake config files
[0.555s] Level 1:colcon.colcon_core.shell:create_environment_hook('ros_gz_gazebo', 'cmake_prefix_path')
[0.556s] INFO:colcon.colcon_core.shell:Creating environment hook '/workspace/ros2_ws_diff_drive/install/ros_gz_gazebo/share/ros_gz_gazebo/hook/cmake_prefix_path.ps1'
[0.556s] INFO:colcon.colcon_core.shell:Creating environment descriptor '/workspace/ros2_ws_diff_drive/install/ros_gz_gazebo/share/ros_gz_gazebo/hook/cmake_prefix_path.dsv'
[0.556s] INFO:colcon.colcon_core.shell:Creating environment hook '/workspace/ros2_ws_diff_drive/install/ros_gz_gazebo/share/ros_gz_gazebo/hook/cmake_prefix_path.sh'
[0.557s] Level 1:colcon.colcon_core.environment:checking '/workspace/ros2_ws_diff_drive/install/ros_gz_gazebo/lib'
[0.557s] Level 1:colcon.colcon_core.environment:checking '/workspace/ros2_ws_diff_drive/install/ros_gz_gazebo/bin'
[0.557s] Level 1:colcon.colcon_core.environment:checking '/workspace/ros2_ws_diff_drive/install/ros_gz_gazebo/lib/pkgconfig/ros_gz_gazebo.pc'
[0.557s] Level 1:colcon.colcon_core.environment:checking '/workspace/ros2_ws_diff_drive/install/ros_gz_gazebo/lib/python3.10/site-packages'
[0.558s] Level 1:colcon.colcon_core.environment:checking '/workspace/ros2_ws_diff_drive/install/ros_gz_gazebo/bin'
[0.558s] INFO:colcon.colcon_core.shell:Creating package script '/workspace/ros2_ws_diff_drive/install/ros_gz_gazebo/share/ros_gz_gazebo/package.ps1'
[0.558s] INFO:colcon.colcon_core.shell:Creating package descriptor '/workspace/ros2_ws_diff_drive/install/ros_gz_gazebo/share/ros_gz_gazebo/package.dsv'
[0.558s] INFO:colcon.colcon_core.shell:Creating package script '/workspace/ros2_ws_diff_drive/install/ros_gz_gazebo/share/ros_gz_gazebo/package.sh'
[0.559s] INFO:colcon.colcon_core.shell:Creating package script '/workspace/ros2_ws_diff_drive/install/ros_gz_gazebo/share/ros_gz_gazebo/package.bash'
[0.559s] INFO:colcon.colcon_core.shell:Creating package script '/workspace/ros2_ws_diff_drive/install/ros_gz_gazebo/share/ros_gz_gazebo/package.zsh'
[0.559s] Level 1:colcon.colcon_core.environment:create_file_with_runtime_dependencies(/workspace/ros2_ws_diff_drive/install/ros_gz_gazebo/share/colcon-core/packages/ros_gz_gazebo)
[0.585s] Level 1:colcon.colcon_core.environment:create_environment_scripts_only(ros_gz_gazebo)
[0.585s] Level 1:colcon.colcon_core.environment:checking '/workspace/ros2_ws_diff_drive/install/ros_gz_gazebo' for CMake module files
[0.585s] Level 1:colcon.colcon_core.environment:checking '/workspace/ros2_ws_diff_drive/install/ros_gz_gazebo' for CMake config files
[0.586s] Level 1:colcon.colcon_core.shell:create_environment_hook('ros_gz_gazebo', 'cmake_prefix_path')
[0.586s] INFO:colcon.colcon_core.shell:Creating environment hook '/workspace/ros2_ws_diff_drive/install/ros_gz_gazebo/share/ros_gz_gazebo/hook/cmake_prefix_path.ps1'
[0.586s] INFO:colcon.colcon_core.shell:Creating environment descriptor '/workspace/ros2_ws_diff_drive/install/ros_gz_gazebo/share/ros_gz_gazebo/hook/cmake_prefix_path.dsv'
[0.587s] INFO:colcon.colcon_core.shell:Creating environment hook '/workspace/ros2_ws_diff_drive/install/ros_gz_gazebo/share/ros_gz_gazebo/hook/cmake_prefix_path.sh'
[0.587s] Level 1:colcon.colcon_core.environment:checking '/workspace/ros2_ws_diff_drive/install/ros_gz_gazebo/lib'
[0.587s] Level 1:colcon.colcon_core.environment:checking '/workspace/ros2_ws_diff_drive/install/ros_gz_gazebo/bin'
[0.587s] Level 1:colcon.colcon_core.environment:checking '/workspace/ros2_ws_diff_drive/install/ros_gz_gazebo/lib/pkgconfig/ros_gz_gazebo.pc'
[0.588s] Level 1:colcon.colcon_core.environment:checking '/workspace/ros2_ws_diff_drive/install/ros_gz_gazebo/lib/python3.10/site-packages'
[0.588s] Level 1:colcon.colcon_core.environment:checking '/workspace/ros2_ws_diff_drive/install/ros_gz_gazebo/bin'
[0.588s] INFO:colcon.colcon_core.shell:Creating package script '/workspace/ros2_ws_diff_drive/install/ros_gz_gazebo/share/ros_gz_gazebo/package.ps1'
[0.588s] INFO:colcon.colcon_core.shell:Creating package descriptor '/workspace/ros2_ws_diff_drive/install/ros_gz_gazebo/share/ros_gz_gazebo/package.dsv'
[0.589s] INFO:colcon.colcon_core.shell:Creating package script '/workspace/ros2_ws_diff_drive/install/ros_gz_gazebo/share/ros_gz_gazebo/package.sh'
[0.589s] INFO:colcon.colcon_core.shell:Creating package script '/workspace/ros2_ws_diff_drive/install/ros_gz_gazebo/share/ros_gz_gazebo/package.bash'
[0.590s] INFO:colcon.colcon_core.shell:Creating package script '/workspace/ros2_ws_diff_drive/install/ros_gz_gazebo/share/ros_gz_gazebo/package.zsh'
[0.590s] Level 1:colcon.colcon_core.environment:create_file_with_runtime_dependencies(/workspace/ros2_ws_diff_drive/install/ros_gz_gazebo/share/colcon-core/packages/ros_gz_gazebo)
[0.590s] INFO:colcon.colcon_ros.task.ament_cmake.build:Building ROS package in '/workspace/ros2_ws_diff_drive/src/ros_gz/ros_gz_bringup' with build type 'ament_cmake'
[0.590s] INFO:colcon.colcon_cmake.task.cmake.build:Building CMake package in '/workspace/ros2_ws_diff_drive/src/ros_gz/ros_gz_bringup'
[0.591s] INFO:colcon.colcon_core.shell:Skip shell extension 'powershell' for command environment: Not usable outside of PowerShell
[0.591s] DEBUG:colcon.colcon_core.shell:Skip shell extension 'dsv' for command environment
[0.600s] DEBUG:colcon.colcon_core.event_handler.log_command:Invoking command in '/workspace/ros2_ws_diff_drive/build/ros_gz_bringup': AMENT_PREFIX_PATH=/workspace/ros2_ws_diff_drive/install/ros_gz_gazebo:/workspace/ros2_ws_diff_drive/install/ros_gz_description:${AMENT_PREFIX_PATH} CMAKE_PREFIX_PATH=/workspace/ros2_ws_diff_drive/install/ros_gz_gazebo:/workspace/ros2_ws_diff_drive/install/ros_gz_description:/opt/ros/humble IGN_GAZEBO_PLUGIN_PATH=/workspace/ros2_ws_diff_drive/install/ros_gz_gazebo/lib/ros_gz_gazebo IGN_GAZEBO_RESOURCE_PATH=/workspace/ros2_ws_diff_drive/install/ros_gz_gazebo/share/ros_gz_gazebo/worlds:/workspace/ros2_ws_diff_drive/install/ros_gz_description/share/ros_gz_description/models /usr/bin/cmake --build /workspace/ros2_ws_diff_drive/build/ros_gz_bringup -- -j8 -l8
[0.633s] DEBUG:colcon.colcon_core.event_handler.log_command:Invoked command in '/workspace/ros2_ws_diff_drive/build/ros_gz_bringup' returned '0': AMENT_PREFIX_PATH=/workspace/ros2_ws_diff_drive/install/ros_gz_gazebo:/workspace/ros2_ws_diff_drive/install/ros_gz_description:${AMENT_PREFIX_PATH} CMAKE_PREFIX_PATH=/workspace/ros2_ws_diff_drive/install/ros_gz_gazebo:/workspace/ros2_ws_diff_drive/install/ros_gz_description:/opt/ros/humble IGN_GAZEBO_PLUGIN_PATH=/workspace/ros2_ws_diff_drive/install/ros_gz_gazebo/lib/ros_gz_gazebo IGN_GAZEBO_RESOURCE_PATH=/workspace/ros2_ws_diff_drive/install/ros_gz_gazebo/share/ros_gz_gazebo/worlds:/workspace/ros2_ws_diff_drive/install/ros_gz_description/share/ros_gz_description/models /usr/bin/cmake --build /workspace/ros2_ws_diff_drive/build/ros_gz_bringup -- -j8 -l8
[0.654s] DEBUG:colcon.colcon_core.event_handler.log_command:Invoking command in '/workspace/ros2_ws_diff_drive/build/ros_gz_bringup': AMENT_PREFIX_PATH=/workspace/ros2_ws_diff_drive/install/ros_gz_gazebo:/workspace/ros2_ws_diff_drive/install/ros_gz_description:${AMENT_PREFIX_PATH} CMAKE_PREFIX_PATH=/workspace/ros2_ws_diff_drive/install/ros_gz_gazebo:/workspace/ros2_ws_diff_drive/install/ros_gz_description:/opt/ros/humble IGN_GAZEBO_PLUGIN_PATH=/workspace/ros2_ws_diff_drive/install/ros_gz_gazebo/lib/ros_gz_gazebo IGN_GAZEBO_RESOURCE_PATH=/workspace/ros2_ws_diff_drive/install/ros_gz_gazebo/share/ros_gz_gazebo/worlds:/workspace/ros2_ws_diff_drive/install/ros_gz_description/share/ros_gz_description/models /usr/bin/cmake --install /workspace/ros2_ws_diff_drive/build/ros_gz_bringup
[0.663s] Level 1:colcon.colcon_core.environment:create_environment_scripts_only(ros_gz_bringup)
[0.663s] Level 1:colcon.colcon_core.environment:checking '/workspace/ros2_ws_diff_drive/install/ros_gz_bringup' for CMake module files
[0.663s] DEBUG:colcon.colcon_core.event_handler.log_command:Invoked command in '/workspace/ros2_ws_diff_drive/build/ros_gz_bringup' returned '0': AMENT_PREFIX_PATH=/workspace/ros2_ws_diff_drive/install/ros_gz_gazebo:/workspace/ros2_ws_diff_drive/install/ros_gz_description:${AMENT_PREFIX_PATH} CMAKE_PREFIX_PATH=/workspace/ros2_ws_diff_drive/install/ros_gz_gazebo:/workspace/ros2_ws_diff_drive/install/ros_gz_description:/opt/ros/humble IGN_GAZEBO_PLUGIN_PATH=/workspace/ros2_ws_diff_drive/install/ros_gz_gazebo/lib/ros_gz_gazebo IGN_GAZEBO_RESOURCE_PATH=/workspace/ros2_ws_diff_drive/install/ros_gz_gazebo/share/ros_gz_gazebo/worlds:/workspace/ros2_ws_diff_drive/install/ros_gz_description/share/ros_gz_description/models /usr/bin/cmake --install /workspace/ros2_ws_diff_drive/build/ros_gz_bringup
[0.663s] Level 1:colcon.colcon_core.environment:checking '/workspace/ros2_ws_diff_drive/install/ros_gz_bringup' for CMake config files
[0.664s] Level 1:colcon.colcon_core.shell:create_environment_hook('ros_gz_bringup', 'cmake_prefix_path')
[0.664s] INFO:colcon.colcon_core.shell:Creating environment hook '/workspace/ros2_ws_diff_drive/install/ros_gz_bringup/share/ros_gz_bringup/hook/cmake_prefix_path.ps1'
[0.664s] INFO:colcon.colcon_core.shell:Creating environment descriptor '/workspace/ros2_ws_diff_drive/install/ros_gz_bringup/share/ros_gz_bringup/hook/cmake_prefix_path.dsv'
[0.665s] INFO:colcon.colcon_core.shell:Creating environment hook '/workspace/ros2_ws_diff_drive/install/ros_gz_bringup/share/ros_gz_bringup/hook/cmake_prefix_path.sh'
[0.665s] Level 1:colcon.colcon_core.environment:checking '/workspace/ros2_ws_diff_drive/install/ros_gz_bringup/bin'
[0.665s] Level 1:colcon.colcon_core.environment:checking '/workspace/ros2_ws_diff_drive/install/ros_gz_bringup/lib/pkgconfig/ros_gz_bringup.pc'
[0.665s] Level 1:colcon.colcon_core.environment:checking '/workspace/ros2_ws_diff_drive/install/ros_gz_bringup/lib/python3.10/site-packages'
[0.666s] Level 1:colcon.colcon_core.environment:checking '/workspace/ros2_ws_diff_drive/install/ros_gz_bringup/bin'
[0.666s] INFO:colcon.colcon_core.shell:Creating package script '/workspace/ros2_ws_diff_drive/install/ros_gz_bringup/share/ros_gz_bringup/package.ps1'
[0.666s] INFO:colcon.colcon_core.shell:Creating package descriptor '/workspace/ros2_ws_diff_drive/install/ros_gz_bringup/share/ros_gz_bringup/package.dsv'
[0.667s] INFO:colcon.colcon_core.shell:Creating package script '/workspace/ros2_ws_diff_drive/install/ros_gz_bringup/share/ros_gz_bringup/package.sh'
[0.667s] INFO:colcon.colcon_core.shell:Creating package script '/workspace/ros2_ws_diff_drive/install/ros_gz_bringup/share/ros_gz_bringup/package.bash'
[0.667s] INFO:colcon.colcon_core.shell:Creating package script '/workspace/ros2_ws_diff_drive/install/ros_gz_bringup/share/ros_gz_bringup/package.zsh'
[0.667s] Level 1:colcon.colcon_core.environment:create_file_with_runtime_dependencies(/workspace/ros2_ws_diff_drive/install/ros_gz_bringup/share/colcon-core/packages/ros_gz_bringup)
[0.686s] Level 1:colcon.colcon_core.environment:create_environment_scripts_only(ros_gz_bringup)
[0.686s] Level 1:colcon.colcon_core.environment:checking '/workspace/ros2_ws_diff_drive/install/ros_gz_bringup' for CMake module files
[0.686s] Level 1:colcon.colcon_core.environment:checking '/workspace/ros2_ws_diff_drive/install/ros_gz_bringup' for CMake config files
[0.687s] Level 1:colcon.colcon_core.shell:create_environment_hook('ros_gz_bringup', 'cmake_prefix_path')
[0.687s] INFO:colcon.colcon_core.shell:Creating environment hook '/workspace/ros2_ws_diff_drive/install/ros_gz_bringup/share/ros_gz_bringup/hook/cmake_prefix_path.ps1'
[0.687s] INFO:colcon.colcon_core.shell:Creating environment descriptor '/workspace/ros2_ws_diff_drive/install/ros_gz_bringup/share/ros_gz_bringup/hook/cmake_prefix_path.dsv'
[0.688s] INFO:colcon.colcon_core.shell:Creating environment hook '/workspace/ros2_ws_diff_drive/install/ros_gz_bringup/share/ros_gz_bringup/hook/cmake_prefix_path.sh'
[0.688s] Level 1:colcon.colcon_core.environment:checking '/workspace/ros2_ws_diff_drive/install/ros_gz_bringup/bin'
[0.688s] Level 1:colcon.colcon_core.environment:checking '/workspace/ros2_ws_diff_drive/install/ros_gz_bringup/lib/pkgconfig/ros_gz_bringup.pc'
[0.688s] Level 1:colcon.colcon_core.environment:checking '/workspace/ros2_ws_diff_drive/install/ros_gz_bringup/lib/python3.10/site-packages'
[0.688s] Level 1:colcon.colcon_core.environment:checking '/workspace/ros2_ws_diff_drive/install/ros_gz_bringup/bin'
[0.689s] INFO:colcon.colcon_core.shell:Creating package script '/workspace/ros2_ws_diff_drive/install/ros_gz_bringup/share/ros_gz_bringup/package.ps1'
[0.689s] INFO:colcon.colcon_core.shell:Creating package descriptor '/workspace/ros2_ws_diff_drive/install/ros_gz_bringup/share/ros_gz_bringup/package.dsv'
[0.690s] INFO:colcon.colcon_core.shell:Creating package script '/workspace/ros2_ws_diff_drive/install/ros_gz_bringup/share/ros_gz_bringup/package.sh'
[0.690s] INFO:colcon.colcon_core.shell:Creating package script '/workspace/ros2_ws_diff_drive/install/ros_gz_bringup/share/ros_gz_bringup/package.bash'
[0.690s] INFO:colcon.colcon_core.shell:Creating package script '/workspace/ros2_ws_diff_drive/install/ros_gz_bringup/share/ros_gz_bringup/package.zsh'
[0.691s] Level 1:colcon.colcon_core.environment:create_file_with_runtime_dependencies(/workspace/ros2_ws_diff_drive/install/ros_gz_bringup/share/colcon-core/packages/ros_gz_bringup)
[0.691s] DEBUG:colcon.colcon_parallel_executor.executor.parallel:closing loop
[0.691s] DEBUG:colcon.colcon_parallel_executor.executor.parallel:loop closed
[0.691s] DEBUG:colcon.colcon_parallel_executor.executor.parallel:run_until_complete finished with '0'
[0.691s] DEBUG:colcon.colcon_core.event_reactor:joining thread
[0.707s] INFO:colcon.colcon_core.plugin_system:Skipping extension 'colcon_notification.desktop_notification.notify_send': Could not find 'notify-send'
[0.707s] INFO:colcon.colcon_core.plugin_system:Skipping extension 'colcon_notification.desktop_notification.terminal_notifier': Not used on non-Darwin systems
[0.707s] INFO:colcon.colcon_core.plugin_system:Skipping extension 'colcon_notification.desktop_notification.win32': Not used on non-Windows systems
[0.707s] INFO:colcon.colcon_notification.desktop_notification:Sending desktop notification using 'notify2'
[0.710s] DEBUG:colcon.colcon_notification.desktop_notification.notify2:Failed to initialize notify2: org.freedesktop.DBus.Error.Spawn.ExecFailed: /usr/bin/dbus-launch terminated abnormally without any error message
[0.711s] DEBUG:colcon.colcon_core.event_reactor:joined thread
[0.711s] INFO:colcon.colcon_core.shell:Creating prefix script '/workspace/ros2_ws_diff_drive/install/local_setup.ps1'
[0.713s] INFO:colcon.colcon_core.shell:Creating prefix util module '/workspace/ros2_ws_diff_drive/install/_local_setup_util_ps1.py'
[0.714s] INFO:colcon.colcon_core.shell:Creating prefix chain script '/workspace/ros2_ws_diff_drive/install/setup.ps1'
[0.715s] INFO:colcon.colcon_core.shell:Creating prefix script '/workspace/ros2_ws_diff_drive/install/local_setup.sh'
[0.716s] INFO:colcon.colcon_core.shell:Creating prefix util module '/workspace/ros2_ws_diff_drive/install/_local_setup_util_sh.py'
[0.716s] INFO:colcon.colcon_core.shell:Creating prefix chain script '/workspace/ros2_ws_diff_drive/install/setup.sh'
[0.717s] INFO:colcon.colcon_core.shell:Creating prefix script '/workspace/ros2_ws_diff_drive/install/local_setup.bash'
[0.717s] INFO:colcon.colcon_core.shell:Creating prefix chain script '/workspace/ros2_ws_diff_drive/install/setup.bash'
[0.718s] INFO:colcon.colcon_core.shell:Creating prefix script '/workspace/ros2_ws_diff_drive/install/local_setup.zsh'
[0.719s] INFO:colcon.colcon_core.shell:Creating prefix chain script '/workspace/ros2_ws_diff_drive/install/setup.zsh'
