[0.012s] Invoking command in '/workspace/ros2_ws_turtlebot3/build/ros_gz_description': CMAKE_PREFIX_PATH=/opt/ros/humble /usr/bin/cmake /workspace/ros2_ws_turtlebot3/src/ros_gz/ros_gz_description -DCMAKE_INSTALL_PREFIX=/workspace/ros2_ws_turtlebot3/install/ros_gz_description
[0.051s] -- The C compiler identification is GNU 11.4.0
[0.092s] -- The CXX compiler identification is GNU 11.4.0
[0.098s] -- Detecting C compiler ABI info
[0.144s] -- Detecting C compiler ABI info - done
[0.153s] -- Check for working C compiler: /usr/bin/cc - skipped
[0.153s] -- Detecting C compile features
[0.154s] -- Detecting C compile features - done
[0.157s] -- Detecting CXX compiler ABI info
[0.230s] -- Detecting CXX compiler ABI info - done
[0.238s] -- Check for working CXX compiler: /usr/bin/c++ - skipped
[0.238s] -- Detecting CXX compile features
[0.238s] -- Detecting CXX compile features - done
[0.241s] -- Found ament_cmake: 1.3.10 (/opt/ros/humble/share/ament_cmake/cmake)
[0.355s] -- Found Python3: /usr/bin/python3 (found version "3.10.12") found components: Interpreter 
[0.432s] -- Found ament_lint_auto: 0.12.11 (/opt/ros/humble/share/ament_lint_auto/cmake)
[0.483s] -- Configuring done
[0.486s] -- Generating done
[0.486s] -- Build files have been written to: /workspace/ros2_ws_turtlebot3/build/ros_gz_description
[0.490s] Invoked command in '/workspace/ros2_ws_turtlebot3/build/ros_gz_description' returned '0': CMAKE_PREFIX_PATH=/opt/ros/humble /usr/bin/cmake /workspace/ros2_ws_turtlebot3/src/ros_gz/ros_gz_description -DCMAKE_INSTALL_PREFIX=/workspace/ros2_ws_turtlebot3/install/ros_gz_description
[0.491s] Invoking command in '/workspace/ros2_ws_turtlebot3/build/ros_gz_description': CMAKE_PREFIX_PATH=/opt/ros/humble /usr/bin/cmake --build /workspace/ros2_ws_turtlebot3/build/ros_gz_description -- -j8 -l8
[0.517s] Invoked command in '/workspace/ros2_ws_turtlebot3/build/ros_gz_description' returned '0': CMAKE_PREFIX_PATH=/opt/ros/humble /usr/bin/cmake --build /workspace/ros2_ws_turtlebot3/build/ros_gz_description -- -j8 -l8
[0.531s] Invoking command in '/workspace/ros2_ws_turtlebot3/build/ros_gz_description': CMAKE_PREFIX_PATH=/opt/ros/humble /usr/bin/cmake --install /workspace/ros2_ws_turtlebot3/build/ros_gz_description
[0.536s] -- Install configuration: ""
[0.536s] -- Installing: /workspace/ros2_ws_turtlebot3/install/ros_gz_description/share/ros_gz_description/models
[0.536s] -- Installing: /workspace/ros2_ws_turtlebot3/install/ros_gz_description/share/ros_gz_description/models/turtlebot3
[0.536s] -- Installing: /workspace/ros2_ws_turtlebot3/install/ros_gz_description/share/ros_gz_description/models/turtlebot3/model.sdf
[0.536s] -- Installing: /workspace/ros2_ws_turtlebot3/install/ros_gz_description/share/ros_gz_description/models/turtlebot3/meshes
[0.536s] -- Installing: /workspace/ros2_ws_turtlebot3/install/ros_gz_description/share/ros_gz_description/models/turtlebot3/meshes/lds.dae
[0.536s] -- Installing: /workspace/ros2_ws_turtlebot3/install/ros_gz_description/share/ros_gz_description/models/turtlebot3/meshes/tire.dae
[0.536s] -- Installing: /workspace/ros2_ws_turtlebot3/install/ros_gz_description/share/ros_gz_description/models/turtlebot3/meshes/burger_base.dae
[0.536s] -- Installing: /workspace/ros2_ws_turtlebot3/install/ros_gz_description/share/ros_gz_description/models/turtlebot3/meshes/waffle_pi_base.dae
[0.536s] -- Installing: /workspace/ros2_ws_turtlebot3/install/ros_gz_description/share/ros_gz_description/models/turtlebot3/meshes/waffle_base.dae
[0.537s] -- Installing: /workspace/ros2_ws_turtlebot3/install/ros_gz_description/share/ros_gz_description/models/turtlebot3/meshes/r200.dae
[0.537s] -- Installing: /workspace/ros2_ws_turtlebot3/install/ros_gz_description/share/ros_gz_description/models/turtlebot3/model.config
[0.537s] -- Installing: /workspace/ros2_ws_turtlebot3/install/ros_gz_description/share/ros_gz_description/environment/ros_gz_description.dsv
[0.537s] -- Installing: /workspace/ros2_ws_turtlebot3/install/ros_gz_description/share/ros_gz_description/environment/ros_gz_description.sh
[0.537s] -- Installing: /workspace/ros2_ws_turtlebot3/install/ros_gz_description/share/ament_index/resource_index/package_run_dependencies/ros_gz_description
[0.537s] -- Installing: /workspace/ros2_ws_turtlebot3/install/ros_gz_description/share/ament_index/resource_index/parent_prefix_path/ros_gz_description
[0.537s] -- Installing: /workspace/ros2_ws_turtlebot3/install/ros_gz_description/share/ros_gz_description/environment/ament_prefix_path.sh
[0.538s] -- Installing: /workspace/ros2_ws_turtlebot3/install/ros_gz_description/share/ros_gz_description/environment/ament_prefix_path.dsv
[0.538s] -- Installing: /workspace/ros2_ws_turtlebot3/install/ros_gz_description/share/ros_gz_description/environment/path.sh
[0.538s] -- Installing: /workspace/ros2_ws_turtlebot3/install/ros_gz_description/share/ros_gz_description/environment/path.dsv
[0.538s] -- Installing: /workspace/ros2_ws_turtlebot3/install/ros_gz_description/share/ros_gz_description/local_setup.bash
[0.538s] -- Installing: /workspace/ros2_ws_turtlebot3/install/ros_gz_description/share/ros_gz_description/local_setup.sh
[0.538s] -- Installing: /workspace/ros2_ws_turtlebot3/install/ros_gz_description/share/ros_gz_description/local_setup.zsh
[0.538s] -- Installing: /workspace/ros2_ws_turtlebot3/install/ros_gz_description/share/ros_gz_description/local_setup.dsv
[0.538s] -- Installing: /workspace/ros2_ws_turtlebot3/install/ros_gz_description/share/ros_gz_description/package.dsv
[0.538s] -- Installing: /workspace/ros2_ws_turtlebot3/install/ros_gz_description/share/ament_index/resource_index/packages/ros_gz_description
[0.538s] -- Installing: /workspace/ros2_ws_turtlebot3/install/ros_gz_description/share/ros_gz_description/cmake/ros_gz_descriptionConfig.cmake
[0.538s] -- Installing: /workspace/ros2_ws_turtlebot3/install/ros_gz_description/share/ros_gz_description/cmake/ros_gz_descriptionConfig-version.cmake
[0.538s] -- Installing: /workspace/ros2_ws_turtlebot3/install/ros_gz_description/share/ros_gz_description/package.xml
[0.546s] Invoked command in '/workspace/ros2_ws_turtlebot3/build/ros_gz_description' returned '0': CMAKE_PREFIX_PATH=/opt/ros/humble /usr/bin/cmake --install /workspace/ros2_ws_turtlebot3/build/ros_gz_description
