[0.009s] Invoking command in '/ros2_ws/build/ros_gz_gazebo': AMENT_PREFIX_PATH=/ros2_ws/install/ros_gz_description:${AMENT_PREFIX_PATH} CMAKE_PREFIX_PATH=/ros2_ws/install/ros_gz_description:/opt/ros/humble IGN_GAZEBO_RESOURCE_PATH=/ros2_ws/install/ros_gz_description/share/ros_gz_description/models /usr/bin/cmake /ros2_ws/src/ros_gz/ros_gz_gazebo -DCMAKE_INSTALL_PREFIX=/ros2_ws/install/ros_gz_gazebo
[0.044s] -- The C compiler identification is GNU 11.4.0
[0.081s] -- The CXX compiler identification is GNU 11.4.0
[0.086s] -- Detecting C compiler ABI info
[0.129s] -- Detecting C compiler ABI info - done
[0.134s] -- Check for working C compiler: /usr/bin/cc - skipped
[0.134s] -- Detecting C compile features
[0.134s] -- Detecting C compile features - done
[0.137s] -- Detecting CXX compiler ABI info
[0.187s] -- Detecting CXX compiler ABI info - done
[0.193s] -- Check for working CXX compiler: /usr/bin/c++ - skipped
[0.193s] -- Detecting CXX compile features
[0.193s] -- Detecting CXX compile features - done
[0.195s] -- Found ament_cmake: 1.3.10 (/opt/ros/humble/share/ament_cmake/cmake)
[0.292s] -- Found Python3: /usr/bin/python3 (found version "3.10.12") found components: Interpreter 
[0.354s] -- Found ros_gz_description: 0.0.0 (/ros2_ws/install/ros_gz_description/share/ros_gz_description/cmake)
[0.361s] -- Looking for ignition-plugin1 -- found version 1.4.0
[0.361s] -- Searching for dependencies of ignition-plugin1
[0.361s] -- Searching for <ignition-plugin1> component [register]
[0.363s] -- Looking for ignition-plugin1-register -- found version 1.4.0
[0.364s] -- Searching for dependencies of ignition-plugin1-register
[0.366s] -- Looking for ignition-common4 -- found version 4.7.0
[0.366s] -- Searching for dependencies of ignition-common4
[0.366s] -- Looking for dlfcn.h - found
[0.371s] -- Looking for libdl - found
[0.372s] -- Found DL: TRUE  
[0.375s] -- Checking for module 'uuid'
[0.383s] --   Found uuid, version 2.37.2
[0.401s] -- Found UUID: TRUE  
[0.401s] -- Searching for <ignition-common4> component [profiler]
[0.404s] -- Looking for ignition-common4-profiler -- found version 4.7.0
[0.404s] -- Searching for dependencies of ignition-common4-profiler
[0.406s] -- Looking for ignition-gazebo6 -- found version 6.16.0
[0.407s] -- Searching for dependencies of ignition-gazebo6
[0.409s] -- Looking for sdformat12 -- found version 12.7.2
[0.409s] -- Searching for dependencies of sdformat12
[0.412s] -- Checking for module 'tinyxml2'
[0.419s] --   Found tinyxml2, version 9.0.0
[0.439s] -- Looking for ignition-math6 -- found version 6.15.1
[0.439s] -- Searching for dependencies of ignition-math6
[0.442s] -- Looking for ignition-utils1 -- found version 1.5.1
[0.442s] -- Searching for dependencies of ignition-utils1
[0.443s] -- Looking for ignition-plugin1 -- found version 1.4.0
[0.443s] -- Searching for dependencies of ignition-plugin1
[0.443s] -- Searching for <ignition-plugin1> component [loader]
[0.446s] -- Looking for ignition-plugin1-loader -- found version 1.4.0
[0.446s] -- Searching for dependencies of ignition-plugin1-loader
[0.446s] -- Searching for <ignition-plugin1> component [register]
[0.449s] -- Looking for ignition-transport11 -- found version 11.4.1
[0.449s] -- Searching for dependencies of ignition-transport11
[0.571s] -- Found Protobuf: /usr/lib/x86_64-linux-gnu/libprotobuf.so (found version "3.12.4") 
[0.582s] -- Config-file not installed for ZeroMQ -- checking for pkg-config
[0.585s] -- Checking for module 'libzmq >= 4'
[0.593s] --   Found libzmq , version 4.3.4
[0.614s] -- Found ZeroMQ: TRUE (Required is at least version "4") 
[0.622s] -- Looking for ignition-utils1 -- found version 1.5.1
[0.622s] -- Searching for dependencies of ignition-utils1
[0.622s] -- Searching for <ignition-utils1> component [cli]
[0.625s] -- Looking for ignition-utils1-cli -- found version 1.5.1
[0.625s] -- Searching for dependencies of ignition-utils1-cli
[0.627s] -- Looking for ignition-msgs8 -- found version 8.7.0
[0.628s] -- Searching for dependencies of ignition-msgs8
[0.644s] -- Found Protobuf: /usr/lib/x86_64-linux-gnu/libprotobuf.so (found suitable version "3.12.4", minimum required is "3") 
[0.645s] -- Looking for ignition-math6 -- found version 6.15.1
[0.650s] -- Searching for <ignition-transport11> component [log]
[0.652s] -- Looking for ignition-transport11-log -- found version 11.4.1
[0.653s] -- Searching for dependencies of ignition-transport11-log
[0.653s] -- Searching for <ignition-transport11> component [parameters]
[0.655s] -- Looking for ignition-transport11-parameters -- found version 11.4.1
[0.655s] -- Searching for dependencies of ignition-transport11-parameters
[0.656s] -- Looking for ignition-msgs8 -- found version 8.7.0
[0.656s] -- Looking for ignition-common4 -- found version 4.7.0
[0.657s] -- Searching for dependencies of ignition-common4
[0.657s] -- Looking for dlfcn.h - found
[0.657s] -- Looking for libdl - found
[0.662s] -- Searching for <ignition-common4> component [profiler]
[0.662s] -- Searching for <ignition-common4> component [events]
[0.664s] -- Looking for ignition-common4-events -- found version 4.7.0
[0.665s] -- Searching for dependencies of ignition-common4-events
[0.665s] -- Looking for ignition-math6 -- found version 6.15.1
[0.665s] -- Searching for <ignition-common4> component [av]
[0.667s] -- Looking for ignition-common4-av -- found version 4.7.0
[0.668s] -- Searching for dependencies of ignition-common4-av
[0.671s] -- Checking for module 'libswscale'
[0.678s] --   Found libswscale, version 5.9.100
[0.699s] -- Found SWSCALE: TRUE  
[0.702s] -- Checking for module 'libavdevice >= 56.4.100'
[0.710s] --   Found libavdevice , version 58.13.100
[0.732s] -- Found AVDEVICE: TRUE (Required is at least version "56.4.100") 
[0.735s] -- Checking for module 'libavformat'
[0.743s] --   Found libavformat, version 58.76.100
[0.764s] -- Found AVFORMAT: TRUE  
[0.767s] -- Checking for module 'libavcodec'
[0.775s] --   Found libavcodec, version 58.134.100
[0.796s] -- Found AVCODEC: TRUE  
[0.799s] -- Checking for module 'libavutil'
[0.806s] --   Found libavutil, version 56.70.100
[0.826s] -- Found AVUTIL: TRUE  
[0.828s] -- Looking for ignition-fuel_tools7 -- found version 7.3.0
[0.828s] -- Searching for dependencies of ignition-fuel_tools7
[0.880s] -- Found CURL: /usr/lib/x86_64-linux-gnu/libcurl.so (found version "7.81.0")  
[0.885s] -- Checking for module 'jsoncpp'
[0.893s] --   Found jsoncpp, version 1.9.5
[0.913s] -- Found JSONCPP: TRUE  
[0.917s] -- Checking for module 'libzip'
[0.925s] --   Found libzip, version 1.7.3
[0.945s] -- Found ZIP: TRUE  
[0.946s] -- Looking for ignition-common4 -- found version 4.7.0
[0.946s] -- Looking for ignition-math6 -- found version 6.15.1
[0.946s] -- Looking for ignition-msgs8 -- found version 8.7.0
[0.950s] -- Looking for ignition-gui6 -- found version 6.8.0
[0.950s] -- Searching for dependencies of ignition-gui6
[0.976s] -- Looking for ignition-math6 -- found version 6.15.1
[0.976s] -- Looking for ignition-common4 -- found version 4.7.0
[0.977s] -- Looking for ignition-plugin1 -- found version 1.4.0
[0.977s] -- Looking for ignition-transport11 -- found version 11.4.1
[0.979s] -- Looking for ignition-rendering6 -- found version 6.6.3
[0.979s] -- Searching for dependencies of ignition-rendering6
[0.980s] -- Looking for ignition-math6 -- found version 6.15.1
[0.980s] -- Searching for dependencies of ignition-math6
[0.980s] -- Searching for <ignition-math6> component [eigen3]
[0.982s] -- Looking for ignition-math6-eigen3 -- found version 6.15.1
[0.982s] -- Searching for dependencies of ignition-math6-eigen3
[0.990s] -- Looking for ignition-common4 -- found version 4.7.0
[0.990s] -- Searching for dependencies of ignition-common4
[0.990s] -- Looking for dlfcn.h - found
[0.990s] -- Looking for libdl - found
[0.995s] -- Searching for <ignition-common4> component [graphics]
[0.997s] -- Looking for ignition-common4-graphics -- found version 4.7.0
[0.998s] -- Searching for dependencies of ignition-common4-graphics
[0.998s] -- Looking for ignition-math6 -- found version 6.15.1
[0.998s] -- Looking for ignition-utils1 -- found version 1.5.1
[0.999s] -- Searching for <ignition-common4> component [events]
[0.999s] -- Looking for ignition-plugin1 -- found version 1.4.0
[0.999s] -- Searching for dependencies of ignition-plugin1
[0.999s] -- Searching for <ignition-plugin1> component [all]
[1.002s] -- Looking for all libraries of ignition-plugin1 -- found version 1.4.0
[1.002s] -- Looking for ignition-plugin1 -- found version 1.4.0
[1.003s] -- Looking for ignition-msgs8 -- found version 8.7.0
[1.020s] -- Looking for ignition-physics5 -- found version 5.3.2
[1.020s] -- Searching for dependencies of ignition-physics5
[1.020s] -- Looking for ignition-math6 -- found version 6.15.1
[1.021s] -- Looking for ignition-plugin1 -- found version 1.4.0
[1.021s] -- Looking for ignition-utils1 -- found version 1.5.1
[1.022s] -- Searching for <ignition-physics5> component [heightmap]
[1.024s] -- Looking for ignition-physics5-heightmap -- found version 5.3.2
[1.024s] -- Searching for dependencies of ignition-physics5-heightmap
[1.024s] -- Looking for ignition-common4 -- found version 4.7.0
[1.025s] -- Searching for <ignition-physics5> component [mesh]
[1.027s] -- Looking for ignition-physics5-mesh -- found version 5.3.2
[1.027s] -- Searching for dependencies of ignition-physics5-mesh
[1.027s] -- Looking for ignition-common4 -- found version 4.7.0
[1.028s] -- Searching for <ignition-physics5> component [sdf]
[1.030s] -- Looking for ignition-physics5-sdf -- found version 5.3.2
[1.030s] -- Searching for dependencies of ignition-physics5-sdf
[1.030s] -- Looking for sdformat12 -- found version 12.7.2
[1.033s] -- Looking for ignition-sensors6 -- found version 6.8.0
[1.033s] -- Searching for dependencies of ignition-sensors6
[1.050s] -- Found Protobuf: /usr/lib/x86_64-linux-gnu/libprotobuf.so (found version "3.12.4") 
[1.050s] -- Looking for ignition-math6 -- found version 6.15.1
[1.050s] -- Looking for ignition-common4 -- found version 4.7.0
[1.051s] -- Looking for ignition-transport11 -- found version 11.4.1
[1.051s] -- Looking for ignition-rendering6 -- found version 6.6.3
[1.051s] -- Looking for ignition-msgs8 -- found version 8.7.0
[1.051s] -- Looking for sdformat12 -- found version 12.7.2
[1.052s] -- Searching for <ignition-sensors6> component [air_pressure]
[1.054s] -- Looking for ignition-sensors6-air_pressure -- found version 6.8.0
[1.054s] -- Searching for dependencies of ignition-sensors6-air_pressure
[1.055s] -- Searching for <ignition-sensors6> component [altimeter]
[1.057s] -- Looking for ignition-sensors6-altimeter -- found version 6.8.0
[1.057s] -- Searching for dependencies of ignition-sensors6-altimeter
[1.057s] -- Searching for <ignition-sensors6> component [imu]
[1.060s] -- Looking for ignition-sensors6-imu -- found version 6.8.0
[1.060s] -- Searching for dependencies of ignition-sensors6-imu
[1.060s] -- Searching for <ignition-sensors6> component [force_torque]
[1.062s] -- Looking for ignition-sensors6-force_torque -- found version 6.8.0
[1.063s] -- Searching for dependencies of ignition-sensors6-force_torque
[1.063s] -- Searching for <ignition-sensors6> component [logical_camera]
[1.065s] -- Looking for ignition-sensors6-logical_camera -- found version 6.8.0
[1.065s] -- Searching for dependencies of ignition-sensors6-logical_camera
[1.066s] -- Searching for <ignition-sensors6> component [magnetometer]
[1.068s] -- Looking for ignition-sensors6-magnetometer -- found version 6.8.0
[1.068s] -- Searching for dependencies of ignition-sensors6-magnetometer
[1.068s] -- Searching for <ignition-sensors6> component [navsat]
[1.070s] -- Looking for ignition-sensors6-navsat -- found version 6.8.0
[1.071s] -- Searching for dependencies of ignition-sensors6-navsat
[1.071s] -- Searching for <ignition-sensors6> component [rendering]
[1.073s] -- Looking for ignition-sensors6-rendering -- found version 6.8.0
[1.073s] -- Searching for dependencies of ignition-sensors6-rendering
[1.074s] -- Searching for <ignition-sensors6> component [lidar]
[1.076s] -- Looking for ignition-sensors6-lidar -- found version 6.8.0
[1.076s] -- Searching for dependencies of ignition-sensors6-lidar
[1.076s] -- Looking for ignition-sensors6 -- found version 6.8.0
[1.077s] -- Searching for <ignition-sensors6> component [gpu_lidar]
[1.079s] -- Looking for ignition-sensors6-gpu_lidar -- found version 6.8.0
[1.079s] -- Searching for dependencies of ignition-sensors6-gpu_lidar
[1.079s] -- Looking for ignition-sensors6 -- found version 6.8.0
[1.080s] -- Searching for <ignition-sensors6> component [camera]
[1.082s] -- Looking for ignition-sensors6-camera -- found version 6.8.0
[1.082s] -- Searching for dependencies of ignition-sensors6-camera
[1.082s] -- Looking for ignition-sensors6 -- found version 6.8.0
[1.083s] -- Searching for <ignition-sensors6> component [boundingbox_camera]
[1.085s] -- Looking for ignition-sensors6-boundingbox_camera -- found version 6.8.0
[1.085s] -- Searching for dependencies of ignition-sensors6-boundingbox_camera
[1.085s] -- Searching for <ignition-sensors6> component [segmentation_camera]
[1.088s] -- Looking for ignition-sensors6-segmentation_camera -- found version 6.8.0
[1.088s] -- Searching for dependencies of ignition-sensors6-segmentation_camera
[1.088s] -- Searching for <ignition-sensors6> component [depth_camera]
[1.090s] -- Looking for ignition-sensors6-depth_camera -- found version 6.8.0
[1.090s] -- Searching for dependencies of ignition-sensors6-depth_camera
[1.091s] -- Looking for ignition-sensors6 -- found version 6.8.0
[1.091s] -- Searching for <ignition-sensors6> component [rgbd_camera]
[1.093s] -- Looking for ignition-sensors6-rgbd_camera -- found version 6.8.0
[1.093s] -- Searching for dependencies of ignition-sensors6-rgbd_camera
[1.094s] -- Looking for ignition-sensors6 -- found version 6.8.0
[1.094s] -- Searching for <ignition-sensors6> component [thermal_camera]
[1.096s] -- Looking for ignition-sensors6-thermal_camera -- found version 6.8.0
[1.096s] -- Searching for dependencies of ignition-sensors6-thermal_camera
[1.097s] -- Looking for ignition-sensors6 -- found version 6.8.0
[1.097s] -- Looking for ignition-rendering6 -- found version 6.6.3
[1.098s] -- Looking for ignition-math6 -- found version 6.15.1
[1.100s] -- Looking for ignition-utils1 -- found version 1.5.1
[1.119s] -- Found ament_lint_auto: 0.12.11 (/opt/ros/humble/share/ament_lint_auto/cmake)
[1.161s] -- Configuring done
[1.170s] -- Generating done
[1.171s] -- Build files have been written to: /ros2_ws/build/ros_gz_gazebo
[1.177s] Invoked command in '/ros2_ws/build/ros_gz_gazebo' returned '0': AMENT_PREFIX_PATH=/ros2_ws/install/ros_gz_description:${AMENT_PREFIX_PATH} CMAKE_PREFIX_PATH=/ros2_ws/install/ros_gz_description:/opt/ros/humble IGN_GAZEBO_RESOURCE_PATH=/ros2_ws/install/ros_gz_description/share/ros_gz_description/models /usr/bin/cmake /ros2_ws/src/ros_gz/ros_gz_gazebo -DCMAKE_INSTALL_PREFIX=/ros2_ws/install/ros_gz_gazebo
[1.178s] Invoking command in '/ros2_ws/build/ros_gz_gazebo': AMENT_PREFIX_PATH=/ros2_ws/install/ros_gz_description:${AMENT_PREFIX_PATH} CMAKE_PREFIX_PATH=/ros2_ws/install/ros_gz_description:/opt/ros/humble IGN_GAZEBO_RESOURCE_PATH=/ros2_ws/install/ros_gz_description/share/ros_gz_description/models /usr/bin/cmake --build /ros2_ws/build/ros_gz_gazebo -- -j8 -l8
[1.210s] [ 50%] [32mBuilding CXX object CMakeFiles/FullSystem.dir/src/FullSystem.cc.o[0m
[1.210s] [ 50%] [32mBuilding CXX object CMakeFiles/BasicSystem.dir/src/BasicSystem.cc.o[0m
[4.357s] [ 75%] [32m[1mLinking CXX shared library libBasicSystem.so[0m
[4.428s] [100%] [32m[1mLinking CXX shared library libFullSystem.so[0m
[4.583s] [100%] Built target BasicSystem
[4.655s] [100%] Built target FullSystem
[4.666s] Invoked command in '/ros2_ws/build/ros_gz_gazebo' returned '0': AMENT_PREFIX_PATH=/ros2_ws/install/ros_gz_description:${AMENT_PREFIX_PATH} CMAKE_PREFIX_PATH=/ros2_ws/install/ros_gz_description:/opt/ros/humble IGN_GAZEBO_RESOURCE_PATH=/ros2_ws/install/ros_gz_description/share/ros_gz_description/models /usr/bin/cmake --build /ros2_ws/build/ros_gz_gazebo -- -j8 -l8
[4.694s] Invoking command in '/ros2_ws/build/ros_gz_gazebo': AMENT_PREFIX_PATH=/ros2_ws/install/ros_gz_description:${AMENT_PREFIX_PATH} CMAKE_PREFIX_PATH=/ros2_ws/install/ros_gz_description:/opt/ros/humble IGN_GAZEBO_RESOURCE_PATH=/ros2_ws/install/ros_gz_description/share/ros_gz_description/models /usr/bin/cmake --install /ros2_ws/build/ros_gz_gazebo
[4.702s] -- Install configuration: ""
[4.702s] -- Installing: /ros2_ws/install/ros_gz_gazebo/lib/ros_gz_gazebo/libBasicSystem.so
[4.703s] -- Installing: /ros2_ws/install/ros_gz_gazebo/lib/ros_gz_gazebo/libFullSystem.so
[4.704s] -- Installing: /ros2_ws/install/ros_gz_gazebo/share/ros_gz_gazebo/worlds
[4.704s] -- Installing: /ros2_ws/install/ros_gz_gazebo/share/ros_gz_gazebo/worlds/turtlebot3_world.sdf
[4.704s] -- Installing: /ros2_ws/install/ros_gz_gazebo/share/ros_gz_gazebo/worlds/meshes
[4.704s] -- Installing: /ros2_ws/install/ros_gz_gazebo/share/ros_gz_gazebo/worlds/meshes/hexagon.dae
[4.704s] -- Installing: /ros2_ws/install/ros_gz_gazebo/share/ros_gz_gazebo/worlds/meshes/wall.dae
[4.704s] -- Installing: /ros2_ws/install/ros_gz_gazebo/share/ros_gz_gazebo/worlds/diff_drive_world.sdf
[4.704s] -- Installing: /ros2_ws/install/ros_gz_gazebo/share/ros_gz_gazebo/environment/ros_gz_gazebo.dsv
[4.704s] -- Installing: /ros2_ws/install/ros_gz_gazebo/share/ros_gz_gazebo/environment/ros_gz_gazebo.sh
[4.705s] -- Installing: /ros2_ws/install/ros_gz_gazebo/share/ament_index/resource_index/package_run_dependencies/ros_gz_gazebo
[4.705s] -- Installing: /ros2_ws/install/ros_gz_gazebo/share/ament_index/resource_index/parent_prefix_path/ros_gz_gazebo
[4.705s] -- Installing: /ros2_ws/install/ros_gz_gazebo/share/ros_gz_gazebo/environment/ament_prefix_path.sh
[4.705s] -- Installing: /ros2_ws/install/ros_gz_gazebo/share/ros_gz_gazebo/environment/ament_prefix_path.dsv
[4.705s] -- Installing: /ros2_ws/install/ros_gz_gazebo/share/ros_gz_gazebo/environment/path.sh
[4.705s] -- Installing: /ros2_ws/install/ros_gz_gazebo/share/ros_gz_gazebo/environment/path.dsv
[4.705s] -- Installing: /ros2_ws/install/ros_gz_gazebo/share/ros_gz_gazebo/local_setup.bash
[4.706s] -- Installing: /ros2_ws/install/ros_gz_gazebo/share/ros_gz_gazebo/local_setup.sh
[4.706s] -- Installing: /ros2_ws/install/ros_gz_gazebo/share/ros_gz_gazebo/local_setup.zsh
[4.706s] -- Installing: /ros2_ws/install/ros_gz_gazebo/share/ros_gz_gazebo/local_setup.dsv
[4.706s] -- Installing: /ros2_ws/install/ros_gz_gazebo/share/ros_gz_gazebo/package.dsv
[4.706s] -- Installing: /ros2_ws/install/ros_gz_gazebo/share/ament_index/resource_index/packages/ros_gz_gazebo
[4.706s] -- Installing: /ros2_ws/install/ros_gz_gazebo/share/ros_gz_gazebo/cmake/ros_gz_gazeboConfig.cmake
[4.706s] -- Installing: /ros2_ws/install/ros_gz_gazebo/share/ros_gz_gazebo/cmake/ros_gz_gazeboConfig-version.cmake
[4.706s] -- Installing: /ros2_ws/install/ros_gz_gazebo/share/ros_gz_gazebo/package.xml
[4.709s] Invoked command in '/ros2_ws/build/ros_gz_gazebo' returned '0': AMENT_PREFIX_PATH=/ros2_ws/install/ros_gz_description:${AMENT_PREFIX_PATH} CMAKE_PREFIX_PATH=/ros2_ws/install/ros_gz_description:/opt/ros/humble IGN_GAZEBO_RESOURCE_PATH=/ros2_ws/install/ros_gz_description/share/ros_gz_description/models /usr/bin/cmake --install /ros2_ws/build/ros_gz_gazebo
