[0.009s] Invoking command in '/ros2_ws/build/ros_gz_bringup': AMENT_PREFIX_PATH=/ros2_ws/install/ros_gz_gazebo:/ros2_ws/install/ros_gz_description:${AMENT_PREFIX_PATH} CMAKE_PREFIX_PATH=/ros2_ws/install/ros_gz_gazebo:/ros2_ws/install/ros_gz_description:/opt/ros/humble IGN_GAZEBO_PLUGIN_PATH=/ros2_ws/install/ros_gz_gazebo/lib/ros_gz_gazebo IGN_GAZEBO_RESOURCE_PATH=/ros2_ws/install/ros_gz_gazebo/share/ros_gz_gazebo/worlds:/ros2_ws/install/ros_gz_description/share/ros_gz_description/models /usr/bin/cmake /ros2_ws/src/ros_gz/ros_gz_bringup -DCMAKE_INSTALL_PREFIX=/ros2_ws/install/ros_gz_bringup
[0.060s] -- The C compiler identification is GNU 11.4.0
[0.116s] -- The CXX compiler identification is GNU 11.4.0
[0.124s] -- Detecting C compiler ABI info
[0.188s] -- Detecting C compiler ABI info - done
[0.199s] -- Check for working C compiler: /usr/bin/cc - skipped
[0.199s] -- Detecting C compile features
[0.200s] -- Detecting C compile features - done
[0.203s] -- Detecting CXX compiler ABI info
[0.277s] -- Detecting CXX compiler ABI info - done
[0.284s] -- Check for working CXX compiler: /usr/bin/c++ - skipped
[0.284s] -- Detecting CXX compile features
[0.285s] -- Detecting CXX compile features - done
[0.288s] -- Found ament_cmake: 1.3.10 (/opt/ros/humble/share/ament_cmake/cmake)
[0.450s] -- Found Python3: /usr/bin/python3 (found version "3.10.12") found components: Interpreter 
[0.551s] -- Found ros_gz_description: 0.0.0 (/ros2_ws/install/ros_gz_description/share/ros_gz_description/cmake)
[0.552s] -- Found ros_gz_gazebo: 0.0.0 (/ros2_ws/install/ros_gz_gazebo/share/ros_gz_gazebo/cmake)
[0.554s] -- Found ament_lint_auto: 0.12.11 (/opt/ros/humble/share/ament_lint_auto/cmake)
[0.617s] -- Configuring done
[0.620s] -- Generating done
[0.620s] -- Build files have been written to: /ros2_ws/build/ros_gz_bringup
[0.624s] Invoked command in '/ros2_ws/build/ros_gz_bringup' returned '0': AMENT_PREFIX_PATH=/ros2_ws/install/ros_gz_gazebo:/ros2_ws/install/ros_gz_description:${AMENT_PREFIX_PATH} CMAKE_PREFIX_PATH=/ros2_ws/install/ros_gz_gazebo:/ros2_ws/install/ros_gz_description:/opt/ros/humble IGN_GAZEBO_PLUGIN_PATH=/ros2_ws/install/ros_gz_gazebo/lib/ros_gz_gazebo IGN_GAZEBO_RESOURCE_PATH=/ros2_ws/install/ros_gz_gazebo/share/ros_gz_gazebo/worlds:/ros2_ws/install/ros_gz_description/share/ros_gz_description/models /usr/bin/cmake /ros2_ws/src/ros_gz/ros_gz_bringup -DCMAKE_INSTALL_PREFIX=/ros2_ws/install/ros_gz_bringup
[0.625s] Invoking command in '/ros2_ws/build/ros_gz_bringup': AMENT_PREFIX_PATH=/ros2_ws/install/ros_gz_gazebo:/ros2_ws/install/ros_gz_description:${AMENT_PREFIX_PATH} CMAKE_PREFIX_PATH=/ros2_ws/install/ros_gz_gazebo:/ros2_ws/install/ros_gz_description:/opt/ros/humble IGN_GAZEBO_PLUGIN_PATH=/ros2_ws/install/ros_gz_gazebo/lib/ros_gz_gazebo IGN_GAZEBO_RESOURCE_PATH=/ros2_ws/install/ros_gz_gazebo/share/ros_gz_gazebo/worlds:/ros2_ws/install/ros_gz_description/share/ros_gz_description/models /usr/bin/cmake --build /ros2_ws/build/ros_gz_bringup -- -j8 -l8
[0.658s] Invoked command in '/ros2_ws/build/ros_gz_bringup' returned '0': AMENT_PREFIX_PATH=/ros2_ws/install/ros_gz_gazebo:/ros2_ws/install/ros_gz_description:${AMENT_PREFIX_PATH} CMAKE_PREFIX_PATH=/ros2_ws/install/ros_gz_gazebo:/ros2_ws/install/ros_gz_description:/opt/ros/humble IGN_GAZEBO_PLUGIN_PATH=/ros2_ws/install/ros_gz_gazebo/lib/ros_gz_gazebo IGN_GAZEBO_RESOURCE_PATH=/ros2_ws/install/ros_gz_gazebo/share/ros_gz_gazebo/worlds:/ros2_ws/install/ros_gz_description/share/ros_gz_description/models /usr/bin/cmake --build /ros2_ws/build/ros_gz_bringup -- -j8 -l8
[0.677s] Invoking command in '/ros2_ws/build/ros_gz_bringup': AMENT_PREFIX_PATH=/ros2_ws/install/ros_gz_gazebo:/ros2_ws/install/ros_gz_description:${AMENT_PREFIX_PATH} CMAKE_PREFIX_PATH=/ros2_ws/install/ros_gz_gazebo:/ros2_ws/install/ros_gz_description:/opt/ros/humble IGN_GAZEBO_PLUGIN_PATH=/ros2_ws/install/ros_gz_gazebo/lib/ros_gz_gazebo IGN_GAZEBO_RESOURCE_PATH=/ros2_ws/install/ros_gz_gazebo/share/ros_gz_gazebo/worlds:/ros2_ws/install/ros_gz_description/share/ros_gz_description/models /usr/bin/cmake --install /ros2_ws/build/ros_gz_bringup
[0.684s] -- Install configuration: ""
[0.684s] -- Installing: /ros2_ws/install/ros_gz_bringup/share/ros_gz_bringup/launch
[0.684s] -- Installing: /ros2_ws/install/ros_gz_bringup/share/ros_gz_bringup/launch/launch.py
[0.684s] -- Installing: /ros2_ws/install/ros_gz_bringup/share/ros_gz_bringup/config
[0.684s] -- Installing: /ros2_ws/install/ros_gz_bringup/share/ros_gz_bringup/config/ros_gz_bridge.yaml
[0.684s] -- Installing: /ros2_ws/install/ros_gz_bringup/share/ros_gz_bringup/config/turtlebot3.rviz
[0.685s] -- Installing: /ros2_ws/install/ros_gz_bringup/share/ament_index/resource_index/package_run_dependencies/ros_gz_bringup
[0.685s] -- Installing: /ros2_ws/install/ros_gz_bringup/share/ament_index/resource_index/parent_prefix_path/ros_gz_bringup
[0.685s] -- Installing: /ros2_ws/install/ros_gz_bringup/share/ros_gz_bringup/environment/ament_prefix_path.sh
[0.685s] -- Installing: /ros2_ws/install/ros_gz_bringup/share/ros_gz_bringup/environment/ament_prefix_path.dsv
[0.685s] -- Installing: /ros2_ws/install/ros_gz_bringup/share/ros_gz_bringup/environment/path.sh
[0.685s] -- Installing: /ros2_ws/install/ros_gz_bringup/share/ros_gz_bringup/environment/path.dsv
[0.685s] -- Installing: /ros2_ws/install/ros_gz_bringup/share/ros_gz_bringup/local_setup.bash
[0.686s] -- Installing: /ros2_ws/install/ros_gz_bringup/share/ros_gz_bringup/local_setup.sh
[0.686s] -- Installing: /ros2_ws/install/ros_gz_bringup/share/ros_gz_bringup/local_setup.zsh
[0.686s] -- Installing: /ros2_ws/install/ros_gz_bringup/share/ros_gz_bringup/local_setup.dsv
[0.686s] -- Installing: /ros2_ws/install/ros_gz_bringup/share/ros_gz_bringup/package.dsv
[0.686s] -- Installing: /ros2_ws/install/ros_gz_bringup/share/ament_index/resource_index/packages/ros_gz_bringup
[0.686s] -- Installing: /ros2_ws/install/ros_gz_bringup/share/ros_gz_bringup/cmake/ros_gz_bringupConfig.cmake
[0.686s] -- Installing: /ros2_ws/install/ros_gz_bringup/share/ros_gz_bringup/cmake/ros_gz_bringupConfig-version.cmake
[0.686s] -- Installing: /ros2_ws/install/ros_gz_bringup/share/ros_gz_bringup/package.xml
[0.688s] Invoked command in '/ros2_ws/build/ros_gz_bringup' returned '0': AMENT_PREFIX_PATH=/ros2_ws/install/ros_gz_gazebo:/ros2_ws/install/ros_gz_description:${AMENT_PREFIX_PATH} CMAKE_PREFIX_PATH=/ros2_ws/install/ros_gz_gazebo:/ros2_ws/install/ros_gz_description:/opt/ros/humble IGN_GAZEBO_PLUGIN_PATH=/ros2_ws/install/ros_gz_gazebo/lib/ros_gz_gazebo IGN_GAZEBO_RESOURCE_PATH=/ros2_ws/install/ros_gz_gazebo/share/ros_gz_gazebo/worlds:/ros2_ws/install/ros_gz_description/share/ros_gz_description/models /usr/bin/cmake --install /ros2_ws/build/ros_gz_bringup
