[0.008s] Invoking command in '/workspace/ros2_ws_turtlebot3/build/ros_gz_bringup': CMAKE_PREFIX_PATH=/workspace/ros2_ws_turtlebot3/install/ros_gz_gazebo:/workspace/ros2_ws_turtlebot3/install/ros_gz_description:/workspace/ros2_ws_turtlebot3/install/slam_nav2_bringup:/workspace/ros2_ws_turtlebot3/install/ros_gz_bringup:/workspace/ros2_ws_turtlebot3/install/launch:/opt/ros/humble IGN_GAZEBO_PLUGIN_PATH=/workspace/ros2_ws_turtlebot3/install/ros_gz_gazebo/lib/ros_gz_gazebo IGN_GAZEBO_RESOURCE_PATH=/workspace/ros2_ws_turtlebot3/install/ros_gz_description/share/ros_gz_description/models:${IGN_GAZEBO_RESOURCE_PATH} /usr/bin/cmake /workspace/ros2_ws_turtlebot3/src/ros_gz/ros_gz_bringup -DCMAKE_INSTALL_PREFIX=/workspace/ros2_ws_turtlebot3/install/ros_gz_bringup
[0.057s] -- The C compiler identification is GNU 11.4.0
[0.109s] -- The CXX compiler identification is GNU 11.4.0
[0.116s] -- Detecting C compiler ABI info
[0.176s] -- Detecting C compiler ABI info - done
[0.183s] -- Check for working C compiler: /usr/bin/cc - skipped
[0.183s] -- Detecting C compile features
[0.184s] -- Detecting C compile features - done
[0.187s] -- Detecting CXX compiler ABI info
[0.260s] -- Detecting CXX compiler ABI info - done
[0.268s] -- Check for working CXX compiler: /usr/bin/c++ - skipped
[0.268s] -- Detecting CXX compile features
[0.268s] -- Detecting CXX compile features - done
[0.272s] -- Found ament_cmake: 1.3.10 (/opt/ros/humble/share/ament_cmake/cmake)
[0.416s] -- Found Python3: /usr/bin/python3 (found version "3.10.12") found components: Interpreter 
[0.514s] -- Found ros_gz_description: 0.0.0 (/workspace/ros2_ws_turtlebot3/install/ros_gz_description/share/ros_gz_description/cmake)
[0.515s] -- Found ros_gz_gazebo: 0.0.0 (/workspace/ros2_ws_turtlebot3/install/ros_gz_gazebo/share/ros_gz_gazebo/cmake)
[0.517s] -- Found ament_lint_auto: 0.12.11 (/opt/ros/humble/share/ament_lint_auto/cmake)
[0.579s] -- Configuring done
[0.582s] -- Generating done
[0.582s] -- Build files have been written to: /workspace/ros2_ws_turtlebot3/build/ros_gz_bringup
[0.587s] Invoked command in '/workspace/ros2_ws_turtlebot3/build/ros_gz_bringup' returned '0': CMAKE_PREFIX_PATH=/workspace/ros2_ws_turtlebot3/install/ros_gz_gazebo:/workspace/ros2_ws_turtlebot3/install/ros_gz_description:/workspace/ros2_ws_turtlebot3/install/slam_nav2_bringup:/workspace/ros2_ws_turtlebot3/install/ros_gz_bringup:/workspace/ros2_ws_turtlebot3/install/launch:/opt/ros/humble IGN_GAZEBO_PLUGIN_PATH=/workspace/ros2_ws_turtlebot3/install/ros_gz_gazebo/lib/ros_gz_gazebo IGN_GAZEBO_RESOURCE_PATH=/workspace/ros2_ws_turtlebot3/install/ros_gz_description/share/ros_gz_description/models:${IGN_GAZEBO_RESOURCE_PATH} /usr/bin/cmake /workspace/ros2_ws_turtlebot3/src/ros_gz/ros_gz_bringup -DCMAKE_INSTALL_PREFIX=/workspace/ros2_ws_turtlebot3/install/ros_gz_bringup
[0.587s] Invoking command in '/workspace/ros2_ws_turtlebot3/build/ros_gz_bringup': CMAKE_PREFIX_PATH=/workspace/ros2_ws_turtlebot3/install/ros_gz_gazebo:/workspace/ros2_ws_turtlebot3/install/ros_gz_description:/workspace/ros2_ws_turtlebot3/install/slam_nav2_bringup:/workspace/ros2_ws_turtlebot3/install/ros_gz_bringup:/workspace/ros2_ws_turtlebot3/install/launch:/opt/ros/humble IGN_GAZEBO_PLUGIN_PATH=/workspace/ros2_ws_turtlebot3/install/ros_gz_gazebo/lib/ros_gz_gazebo IGN_GAZEBO_RESOURCE_PATH=/workspace/ros2_ws_turtlebot3/install/ros_gz_description/share/ros_gz_description/models:${IGN_GAZEBO_RESOURCE_PATH} /usr/bin/cmake --build /workspace/ros2_ws_turtlebot3/build/ros_gz_bringup -- -j8 -l8
[0.619s] Invoked command in '/workspace/ros2_ws_turtlebot3/build/ros_gz_bringup' returned '0': CMAKE_PREFIX_PATH=/workspace/ros2_ws_turtlebot3/install/ros_gz_gazebo:/workspace/ros2_ws_turtlebot3/install/ros_gz_description:/workspace/ros2_ws_turtlebot3/install/slam_nav2_bringup:/workspace/ros2_ws_turtlebot3/install/ros_gz_bringup:/workspace/ros2_ws_turtlebot3/install/launch:/opt/ros/humble IGN_GAZEBO_PLUGIN_PATH=/workspace/ros2_ws_turtlebot3/install/ros_gz_gazebo/lib/ros_gz_gazebo IGN_GAZEBO_RESOURCE_PATH=/workspace/ros2_ws_turtlebot3/install/ros_gz_description/share/ros_gz_description/models:${IGN_GAZEBO_RESOURCE_PATH} /usr/bin/cmake --build /workspace/ros2_ws_turtlebot3/build/ros_gz_bringup -- -j8 -l8
[0.639s] Invoking command in '/workspace/ros2_ws_turtlebot3/build/ros_gz_bringup': CMAKE_PREFIX_PATH=/workspace/ros2_ws_turtlebot3/install/ros_gz_gazebo:/workspace/ros2_ws_turtlebot3/install/ros_gz_description:/workspace/ros2_ws_turtlebot3/install/slam_nav2_bringup:/workspace/ros2_ws_turtlebot3/install/ros_gz_bringup:/workspace/ros2_ws_turtlebot3/install/launch:/opt/ros/humble IGN_GAZEBO_PLUGIN_PATH=/workspace/ros2_ws_turtlebot3/install/ros_gz_gazebo/lib/ros_gz_gazebo IGN_GAZEBO_RESOURCE_PATH=/workspace/ros2_ws_turtlebot3/install/ros_gz_description/share/ros_gz_description/models:${IGN_GAZEBO_RESOURCE_PATH} /usr/bin/cmake --install /workspace/ros2_ws_turtlebot3/build/ros_gz_bringup
[0.646s] -- Install configuration: ""
[0.646s] -- Installing: /workspace/ros2_ws_turtlebot3/install/ros_gz_bringup/share/ros_gz_bringup/launch
[0.646s] -- Installing: /workspace/ros2_ws_turtlebot3/install/ros_gz_bringup/share/ros_gz_bringup/launch/launch.py
[0.646s] -- Installing: /workspace/ros2_ws_turtlebot3/install/ros_gz_bringup/share/ros_gz_bringup/config
[0.646s] -- Installing: /workspace/ros2_ws_turtlebot3/install/ros_gz_bringup/share/ros_gz_bringup/config/ros_gz_bridge.yaml
[0.646s] -- Installing: /workspace/ros2_ws_turtlebot3/install/ros_gz_bringup/share/ros_gz_bringup/config/turtlebot3.rviz
[0.646s] -- Installing: /workspace/ros2_ws_turtlebot3/install/ros_gz_bringup/share/ament_index/resource_index/package_run_dependencies/ros_gz_bringup
[0.647s] -- Installing: /workspace/ros2_ws_turtlebot3/install/ros_gz_bringup/share/ament_index/resource_index/parent_prefix_path/ros_gz_bringup
[0.647s] -- Installing: /workspace/ros2_ws_turtlebot3/install/ros_gz_bringup/share/ros_gz_bringup/environment/ament_prefix_path.sh
[0.647s] -- Installing: /workspace/ros2_ws_turtlebot3/install/ros_gz_bringup/share/ros_gz_bringup/environment/ament_prefix_path.dsv
[0.647s] -- Installing: /workspace/ros2_ws_turtlebot3/install/ros_gz_bringup/share/ros_gz_bringup/environment/path.sh
[0.647s] -- Installing: /workspace/ros2_ws_turtlebot3/install/ros_gz_bringup/share/ros_gz_bringup/environment/path.dsv
[0.647s] -- Installing: /workspace/ros2_ws_turtlebot3/install/ros_gz_bringup/share/ros_gz_bringup/local_setup.bash
[0.647s] -- Installing: /workspace/ros2_ws_turtlebot3/install/ros_gz_bringup/share/ros_gz_bringup/local_setup.sh
[0.647s] -- Installing: /workspace/ros2_ws_turtlebot3/install/ros_gz_bringup/share/ros_gz_bringup/local_setup.zsh
[0.648s] -- Installing: /workspace/ros2_ws_turtlebot3/install/ros_gz_bringup/share/ros_gz_bringup/local_setup.dsv
[0.648s] -- Installing: /workspace/ros2_ws_turtlebot3/install/ros_gz_bringup/share/ros_gz_bringup/package.dsv
[0.648s] -- Installing: /workspace/ros2_ws_turtlebot3/install/ros_gz_bringup/share/ament_index/resource_index/packages/ros_gz_bringup
[0.648s] -- Installing: /workspace/ros2_ws_turtlebot3/install/ros_gz_bringup/share/ros_gz_bringup/cmake/ros_gz_bringupConfig.cmake
[0.648s] -- Installing: /workspace/ros2_ws_turtlebot3/install/ros_gz_bringup/share/ros_gz_bringup/cmake/ros_gz_bringupConfig-version.cmake
[0.648s] -- Installing: /workspace/ros2_ws_turtlebot3/install/ros_gz_bringup/share/ros_gz_bringup/package.xml
[0.650s] Invoked command in '/workspace/ros2_ws_turtlebot3/build/ros_gz_bringup' returned '0': CMAKE_PREFIX_PATH=/workspace/ros2_ws_turtlebot3/install/ros_gz_gazebo:/workspace/ros2_ws_turtlebot3/install/ros_gz_description:/workspace/ros2_ws_turtlebot3/install/slam_nav2_bringup:/workspace/ros2_ws_turtlebot3/install/ros_gz_bringup:/workspace/ros2_ws_turtlebot3/install/launch:/opt/ros/humble IGN_GAZEBO_PLUGIN_PATH=/workspace/ros2_ws_turtlebot3/install/ros_gz_gazebo/lib/ros_gz_gazebo IGN_GAZEBO_RESOURCE_PATH=/workspace/ros2_ws_turtlebot3/install/ros_gz_description/share/ros_gz_description/models:${IGN_GAZEBO_RESOURCE_PATH} /usr/bin/cmake --install /workspace/ros2_ws_turtlebot3/build/ros_gz_bringup
