[0.007s] Invoking command in '/workspace/ros2_ws_diff_drive/build/launch': CMAKE_PREFIX_PATH=${CMAKE_PREFIX_PATH}:/opt/ros/humble /usr/bin/cmake /workspace/ros2_ws_diff_drive/src/launch -DCMAKE_INSTALL_PREFIX=/workspace/ros2_ws_diff_drive/install/launch
[0.041s] -- The C compiler identification is GNU 11.4.0
[0.078s] -- The CXX compiler identification is GNU 11.4.0
[0.083s] -- Detecting C compiler ABI info
[0.127s] -- Detecting C compiler ABI info - done
[0.136s] -- Check for working C compiler: /usr/bin/cc - skipped
[0.136s] -- Detecting C compile features
[0.137s] -- Detecting C compile features - done
[0.140s] -- Detecting CXX compiler ABI info
[0.192s] -- Detecting CXX compiler ABI info - done
[0.200s] -- Check for working CXX compiler: /usr/bin/c++ - skipped
[0.200s] -- Detecting CXX compile features
[0.200s] -- Detecting CXX compile features - done
[0.203s] -- Found ament_cmake: 1.3.10 (/opt/ros/humble/share/ament_cmake/cmake)
[0.304s] -- Found Python3: /usr/bin/python3 (found version "3.10.12") found components: Interpreter 
[0.422s] -- Configuring done
[0.425s] -- Generating done
[0.426s] -- Build files have been written to: /workspace/ros2_ws_diff_drive/build/launch
[0.430s] Invoked command in '/workspace/ros2_ws_diff_drive/build/launch' returned '0': CMAKE_PREFIX_PATH=${CMAKE_PREFIX_PATH}:/opt/ros/humble /usr/bin/cmake /workspace/ros2_ws_diff_drive/src/launch -DCMAKE_INSTALL_PREFIX=/workspace/ros2_ws_diff_drive/install/launch
[0.430s] Invoking command in '/workspace/ros2_ws_diff_drive/build/launch': CMAKE_PREFIX_PATH=${CMAKE_PREFIX_PATH}:/opt/ros/humble /usr/bin/cmake --build /workspace/ros2_ws_diff_drive/build/launch -- -j8 -l8
[0.456s] Invoked command in '/workspace/ros2_ws_diff_drive/build/launch' returned '0': CMAKE_PREFIX_PATH=${CMAKE_PREFIX_PATH}:/opt/ros/humble /usr/bin/cmake --build /workspace/ros2_ws_diff_drive/build/launch -- -j8 -l8
[0.469s] Invoking command in '/workspace/ros2_ws_diff_drive/build/launch': CMAKE_PREFIX_PATH=${CMAKE_PREFIX_PATH}:/opt/ros/humble /usr/bin/cmake --install /workspace/ros2_ws_diff_drive/build/launch
[0.475s] -- Install configuration: "Release"
[0.475s] -- Installing: /workspace/ros2_ws_diff_drive/install/launch/share/launch//launch
[0.475s] -- Installing: /workspace/ros2_ws_diff_drive/install/launch/share/launch//launch/launch.py
[0.475s] -- Installing: /workspace/ros2_ws_diff_drive/install/launch/share/ament_index/resource_index/package_run_dependencies/launch
[0.475s] -- Installing: /workspace/ros2_ws_diff_drive/install/launch/share/ament_index/resource_index/parent_prefix_path/launch
[0.475s] -- Installing: /workspace/ros2_ws_diff_drive/install/launch/share/launch/environment/ament_prefix_path.sh
[0.475s] -- Installing: /workspace/ros2_ws_diff_drive/install/launch/share/launch/environment/ament_prefix_path.dsv
[0.475s] -- Installing: /workspace/ros2_ws_diff_drive/install/launch/share/launch/environment/path.sh
[0.475s] -- Installing: /workspace/ros2_ws_diff_drive/install/launch/share/launch/environment/path.dsv
[0.475s] -- Installing: /workspace/ros2_ws_diff_drive/install/launch/share/launch/local_setup.bash
[0.475s] -- Installing: /workspace/ros2_ws_diff_drive/install/launch/share/launch/local_setup.sh
[0.475s] -- Installing: /workspace/ros2_ws_diff_drive/install/launch/share/launch/local_setup.zsh
[0.475s] -- Installing: /workspace/ros2_ws_diff_drive/install/launch/share/launch/local_setup.dsv
[0.475s] -- Installing: /workspace/ros2_ws_diff_drive/install/launch/share/launch/package.dsv
[0.475s] -- Installing: /workspace/ros2_ws_diff_drive/install/launch/share/ament_index/resource_index/packages/launch
[0.476s] -- Installing: /workspace/ros2_ws_diff_drive/install/launch/share/launch/cmake/launchConfig.cmake
[0.476s] -- Installing: /workspace/ros2_ws_diff_drive/install/launch/share/launch/cmake/launchConfig-version.cmake
[0.476s] -- Installing: /workspace/ros2_ws_diff_drive/install/launch/share/launch/package.xml
[0.479s] Invoked command in '/workspace/ros2_ws_diff_drive/build/launch' returned '0': CMAKE_PREFIX_PATH=${CMAKE_PREFIX_PATH}:/opt/ros/humble /usr/bin/cmake --install /workspace/ros2_ws_diff_drive/build/launch
