[0.075s] DEBUG:colcon:Command line arguments: ['/usr/bin/colcon', 'build']
[0.076s] DEBUG:colcon:Parsed command line arguments: Namespace(log_base=None, log_level=None, verb_name='build', build_base='build', install_base='install', merge_install=False, symlink_install=False, test_result_base=None, continue_on_error=False, executor='parallel', parallel_workers=8, event_handlers=None, ignore_user_meta=False, metas=['./colcon.meta'], base_paths=['.'], packages_ignore=None, packages_ignore_regex=None, paths=None, packages_up_to=None, packages_up_to_regex=None, packages_above=None, packages_above_and_dependencies=None, packages_above_depth=None, packages_select_by_dep=None, packages_skip_by_dep=None, packages_skip_up_to=None, packages_select_build_failed=False, packages_skip_build_finished=False, packages_select_test_failures=False, packages_skip_test_passed=False, packages_select=None, packages_skip=None, packages_select_regex=None, packages_skip_regex=None, packages_start=None, packages_end=None, cmake_args=None, cmake_target=None, cmake_target_skip_unavailable=False, cmake_clean_cache=False, cmake_clean_first=False, cmake_force_configure=False, ament_cmake_args=None, catkin_cmake_args=None, catkin_skip_building_tests=False, mixin_files=None, mixin=None, verb_parser=<colcon_mixin.mixin.mixin_argument.MixinArgumentDecorator object at 0x7b3e650709a0>, verb_extension=<colcon_core.verb.build.BuildVerb object at 0x7b3e651c5030>, main=<bound method BuildVerb.main of <colcon_core.verb.build.BuildVerb object at 0x7b3e651c5030>>, mixin_verb=('build',))
[0.169s] Level 1:colcon.colcon_core.package_discovery:discover_packages(colcon_meta) check parameters
[0.169s] INFO:colcon.colcon_metadata.package_discovery.colcon_meta:Using configuration from '/root/.colcon/metadata/default/Gazebo.meta'
[0.170s] INFO:colcon.colcon_metadata.package_discovery.colcon_meta:Using configuration from '/root/.colcon/metadata/default/fastrtps.meta'
[0.170s] Level 1:colcon.colcon_core.package_discovery:discover_packages(recursive) check parameters
[0.170s] Level 1:colcon.colcon_core.package_discovery:discover_packages(ignore) check parameters
[0.170s] Level 1:colcon.colcon_core.package_discovery:discover_packages(path) check parameters
[0.170s] Level 1:colcon.colcon_core.package_discovery:discover_packages(colcon_meta) discover
[0.170s] Level 1:colcon.colcon_core.package_discovery:discover_packages(recursive) discover
[0.170s] INFO:colcon.colcon_core.package_discovery:Crawling recursively for packages in '/workspace/ros2_ws_diff_drive'
[0.170s] Level 1:colcon.colcon_core.package_identification:_identify(.) by extensions ['ignore', 'ignore_ament_install']
[0.170s] Level 1:colcon.colcon_core.package_identification:_identify(.) by extension 'ignore'
[0.170s] Level 1:colcon.colcon_core.package_identification:_identify(.) by extension 'ignore_ament_install'
[0.170s] Level 1:colcon.colcon_core.package_identification:_identify(.) by extensions ['colcon_pkg']
[0.170s] Level 1:colcon.colcon_core.package_identification:_identify(.) by extension 'colcon_pkg'
[0.170s] Level 1:colcon.colcon_core.package_identification:_identify(.) by extensions ['colcon_meta']
[0.170s] Level 1:colcon.colcon_core.package_identification:_identify(.) by extension 'colcon_meta'
[0.170s] Level 1:colcon.colcon_core.package_identification:_identify(.) by extensions ['ros']
[0.170s] Level 1:colcon.colcon_core.package_identification:_identify(.) by extension 'ros'
[0.178s] Level 1:colcon.colcon_core.package_identification:_identify(.) by extensions ['cmake', 'python']
[0.178s] Level 1:colcon.colcon_core.package_identification:_identify(.) by extension 'cmake'
[0.178s] Level 1:colcon.colcon_core.package_identification:_identify(.) by extension 'python'
[0.178s] Level 1:colcon.colcon_core.package_identification:_identify(.) by extensions ['python_setup_py']
[0.178s] Level 1:colcon.colcon_core.package_identification:_identify(.) by extension 'python_setup_py'
[0.178s] Level 1:colcon.colcon_core.package_identification:_identify(build) by extensions ['ignore', 'ignore_ament_install']
[0.178s] Level 1:colcon.colcon_core.package_identification:_identify(build) by extension 'ignore'
[0.178s] Level 1:colcon.colcon_core.package_identification:_identify(build) ignored
[0.178s] Level 1:colcon.colcon_core.package_identification:_identify(install) by extensions ['ignore', 'ignore_ament_install']
[0.178s] Level 1:colcon.colcon_core.package_identification:_identify(install) by extension 'ignore'
[0.178s] Level 1:colcon.colcon_core.package_identification:_identify(install) ignored
[0.178s] Level 1:colcon.colcon_core.package_identification:_identify(log) by extensions ['ignore', 'ignore_ament_install']
[0.179s] Level 1:colcon.colcon_core.package_identification:_identify(log) by extension 'ignore'
[0.179s] Level 1:colcon.colcon_core.package_identification:_identify(log) ignored
[0.179s] Level 1:colcon.colcon_core.package_identification:_identify(src) by extensions ['ignore', 'ignore_ament_install']
[0.179s] Level 1:colcon.colcon_core.package_identification:_identify(src) by extension 'ignore'
[0.179s] Level 1:colcon.colcon_core.package_identification:_identify(src) by extension 'ignore_ament_install'
[0.179s] Level 1:colcon.colcon_core.package_identification:_identify(src) by extensions ['colcon_pkg']
[0.179s] Level 1:colcon.colcon_core.package_identification:_identify(src) by extension 'colcon_pkg'
[0.179s] Level 1:colcon.colcon_core.package_identification:_identify(src) by extensions ['colcon_meta']
[0.179s] Level 1:colcon.colcon_core.package_identification:_identify(src) by extension 'colcon_meta'
[0.179s] Level 1:colcon.colcon_core.package_identification:_identify(src) by extensions ['ros']
[0.179s] Level 1:colcon.colcon_core.package_identification:_identify(src) by extension 'ros'
[0.179s] Level 1:colcon.colcon_core.package_identification:_identify(src) by extensions ['cmake', 'python']
[0.179s] Level 1:colcon.colcon_core.package_identification:_identify(src) by extension 'cmake'
[0.179s] Level 1:colcon.colcon_core.package_identification:_identify(src) by extension 'python'
[0.179s] Level 1:colcon.colcon_core.package_identification:_identify(src) by extensions ['python_setup_py']
[0.179s] Level 1:colcon.colcon_core.package_identification:_identify(src) by extension 'python_setup_py'
[0.179s] Level 1:colcon.colcon_core.package_identification:_identify(src/launch) by extensions ['ignore', 'ignore_ament_install']
[0.179s] Level 1:colcon.colcon_core.package_identification:_identify(src/launch) by extension 'ignore'
[0.179s] Level 1:colcon.colcon_core.package_identification:_identify(src/launch) by extension 'ignore_ament_install'
[0.179s] Level 1:colcon.colcon_core.package_identification:_identify(src/launch) by extensions ['colcon_pkg']
[0.179s] Level 1:colcon.colcon_core.package_identification:_identify(src/launch) by extension 'colcon_pkg'
[0.179s] Level 1:colcon.colcon_core.package_identification:_identify(src/launch) by extensions ['colcon_meta']
[0.179s] Level 1:colcon.colcon_core.package_identification:_identify(src/launch) by extension 'colcon_meta'
[0.179s] Level 1:colcon.colcon_core.package_identification:_identify(src/launch) by extensions ['ros']
[0.179s] Level 1:colcon.colcon_core.package_identification:_identify(src/launch) by extension 'ros'
[0.181s] DEBUG:colcon.colcon_core.package_identification:Package 'src/launch' with type 'ros.ament_cmake' and name 'launch'
[0.181s] Level 1:colcon.colcon_core.package_identification:_identify(src/ros_gz) by extensions ['ignore', 'ignore_ament_install']
[0.181s] Level 1:colcon.colcon_core.package_identification:_identify(src/ros_gz) by extension 'ignore'
[0.181s] Level 1:colcon.colcon_core.package_identification:_identify(src/ros_gz) by extension 'ignore_ament_install'
[0.181s] Level 1:colcon.colcon_core.package_identification:_identify(src/ros_gz) by extensions ['colcon_pkg']
[0.181s] Level 1:colcon.colcon_core.package_identification:_identify(src/ros_gz) by extension 'colcon_pkg'
[0.181s] Level 1:colcon.colcon_core.package_identification:_identify(src/ros_gz) by extensions ['colcon_meta']
[0.181s] Level 1:colcon.colcon_core.package_identification:_identify(src/ros_gz) by extension 'colcon_meta'
[0.181s] Level 1:colcon.colcon_core.package_identification:_identify(src/ros_gz) by extensions ['ros']
[0.181s] Level 1:colcon.colcon_core.package_identification:_identify(src/ros_gz) by extension 'ros'
[0.181s] Level 1:colcon.colcon_core.package_identification:_identify(src/ros_gz) by extensions ['cmake', 'python']
[0.181s] Level 1:colcon.colcon_core.package_identification:_identify(src/ros_gz) by extension 'cmake'
[0.181s] Level 1:colcon.colcon_core.package_identification:_identify(src/ros_gz) by extension 'python'
[0.181s] Level 1:colcon.colcon_core.package_identification:_identify(src/ros_gz) by extensions ['python_setup_py']
[0.181s] Level 1:colcon.colcon_core.package_identification:_identify(src/ros_gz) by extension 'python_setup_py'
[0.181s] Level 1:colcon.colcon_core.package_identification:_identify(src/ros_gz/ros_gz_bringup) by extensions ['ignore', 'ignore_ament_install']
[0.181s] Level 1:colcon.colcon_core.package_identification:_identify(src/ros_gz/ros_gz_bringup) by extension 'ignore'
[0.181s] Level 1:colcon.colcon_core.package_identification:_identify(src/ros_gz/ros_gz_bringup) by extension 'ignore_ament_install'
[0.181s] Level 1:colcon.colcon_core.package_identification:_identify(src/ros_gz/ros_gz_bringup) by extensions ['colcon_pkg']
[0.181s] Level 1:colcon.colcon_core.package_identification:_identify(src/ros_gz/ros_gz_bringup) by extension 'colcon_pkg'
[0.181s] Level 1:colcon.colcon_core.package_identification:_identify(src/ros_gz/ros_gz_bringup) by extensions ['colcon_meta']
[0.181s] Level 1:colcon.colcon_core.package_identification:_identify(src/ros_gz/ros_gz_bringup) by extension 'colcon_meta'
[0.181s] Level 1:colcon.colcon_core.package_identification:_identify(src/ros_gz/ros_gz_bringup) by extensions ['ros']
[0.181s] Level 1:colcon.colcon_core.package_identification:_identify(src/ros_gz/ros_gz_bringup) by extension 'ros'
[0.182s] DEBUG:colcon.colcon_core.package_identification:Package 'src/ros_gz/ros_gz_bringup' with type 'ros.ament_cmake' and name 'ros_gz_bringup'
[0.182s] Level 1:colcon.colcon_core.package_identification:_identify(src/ros_gz/ros_gz_description) by extensions ['ignore', 'ignore_ament_install']
[0.182s] Level 1:colcon.colcon_core.package_identification:_identify(src/ros_gz/ros_gz_description) by extension 'ignore'
[0.182s] Level 1:colcon.colcon_core.package_identification:_identify(src/ros_gz/ros_gz_description) by extension 'ignore_ament_install'
[0.182s] Level 1:colcon.colcon_core.package_identification:_identify(src/ros_gz/ros_gz_description) by extensions ['colcon_pkg']
[0.182s] Level 1:colcon.colcon_core.package_identification:_identify(src/ros_gz/ros_gz_description) by extension 'colcon_pkg'
[0.182s] Level 1:colcon.colcon_core.package_identification:_identify(src/ros_gz/ros_gz_description) by extensions ['colcon_meta']
[0.182s] Level 1:colcon.colcon_core.package_identification:_identify(src/ros_gz/ros_gz_description) by extension 'colcon_meta'
[0.182s] Level 1:colcon.colcon_core.package_identification:_identify(src/ros_gz/ros_gz_description) by extensions ['ros']
[0.182s] Level 1:colcon.colcon_core.package_identification:_identify(src/ros_gz/ros_gz_description) by extension 'ros'
[0.183s] DEBUG:colcon.colcon_core.package_identification:Package 'src/ros_gz/ros_gz_description' with type 'ros.ament_cmake' and name 'ros_gz_description'
[0.183s] Level 1:colcon.colcon_core.package_identification:_identify(src/ros_gz/ros_gz_gazebo) by extensions ['ignore', 'ignore_ament_install']
[0.183s] Level 1:colcon.colcon_core.package_identification:_identify(src/ros_gz/ros_gz_gazebo) by extension 'ignore'
[0.183s] Level 1:colcon.colcon_core.package_identification:_identify(src/ros_gz/ros_gz_gazebo) by extension 'ignore_ament_install'
[0.183s] Level 1:colcon.colcon_core.package_identification:_identify(src/ros_gz/ros_gz_gazebo) by extensions ['colcon_pkg']
[0.183s] Level 1:colcon.colcon_core.package_identification:_identify(src/ros_gz/ros_gz_gazebo) by extension 'colcon_pkg'
[0.183s] Level 1:colcon.colcon_core.package_identification:_identify(src/ros_gz/ros_gz_gazebo) by extensions ['colcon_meta']
[0.183s] Level 1:colcon.colcon_core.package_identification:_identify(src/ros_gz/ros_gz_gazebo) by extension 'colcon_meta'
[0.183s] Level 1:colcon.colcon_core.package_identification:_identify(src/ros_gz/ros_gz_gazebo) by extensions ['ros']
[0.183s] Level 1:colcon.colcon_core.package_identification:_identify(src/ros_gz/ros_gz_gazebo) by extension 'ros'
[0.183s] DEBUG:colcon.colcon_core.package_identification:Package 'src/ros_gz/ros_gz_gazebo' with type 'ros.ament_cmake' and name 'ros_gz_gazebo'
[0.183s] Level 1:colcon.colcon_core.package_discovery:discover_packages(recursive) using defaults
[0.183s] Level 1:colcon.colcon_core.package_discovery:discover_packages(ignore) discover
[0.183s] Level 1:colcon.colcon_core.package_discovery:discover_packages(ignore) using defaults
[0.183s] Level 1:colcon.colcon_core.package_discovery:discover_packages(path) discover
[0.183s] Level 1:colcon.colcon_core.package_discovery:discover_packages(path) using defaults
[0.196s] Level 5:colcon.colcon_core.verb:set package 'launch' build argument 'cmake_args' from command line to 'None'
[0.196s] Level 5:colcon.colcon_core.verb:set package 'launch' build argument 'cmake_target' from command line to 'None'
[0.196s] Level 5:colcon.colcon_core.verb:set package 'launch' build argument 'cmake_target_skip_unavailable' from command line to 'False'
[0.196s] Level 5:colcon.colcon_core.verb:set package 'launch' build argument 'cmake_clean_cache' from command line to 'False'
[0.196s] Level 5:colcon.colcon_core.verb:set package 'launch' build argument 'cmake_clean_first' from command line to 'False'
[0.196s] Level 5:colcon.colcon_core.verb:set package 'launch' build argument 'cmake_force_configure' from command line to 'False'
[0.197s] Level 5:colcon.colcon_core.verb:set package 'launch' build argument 'ament_cmake_args' from command line to 'None'
[0.197s] Level 5:colcon.colcon_core.verb:set package 'launch' build argument 'catkin_cmake_args' from command line to 'None'
[0.197s] Level 5:colcon.colcon_core.verb:set package 'launch' build argument 'catkin_skip_building_tests' from command line to 'False'
[0.197s] DEBUG:colcon.colcon_core.verb:Building package 'launch' with the following arguments: {'ament_cmake_args': None, 'build_base': '/workspace/ros2_ws_diff_drive/build/launch', 'catkin_cmake_args': None, 'catkin_skip_building_tests': False, 'cmake_args': None, 'cmake_clean_cache': False, 'cmake_clean_first': False, 'cmake_force_configure': False, 'cmake_target': None, 'cmake_target_skip_unavailable': False, 'install_base': '/workspace/ros2_ws_diff_drive/install/launch', 'merge_install': False, 'path': '/workspace/ros2_ws_diff_drive/src/launch', 'symlink_install': False, 'test_result_base': None}
[0.197s] Level 5:colcon.colcon_core.verb:set package 'ros_gz_description' build argument 'cmake_args' from command line to 'None'
[0.197s] Level 5:colcon.colcon_core.verb:set package 'ros_gz_description' build argument 'cmake_target' from command line to 'None'
[0.197s] Level 5:colcon.colcon_core.verb:set package 'ros_gz_description' build argument 'cmake_target_skip_unavailable' from command line to 'False'
[0.197s] Level 5:colcon.colcon_core.verb:set package 'ros_gz_description' build argument 'cmake_clean_cache' from command line to 'False'
[0.197s] Level 5:colcon.colcon_core.verb:set package 'ros_gz_description' build argument 'cmake_clean_first' from command line to 'False'
[0.197s] Level 5:colcon.colcon_core.verb:set package 'ros_gz_description' build argument 'cmake_force_configure' from command line to 'False'
[0.197s] Level 5:colcon.colcon_core.verb:set package 'ros_gz_description' build argument 'ament_cmake_args' from command line to 'None'
[0.197s] Level 5:colcon.colcon_core.verb:set package 'ros_gz_description' build argument 'catkin_cmake_args' from command line to 'None'
[0.197s] Level 5:colcon.colcon_core.verb:set package 'ros_gz_description' build argument 'catkin_skip_building_tests' from command line to 'False'
[0.197s] DEBUG:colcon.colcon_core.verb:Building package 'ros_gz_description' with the following arguments: {'ament_cmake_args': None, 'build_base': '/workspace/ros2_ws_diff_drive/build/ros_gz_description', 'catkin_cmake_args': None, 'catkin_skip_building_tests': False, 'cmake_args': None, 'cmake_clean_cache': False, 'cmake_clean_first': False, 'cmake_force_configure': False, 'cmake_target': None, 'cmake_target_skip_unavailable': False, 'install_base': '/workspace/ros2_ws_diff_drive/install/ros_gz_description', 'merge_install': False, 'path': '/workspace/ros2_ws_diff_drive/src/ros_gz/ros_gz_description', 'symlink_install': False, 'test_result_base': None}
[0.197s] Level 5:colcon.colcon_core.verb:set package 'ros_gz_gazebo' build argument 'cmake_args' from command line to 'None'
[0.197s] Level 5:colcon.colcon_core.verb:set package 'ros_gz_gazebo' build argument 'cmake_target' from command line to 'None'
[0.197s] Level 5:colcon.colcon_core.verb:set package 'ros_gz_gazebo' build argument 'cmake_target_skip_unavailable' from command line to 'False'
[0.197s] Level 5:colcon.colcon_core.verb:set package 'ros_gz_gazebo' build argument 'cmake_clean_cache' from command line to 'False'
[0.197s] Level 5:colcon.colcon_core.verb:set package 'ros_gz_gazebo' build argument 'cmake_clean_first' from command line to 'False'
[0.197s] Level 5:colcon.colcon_core.verb:set package 'ros_gz_gazebo' build argument 'cmake_force_configure' from command line to 'False'
[0.197s] Level 5:colcon.colcon_core.verb:set package 'ros_gz_gazebo' build argument 'ament_cmake_args' from command line to 'None'
[0.197s] Level 5:colcon.colcon_core.verb:set package 'ros_gz_gazebo' build argument 'catkin_cmake_args' from command line to 'None'
[0.197s] Level 5:colcon.colcon_core.verb:set package 'ros_gz_gazebo' build argument 'catkin_skip_building_tests' from command line to 'False'
[0.197s] DEBUG:colcon.colcon_core.verb:Building package 'ros_gz_gazebo' with the following arguments: {'ament_cmake_args': None, 'build_base': '/workspace/ros2_ws_diff_drive/build/ros_gz_gazebo', 'catkin_cmake_args': None, 'catkin_skip_building_tests': False, 'cmake_args': None, 'cmake_clean_cache': False, 'cmake_clean_first': False, 'cmake_force_configure': False, 'cmake_target': None, 'cmake_target_skip_unavailable': False, 'install_base': '/workspace/ros2_ws_diff_drive/install/ros_gz_gazebo', 'merge_install': False, 'path': '/workspace/ros2_ws_diff_drive/src/ros_gz/ros_gz_gazebo', 'symlink_install': False, 'test_result_base': None}
[0.197s] Level 5:colcon.colcon_core.verb:set package 'ros_gz_bringup' build argument 'cmake_args' from command line to 'None'
[0.197s] Level 5:colcon.colcon_core.verb:set package 'ros_gz_bringup' build argument 'cmake_target' from command line to 'None'
[0.198s] Level 5:colcon.colcon_core.verb:set package 'ros_gz_bringup' build argument 'cmake_target_skip_unavailable' from command line to 'False'
[0.198s] Level 5:colcon.colcon_core.verb:set package 'ros_gz_bringup' build argument 'cmake_clean_cache' from command line to 'False'
[0.198s] Level 5:colcon.colcon_core.verb:set package 'ros_gz_bringup' build argument 'cmake_clean_first' from command line to 'False'
[0.198s] Level 5:colcon.colcon_core.verb:set package 'ros_gz_bringup' build argument 'cmake_force_configure' from command line to 'False'
[0.198s] Level 5:colcon.colcon_core.verb:set package 'ros_gz_bringup' build argument 'ament_cmake_args' from command line to 'None'
[0.198s] Level 5:colcon.colcon_core.verb:set package 'ros_gz_bringup' build argument 'catkin_cmake_args' from command line to 'None'
[0.198s] Level 5:colcon.colcon_core.verb:set package 'ros_gz_bringup' build argument 'catkin_skip_building_tests' from command line to 'False'
[0.198s] DEBUG:colcon.colcon_core.verb:Building package 'ros_gz_bringup' with the following arguments: {'ament_cmake_args': None, 'build_base': '/workspace/ros2_ws_diff_drive/build/ros_gz_bringup', 'catkin_cmake_args': None, 'catkin_skip_building_tests': False, 'cmake_args': None, 'cmake_clean_cache': False, 'cmake_clean_first': False, 'cmake_force_configure': False, 'cmake_target': None, 'cmake_target_skip_unavailable': False, 'install_base': '/workspace/ros2_ws_diff_drive/install/ros_gz_bringup', 'merge_install': False, 'path': '/workspace/ros2_ws_diff_drive/src/ros_gz/ros_gz_bringup', 'symlink_install': False, 'test_result_base': None}
[0.198s] INFO:colcon.colcon_core.executor:Executing jobs using 'parallel' executor
[0.198s] DEBUG:colcon.colcon_parallel_executor.executor.parallel:run_until_complete
[0.199s] INFO:colcon.colcon_ros.task.ament_cmake.build:Building ROS package in '/workspace/ros2_ws_diff_drive/src/ros_gz/ros_gz_description' with build type 'ament_cmake'
[0.199s] INFO:colcon.colcon_cmake.task.cmake.build:Building CMake package in '/workspace/ros2_ws_diff_drive/src/ros_gz/ros_gz_description'
[0.201s] INFO:colcon.colcon_core.plugin_system:Skipping extension 'colcon_core.shell.bat': Not used on non-Windows systems
[0.201s] INFO:colcon.colcon_core.shell:Skip shell extension 'powershell' for command environment: Not usable outside of PowerShell
[0.201s] DEBUG:colcon.colcon_core.shell:Skip shell extension 'dsv' for command environment
[0.202s] WARNING:colcon.colcon_ros.prefix_path.ament:The path '/workspace/ros2_ws_diff_drive/install/ros_gz_bringup' in the environment variable AMENT_PREFIX_PATH doesn't exist
[0.202s] WARNING:colcon.colcon_ros.prefix_path.ament:The path '/workspace/ros2_ws_diff_drive/install/ros_gz_gazebo' in the environment variable AMENT_PREFIX_PATH doesn't exist
[0.202s] WARNING:colcon.colcon_ros.prefix_path.ament:The path '/workspace/ros2_ws_diff_drive/install/ros_gz_description' in the environment variable AMENT_PREFIX_PATH doesn't exist
[0.202s] WARNING:colcon.colcon_ros.prefix_path.ament:The path '/workspace/ros2_ws_diff_drive/install/launch' in the environment variable AMENT_PREFIX_PATH doesn't exist
[0.202s] WARNING:colcon.colcon_ros.prefix_path.catkin:The path '/workspace/ros2_ws_diff_drive/install/ros_gz_bringup' in the environment variable CMAKE_PREFIX_PATH doesn't exist
[0.202s] WARNING:colcon.colcon_ros.prefix_path.catkin:The path '/workspace/ros2_ws_diff_drive/install/ros_gz_gazebo' in the environment variable CMAKE_PREFIX_PATH doesn't exist
[0.202s] WARNING:colcon.colcon_ros.prefix_path.catkin:The path '/workspace/ros2_ws_diff_drive/install/ros_gz_description' in the environment variable CMAKE_PREFIX_PATH doesn't exist
[0.202s] WARNING:colcon.colcon_ros.prefix_path.catkin:The path '/workspace/ros2_ws_diff_drive/install/launch' in the environment variable CMAKE_PREFIX_PATH doesn't exist
[0.205s] INFO:colcon.colcon_ros.task.ament_cmake.build:Building ROS package in '/workspace/ros2_ws_diff_drive/src/launch' with build type 'ament_cmake'
[0.205s] INFO:colcon.colcon_cmake.task.cmake.build:Building CMake package in '/workspace/ros2_ws_diff_drive/src/launch'
[0.205s] INFO:colcon.colcon_core.shell:Skip shell extension 'powershell' for command environment: Not usable outside of PowerShell
[0.205s] DEBUG:colcon.colcon_core.shell:Skip shell extension 'dsv' for command environment
[0.210s] DEBUG:colcon.colcon_core.event_handler.log_command:Invoking command in '/workspace/ros2_ws_diff_drive/build/ros_gz_description': CMAKE_PREFIX_PATH=${CMAKE_PREFIX_PATH}:/opt/ros/humble /usr/bin/cmake /workspace/ros2_ws_diff_drive/src/ros_gz/ros_gz_description -DCMAKE_INSTALL_PREFIX=/workspace/ros2_ws_diff_drive/install/ros_gz_description
[0.213s] DEBUG:colcon.colcon_core.event_handler.log_command:Invoking command in '/workspace/ros2_ws_diff_drive/build/launch': CMAKE_PREFIX_PATH=${CMAKE_PREFIX_PATH}:/opt/ros/humble /usr/bin/cmake /workspace/ros2_ws_diff_drive/src/launch -DCMAKE_INSTALL_PREFIX=/workspace/ros2_ws_diff_drive/install/launch
[0.624s] DEBUG:colcon.colcon_core.event_handler.log_command:Invoked command in '/workspace/ros2_ws_diff_drive/build/ros_gz_description' returned '0': CMAKE_PREFIX_PATH=${CMAKE_PREFIX_PATH}:/opt/ros/humble /usr/bin/cmake /workspace/ros2_ws_diff_drive/src/ros_gz/ros_gz_description -DCMAKE_INSTALL_PREFIX=/workspace/ros2_ws_diff_drive/install/ros_gz_description
[0.625s] DEBUG:colcon.colcon_core.event_handler.log_command:Invoking command in '/workspace/ros2_ws_diff_drive/build/ros_gz_description': CMAKE_PREFIX_PATH=${CMAKE_PREFIX_PATH}:/opt/ros/humble /usr/bin/cmake --build /workspace/ros2_ws_diff_drive/build/ros_gz_description -- -j8 -l8
[0.635s] DEBUG:colcon.colcon_core.event_handler.log_command:Invoked command in '/workspace/ros2_ws_diff_drive/build/launch' returned '0': CMAKE_PREFIX_PATH=${CMAKE_PREFIX_PATH}:/opt/ros/humble /usr/bin/cmake /workspace/ros2_ws_diff_drive/src/launch -DCMAKE_INSTALL_PREFIX=/workspace/ros2_ws_diff_drive/install/launch
[0.636s] DEBUG:colcon.colcon_core.event_handler.log_command:Invoking command in '/workspace/ros2_ws_diff_drive/build/launch': CMAKE_PREFIX_PATH=${CMAKE_PREFIX_PATH}:/opt/ros/humble /usr/bin/cmake --build /workspace/ros2_ws_diff_drive/build/launch -- -j8 -l8
[0.649s] DEBUG:colcon.colcon_core.event_handler.log_command:Invoked command in '/workspace/ros2_ws_diff_drive/build/ros_gz_description' returned '0': CMAKE_PREFIX_PATH=${CMAKE_PREFIX_PATH}:/opt/ros/humble /usr/bin/cmake --build /workspace/ros2_ws_diff_drive/build/ros_gz_description -- -j8 -l8
[0.661s] DEBUG:colcon.colcon_core.event_handler.log_command:Invoked command in '/workspace/ros2_ws_diff_drive/build/launch' returned '0': CMAKE_PREFIX_PATH=${CMAKE_PREFIX_PATH}:/opt/ros/humble /usr/bin/cmake --build /workspace/ros2_ws_diff_drive/build/launch -- -j8 -l8
[0.667s] DEBUG:colcon.colcon_core.event_handler.log_command:Invoking command in '/workspace/ros2_ws_diff_drive/build/ros_gz_description': CMAKE_PREFIX_PATH=${CMAKE_PREFIX_PATH}:/opt/ros/humble /usr/bin/cmake --install /workspace/ros2_ws_diff_drive/build/ros_gz_description
[0.675s] DEBUG:colcon.colcon_core.event_handler.log_command:Invoking command in '/workspace/ros2_ws_diff_drive/build/launch': CMAKE_PREFIX_PATH=${CMAKE_PREFIX_PATH}:/opt/ros/humble /usr/bin/cmake --install /workspace/ros2_ws_diff_drive/build/launch
[0.676s] Level 1:colcon.colcon_core.environment:create_environment_scripts_only(ros_gz_description)
[0.676s] DEBUG:colcon.colcon_core.event_handler.log_command:Invoked command in '/workspace/ros2_ws_diff_drive/build/ros_gz_description' returned '0': CMAKE_PREFIX_PATH=${CMAKE_PREFIX_PATH}:/opt/ros/humble /usr/bin/cmake --install /workspace/ros2_ws_diff_drive/build/ros_gz_description
[0.677s] Level 1:colcon.colcon_core.environment:checking '/workspace/ros2_ws_diff_drive/install/ros_gz_description' for CMake module files
[0.678s] Level 1:colcon.colcon_core.environment:checking '/workspace/ros2_ws_diff_drive/install/ros_gz_description' for CMake config files
[0.678s] Level 1:colcon.colcon_core.shell:create_environment_hook('ros_gz_description', 'cmake_prefix_path')
[0.678s] INFO:colcon.colcon_core.shell:Creating environment hook '/workspace/ros2_ws_diff_drive/install/ros_gz_description/share/ros_gz_description/hook/cmake_prefix_path.ps1'
[0.678s] INFO:colcon.colcon_core.shell:Creating environment descriptor '/workspace/ros2_ws_diff_drive/install/ros_gz_description/share/ros_gz_description/hook/cmake_prefix_path.dsv'
[0.679s] INFO:colcon.colcon_core.shell:Creating environment hook '/workspace/ros2_ws_diff_drive/install/ros_gz_description/share/ros_gz_description/hook/cmake_prefix_path.sh'
[0.679s] Level 1:colcon.colcon_core.environment:checking '/workspace/ros2_ws_diff_drive/install/ros_gz_description/bin'
[0.679s] Level 1:colcon.colcon_core.environment:checking '/workspace/ros2_ws_diff_drive/install/ros_gz_description/lib/pkgconfig/ros_gz_description.pc'
[0.680s] Level 1:colcon.colcon_core.environment:checking '/workspace/ros2_ws_diff_drive/install/ros_gz_description/lib/python3.10/site-packages'
[0.681s] Level 1:colcon.colcon_core.environment:checking '/workspace/ros2_ws_diff_drive/install/ros_gz_description/bin'
[0.682s] INFO:colcon.colcon_core.shell:Creating package script '/workspace/ros2_ws_diff_drive/install/ros_gz_description/share/ros_gz_description/package.ps1'
[0.682s] INFO:colcon.colcon_core.shell:Creating package descriptor '/workspace/ros2_ws_diff_drive/install/ros_gz_description/share/ros_gz_description/package.dsv'
[0.682s] INFO:colcon.colcon_core.shell:Creating package script '/workspace/ros2_ws_diff_drive/install/ros_gz_description/share/ros_gz_description/package.sh'
[0.683s] INFO:colcon.colcon_core.shell:Creating package script '/workspace/ros2_ws_diff_drive/install/ros_gz_description/share/ros_gz_description/package.bash'
[0.683s] INFO:colcon.colcon_core.shell:Creating package script '/workspace/ros2_ws_diff_drive/install/ros_gz_description/share/ros_gz_description/package.zsh'
[0.684s] Level 1:colcon.colcon_core.environment:create_file_with_runtime_dependencies(/workspace/ros2_ws_diff_drive/install/ros_gz_description/share/colcon-core/packages/ros_gz_description)
[0.685s] Level 1:colcon.colcon_core.environment:create_environment_scripts_only(launch)
[0.685s] Level 1:colcon.colcon_core.environment:checking '/workspace/ros2_ws_diff_drive/install/launch' for CMake module files
[0.685s] DEBUG:colcon.colcon_core.event_handler.log_command:Invoked command in '/workspace/ros2_ws_diff_drive/build/launch' returned '0': CMAKE_PREFIX_PATH=${CMAKE_PREFIX_PATH}:/opt/ros/humble /usr/bin/cmake --install /workspace/ros2_ws_diff_drive/build/launch
[0.685s] Level 1:colcon.colcon_core.environment:checking '/workspace/ros2_ws_diff_drive/install/launch' for CMake config files
[0.685s] Level 1:colcon.colcon_core.shell:create_environment_hook('launch', 'cmake_prefix_path')
[0.685s] INFO:colcon.colcon_core.shell:Creating environment hook '/workspace/ros2_ws_diff_drive/install/launch/share/launch/hook/cmake_prefix_path.ps1'
[0.686s] INFO:colcon.colcon_core.shell:Creating environment descriptor '/workspace/ros2_ws_diff_drive/install/launch/share/launch/hook/cmake_prefix_path.dsv'
[0.686s] INFO:colcon.colcon_core.shell:Creating environment hook '/workspace/ros2_ws_diff_drive/install/launch/share/launch/hook/cmake_prefix_path.sh'
[0.686s] Level 1:colcon.colcon_core.environment:checking '/workspace/ros2_ws_diff_drive/install/launch/bin'
[0.686s] Level 1:colcon.colcon_core.environment:checking '/workspace/ros2_ws_diff_drive/install/launch/lib/pkgconfig/launch.pc'
[0.686s] Level 1:colcon.colcon_core.environment:checking '/workspace/ros2_ws_diff_drive/install/launch/lib/python3.10/site-packages'
[0.686s] Level 1:colcon.colcon_core.environment:checking '/workspace/ros2_ws_diff_drive/install/launch/bin'
[0.687s] INFO:colcon.colcon_core.shell:Creating package script '/workspace/ros2_ws_diff_drive/install/launch/share/launch/package.ps1'
[0.687s] INFO:colcon.colcon_core.shell:Creating package descriptor '/workspace/ros2_ws_diff_drive/install/launch/share/launch/package.dsv'
[0.687s] INFO:colcon.colcon_core.shell:Creating package script '/workspace/ros2_ws_diff_drive/install/launch/share/launch/package.sh'
[0.687s] INFO:colcon.colcon_core.shell:Creating package script '/workspace/ros2_ws_diff_drive/install/launch/share/launch/package.bash'
[0.687s] INFO:colcon.colcon_core.shell:Creating package script '/workspace/ros2_ws_diff_drive/install/launch/share/launch/package.zsh'
[0.687s] Level 1:colcon.colcon_core.environment:create_file_with_runtime_dependencies(/workspace/ros2_ws_diff_drive/install/launch/share/colcon-core/packages/launch)
[0.697s] Level 1:colcon.colcon_core.environment:create_environment_scripts_only(ros_gz_description)
[0.697s] Level 1:colcon.colcon_core.environment:checking '/workspace/ros2_ws_diff_drive/install/ros_gz_description' for CMake module files
[0.697s] Level 1:colcon.colcon_core.environment:checking '/workspace/ros2_ws_diff_drive/install/ros_gz_description' for CMake config files
[0.697s] Level 1:colcon.colcon_core.shell:create_environment_hook('ros_gz_description', 'cmake_prefix_path')
[0.698s] INFO:colcon.colcon_core.shell:Creating environment hook '/workspace/ros2_ws_diff_drive/install/ros_gz_description/share/ros_gz_description/hook/cmake_prefix_path.ps1'
[0.698s] INFO:colcon.colcon_core.shell:Creating environment descriptor '/workspace/ros2_ws_diff_drive/install/ros_gz_description/share/ros_gz_description/hook/cmake_prefix_path.dsv'
[0.698s] INFO:colcon.colcon_core.shell:Creating environment hook '/workspace/ros2_ws_diff_drive/install/ros_gz_description/share/ros_gz_description/hook/cmake_prefix_path.sh'
[0.698s] Level 1:colcon.colcon_core.environment:checking '/workspace/ros2_ws_diff_drive/install/ros_gz_description/bin'
[0.698s] Level 1:colcon.colcon_core.environment:checking '/workspace/ros2_ws_diff_drive/install/ros_gz_description/lib/pkgconfig/ros_gz_description.pc'
[0.699s] Level 1:colcon.colcon_core.environment:checking '/workspace/ros2_ws_diff_drive/install/ros_gz_description/lib/python3.10/site-packages'
[0.699s] Level 1:colcon.colcon_core.environment:checking '/workspace/ros2_ws_diff_drive/install/ros_gz_description/bin'
[0.699s] INFO:colcon.colcon_core.shell:Creating package script '/workspace/ros2_ws_diff_drive/install/ros_gz_description/share/ros_gz_description/package.ps1'
[0.699s] INFO:colcon.colcon_core.shell:Creating package descriptor '/workspace/ros2_ws_diff_drive/install/ros_gz_description/share/ros_gz_description/package.dsv'
[0.700s] INFO:colcon.colcon_core.shell:Creating package script '/workspace/ros2_ws_diff_drive/install/ros_gz_description/share/ros_gz_description/package.sh'
[0.700s] INFO:colcon.colcon_core.shell:Creating package script '/workspace/ros2_ws_diff_drive/install/ros_gz_description/share/ros_gz_description/package.bash'
[0.700s] INFO:colcon.colcon_core.shell:Creating package script '/workspace/ros2_ws_diff_drive/install/ros_gz_description/share/ros_gz_description/package.zsh'
[0.700s] Level 1:colcon.colcon_core.environment:create_file_with_runtime_dependencies(/workspace/ros2_ws_diff_drive/install/ros_gz_description/share/colcon-core/packages/ros_gz_description)
[0.701s] INFO:colcon.colcon_ros.task.ament_cmake.build:Building ROS package in '/workspace/ros2_ws_diff_drive/src/ros_gz/ros_gz_gazebo' with build type 'ament_cmake'
[0.701s] INFO:colcon.colcon_cmake.task.cmake.build:Building CMake package in '/workspace/ros2_ws_diff_drive/src/ros_gz/ros_gz_gazebo'
[0.701s] INFO:colcon.colcon_core.shell:Skip shell extension 'powershell' for command environment: Not usable outside of PowerShell
[0.701s] DEBUG:colcon.colcon_core.shell:Skip shell extension 'dsv' for command environment
[0.705s] Level 1:colcon.colcon_core.environment:create_environment_scripts_only(launch)
[0.705s] Level 1:colcon.colcon_core.environment:checking '/workspace/ros2_ws_diff_drive/install/launch' for CMake module files
[0.705s] Level 1:colcon.colcon_core.environment:checking '/workspace/ros2_ws_diff_drive/install/launch' for CMake config files
[0.705s] Level 1:colcon.colcon_core.shell:create_environment_hook('launch', 'cmake_prefix_path')
[0.706s] INFO:colcon.colcon_core.shell:Creating environment hook '/workspace/ros2_ws_diff_drive/install/launch/share/launch/hook/cmake_prefix_path.ps1'
[0.706s] INFO:colcon.colcon_core.shell:Creating environment descriptor '/workspace/ros2_ws_diff_drive/install/launch/share/launch/hook/cmake_prefix_path.dsv'
[0.706s] INFO:colcon.colcon_core.shell:Creating environment hook '/workspace/ros2_ws_diff_drive/install/launch/share/launch/hook/cmake_prefix_path.sh'
[0.706s] Level 1:colcon.colcon_core.environment:checking '/workspace/ros2_ws_diff_drive/install/launch/bin'
[0.707s] Level 1:colcon.colcon_core.environment:checking '/workspace/ros2_ws_diff_drive/install/launch/lib/pkgconfig/launch.pc'
[0.707s] Level 1:colcon.colcon_core.environment:checking '/workspace/ros2_ws_diff_drive/install/launch/lib/python3.10/site-packages'
[0.707s] Level 1:colcon.colcon_core.environment:checking '/workspace/ros2_ws_diff_drive/install/launch/bin'
[0.707s] INFO:colcon.colcon_core.shell:Creating package script '/workspace/ros2_ws_diff_drive/install/launch/share/launch/package.ps1'
[0.707s] INFO:colcon.colcon_core.shell:Creating package descriptor '/workspace/ros2_ws_diff_drive/install/launch/share/launch/package.dsv'
[0.708s] INFO:colcon.colcon_core.shell:Creating package script '/workspace/ros2_ws_diff_drive/install/launch/share/launch/package.sh'
[0.708s] INFO:colcon.colcon_core.shell:Creating package script '/workspace/ros2_ws_diff_drive/install/launch/share/launch/package.bash'
[0.708s] INFO:colcon.colcon_core.shell:Creating package script '/workspace/ros2_ws_diff_drive/install/launch/share/launch/package.zsh'
[0.708s] Level 1:colcon.colcon_core.environment:create_file_with_runtime_dependencies(/workspace/ros2_ws_diff_drive/install/launch/share/colcon-core/packages/launch)
[0.710s] DEBUG:colcon.colcon_core.event_handler.log_command:Invoking command in '/workspace/ros2_ws_diff_drive/build/ros_gz_gazebo': CMAKE_PREFIX_PATH=/workspace/ros2_ws_diff_drive/install/ros_gz_description:/workspace/ros2_ws_turtlebot3/install/turtlebot3:/workspace/ros2_ws_turtlebot3/install/ros_gz_bringup:/workspace/ros2_ws_turtlebot3/install/ros_gz_gazebo:/workspace/ros2_ws_turtlebot3/install/ros_gz_description:/workspace/ros2_ws_turtlebot3/install/launch:/workspace/ros2_ws_diff_drive/install/ros_gz_bringup:/workspace/ros2_ws_diff_drive/install/ros_gz_gazebo:/workspace/ros2_ws_diff_drive/install/launch:/opt/ros/humble IGN_GAZEBO_RESOURCE_PATH=/workspace/ros2_ws_diff_drive/install/ros_gz_description/share/ros_gz_description/models:${IGN_GAZEBO_RESOURCE_PATH} /usr/bin/cmake /workspace/ros2_ws_diff_drive/src/ros_gz/ros_gz_gazebo -DCMAKE_INSTALL_PREFIX=/workspace/ros2_ws_diff_drive/install/ros_gz_gazebo
[1.894s] DEBUG:colcon.colcon_core.event_handler.log_command:Invoked command in '/workspace/ros2_ws_diff_drive/build/ros_gz_gazebo' returned '0': CMAKE_PREFIX_PATH=/workspace/ros2_ws_diff_drive/install/ros_gz_description:/workspace/ros2_ws_turtlebot3/install/turtlebot3:/workspace/ros2_ws_turtlebot3/install/ros_gz_bringup:/workspace/ros2_ws_turtlebot3/install/ros_gz_gazebo:/workspace/ros2_ws_turtlebot3/install/ros_gz_description:/workspace/ros2_ws_turtlebot3/install/launch:/workspace/ros2_ws_diff_drive/install/ros_gz_bringup:/workspace/ros2_ws_diff_drive/install/ros_gz_gazebo:/workspace/ros2_ws_diff_drive/install/launch:/opt/ros/humble IGN_GAZEBO_RESOURCE_PATH=/workspace/ros2_ws_diff_drive/install/ros_gz_description/share/ros_gz_description/models:${IGN_GAZEBO_RESOURCE_PATH} /usr/bin/cmake /workspace/ros2_ws_diff_drive/src/ros_gz/ros_gz_gazebo -DCMAKE_INSTALL_PREFIX=/workspace/ros2_ws_diff_drive/install/ros_gz_gazebo
[1.894s] DEBUG:colcon.colcon_core.event_handler.log_command:Invoking command in '/workspace/ros2_ws_diff_drive/build/ros_gz_gazebo': CMAKE_PREFIX_PATH=/workspace/ros2_ws_diff_drive/install/ros_gz_description:/workspace/ros2_ws_turtlebot3/install/turtlebot3:/workspace/ros2_ws_turtlebot3/install/ros_gz_bringup:/workspace/ros2_ws_turtlebot3/install/ros_gz_gazebo:/workspace/ros2_ws_turtlebot3/install/ros_gz_description:/workspace/ros2_ws_turtlebot3/install/launch:/workspace/ros2_ws_diff_drive/install/ros_gz_bringup:/workspace/ros2_ws_diff_drive/install/ros_gz_gazebo:/workspace/ros2_ws_diff_drive/install/launch:/opt/ros/humble IGN_GAZEBO_RESOURCE_PATH=/workspace/ros2_ws_diff_drive/install/ros_gz_description/share/ros_gz_description/models:${IGN_GAZEBO_RESOURCE_PATH} /usr/bin/cmake --build /workspace/ros2_ws_diff_drive/build/ros_gz_gazebo -- -j8 -l8
[5.248s] DEBUG:colcon.colcon_core.event_handler.log_command:Invoked command in '/workspace/ros2_ws_diff_drive/build/ros_gz_gazebo' returned '0': CMAKE_PREFIX_PATH=/workspace/ros2_ws_diff_drive/install/ros_gz_description:/workspace/ros2_ws_turtlebot3/install/turtlebot3:/workspace/ros2_ws_turtlebot3/install/ros_gz_bringup:/workspace/ros2_ws_turtlebot3/install/ros_gz_gazebo:/workspace/ros2_ws_turtlebot3/install/ros_gz_description:/workspace/ros2_ws_turtlebot3/install/launch:/workspace/ros2_ws_diff_drive/install/ros_gz_bringup:/workspace/ros2_ws_diff_drive/install/ros_gz_gazebo:/workspace/ros2_ws_diff_drive/install/launch:/opt/ros/humble IGN_GAZEBO_RESOURCE_PATH=/workspace/ros2_ws_diff_drive/install/ros_gz_description/share/ros_gz_description/models:${IGN_GAZEBO_RESOURCE_PATH} /usr/bin/cmake --build /workspace/ros2_ws_diff_drive/build/ros_gz_gazebo -- -j8 -l8
[5.274s] DEBUG:colcon.colcon_core.event_handler.log_command:Invoking command in '/workspace/ros2_ws_diff_drive/build/ros_gz_gazebo': CMAKE_PREFIX_PATH=/workspace/ros2_ws_diff_drive/install/ros_gz_description:/workspace/ros2_ws_turtlebot3/install/turtlebot3:/workspace/ros2_ws_turtlebot3/install/ros_gz_bringup:/workspace/ros2_ws_turtlebot3/install/ros_gz_gazebo:/workspace/ros2_ws_turtlebot3/install/ros_gz_description:/workspace/ros2_ws_turtlebot3/install/launch:/workspace/ros2_ws_diff_drive/install/ros_gz_bringup:/workspace/ros2_ws_diff_drive/install/ros_gz_gazebo:/workspace/ros2_ws_diff_drive/install/launch:/opt/ros/humble IGN_GAZEBO_RESOURCE_PATH=/workspace/ros2_ws_diff_drive/install/ros_gz_description/share/ros_gz_description/models:${IGN_GAZEBO_RESOURCE_PATH} /usr/bin/cmake --install /workspace/ros2_ws_diff_drive/build/ros_gz_gazebo
[5.287s] Level 1:colcon.colcon_core.environment:create_environment_scripts_only(ros_gz_gazebo)
[5.288s] Level 1:colcon.colcon_core.environment:checking '/workspace/ros2_ws_diff_drive/install/ros_gz_gazebo' for CMake module files
[5.288s] DEBUG:colcon.colcon_core.event_handler.log_command:Invoked command in '/workspace/ros2_ws_diff_drive/build/ros_gz_gazebo' returned '0': CMAKE_PREFIX_PATH=/workspace/ros2_ws_diff_drive/install/ros_gz_description:/workspace/ros2_ws_turtlebot3/install/turtlebot3:/workspace/ros2_ws_turtlebot3/install/ros_gz_bringup:/workspace/ros2_ws_turtlebot3/install/ros_gz_gazebo:/workspace/ros2_ws_turtlebot3/install/ros_gz_description:/workspace/ros2_ws_turtlebot3/install/launch:/workspace/ros2_ws_diff_drive/install/ros_gz_bringup:/workspace/ros2_ws_diff_drive/install/ros_gz_gazebo:/workspace/ros2_ws_diff_drive/install/launch:/opt/ros/humble IGN_GAZEBO_RESOURCE_PATH=/workspace/ros2_ws_diff_drive/install/ros_gz_description/share/ros_gz_description/models:${IGN_GAZEBO_RESOURCE_PATH} /usr/bin/cmake --install /workspace/ros2_ws_diff_drive/build/ros_gz_gazebo
[5.288s] Level 1:colcon.colcon_core.environment:checking '/workspace/ros2_ws_diff_drive/install/ros_gz_gazebo' for CMake config files
[5.288s] Level 1:colcon.colcon_core.shell:create_environment_hook('ros_gz_gazebo', 'cmake_prefix_path')
[5.288s] INFO:colcon.colcon_core.shell:Creating environment hook '/workspace/ros2_ws_diff_drive/install/ros_gz_gazebo/share/ros_gz_gazebo/hook/cmake_prefix_path.ps1'
[5.289s] INFO:colcon.colcon_core.shell:Creating environment descriptor '/workspace/ros2_ws_diff_drive/install/ros_gz_gazebo/share/ros_gz_gazebo/hook/cmake_prefix_path.dsv'
[5.289s] INFO:colcon.colcon_core.shell:Creating environment hook '/workspace/ros2_ws_diff_drive/install/ros_gz_gazebo/share/ros_gz_gazebo/hook/cmake_prefix_path.sh'
[5.289s] Level 1:colcon.colcon_core.environment:checking '/workspace/ros2_ws_diff_drive/install/ros_gz_gazebo/lib'
[5.290s] Level 1:colcon.colcon_core.environment:checking '/workspace/ros2_ws_diff_drive/install/ros_gz_gazebo/bin'
[5.290s] Level 1:colcon.colcon_core.environment:checking '/workspace/ros2_ws_diff_drive/install/ros_gz_gazebo/lib/pkgconfig/ros_gz_gazebo.pc'
[5.290s] Level 1:colcon.colcon_core.environment:checking '/workspace/ros2_ws_diff_drive/install/ros_gz_gazebo/lib/python3.10/site-packages'
[5.290s] Level 1:colcon.colcon_core.environment:checking '/workspace/ros2_ws_diff_drive/install/ros_gz_gazebo/bin'
[5.290s] INFO:colcon.colcon_core.shell:Creating package script '/workspace/ros2_ws_diff_drive/install/ros_gz_gazebo/share/ros_gz_gazebo/package.ps1'
[5.291s] INFO:colcon.colcon_core.shell:Creating package descriptor '/workspace/ros2_ws_diff_drive/install/ros_gz_gazebo/share/ros_gz_gazebo/package.dsv'
[5.291s] INFO:colcon.colcon_core.shell:Creating package script '/workspace/ros2_ws_diff_drive/install/ros_gz_gazebo/share/ros_gz_gazebo/package.sh'
[5.291s] INFO:colcon.colcon_core.shell:Creating package script '/workspace/ros2_ws_diff_drive/install/ros_gz_gazebo/share/ros_gz_gazebo/package.bash'
[5.292s] INFO:colcon.colcon_core.shell:Creating package script '/workspace/ros2_ws_diff_drive/install/ros_gz_gazebo/share/ros_gz_gazebo/package.zsh'
[5.292s] Level 1:colcon.colcon_core.environment:create_file_with_runtime_dependencies(/workspace/ros2_ws_diff_drive/install/ros_gz_gazebo/share/colcon-core/packages/ros_gz_gazebo)
[5.317s] Level 1:colcon.colcon_core.environment:create_environment_scripts_only(ros_gz_gazebo)
[5.317s] Level 1:colcon.colcon_core.environment:checking '/workspace/ros2_ws_diff_drive/install/ros_gz_gazebo' for CMake module files
[5.317s] Level 1:colcon.colcon_core.environment:checking '/workspace/ros2_ws_diff_drive/install/ros_gz_gazebo' for CMake config files
[5.318s] Level 1:colcon.colcon_core.shell:create_environment_hook('ros_gz_gazebo', 'cmake_prefix_path')
[5.318s] INFO:colcon.colcon_core.shell:Creating environment hook '/workspace/ros2_ws_diff_drive/install/ros_gz_gazebo/share/ros_gz_gazebo/hook/cmake_prefix_path.ps1'
[5.318s] INFO:colcon.colcon_core.shell:Creating environment descriptor '/workspace/ros2_ws_diff_drive/install/ros_gz_gazebo/share/ros_gz_gazebo/hook/cmake_prefix_path.dsv'
[5.319s] INFO:colcon.colcon_core.shell:Creating environment hook '/workspace/ros2_ws_diff_drive/install/ros_gz_gazebo/share/ros_gz_gazebo/hook/cmake_prefix_path.sh'
[5.319s] Level 1:colcon.colcon_core.environment:checking '/workspace/ros2_ws_diff_drive/install/ros_gz_gazebo/lib'
[5.319s] Level 1:colcon.colcon_core.environment:checking '/workspace/ros2_ws_diff_drive/install/ros_gz_gazebo/bin'
[5.319s] Level 1:colcon.colcon_core.environment:checking '/workspace/ros2_ws_diff_drive/install/ros_gz_gazebo/lib/pkgconfig/ros_gz_gazebo.pc'
[5.319s] Level 1:colcon.colcon_core.environment:checking '/workspace/ros2_ws_diff_drive/install/ros_gz_gazebo/lib/python3.10/site-packages'
[5.320s] Level 1:colcon.colcon_core.environment:checking '/workspace/ros2_ws_diff_drive/install/ros_gz_gazebo/bin'
[5.320s] INFO:colcon.colcon_core.shell:Creating package script '/workspace/ros2_ws_diff_drive/install/ros_gz_gazebo/share/ros_gz_gazebo/package.ps1'
[5.320s] INFO:colcon.colcon_core.shell:Creating package descriptor '/workspace/ros2_ws_diff_drive/install/ros_gz_gazebo/share/ros_gz_gazebo/package.dsv'
[5.321s] INFO:colcon.colcon_core.shell:Creating package script '/workspace/ros2_ws_diff_drive/install/ros_gz_gazebo/share/ros_gz_gazebo/package.sh'
[5.321s] INFO:colcon.colcon_core.shell:Creating package script '/workspace/ros2_ws_diff_drive/install/ros_gz_gazebo/share/ros_gz_gazebo/package.bash'
[5.321s] INFO:colcon.colcon_core.shell:Creating package script '/workspace/ros2_ws_diff_drive/install/ros_gz_gazebo/share/ros_gz_gazebo/package.zsh'
[5.322s] Level 1:colcon.colcon_core.environment:create_file_with_runtime_dependencies(/workspace/ros2_ws_diff_drive/install/ros_gz_gazebo/share/colcon-core/packages/ros_gz_gazebo)
[5.322s] INFO:colcon.colcon_ros.task.ament_cmake.build:Building ROS package in '/workspace/ros2_ws_diff_drive/src/ros_gz/ros_gz_bringup' with build type 'ament_cmake'
[5.322s] INFO:colcon.colcon_cmake.task.cmake.build:Building CMake package in '/workspace/ros2_ws_diff_drive/src/ros_gz/ros_gz_bringup'
[5.322s] INFO:colcon.colcon_core.shell:Skip shell extension 'powershell' for command environment: Not usable outside of PowerShell
[5.322s] DEBUG:colcon.colcon_core.shell:Skip shell extension 'dsv' for command environment
[5.332s] DEBUG:colcon.colcon_core.event_handler.log_command:Invoking command in '/workspace/ros2_ws_diff_drive/build/ros_gz_bringup': CMAKE_PREFIX_PATH=/workspace/ros2_ws_diff_drive/install/ros_gz_gazebo:/workspace/ros2_ws_diff_drive/install/ros_gz_description:/workspace/ros2_ws_turtlebot3/install/turtlebot3:/workspace/ros2_ws_turtlebot3/install/ros_gz_bringup:/workspace/ros2_ws_turtlebot3/install/ros_gz_gazebo:/workspace/ros2_ws_turtlebot3/install/ros_gz_description:/workspace/ros2_ws_turtlebot3/install/launch:/workspace/ros2_ws_diff_drive/install/ros_gz_bringup:/workspace/ros2_ws_diff_drive/install/launch:/opt/ros/humble IGN_GAZEBO_PLUGIN_PATH=/workspace/ros2_ws_diff_drive/install/ros_gz_gazebo/lib/ros_gz_gazebo IGN_GAZEBO_RESOURCE_PATH=/workspace/ros2_ws_diff_drive/install/ros_gz_description/share/ros_gz_description/models:${IGN_GAZEBO_RESOURCE_PATH} /usr/bin/cmake /workspace/ros2_ws_diff_drive/src/ros_gz/ros_gz_bringup -DCMAKE_INSTALL_PREFIX=/workspace/ros2_ws_diff_drive/install/ros_gz_bringup
[5.939s] DEBUG:colcon.colcon_core.event_handler.log_command:Invoked command in '/workspace/ros2_ws_diff_drive/build/ros_gz_bringup' returned '0': CMAKE_PREFIX_PATH=/workspace/ros2_ws_diff_drive/install/ros_gz_gazebo:/workspace/ros2_ws_diff_drive/install/ros_gz_description:/workspace/ros2_ws_turtlebot3/install/turtlebot3:/workspace/ros2_ws_turtlebot3/install/ros_gz_bringup:/workspace/ros2_ws_turtlebot3/install/ros_gz_gazebo:/workspace/ros2_ws_turtlebot3/install/ros_gz_description:/workspace/ros2_ws_turtlebot3/install/launch:/workspace/ros2_ws_diff_drive/install/ros_gz_bringup:/workspace/ros2_ws_diff_drive/install/launch:/opt/ros/humble IGN_GAZEBO_PLUGIN_PATH=/workspace/ros2_ws_diff_drive/install/ros_gz_gazebo/lib/ros_gz_gazebo IGN_GAZEBO_RESOURCE_PATH=/workspace/ros2_ws_diff_drive/install/ros_gz_description/share/ros_gz_description/models:${IGN_GAZEBO_RESOURCE_PATH} /usr/bin/cmake /workspace/ros2_ws_diff_drive/src/ros_gz/ros_gz_bringup -DCMAKE_INSTALL_PREFIX=/workspace/ros2_ws_diff_drive/install/ros_gz_bringup
[5.940s] DEBUG:colcon.colcon_core.event_handler.log_command:Invoking command in '/workspace/ros2_ws_diff_drive/build/ros_gz_bringup': CMAKE_PREFIX_PATH=/workspace/ros2_ws_diff_drive/install/ros_gz_gazebo:/workspace/ros2_ws_diff_drive/install/ros_gz_description:/workspace/ros2_ws_turtlebot3/install/turtlebot3:/workspace/ros2_ws_turtlebot3/install/ros_gz_bringup:/workspace/ros2_ws_turtlebot3/install/ros_gz_gazebo:/workspace/ros2_ws_turtlebot3/install/ros_gz_description:/workspace/ros2_ws_turtlebot3/install/launch:/workspace/ros2_ws_diff_drive/install/ros_gz_bringup:/workspace/ros2_ws_diff_drive/install/launch:/opt/ros/humble IGN_GAZEBO_PLUGIN_PATH=/workspace/ros2_ws_diff_drive/install/ros_gz_gazebo/lib/ros_gz_gazebo IGN_GAZEBO_RESOURCE_PATH=/workspace/ros2_ws_diff_drive/install/ros_gz_description/share/ros_gz_description/models:${IGN_GAZEBO_RESOURCE_PATH} /usr/bin/cmake --build /workspace/ros2_ws_diff_drive/build/ros_gz_bringup -- -j8 -l8
[5.973s] DEBUG:colcon.colcon_core.event_handler.log_command:Invoked command in '/workspace/ros2_ws_diff_drive/build/ros_gz_bringup' returned '0': CMAKE_PREFIX_PATH=/workspace/ros2_ws_diff_drive/install/ros_gz_gazebo:/workspace/ros2_ws_diff_drive/install/ros_gz_description:/workspace/ros2_ws_turtlebot3/install/turtlebot3:/workspace/ros2_ws_turtlebot3/install/ros_gz_bringup:/workspace/ros2_ws_turtlebot3/install/ros_gz_gazebo:/workspace/ros2_ws_turtlebot3/install/ros_gz_description:/workspace/ros2_ws_turtlebot3/install/launch:/workspace/ros2_ws_diff_drive/install/ros_gz_bringup:/workspace/ros2_ws_diff_drive/install/launch:/opt/ros/humble IGN_GAZEBO_PLUGIN_PATH=/workspace/ros2_ws_diff_drive/install/ros_gz_gazebo/lib/ros_gz_gazebo IGN_GAZEBO_RESOURCE_PATH=/workspace/ros2_ws_diff_drive/install/ros_gz_description/share/ros_gz_description/models:${IGN_GAZEBO_RESOURCE_PATH} /usr/bin/cmake --build /workspace/ros2_ws_diff_drive/build/ros_gz_bringup -- -j8 -l8
[5.993s] DEBUG:colcon.colcon_core.event_handler.log_command:Invoking command in '/workspace/ros2_ws_diff_drive/build/ros_gz_bringup': CMAKE_PREFIX_PATH=/workspace/ros2_ws_diff_drive/install/ros_gz_gazebo:/workspace/ros2_ws_diff_drive/install/ros_gz_description:/workspace/ros2_ws_turtlebot3/install/turtlebot3:/workspace/ros2_ws_turtlebot3/install/ros_gz_bringup:/workspace/ros2_ws_turtlebot3/install/ros_gz_gazebo:/workspace/ros2_ws_turtlebot3/install/ros_gz_description:/workspace/ros2_ws_turtlebot3/install/launch:/workspace/ros2_ws_diff_drive/install/ros_gz_bringup:/workspace/ros2_ws_diff_drive/install/launch:/opt/ros/humble IGN_GAZEBO_PLUGIN_PATH=/workspace/ros2_ws_diff_drive/install/ros_gz_gazebo/lib/ros_gz_gazebo IGN_GAZEBO_RESOURCE_PATH=/workspace/ros2_ws_diff_drive/install/ros_gz_description/share/ros_gz_description/models:${IGN_GAZEBO_RESOURCE_PATH} /usr/bin/cmake --install /workspace/ros2_ws_diff_drive/build/ros_gz_bringup
[6.003s] Level 1:colcon.colcon_core.environment:create_environment_scripts_only(ros_gz_bringup)
[6.003s] Level 1:colcon.colcon_core.environment:checking '/workspace/ros2_ws_diff_drive/install/ros_gz_bringup' for CMake module files
[6.004s] DEBUG:colcon.colcon_core.event_handler.log_command:Invoked command in '/workspace/ros2_ws_diff_drive/build/ros_gz_bringup' returned '0': CMAKE_PREFIX_PATH=/workspace/ros2_ws_diff_drive/install/ros_gz_gazebo:/workspace/ros2_ws_diff_drive/install/ros_gz_description:/workspace/ros2_ws_turtlebot3/install/turtlebot3:/workspace/ros2_ws_turtlebot3/install/ros_gz_bringup:/workspace/ros2_ws_turtlebot3/install/ros_gz_gazebo:/workspace/ros2_ws_turtlebot3/install/ros_gz_description:/workspace/ros2_ws_turtlebot3/install/launch:/workspace/ros2_ws_diff_drive/install/ros_gz_bringup:/workspace/ros2_ws_diff_drive/install/launch:/opt/ros/humble IGN_GAZEBO_PLUGIN_PATH=/workspace/ros2_ws_diff_drive/install/ros_gz_gazebo/lib/ros_gz_gazebo IGN_GAZEBO_RESOURCE_PATH=/workspace/ros2_ws_diff_drive/install/ros_gz_description/share/ros_gz_description/models:${IGN_GAZEBO_RESOURCE_PATH} /usr/bin/cmake --install /workspace/ros2_ws_diff_drive/build/ros_gz_bringup
[6.004s] Level 1:colcon.colcon_core.environment:checking '/workspace/ros2_ws_diff_drive/install/ros_gz_bringup' for CMake config files
[6.004s] Level 1:colcon.colcon_core.shell:create_environment_hook('ros_gz_bringup', 'cmake_prefix_path')
[6.004s] INFO:colcon.colcon_core.shell:Creating environment hook '/workspace/ros2_ws_diff_drive/install/ros_gz_bringup/share/ros_gz_bringup/hook/cmake_prefix_path.ps1'
[6.005s] INFO:colcon.colcon_core.shell:Creating environment descriptor '/workspace/ros2_ws_diff_drive/install/ros_gz_bringup/share/ros_gz_bringup/hook/cmake_prefix_path.dsv'
[6.005s] INFO:colcon.colcon_core.shell:Creating environment hook '/workspace/ros2_ws_diff_drive/install/ros_gz_bringup/share/ros_gz_bringup/hook/cmake_prefix_path.sh'
[6.005s] Level 1:colcon.colcon_core.environment:checking '/workspace/ros2_ws_diff_drive/install/ros_gz_bringup/bin'
[6.005s] Level 1:colcon.colcon_core.environment:checking '/workspace/ros2_ws_diff_drive/install/ros_gz_bringup/lib/pkgconfig/ros_gz_bringup.pc'
[6.006s] Level 1:colcon.colcon_core.environment:checking '/workspace/ros2_ws_diff_drive/install/ros_gz_bringup/lib/python3.10/site-packages'
[6.006s] Level 1:colcon.colcon_core.environment:checking '/workspace/ros2_ws_diff_drive/install/ros_gz_bringup/bin'
[6.006s] INFO:colcon.colcon_core.shell:Creating package script '/workspace/ros2_ws_diff_drive/install/ros_gz_bringup/share/ros_gz_bringup/package.ps1'
[6.006s] INFO:colcon.colcon_core.shell:Creating package descriptor '/workspace/ros2_ws_diff_drive/install/ros_gz_bringup/share/ros_gz_bringup/package.dsv'
[6.007s] INFO:colcon.colcon_core.shell:Creating package script '/workspace/ros2_ws_diff_drive/install/ros_gz_bringup/share/ros_gz_bringup/package.sh'
[6.007s] INFO:colcon.colcon_core.shell:Creating package script '/workspace/ros2_ws_diff_drive/install/ros_gz_bringup/share/ros_gz_bringup/package.bash'
[6.007s] INFO:colcon.colcon_core.shell:Creating package script '/workspace/ros2_ws_diff_drive/install/ros_gz_bringup/share/ros_gz_bringup/package.zsh'
[6.007s] Level 1:colcon.colcon_core.environment:create_file_with_runtime_dependencies(/workspace/ros2_ws_diff_drive/install/ros_gz_bringup/share/colcon-core/packages/ros_gz_bringup)
[6.027s] Level 1:colcon.colcon_core.environment:create_environment_scripts_only(ros_gz_bringup)
[6.028s] Level 1:colcon.colcon_core.environment:checking '/workspace/ros2_ws_diff_drive/install/ros_gz_bringup' for CMake module files
[6.028s] Level 1:colcon.colcon_core.environment:checking '/workspace/ros2_ws_diff_drive/install/ros_gz_bringup' for CMake config files
[6.028s] Level 1:colcon.colcon_core.shell:create_environment_hook('ros_gz_bringup', 'cmake_prefix_path')
[6.028s] INFO:colcon.colcon_core.shell:Creating environment hook '/workspace/ros2_ws_diff_drive/install/ros_gz_bringup/share/ros_gz_bringup/hook/cmake_prefix_path.ps1'
[6.029s] INFO:colcon.colcon_core.shell:Creating environment descriptor '/workspace/ros2_ws_diff_drive/install/ros_gz_bringup/share/ros_gz_bringup/hook/cmake_prefix_path.dsv'
[6.029s] INFO:colcon.colcon_core.shell:Creating environment hook '/workspace/ros2_ws_diff_drive/install/ros_gz_bringup/share/ros_gz_bringup/hook/cmake_prefix_path.sh'
[6.030s] Level 1:colcon.colcon_core.environment:checking '/workspace/ros2_ws_diff_drive/install/ros_gz_bringup/bin'
[6.030s] Level 1:colcon.colcon_core.environment:checking '/workspace/ros2_ws_diff_drive/install/ros_gz_bringup/lib/pkgconfig/ros_gz_bringup.pc'
[6.030s] Level 1:colcon.colcon_core.environment:checking '/workspace/ros2_ws_diff_drive/install/ros_gz_bringup/lib/python3.10/site-packages'
[6.030s] Level 1:colcon.colcon_core.environment:checking '/workspace/ros2_ws_diff_drive/install/ros_gz_bringup/bin'
[6.030s] INFO:colcon.colcon_core.shell:Creating package script '/workspace/ros2_ws_diff_drive/install/ros_gz_bringup/share/ros_gz_bringup/package.ps1'
[6.031s] INFO:colcon.colcon_core.shell:Creating package descriptor '/workspace/ros2_ws_diff_drive/install/ros_gz_bringup/share/ros_gz_bringup/package.dsv'
[6.031s] INFO:colcon.colcon_core.shell:Creating package script '/workspace/ros2_ws_diff_drive/install/ros_gz_bringup/share/ros_gz_bringup/package.sh'
[6.032s] INFO:colcon.colcon_core.shell:Creating package script '/workspace/ros2_ws_diff_drive/install/ros_gz_bringup/share/ros_gz_bringup/package.bash'
[6.032s] INFO:colcon.colcon_core.shell:Creating package script '/workspace/ros2_ws_diff_drive/install/ros_gz_bringup/share/ros_gz_bringup/package.zsh'
[6.032s] Level 1:colcon.colcon_core.environment:create_file_with_runtime_dependencies(/workspace/ros2_ws_diff_drive/install/ros_gz_bringup/share/colcon-core/packages/ros_gz_bringup)
[6.033s] DEBUG:colcon.colcon_parallel_executor.executor.parallel:closing loop
[6.033s] DEBUG:colcon.colcon_parallel_executor.executor.parallel:loop closed
[6.033s] DEBUG:colcon.colcon_parallel_executor.executor.parallel:run_until_complete finished with '0'
[6.033s] DEBUG:colcon.colcon_core.event_reactor:joining thread
[6.046s] INFO:colcon.colcon_core.plugin_system:Skipping extension 'colcon_notification.desktop_notification.notify_send': Could not find 'notify-send'
[6.047s] INFO:colcon.colcon_core.plugin_system:Skipping extension 'colcon_notification.desktop_notification.terminal_notifier': Not used on non-Darwin systems
[6.047s] INFO:colcon.colcon_core.plugin_system:Skipping extension 'colcon_notification.desktop_notification.win32': Not used on non-Windows systems
[6.047s] INFO:colcon.colcon_notification.desktop_notification:Sending desktop notification using 'notify2'
[6.049s] DEBUG:colcon.colcon_notification.desktop_notification.notify2:Failed to initialize notify2: org.freedesktop.DBus.Error.Spawn.ExecFailed: /usr/bin/dbus-launch terminated abnormally without any error message
[6.049s] DEBUG:colcon.colcon_core.event_reactor:joined thread
[6.050s] INFO:colcon.colcon_core.shell:Creating prefix script '/workspace/ros2_ws_diff_drive/install/local_setup.ps1'
[6.051s] INFO:colcon.colcon_core.shell:Creating prefix util module '/workspace/ros2_ws_diff_drive/install/_local_setup_util_ps1.py'
[6.052s] INFO:colcon.colcon_core.shell:Creating prefix chain script '/workspace/ros2_ws_diff_drive/install/setup.ps1'
[6.054s] INFO:colcon.colcon_core.shell:Creating prefix script '/workspace/ros2_ws_diff_drive/install/local_setup.sh'
[6.055s] INFO:colcon.colcon_core.shell:Creating prefix util module '/workspace/ros2_ws_diff_drive/install/_local_setup_util_sh.py'
[6.055s] INFO:colcon.colcon_core.shell:Creating prefix chain script '/workspace/ros2_ws_diff_drive/install/setup.sh'
[6.057s] INFO:colcon.colcon_core.shell:Creating prefix script '/workspace/ros2_ws_diff_drive/install/local_setup.bash'
[6.058s] INFO:colcon.colcon_core.shell:Creating prefix chain script '/workspace/ros2_ws_diff_drive/install/setup.bash'
[6.059s] INFO:colcon.colcon_core.shell:Creating prefix script '/workspace/ros2_ws_diff_drive/install/local_setup.zsh'
[6.060s] INFO:colcon.colcon_core.shell:Creating prefix chain script '/workspace/ros2_ws_diff_drive/install/setup.zsh'
