[0.009s] Invoking command in '/workspace/ros2_ws_turtlebot3/build/slam_toolbox_bringup': CMAKE_PREFIX_PATH=${CMAKE_PREFIX_PATH}:/opt/ros/humble /usr/bin/cmake /workspace/ros2_ws_turtlebot3/src/slam_toolbox_bringup -DCMAKE_INSTALL_PREFIX=/workspace/ros2_ws_turtlebot3/install/slam_toolbox_bringup
[0.043s] -- The C compiler identification is GNU 11.4.0
[0.085s] -- The CXX compiler identification is GNU 11.4.0
[0.091s] -- Detecting C compiler ABI info
[0.141s] -- Detecting C compiler ABI info - done
[0.149s] -- Check for working C compiler: /usr/bin/cc - skipped
[0.149s] -- Detecting C compile features
[0.150s] -- Detecting C compile features - done
[0.152s] -- Detecting CXX compiler ABI info
[0.207s] -- Detecting CXX compiler ABI info - done
[0.217s] -- Check for working CXX compiler: /usr/bin/c++ - skipped
[0.217s] -- Detecting CXX compile features
[0.218s] -- Detecting CXX compile features - done
[0.222s] -- Found ament_cmake: 1.3.10 (/opt/ros/humble/share/ament_cmake/cmake)
[0.331s] -- Found Python3: /usr/bin/python3 (found version "3.10.12") found components: Interpreter 
[0.418s] -- Found ament_lint_auto: 0.12.11 (/opt/ros/humble/share/ament_lint_auto/cmake)
[0.490s] -- Added test 'copyright' to check source files copyright and LICENSE
[0.492s] -- Added test 'flake8' to check Python code syntax and style conventions
[0.492s] -- Added test 'lint_cmake' to check CMake code style
[0.493s] -- Added test 'pep257' to check Python code against some of the docstring style conventions in PEP 257
[0.493s] -- Added test 'xmllint' to check XML markup files
[0.494s] -- Configuring done
[0.496s] -- Generating done
[0.496s] -- Build files have been written to: /workspace/ros2_ws_turtlebot3/build/slam_toolbox_bringup
