-- Install configuration: ""
-- Installing: /workspace/ros2_ws_turtlebot3/install/slam_toolbox_bringup/share/slam_toolbox_bringup/launch
-- Installing: /workspace/ros2_ws_turtlebot3/install/slam_toolbox_bringup/share/slam_toolbox_bringup/launch/launch.py
-- Installing: /workspace/ros2_ws_turtlebot3/install/slam_toolbox_bringup/share/slam_toolbox_bringup/config
-- Installing: /workspace/ros2_ws_turtlebot3/install/slam_toolbox_bringup/share/slam_toolbox_bringup/config/mapper_params_online_async.yaml
-- Installing: /workspace/ros2_ws_turtlebot3/install/slam_toolbox_bringup/share/ament_index/resource_index/package_run_dependencies/slam_toolbox_bringup
-- Installing: /workspace/ros2_ws_turtlebot3/install/slam_toolbox_bringup/share/ament_index/resource_index/parent_prefix_path/slam_toolbox_bringup
-- Installing: /workspace/ros2_ws_turtlebot3/install/slam_toolbox_bringup/share/slam_toolbox_bringup/environment/ament_prefix_path.sh
-- Installing: /workspace/ros2_ws_turtlebot3/install/slam_toolbox_bringup/share/slam_toolbox_bringup/environment/ament_prefix_path.dsv
-- Installing: /workspace/ros2_ws_turtlebot3/install/slam_toolbox_bringup/share/slam_toolbox_bringup/environment/path.sh
-- Installing: /workspace/ros2_ws_turtlebot3/install/slam_toolbox_bringup/share/slam_toolbox_bringup/environment/path.dsv
-- Installing: /workspace/ros2_ws_turtlebot3/install/slam_toolbox_bringup/share/slam_toolbox_bringup/local_setup.bash
-- Installing: /workspace/ros2_ws_turtlebot3/install/slam_toolbox_bringup/share/slam_toolbox_bringup/local_setup.sh
-- Installing: /workspace/ros2_ws_turtlebot3/install/slam_toolbox_bringup/share/slam_toolbox_bringup/local_setup.zsh
-- Installing: /workspace/ros2_ws_turtlebot3/install/slam_toolbox_bringup/share/slam_toolbox_bringup/local_setup.dsv
-- Installing: /workspace/ros2_ws_turtlebot3/install/slam_toolbox_bringup/share/slam_toolbox_bringup/package.dsv
-- Installing: /workspace/ros2_ws_turtlebot3/install/slam_toolbox_bringup/share/ament_index/resource_index/packages/slam_toolbox_bringup
-- Installing: /workspace/ros2_ws_turtlebot3/install/slam_toolbox_bringup/share/slam_toolbox_bringup/cmake/slam_toolbox_bringupConfig.cmake
-- Installing: /workspace/ros2_ws_turtlebot3/install/slam_toolbox_bringup/share/slam_toolbox_bringup/cmake/slam_toolbox_bringupConfig-version.cmake
-- Installing: /workspace/ros2_ws_turtlebot3/install/slam_toolbox_bringup/share/slam_toolbox_bringup/package.xml
