[0.009s] Invoking command in '/workspace/ros2_ws_diff_drive/build/ros_gz_gazebo': CMAKE_PREFIX_PATH=/workspace/ros2_ws_diff_drive/install/ros_gz_description:/workspace/ros2_ws_turtlebot3/install/turtlebot3:/workspace/ros2_ws_turtlebot3/install/ros_gz_bringup:/workspace/ros2_ws_turtlebot3/install/ros_gz_gazebo:/workspace/ros2_ws_turtlebot3/install/ros_gz_description:/workspace/ros2_ws_turtlebot3/install/launch:/workspace/ros2_ws_diff_drive/install/ros_gz_bringup:/workspace/ros2_ws_diff_drive/install/ros_gz_gazebo:/workspace/ros2_ws_diff_drive/install/launch:/opt/ros/humble IGN_GAZEBO_RESOURCE_PATH=/workspace/ros2_ws_diff_drive/install/ros_gz_description/share/ros_gz_description/models:${IGN_GAZEBO_RESOURCE_PATH} /usr/bin/cmake /workspace/ros2_ws_diff_drive/src/ros_gz/ros_gz_gazebo -DCMAKE_INSTALL_PREFIX=/workspace/ros2_ws_diff_drive/install/ros_gz_gazebo
[0.044s] -- The C compiler identification is GNU 11.4.0
[0.080s] -- The CXX compiler identification is GNU 11.4.0
[0.085s] -- Detecting C compiler ABI info
[0.131s] -- Detecting C compiler ABI info - done
[0.136s] -- Check for working C compiler: /usr/bin/cc - skipped
[0.136s] -- Detecting C compile features
[0.136s] -- Detecting C compile features - done
[0.138s] -- Detecting CXX compiler ABI info
[0.189s] -- Detecting CXX compiler ABI info - done
[0.197s] -- Check for working CXX compiler: /usr/bin/c++ - skipped
[0.197s] -- Detecting CXX compile features
[0.197s] -- Detecting CXX compile features - done
[0.201s] -- Found ament_cmake: 1.3.10 (/opt/ros/humble/share/ament_cmake/cmake)
[0.296s] -- Found Python3: /usr/bin/python3 (found version "3.10.12") found components: Interpreter 
[0.368s] -- Found ros_gz_description: 0.0.0 (/workspace/ros2_ws_diff_drive/install/ros_gz_description/share/ros_gz_description/cmake)
[0.375s] -- Looking for ignition-plugin1 -- found version 1.4.0
[0.375s] -- Searching for dependencies of ignition-plugin1
[0.376s] -- Searching for <ignition-plugin1> component [register]
[0.378s] -- Looking for ignition-plugin1-register -- found version 1.4.0
[0.378s] -- Searching for dependencies of ignition-plugin1-register
[0.381s] -- Looking for ignition-common4 -- found version 4.7.0
[0.381s] -- Searching for dependencies of ignition-common4
[0.381s] -- Looking for dlfcn.h - found
[0.386s] -- Looking for libdl - found
[0.387s] -- Found DL: TRUE  
[0.390s] -- Checking for module 'uuid'
[0.397s] --   Found uuid, version 2.37.2
[0.415s] -- Found UUID: TRUE  
[0.415s] -- Searching for <ignition-common4> component [profiler]
[0.418s] -- Looking for ignition-common4-profiler -- found version 4.7.0
[0.418s] -- Searching for dependencies of ignition-common4-profiler
[0.421s] -- Looking for ignition-gazebo6 -- found version 6.16.0
[0.421s] -- Searching for dependencies of ignition-gazebo6
[0.423s] -- Looking for sdformat12 -- found version 12.7.2
[0.424s] -- Searching for dependencies of sdformat12
[0.427s] -- Checking for module 'tinyxml2'
[0.434s] --   Found tinyxml2, version 9.0.0
[0.454s] -- Looking for ignition-math6 -- found version 6.15.1
[0.455s] -- Searching for dependencies of ignition-math6
[0.457s] -- Looking for ignition-utils1 -- found version 1.5.1
[0.458s] -- Searching for dependencies of ignition-utils1
[0.459s] -- Looking for ignition-plugin1 -- found version 1.4.0
[0.459s] -- Searching for dependencies of ignition-plugin1
[0.459s] -- Searching for <ignition-plugin1> component [loader]
[0.461s] -- Looking for ignition-plugin1-loader -- found version 1.4.0
[0.461s] -- Searching for dependencies of ignition-plugin1-loader
[0.462s] -- Searching for <ignition-plugin1> component [register]
[0.464s] -- Looking for ignition-transport11 -- found version 11.4.1
[0.465s] -- Searching for dependencies of ignition-transport11
[0.577s] -- Found Protobuf: /usr/lib/x86_64-linux-gnu/libprotobuf.so (found version "3.12.4") 
[0.589s] -- Config-file not installed for ZeroMQ -- checking for pkg-config
[0.591s] -- Checking for module 'libzmq >= 4'
[0.599s] --   Found libzmq , version 4.3.4
[0.621s] -- Found ZeroMQ: TRUE (Required is at least version "4") 
[0.629s] -- Looking for ignition-utils1 -- found version 1.5.1
[0.629s] -- Searching for dependencies of ignition-utils1
[0.629s] -- Searching for <ignition-utils1> component [cli]
[0.632s] -- Looking for ignition-utils1-cli -- found version 1.5.1
[0.632s] -- Searching for dependencies of ignition-utils1-cli
[0.635s] -- Looking for ignition-msgs8 -- found version 8.7.0
[0.635s] -- Searching for dependencies of ignition-msgs8
[0.650s] -- Found Protobuf: /usr/lib/x86_64-linux-gnu/libprotobuf.so (found suitable version "3.12.4", minimum required is "3") 
[0.651s] -- Looking for ignition-math6 -- found version 6.15.1
[0.655s] -- Searching for <ignition-transport11> component [log]
[0.657s] -- Looking for ignition-transport11-log -- found version 11.4.1
[0.658s] -- Searching for dependencies of ignition-transport11-log
[0.658s] -- Searching for <ignition-transport11> component [parameters]
[0.660s] -- Looking for ignition-transport11-parameters -- found version 11.4.1
[0.661s] -- Searching for dependencies of ignition-transport11-parameters
[0.661s] -- Looking for ignition-msgs8 -- found version 8.7.0
[0.661s] -- Looking for ignition-common4 -- found version 4.7.0
[0.662s] -- Searching for dependencies of ignition-common4
[0.662s] -- Looking for dlfcn.h - found
[0.662s] -- Looking for libdl - found
[0.667s] -- Searching for <ignition-common4> component [profiler]
[0.667s] -- Searching for <ignition-common4> component [events]
[0.670s] -- Looking for ignition-common4-events -- found version 4.7.0
[0.670s] -- Searching for dependencies of ignition-common4-events
[0.670s] -- Looking for ignition-math6 -- found version 6.15.1
[0.670s] -- Searching for <ignition-common4> component [av]
[0.673s] -- Looking for ignition-common4-av -- found version 4.7.0
[0.673s] -- Searching for dependencies of ignition-common4-av
[0.676s] -- Checking for module 'libswscale'
[0.683s] --   Found libswscale, version 5.9.100
[0.703s] -- Found SWSCALE: TRUE  
[0.707s] -- Checking for module 'libavdevice >= 56.4.100'
[0.715s] --   Found libavdevice , version 58.13.100
[0.738s] -- Found AVDEVICE: TRUE (Required is at least version "56.4.100") 
[0.741s] -- Checking for module 'libavformat'
[0.749s] --   Found libavformat, version 58.76.100
[0.769s] -- Found AVFORMAT: TRUE  
[0.772s] -- Checking for module 'libavcodec'
[0.780s] --   Found libavcodec, version 58.134.100
[0.801s] -- Found AVCODEC: TRUE  
[0.805s] -- Checking for module 'libavutil'
[0.813s] --   Found libavutil, version 56.70.100
[0.833s] -- Found AVUTIL: TRUE  
[0.836s] -- Looking for ignition-fuel_tools7 -- found version 7.3.0
[0.836s] -- Searching for dependencies of ignition-fuel_tools7
[0.886s] -- Found CURL: /usr/lib/x86_64-linux-gnu/libcurl.so (found version "7.81.0")  
[0.892s] -- Checking for module 'jsoncpp'
[0.900s] --   Found jsoncpp, version 1.9.5
[0.920s] -- Found JSONCPP: TRUE  
[0.924s] -- Checking for module 'libzip'
[0.932s] --   Found libzip, version 1.7.3
[0.951s] -- Found ZIP: TRUE  
[0.952s] -- Looking for ignition-common4 -- found version 4.7.0
[0.952s] -- Looking for ignition-math6 -- found version 6.15.1
[0.952s] -- Looking for ignition-msgs8 -- found version 8.7.0
[0.955s] -- Looking for ignition-gui6 -- found version 6.8.0
[0.956s] -- Searching for dependencies of ignition-gui6
[0.980s] -- Looking for ignition-math6 -- found version 6.15.1
[0.980s] -- Looking for ignition-common4 -- found version 4.7.0
[0.981s] -- Looking for ignition-plugin1 -- found version 1.4.0
[0.981s] -- Looking for ignition-transport11 -- found version 11.4.1
[0.983s] -- Looking for ignition-rendering6 -- found version 6.6.3
[0.984s] -- Searching for dependencies of ignition-rendering6
[0.984s] -- Looking for ignition-math6 -- found version 6.15.1
[0.984s] -- Searching for dependencies of ignition-math6
[0.984s] -- Searching for <ignition-math6> component [eigen3]
[0.987s] -- Looking for ignition-math6-eigen3 -- found version 6.15.1
[0.987s] -- Searching for dependencies of ignition-math6-eigen3
[0.994s] -- Looking for ignition-common4 -- found version 4.7.0
[0.995s] -- Searching for dependencies of ignition-common4
[0.995s] -- Looking for dlfcn.h - found
[0.995s] -- Looking for libdl - found
[1.002s] -- Searching for <ignition-common4> component [graphics]
[1.004s] -- Looking for ignition-common4-graphics -- found version 4.7.0
[1.005s] -- Searching for dependencies of ignition-common4-graphics
[1.005s] -- Looking for ignition-math6 -- found version 6.15.1
[1.005s] -- Looking for ignition-utils1 -- found version 1.5.1
[1.006s] -- Searching for <ignition-common4> component [events]
[1.006s] -- Looking for ignition-plugin1 -- found version 1.4.0
[1.006s] -- Searching for dependencies of ignition-plugin1
[1.006s] -- Searching for <ignition-plugin1> component [all]
[1.009s] -- Looking for all libraries of ignition-plugin1 -- found version 1.4.0
[1.009s] -- Looking for ignition-plugin1 -- found version 1.4.0
[1.011s] -- Looking for ignition-msgs8 -- found version 8.7.0
[1.027s] -- Looking for ignition-physics5 -- found version 5.3.2
[1.028s] -- Searching for dependencies of ignition-physics5
[1.028s] -- Looking for ignition-math6 -- found version 6.15.1
[1.028s] -- Looking for ignition-plugin1 -- found version 1.4.0
[1.028s] -- Looking for ignition-utils1 -- found version 1.5.1
[1.029s] -- Searching for <ignition-physics5> component [heightmap]
[1.032s] -- Looking for ignition-physics5-heightmap -- found version 5.3.2
[1.032s] -- Searching for dependencies of ignition-physics5-heightmap
[1.032s] -- Looking for ignition-common4 -- found version 4.7.0
[1.032s] -- Searching for <ignition-physics5> component [mesh]
[1.035s] -- Looking for ignition-physics5-mesh -- found version 5.3.2
[1.035s] -- Searching for dependencies of ignition-physics5-mesh
[1.035s] -- Looking for ignition-common4 -- found version 4.7.0
[1.036s] -- Searching for <ignition-physics5> component [sdf]
[1.038s] -- Looking for ignition-physics5-sdf -- found version 5.3.2
[1.038s] -- Searching for dependencies of ignition-physics5-sdf
[1.038s] -- Looking for sdformat12 -- found version 12.7.2
[1.041s] -- Looking for ignition-sensors6 -- found version 6.8.0
[1.041s] -- Searching for dependencies of ignition-sensors6
[1.058s] -- Found Protobuf: /usr/lib/x86_64-linux-gnu/libprotobuf.so (found version "3.12.4") 
[1.058s] -- Looking for ignition-math6 -- found version 6.15.1
[1.058s] -- Looking for ignition-common4 -- found version 4.7.0
[1.059s] -- Looking for ignition-transport11 -- found version 11.4.1
[1.059s] -- Looking for ignition-rendering6 -- found version 6.6.3
[1.059s] -- Looking for ignition-msgs8 -- found version 8.7.0
[1.060s] -- Looking for sdformat12 -- found version 12.7.2
[1.060s] -- Searching for <ignition-sensors6> component [air_pressure]
[1.062s] -- Looking for ignition-sensors6-air_pressure -- found version 6.8.0
[1.063s] -- Searching for dependencies of ignition-sensors6-air_pressure
[1.063s] -- Searching for <ignition-sensors6> component [altimeter]
[1.065s] -- Looking for ignition-sensors6-altimeter -- found version 6.8.0
[1.066s] -- Searching for dependencies of ignition-sensors6-altimeter
[1.066s] -- Searching for <ignition-sensors6> component [imu]
[1.069s] -- Looking for ignition-sensors6-imu -- found version 6.8.0
[1.069s] -- Searching for dependencies of ignition-sensors6-imu
[1.069s] -- Searching for <ignition-sensors6> component [force_torque]
[1.072s] -- Looking for ignition-sensors6-force_torque -- found version 6.8.0
[1.072s] -- Searching for dependencies of ignition-sensors6-force_torque
[1.072s] -- Searching for <ignition-sensors6> component [logical_camera]
[1.074s] -- Looking for ignition-sensors6-logical_camera -- found version 6.8.0
[1.075s] -- Searching for dependencies of ignition-sensors6-logical_camera
[1.075s] -- Searching for <ignition-sensors6> component [magnetometer]
[1.078s] -- Looking for ignition-sensors6-magnetometer -- found version 6.8.0
[1.078s] -- Searching for dependencies of ignition-sensors6-magnetometer
[1.078s] -- Searching for <ignition-sensors6> component [navsat]
[1.081s] -- Looking for ignition-sensors6-navsat -- found version 6.8.0
[1.081s] -- Searching for dependencies of ignition-sensors6-navsat
[1.081s] -- Searching for <ignition-sensors6> component [rendering]
[1.084s] -- Looking for ignition-sensors6-rendering -- found version 6.8.0
[1.084s] -- Searching for dependencies of ignition-sensors6-rendering
[1.084s] -- Searching for <ignition-sensors6> component [lidar]
[1.087s] -- Looking for ignition-sensors6-lidar -- found version 6.8.0
[1.087s] -- Searching for dependencies of ignition-sensors6-lidar
[1.087s] -- Looking for ignition-sensors6 -- found version 6.8.0
[1.088s] -- Searching for <ignition-sensors6> component [gpu_lidar]
[1.090s] -- Looking for ignition-sensors6-gpu_lidar -- found version 6.8.0
[1.090s] -- Searching for dependencies of ignition-sensors6-gpu_lidar
[1.090s] -- Looking for ignition-sensors6 -- found version 6.8.0
[1.091s] -- Searching for <ignition-sensors6> component [camera]
[1.093s] -- Looking for ignition-sensors6-camera -- found version 6.8.0
[1.093s] -- Searching for dependencies of ignition-sensors6-camera
[1.094s] -- Looking for ignition-sensors6 -- found version 6.8.0
[1.094s] -- Searching for <ignition-sensors6> component [boundingbox_camera]
[1.097s] -- Looking for ignition-sensors6-boundingbox_camera -- found version 6.8.0
[1.097s] -- Searching for dependencies of ignition-sensors6-boundingbox_camera
[1.097s] -- Searching for <ignition-sensors6> component [segmentation_camera]
[1.100s] -- Looking for ignition-sensors6-segmentation_camera -- found version 6.8.0
[1.100s] -- Searching for dependencies of ignition-sensors6-segmentation_camera
[1.101s] -- Searching for <ignition-sensors6> component [depth_camera]
[1.103s] -- Looking for ignition-sensors6-depth_camera -- found version 6.8.0
[1.104s] -- Searching for dependencies of ignition-sensors6-depth_camera
[1.104s] -- Looking for ignition-sensors6 -- found version 6.8.0
[1.104s] -- Searching for <ignition-sensors6> component [rgbd_camera]
[1.107s] -- Looking for ignition-sensors6-rgbd_camera -- found version 6.8.0
[1.107s] -- Searching for dependencies of ignition-sensors6-rgbd_camera
[1.107s] -- Looking for ignition-sensors6 -- found version 6.8.0
[1.108s] -- Searching for <ignition-sensors6> component [thermal_camera]
[1.110s] -- Looking for ignition-sensors6-thermal_camera -- found version 6.8.0
[1.110s] -- Searching for dependencies of ignition-sensors6-thermal_camera
[1.111s] -- Looking for ignition-sensors6 -- found version 6.8.0
[1.111s] -- Looking for ignition-rendering6 -- found version 6.6.3
[1.112s] -- Looking for ignition-math6 -- found version 6.15.1
[1.114s] -- Looking for ignition-utils1 -- found version 1.5.1
[1.134s] -- Found ament_lint_auto: 0.12.11 (/opt/ros/humble/share/ament_lint_auto/cmake)
[1.175s] -- Configuring done
[1.183s] -- Generating done
[1.184s] -- Build files have been written to: /workspace/ros2_ws_diff_drive/build/ros_gz_gazebo
[1.192s] Invoked command in '/workspace/ros2_ws_diff_drive/build/ros_gz_gazebo' returned '0': CMAKE_PREFIX_PATH=/workspace/ros2_ws_diff_drive/install/ros_gz_description:/workspace/ros2_ws_turtlebot3/install/turtlebot3:/workspace/ros2_ws_turtlebot3/install/ros_gz_bringup:/workspace/ros2_ws_turtlebot3/install/ros_gz_gazebo:/workspace/ros2_ws_turtlebot3/install/ros_gz_description:/workspace/ros2_ws_turtlebot3/install/launch:/workspace/ros2_ws_diff_drive/install/ros_gz_bringup:/workspace/ros2_ws_diff_drive/install/ros_gz_gazebo:/workspace/ros2_ws_diff_drive/install/launch:/opt/ros/humble IGN_GAZEBO_RESOURCE_PATH=/workspace/ros2_ws_diff_drive/install/ros_gz_description/share/ros_gz_description/models:${IGN_GAZEBO_RESOURCE_PATH} /usr/bin/cmake /workspace/ros2_ws_diff_drive/src/ros_gz/ros_gz_gazebo -DCMAKE_INSTALL_PREFIX=/workspace/ros2_ws_diff_drive/install/ros_gz_gazebo
[1.193s] Invoking command in '/workspace/ros2_ws_diff_drive/build/ros_gz_gazebo': CMAKE_PREFIX_PATH=/workspace/ros2_ws_diff_drive/install/ros_gz_description:/workspace/ros2_ws_turtlebot3/install/turtlebot3:/workspace/ros2_ws_turtlebot3/install/ros_gz_bringup:/workspace/ros2_ws_turtlebot3/install/ros_gz_gazebo:/workspace/ros2_ws_turtlebot3/install/ros_gz_description:/workspace/ros2_ws_turtlebot3/install/launch:/workspace/ros2_ws_diff_drive/install/ros_gz_bringup:/workspace/ros2_ws_diff_drive/install/ros_gz_gazebo:/workspace/ros2_ws_diff_drive/install/launch:/opt/ros/humble IGN_GAZEBO_RESOURCE_PATH=/workspace/ros2_ws_diff_drive/install/ros_gz_description/share/ros_gz_description/models:${IGN_GAZEBO_RESOURCE_PATH} /usr/bin/cmake --build /workspace/ros2_ws_diff_drive/build/ros_gz_gazebo -- -j8 -l8
[1.225s] [ 50%] [32mBuilding CXX object CMakeFiles/BasicSystem.dir/src/BasicSystem.cc.o[0m
[1.225s] [ 50%] [32mBuilding CXX object CMakeFiles/FullSystem.dir/src/FullSystem.cc.o[0m
[4.182s] [ 75%] [32m[1mLinking CXX shared library libBasicSystem.so[0m
[4.314s] [100%] [32m[1mLinking CXX shared library libFullSystem.so[0m
[4.400s] [100%] Built target BasicSystem
[4.537s] [100%] Built target FullSystem
[4.546s] Invoked command in '/workspace/ros2_ws_diff_drive/build/ros_gz_gazebo' returned '0': CMAKE_PREFIX_PATH=/workspace/ros2_ws_diff_drive/install/ros_gz_description:/workspace/ros2_ws_turtlebot3/install/turtlebot3:/workspace/ros2_ws_turtlebot3/install/ros_gz_bringup:/workspace/ros2_ws_turtlebot3/install/ros_gz_gazebo:/workspace/ros2_ws_turtlebot3/install/ros_gz_description:/workspace/ros2_ws_turtlebot3/install/launch:/workspace/ros2_ws_diff_drive/install/ros_gz_bringup:/workspace/ros2_ws_diff_drive/install/ros_gz_gazebo:/workspace/ros2_ws_diff_drive/install/launch:/opt/ros/humble IGN_GAZEBO_RESOURCE_PATH=/workspace/ros2_ws_diff_drive/install/ros_gz_description/share/ros_gz_description/models:${IGN_GAZEBO_RESOURCE_PATH} /usr/bin/cmake --build /workspace/ros2_ws_diff_drive/build/ros_gz_gazebo -- -j8 -l8
[4.572s] Invoking command in '/workspace/ros2_ws_diff_drive/build/ros_gz_gazebo': CMAKE_PREFIX_PATH=/workspace/ros2_ws_diff_drive/install/ros_gz_description:/workspace/ros2_ws_turtlebot3/install/turtlebot3:/workspace/ros2_ws_turtlebot3/install/ros_gz_bringup:/workspace/ros2_ws_turtlebot3/install/ros_gz_gazebo:/workspace/ros2_ws_turtlebot3/install/ros_gz_description:/workspace/ros2_ws_turtlebot3/install/launch:/workspace/ros2_ws_diff_drive/install/ros_gz_bringup:/workspace/ros2_ws_diff_drive/install/ros_gz_gazebo:/workspace/ros2_ws_diff_drive/install/launch:/opt/ros/humble IGN_GAZEBO_RESOURCE_PATH=/workspace/ros2_ws_diff_drive/install/ros_gz_description/share/ros_gz_description/models:${IGN_GAZEBO_RESOURCE_PATH} /usr/bin/cmake --install /workspace/ros2_ws_diff_drive/build/ros_gz_gazebo
[4.579s] -- Install configuration: ""
[4.579s] -- Installing: /workspace/ros2_ws_diff_drive/install/ros_gz_gazebo/lib/ros_gz_gazebo/libBasicSystem.so
[4.580s] -- Installing: /workspace/ros2_ws_diff_drive/install/ros_gz_gazebo/lib/ros_gz_gazebo/libFullSystem.so
[4.581s] -- Installing: /workspace/ros2_ws_diff_drive/install/ros_gz_gazebo/share/ros_gz_gazebo/worlds
[4.582s] -- Installing: /workspace/ros2_ws_diff_drive/install/ros_gz_gazebo/share/ros_gz_gazebo/worlds/meshes
[4.582s] -- Installing: /workspace/ros2_ws_diff_drive/install/ros_gz_gazebo/share/ros_gz_gazebo/worlds/meshes/hexagon.dae
[4.582s] -- Installing: /workspace/ros2_ws_diff_drive/install/ros_gz_gazebo/share/ros_gz_gazebo/worlds/meshes/wall.dae
[4.582s] -- Installing: /workspace/ros2_ws_diff_drive/install/ros_gz_gazebo/share/ros_gz_gazebo/worlds/diff_drive_world.sdf
[4.582s] -- Installing: /workspace/ros2_ws_diff_drive/install/ros_gz_gazebo/share/ros_gz_gazebo/environment/ros_gz_gazebo.dsv
[4.582s] -- Installing: /workspace/ros2_ws_diff_drive/install/ros_gz_gazebo/share/ros_gz_gazebo/environment/ros_gz_gazebo.sh
[4.582s] -- Installing: /workspace/ros2_ws_diff_drive/install/ros_gz_gazebo/share/ament_index/resource_index/package_run_dependencies/ros_gz_gazebo
[4.583s] -- Installing: /workspace/ros2_ws_diff_drive/install/ros_gz_gazebo/share/ament_index/resource_index/parent_prefix_path/ros_gz_gazebo
[4.583s] -- Installing: /workspace/ros2_ws_diff_drive/install/ros_gz_gazebo/share/ros_gz_gazebo/environment/ament_prefix_path.sh
[4.583s] -- Installing: /workspace/ros2_ws_diff_drive/install/ros_gz_gazebo/share/ros_gz_gazebo/environment/ament_prefix_path.dsv
[4.583s] -- Installing: /workspace/ros2_ws_diff_drive/install/ros_gz_gazebo/share/ros_gz_gazebo/environment/path.sh
[4.583s] -- Installing: /workspace/ros2_ws_diff_drive/install/ros_gz_gazebo/share/ros_gz_gazebo/environment/path.dsv
[4.583s] -- Installing: /workspace/ros2_ws_diff_drive/install/ros_gz_gazebo/share/ros_gz_gazebo/local_setup.bash
[4.583s] -- Installing: /workspace/ros2_ws_diff_drive/install/ros_gz_gazebo/share/ros_gz_gazebo/local_setup.sh
[4.584s] -- Installing: /workspace/ros2_ws_diff_drive/install/ros_gz_gazebo/share/ros_gz_gazebo/local_setup.zsh
[4.584s] -- Installing: /workspace/ros2_ws_diff_drive/install/ros_gz_gazebo/share/ros_gz_gazebo/local_setup.dsv
[4.584s] -- Installing: /workspace/ros2_ws_diff_drive/install/ros_gz_gazebo/share/ros_gz_gazebo/package.dsv
[4.584s] -- Installing: /workspace/ros2_ws_diff_drive/install/ros_gz_gazebo/share/ament_index/resource_index/packages/ros_gz_gazebo
[4.584s] -- Installing: /workspace/ros2_ws_diff_drive/install/ros_gz_gazebo/share/ros_gz_gazebo/cmake/ros_gz_gazeboConfig.cmake
[4.584s] -- Installing: /workspace/ros2_ws_diff_drive/install/ros_gz_gazebo/share/ros_gz_gazebo/cmake/ros_gz_gazeboConfig-version.cmake
[4.584s] -- Installing: /workspace/ros2_ws_diff_drive/install/ros_gz_gazebo/share/ros_gz_gazebo/package.xml
[4.586s] Invoked command in '/workspace/ros2_ws_diff_drive/build/ros_gz_gazebo' returned '0': CMAKE_PREFIX_PATH=/workspace/ros2_ws_diff_drive/install/ros_gz_description:/workspace/ros2_ws_turtlebot3/install/turtlebot3:/workspace/ros2_ws_turtlebot3/install/ros_gz_bringup:/workspace/ros2_ws_turtlebot3/install/ros_gz_gazebo:/workspace/ros2_ws_turtlebot3/install/ros_gz_description:/workspace/ros2_ws_turtlebot3/install/launch:/workspace/ros2_ws_diff_drive/install/ros_gz_bringup:/workspace/ros2_ws_diff_drive/install/ros_gz_gazebo:/workspace/ros2_ws_diff_drive/install/launch:/opt/ros/humble IGN_GAZEBO_RESOURCE_PATH=/workspace/ros2_ws_diff_drive/install/ros_gz_description/share/ros_gz_description/models:${IGN_GAZEBO_RESOURCE_PATH} /usr/bin/cmake --install /workspace/ros2_ws_diff_drive/build/ros_gz_gazebo
