[0.006s] Invoking command in '/workspace/ros2_ws_diff_drive/build/ros_gz_gazebo': AMENT_PREFIX_PATH=/workspace/ros2_ws_diff_drive/install/ros_gz_description:${AMENT_PREFIX_PATH} CMAKE_PREFIX_PATH=/workspace/ros2_ws_diff_drive/install/ros_gz_description:/opt/ros/humble IGN_GAZEBO_RESOURCE_PATH=/workspace/ros2_ws_diff_drive/install/ros_gz_description/share/ros_gz_description/models /usr/bin/cmake /workspace/ros2_ws_diff_drive/src/ros_gz/ros_gz_gazebo -DCMAKE_INSTALL_PREFIX=/workspace/ros2_ws_diff_drive/install/ros_gz_gazebo
[0.043s] -- The C compiler identification is GNU 11.4.0
[0.078s] -- The CXX compiler identification is GNU 11.4.0
[0.083s] -- Detecting C compiler ABI info
[0.128s] -- Detecting C compiler ABI info - done
[0.133s] -- Check for working C compiler: /usr/bin/cc - skipped
[0.134s] -- Detecting C compile features
[0.134s] -- Detecting C compile features - done
[0.136s] -- Detecting CXX compiler ABI info
[0.186s] -- Detecting CXX compiler ABI info - done
[0.191s] -- Check for working CXX compiler: /usr/bin/c++ - skipped
[0.191s] -- Detecting CXX compile features
[0.191s] -- Detecting CXX compile features - done
[0.194s] -- Found ament_cmake: 1.3.10 (/opt/ros/humble/share/ament_cmake/cmake)
[0.288s] -- Found Python3: /usr/bin/python3 (found version "3.10.12") found components: Interpreter 
[0.352s] -- Found ros_gz_description: 0.0.0 (/workspace/ros2_ws_diff_drive/install/ros_gz_description/share/ros_gz_description/cmake)
[0.359s] -- Looking for ignition-plugin1 -- found version 1.4.0
[0.359s] -- Searching for dependencies of ignition-plugin1
[0.359s] -- Searching for <ignition-plugin1> component [register]
[0.361s] -- Looking for ignition-plugin1-register -- found version 1.4.0
[0.361s] -- Searching for dependencies of ignition-plugin1-register
[0.364s] -- Looking for ignition-common4 -- found version 4.7.0
[0.364s] -- Searching for dependencies of ignition-common4
[0.364s] -- Looking for dlfcn.h - found
[0.369s] -- Looking for libdl - found
[0.370s] -- Found DL: TRUE  
[0.373s] -- Checking for module 'uuid'
[0.380s] --   Found uuid, version 2.37.2
[0.398s] -- Found UUID: TRUE  
[0.398s] -- Searching for <ignition-common4> component [profiler]
[0.401s] -- Looking for ignition-common4-profiler -- found version 4.7.0
[0.401s] -- Searching for dependencies of ignition-common4-profiler
[0.405s] -- Looking for ignition-gazebo6 -- found version 6.16.0
[0.405s] -- Searching for dependencies of ignition-gazebo6
[0.407s] -- Looking for sdformat12 -- found version 12.7.2
[0.408s] -- Searching for dependencies of sdformat12
[0.411s] -- Checking for module 'tinyxml2'
[0.418s] --   Found tinyxml2, version 9.0.0
[0.438s] -- Looking for ignition-math6 -- found version 6.15.1
[0.438s] -- Searching for dependencies of ignition-math6
[0.441s] -- Looking for ignition-utils1 -- found version 1.5.1
[0.441s] -- Searching for dependencies of ignition-utils1
[0.442s] -- Looking for ignition-plugin1 -- found version 1.4.0
[0.442s] -- Searching for dependencies of ignition-plugin1
[0.442s] -- Searching for <ignition-plugin1> component [loader]
[0.444s] -- Looking for ignition-plugin1-loader -- found version 1.4.0
[0.444s] -- Searching for dependencies of ignition-plugin1-loader
[0.445s] -- Searching for <ignition-plugin1> component [register]
[0.447s] -- Looking for ignition-transport11 -- found version 11.4.1
[0.448s] -- Searching for dependencies of ignition-transport11
[0.562s] -- Found Protobuf: /usr/lib/x86_64-linux-gnu/libprotobuf.so (found version "3.12.4") 
[0.573s] -- Config-file not installed for ZeroMQ -- checking for pkg-config
[0.576s] -- Checking for module 'libzmq >= 4'
[0.583s] --   Found libzmq , version 4.3.4
[0.605s] -- Found ZeroMQ: TRUE (Required is at least version "4") 
[0.613s] -- Looking for ignition-utils1 -- found version 1.5.1
[0.614s] -- Searching for dependencies of ignition-utils1
[0.614s] -- Searching for <ignition-utils1> component [cli]
[0.616s] -- Looking for ignition-utils1-cli -- found version 1.5.1
[0.616s] -- Searching for dependencies of ignition-utils1-cli
[0.618s] -- Looking for ignition-msgs8 -- found version 8.7.0
[0.618s] -- Searching for dependencies of ignition-msgs8
[0.633s] -- Found Protobuf: /usr/lib/x86_64-linux-gnu/libprotobuf.so (found suitable version "3.12.4", minimum required is "3") 
[0.634s] -- Looking for ignition-math6 -- found version 6.15.1
[0.638s] -- Searching for <ignition-transport11> component [log]
[0.640s] -- Looking for ignition-transport11-log -- found version 11.4.1
[0.641s] -- Searching for dependencies of ignition-transport11-log
[0.641s] -- Searching for <ignition-transport11> component [parameters]
[0.643s] -- Looking for ignition-transport11-parameters -- found version 11.4.1
[0.643s] -- Searching for dependencies of ignition-transport11-parameters
[0.644s] -- Looking for ignition-msgs8 -- found version 8.7.0
[0.644s] -- Looking for ignition-common4 -- found version 4.7.0
[0.644s] -- Searching for dependencies of ignition-common4
[0.644s] -- Looking for dlfcn.h - found
[0.644s] -- Looking for libdl - found
[0.650s] -- Searching for <ignition-common4> component [profiler]
[0.650s] -- Searching for <ignition-common4> component [events]
[0.652s] -- Looking for ignition-common4-events -- found version 4.7.0
[0.652s] -- Searching for dependencies of ignition-common4-events
[0.652s] -- Looking for ignition-math6 -- found version 6.15.1
[0.653s] -- Searching for <ignition-common4> component [av]
[0.655s] -- Looking for ignition-common4-av -- found version 4.7.0
[0.655s] -- Searching for dependencies of ignition-common4-av
[0.658s] -- Checking for module 'libswscale'
[0.666s] --   Found libswscale, version 5.9.100
[0.686s] -- Found SWSCALE: TRUE  
[0.689s] -- Checking for module 'libavdevice >= 56.4.100'
[0.697s] --   Found libavdevice , version 58.13.100
[0.721s] -- Found AVDEVICE: TRUE (Required is at least version "56.4.100") 
[0.724s] -- Checking for module 'libavformat'
[0.731s] --   Found libavformat, version 58.76.100
[0.752s] -- Found AVFORMAT: TRUE  
[0.756s] -- Checking for module 'libavcodec'
[0.763s] --   Found libavcodec, version 58.134.100
[0.784s] -- Found AVCODEC: TRUE  
[0.787s] -- Checking for module 'libavutil'
[0.795s] --   Found libavutil, version 56.70.100
[0.815s] -- Found AVUTIL: TRUE  
[0.817s] -- Looking for ignition-fuel_tools7 -- found version 7.3.0
[0.818s] -- Searching for dependencies of ignition-fuel_tools7
[0.867s] -- Found CURL: /usr/lib/x86_64-linux-gnu/libcurl.so (found version "7.81.0")  
[0.872s] -- Checking for module 'jsoncpp'
[0.880s] --   Found jsoncpp, version 1.9.5
[0.900s] -- Found JSONCPP: TRUE  
[0.904s] -- Checking for module 'libzip'
[0.913s] --   Found libzip, version 1.7.3
[0.932s] -- Found ZIP: TRUE  
[0.932s] -- Looking for ignition-common4 -- found version 4.7.0
[0.932s] -- Looking for ignition-math6 -- found version 6.15.1
[0.933s] -- Looking for ignition-msgs8 -- found version 8.7.0
[0.935s] -- Looking for ignition-gui6 -- found version 6.8.0
[0.936s] -- Searching for dependencies of ignition-gui6
[0.956s] -- Looking for ignition-math6 -- found version 6.15.1
[0.956s] -- Looking for ignition-common4 -- found version 4.7.0
[0.956s] -- Looking for ignition-plugin1 -- found version 1.4.0
[0.956s] -- Looking for ignition-transport11 -- found version 11.4.1
[0.958s] -- Looking for ignition-rendering6 -- found version 6.6.3
[0.958s] -- Searching for dependencies of ignition-rendering6
[0.959s] -- Looking for ignition-math6 -- found version 6.15.1
[0.959s] -- Searching for dependencies of ignition-math6
[0.959s] -- Searching for <ignition-math6> component [eigen3]
[0.961s] -- Looking for ignition-math6-eigen3 -- found version 6.15.1
[0.961s] -- Searching for dependencies of ignition-math6-eigen3
[0.968s] -- Looking for ignition-common4 -- found version 4.7.0
[0.968s] -- Searching for dependencies of ignition-common4
[0.968s] -- Looking for dlfcn.h - found
[0.968s] -- Looking for libdl - found
[0.974s] -- Searching for <ignition-common4> component [graphics]
[0.976s] -- Looking for ignition-common4-graphics -- found version 4.7.0
[0.976s] -- Searching for dependencies of ignition-common4-graphics
[0.976s] -- Looking for ignition-math6 -- found version 6.15.1
[0.976s] -- Looking for ignition-utils1 -- found version 1.5.1
[0.977s] -- Searching for <ignition-common4> component [events]
[0.977s] -- Looking for ignition-plugin1 -- found version 1.4.0
[0.977s] -- Searching for dependencies of ignition-plugin1
[0.978s] -- Searching for <ignition-plugin1> component [all]
[0.980s] -- Looking for all libraries of ignition-plugin1 -- found version 1.4.0
[0.980s] -- Looking for ignition-plugin1 -- found version 1.4.0
[0.981s] -- Looking for ignition-msgs8 -- found version 8.7.0
[0.997s] -- Looking for ignition-physics5 -- found version 5.3.2
[0.997s] -- Searching for dependencies of ignition-physics5
[0.997s] -- Looking for ignition-math6 -- found version 6.15.1
[0.997s] -- Looking for ignition-plugin1 -- found version 1.4.0
[0.998s] -- Looking for ignition-utils1 -- found version 1.5.1
[0.998s] -- Searching for <ignition-physics5> component [heightmap]
[1.001s] -- Looking for ignition-physics5-heightmap -- found version 5.3.2
[1.001s] -- Searching for dependencies of ignition-physics5-heightmap
[1.001s] -- Looking for ignition-common4 -- found version 4.7.0
[1.002s] -- Searching for <ignition-physics5> component [mesh]
[1.004s] -- Looking for ignition-physics5-mesh -- found version 5.3.2
[1.004s] -- Searching for dependencies of ignition-physics5-mesh
[1.004s] -- Looking for ignition-common4 -- found version 4.7.0
[1.005s] -- Searching for <ignition-physics5> component [sdf]
[1.007s] -- Looking for ignition-physics5-sdf -- found version 5.3.2
[1.007s] -- Searching for dependencies of ignition-physics5-sdf
[1.007s] -- Looking for sdformat12 -- found version 12.7.2
[1.010s] -- Looking for ignition-sensors6 -- found version 6.8.0
[1.010s] -- Searching for dependencies of ignition-sensors6
[1.026s] -- Found Protobuf: /usr/lib/x86_64-linux-gnu/libprotobuf.so (found version "3.12.4") 
[1.026s] -- Looking for ignition-math6 -- found version 6.15.1
[1.026s] -- Looking for ignition-common4 -- found version 4.7.0
[1.026s] -- Looking for ignition-transport11 -- found version 11.4.1
[1.027s] -- Looking for ignition-rendering6 -- found version 6.6.3
[1.027s] -- Looking for ignition-msgs8 -- found version 8.7.0
[1.027s] -- Looking for sdformat12 -- found version 12.7.2
[1.028s] -- Searching for <ignition-sensors6> component [air_pressure]
[1.030s] -- Looking for ignition-sensors6-air_pressure -- found version 6.8.0
[1.030s] -- Searching for dependencies of ignition-sensors6-air_pressure
[1.030s] -- Searching for <ignition-sensors6> component [altimeter]
[1.032s] -- Looking for ignition-sensors6-altimeter -- found version 6.8.0
[1.032s] -- Searching for dependencies of ignition-sensors6-altimeter
[1.033s] -- Searching for <ignition-sensors6> component [imu]
[1.035s] -- Looking for ignition-sensors6-imu -- found version 6.8.0
[1.035s] -- Searching for dependencies of ignition-sensors6-imu
[1.035s] -- Searching for <ignition-sensors6> component [force_torque]
[1.037s] -- Looking for ignition-sensors6-force_torque -- found version 6.8.0
[1.037s] -- Searching for dependencies of ignition-sensors6-force_torque
[1.038s] -- Searching for <ignition-sensors6> component [logical_camera]
[1.040s] -- Looking for ignition-sensors6-logical_camera -- found version 6.8.0
[1.040s] -- Searching for dependencies of ignition-sensors6-logical_camera
[1.040s] -- Searching for <ignition-sensors6> component [magnetometer]
[1.042s] -- Looking for ignition-sensors6-magnetometer -- found version 6.8.0
[1.042s] -- Searching for dependencies of ignition-sensors6-magnetometer
[1.043s] -- Searching for <ignition-sensors6> component [navsat]
[1.045s] -- Looking for ignition-sensors6-navsat -- found version 6.8.0
[1.045s] -- Searching for dependencies of ignition-sensors6-navsat
[1.045s] -- Searching for <ignition-sensors6> component [rendering]
[1.047s] -- Looking for ignition-sensors6-rendering -- found version 6.8.0
[1.048s] -- Searching for dependencies of ignition-sensors6-rendering
[1.048s] -- Searching for <ignition-sensors6> component [lidar]
[1.050s] -- Looking for ignition-sensors6-lidar -- found version 6.8.0
[1.050s] -- Searching for dependencies of ignition-sensors6-lidar
[1.050s] -- Looking for ignition-sensors6 -- found version 6.8.0
[1.051s] -- Searching for <ignition-sensors6> component [gpu_lidar]
[1.053s] -- Looking for ignition-sensors6-gpu_lidar -- found version 6.8.0
[1.053s] -- Searching for dependencies of ignition-sensors6-gpu_lidar
[1.053s] -- Looking for ignition-sensors6 -- found version 6.8.0
[1.054s] -- Searching for <ignition-sensors6> component [camera]
[1.056s] -- Looking for ignition-sensors6-camera -- found version 6.8.0
[1.056s] -- Searching for dependencies of ignition-sensors6-camera
[1.056s] -- Looking for ignition-sensors6 -- found version 6.8.0
[1.057s] -- Searching for <ignition-sensors6> component [boundingbox_camera]
[1.059s] -- Looking for ignition-sensors6-boundingbox_camera -- found version 6.8.0
[1.059s] -- Searching for dependencies of ignition-sensors6-boundingbox_camera
[1.059s] -- Searching for <ignition-sensors6> component [segmentation_camera]
[1.061s] -- Looking for ignition-sensors6-segmentation_camera -- found version 6.8.0
[1.061s] -- Searching for dependencies of ignition-sensors6-segmentation_camera
[1.062s] -- Searching for <ignition-sensors6> component [depth_camera]
[1.064s] -- Looking for ignition-sensors6-depth_camera -- found version 6.8.0
[1.064s] -- Searching for dependencies of ignition-sensors6-depth_camera
[1.064s] -- Looking for ignition-sensors6 -- found version 6.8.0
[1.064s] -- Searching for <ignition-sensors6> component [rgbd_camera]
[1.066s] -- Looking for ignition-sensors6-rgbd_camera -- found version 6.8.0
[1.067s] -- Searching for dependencies of ignition-sensors6-rgbd_camera
[1.067s] -- Looking for ignition-sensors6 -- found version 6.8.0
[1.067s] -- Searching for <ignition-sensors6> component [thermal_camera]
[1.069s] -- Looking for ignition-sensors6-thermal_camera -- found version 6.8.0
[1.069s] -- Searching for dependencies of ignition-sensors6-thermal_camera
[1.070s] -- Looking for ignition-sensors6 -- found version 6.8.0
[1.070s] -- Looking for ignition-rendering6 -- found version 6.6.3
[1.071s] -- Looking for ignition-math6 -- found version 6.15.1
[1.073s] -- Looking for ignition-utils1 -- found version 1.5.1
[1.091s] -- Found ament_lint_auto: 0.12.11 (/opt/ros/humble/share/ament_lint_auto/cmake)
[1.135s] -- Configuring done
[1.144s] -- Generating done
[1.145s] -- Build files have been written to: /workspace/ros2_ws_diff_drive/build/ros_gz_gazebo
[1.152s] Invoked command in '/workspace/ros2_ws_diff_drive/build/ros_gz_gazebo' returned '0': AMENT_PREFIX_PATH=/workspace/ros2_ws_diff_drive/install/ros_gz_description:${AMENT_PREFIX_PATH} CMAKE_PREFIX_PATH=/workspace/ros2_ws_diff_drive/install/ros_gz_description:/opt/ros/humble IGN_GAZEBO_RESOURCE_PATH=/workspace/ros2_ws_diff_drive/install/ros_gz_description/share/ros_gz_description/models /usr/bin/cmake /workspace/ros2_ws_diff_drive/src/ros_gz/ros_gz_gazebo -DCMAKE_INSTALL_PREFIX=/workspace/ros2_ws_diff_drive/install/ros_gz_gazebo
[1.153s] Invoking command in '/workspace/ros2_ws_diff_drive/build/ros_gz_gazebo': AMENT_PREFIX_PATH=/workspace/ros2_ws_diff_drive/install/ros_gz_description:${AMENT_PREFIX_PATH} CMAKE_PREFIX_PATH=/workspace/ros2_ws_diff_drive/install/ros_gz_description:/opt/ros/humble IGN_GAZEBO_RESOURCE_PATH=/workspace/ros2_ws_diff_drive/install/ros_gz_description/share/ros_gz_description/models /usr/bin/cmake --build /workspace/ros2_ws_diff_drive/build/ros_gz_gazebo -- -j8 -l8
[1.184s] [ 50%] [32mBuilding CXX object CMakeFiles/FullSystem.dir/src/FullSystem.cc.o[0m
[1.184s] [ 50%] [32mBuilding CXX object CMakeFiles/BasicSystem.dir/src/BasicSystem.cc.o[0m
[3.751s] [ 75%] [32m[1mLinking CXX shared library libBasicSystem.so[0m
[3.833s] [100%] [32m[1mLinking CXX shared library libFullSystem.so[0m
[3.905s] [100%] Built target BasicSystem
[3.991s] [100%] Built target FullSystem
[3.998s] Invoked command in '/workspace/ros2_ws_diff_drive/build/ros_gz_gazebo' returned '0': AMENT_PREFIX_PATH=/workspace/ros2_ws_diff_drive/install/ros_gz_description:${AMENT_PREFIX_PATH} CMAKE_PREFIX_PATH=/workspace/ros2_ws_diff_drive/install/ros_gz_description:/opt/ros/humble IGN_GAZEBO_RESOURCE_PATH=/workspace/ros2_ws_diff_drive/install/ros_gz_description/share/ros_gz_description/models /usr/bin/cmake --build /workspace/ros2_ws_diff_drive/build/ros_gz_gazebo -- -j8 -l8
[4.017s] Invoking command in '/workspace/ros2_ws_diff_drive/build/ros_gz_gazebo': AMENT_PREFIX_PATH=/workspace/ros2_ws_diff_drive/install/ros_gz_description:${AMENT_PREFIX_PATH} CMAKE_PREFIX_PATH=/workspace/ros2_ws_diff_drive/install/ros_gz_description:/opt/ros/humble IGN_GAZEBO_RESOURCE_PATH=/workspace/ros2_ws_diff_drive/install/ros_gz_description/share/ros_gz_description/models /usr/bin/cmake --install /workspace/ros2_ws_diff_drive/build/ros_gz_gazebo
[4.021s] -- Install configuration: ""
[4.021s] -- Installing: /workspace/ros2_ws_diff_drive/install/ros_gz_gazebo/lib/ros_gz_gazebo/libBasicSystem.so
[4.022s] -- Installing: /workspace/ros2_ws_diff_drive/install/ros_gz_gazebo/lib/ros_gz_gazebo/libFullSystem.so
[4.023s] -- Installing: /workspace/ros2_ws_diff_drive/install/ros_gz_gazebo/share/ros_gz_gazebo/worlds
[4.023s] -- Installing: /workspace/ros2_ws_diff_drive/install/ros_gz_gazebo/share/ros_gz_gazebo/worlds/meshes
[4.023s] -- Installing: /workspace/ros2_ws_diff_drive/install/ros_gz_gazebo/share/ros_gz_gazebo/worlds/meshes/hexagon.dae
[4.023s] -- Installing: /workspace/ros2_ws_diff_drive/install/ros_gz_gazebo/share/ros_gz_gazebo/worlds/meshes/wall.dae
[4.023s] -- Installing: /workspace/ros2_ws_diff_drive/install/ros_gz_gazebo/share/ros_gz_gazebo/worlds/diff_drive_world.sdf
[4.023s] -- Installing: /workspace/ros2_ws_diff_drive/install/ros_gz_gazebo/share/ros_gz_gazebo/environment/ros_gz_gazebo.dsv
[4.023s] -- Installing: /workspace/ros2_ws_diff_drive/install/ros_gz_gazebo/share/ros_gz_gazebo/environment/ros_gz_gazebo.sh
[4.023s] -- Installing: /workspace/ros2_ws_diff_drive/install/ros_gz_gazebo/share/ament_index/resource_index/package_run_dependencies/ros_gz_gazebo
[4.024s] -- Installing: /workspace/ros2_ws_diff_drive/install/ros_gz_gazebo/share/ament_index/resource_index/parent_prefix_path/ros_gz_gazebo
[4.024s] -- Installing: /workspace/ros2_ws_diff_drive/install/ros_gz_gazebo/share/ros_gz_gazebo/environment/ament_prefix_path.sh
[4.024s] -- Installing: /workspace/ros2_ws_diff_drive/install/ros_gz_gazebo/share/ros_gz_gazebo/environment/ament_prefix_path.dsv
[4.024s] -- Installing: /workspace/ros2_ws_diff_drive/install/ros_gz_gazebo/share/ros_gz_gazebo/environment/path.sh
[4.024s] -- Installing: /workspace/ros2_ws_diff_drive/install/ros_gz_gazebo/share/ros_gz_gazebo/environment/path.dsv
[4.024s] -- Installing: /workspace/ros2_ws_diff_drive/install/ros_gz_gazebo/share/ros_gz_gazebo/local_setup.bash
[4.024s] -- Installing: /workspace/ros2_ws_diff_drive/install/ros_gz_gazebo/share/ros_gz_gazebo/local_setup.sh
[4.024s] -- Installing: /workspace/ros2_ws_diff_drive/install/ros_gz_gazebo/share/ros_gz_gazebo/local_setup.zsh
[4.024s] -- Installing: /workspace/ros2_ws_diff_drive/install/ros_gz_gazebo/share/ros_gz_gazebo/local_setup.dsv
[4.024s] -- Installing: /workspace/ros2_ws_diff_drive/install/ros_gz_gazebo/share/ros_gz_gazebo/package.dsv
[4.024s] -- Installing: /workspace/ros2_ws_diff_drive/install/ros_gz_gazebo/share/ament_index/resource_index/packages/ros_gz_gazebo
[4.024s] -- Installing: /workspace/ros2_ws_diff_drive/install/ros_gz_gazebo/share/ros_gz_gazebo/cmake/ros_gz_gazeboConfig.cmake
[4.025s] -- Installing: /workspace/ros2_ws_diff_drive/install/ros_gz_gazebo/share/ros_gz_gazebo/cmake/ros_gz_gazeboConfig-version.cmake
[4.025s] -- Installing: /workspace/ros2_ws_diff_drive/install/ros_gz_gazebo/share/ros_gz_gazebo/package.xml
[4.026s] Invoked command in '/workspace/ros2_ws_diff_drive/build/ros_gz_gazebo' returned '0': AMENT_PREFIX_PATH=/workspace/ros2_ws_diff_drive/install/ros_gz_description:${AMENT_PREFIX_PATH} CMAKE_PREFIX_PATH=/workspace/ros2_ws_diff_drive/install/ros_gz_description:/opt/ros/humble IGN_GAZEBO_RESOURCE_PATH=/workspace/ros2_ws_diff_drive/install/ros_gz_description/share/ros_gz_description/models /usr/bin/cmake --install /workspace/ros2_ws_diff_drive/build/ros_gz_gazebo
