[0.012s] Invoking command in '/workspace/ros2_ws_turtlebot3/build/ros_gz_gazebo': CMAKE_PREFIX_PATH=${CMAKE_PREFIX_PATH}:/opt/ros/humble /usr/bin/cmake /workspace/ros2_ws_turtlebot3/src/ros_gz/ros_gz_gazebo -DCMAKE_INSTALL_PREFIX=/workspace/ros2_ws_turtlebot3/install/ros_gz_gazebo
[0.049s] -- The C compiler identification is GNU 11.4.0
[0.087s] -- The CXX compiler identification is GNU 11.4.0
[0.092s] -- Detecting C compiler ABI info
[0.138s] -- Detecting C compiler ABI info - done
[0.144s] -- Check for working C compiler: /usr/bin/cc - skipped
[0.144s] -- Detecting C compile features
[0.145s] -- Detecting C compile features - done
[0.147s] -- Detecting CXX compiler ABI info
[0.202s] -- Detecting CXX compiler ABI info - done
[0.207s] -- Check for working CXX compiler: /usr/bin/c++ - skipped
[0.207s] -- Detecting CXX compile features
[0.208s] -- Detecting CXX compile features - done
[0.210s] -- Found ament_cmake: 1.3.10 (/opt/ros/humble/share/ament_cmake/cmake)
[0.316s] -- Found Python3: /usr/bin/python3 (found version "3.10.12") found components: Interpreter 
[0.404s] [31mCMake Error at CMakeLists.txt:11 (find_package):
[0.404s]   By not providing "Findros_gz_description.cmake" in CMAKE_MODULE_PATH this
[0.405s]   project has asked CMake to find a package configuration file provided by
[0.405s]   "ros_gz_description", but CMake did not find one.
[0.405s] 
[0.405s]   Could not find a package configuration file provided by
[0.405s]   "ros_gz_description" with any of the following names:
[0.405s] 
[0.405s]     ros_gz_descriptionConfig.cmake
[0.405s]     ros_gz_description-config.cmake
[0.405s] 
[0.405s]   Add the installation prefix of "ros_gz_description" to CMAKE_PREFIX_PATH or
[0.405s]   set "ros_gz_description_DIR" to a directory containing one of the above
[0.405s]   files.  If "ros_gz_description" provides a separate development package or
[0.405s]   SDK, be sure it has been installed.
[0.405s] 
[0.405s] [0m
[0.405s] -- Configuring incomplete, errors occurred!
[0.405s] See also "/workspace/ros2_ws_turtlebot3/build/ros_gz_gazebo/CMakeFiles/CMakeOutput.log".
[0.409s] Invoked command in '/workspace/ros2_ws_turtlebot3/build/ros_gz_gazebo' returned '1': CMAKE_PREFIX_PATH=${CMAKE_PREFIX_PATH}:/opt/ros/humble /usr/bin/cmake /workspace/ros2_ws_turtlebot3/src/ros_gz/ros_gz_gazebo -DCMAKE_INSTALL_PREFIX=/workspace/ros2_ws_turtlebot3/install/ros_gz_gazebo
