[0.009s] Invoking command in '/workspace/ros2_ws_turtlebot3/build/slam_nav2_bringup': CMAKE_PREFIX_PATH=${CMAKE_PREFIX_PATH}:/opt/ros/humble /usr/bin/cmake --build /workspace/ros2_ws_turtlebot3/build/slam_nav2_bringup -- -j8 -l8
[0.032s] Invoked command in '/workspace/ros2_ws_turtlebot3/build/slam_nav2_bringup' returned '0': CMAKE_PREFIX_PATH=${CMAKE_PREFIX_PATH}:/opt/ros/humble /usr/bin/cmake --build /workspace/ros2_ws_turtlebot3/build/slam_nav2_bringup -- -j8 -l8
[0.050s] Invoking command in '/workspace/ros2_ws_turtlebot3/build/slam_nav2_bringup': CMAKE_PREFIX_PATH=${CMAKE_PREFIX_PATH}:/opt/ros/humble /usr/bin/cmake --install /workspace/ros2_ws_turtlebot3/build/slam_nav2_bringup
[0.056s] -- Install configuration: ""
[0.056s] -- Up-to-date: /workspace/ros2_ws_turtlebot3/install/slam_nav2_bringup/share/slam_nav2_bringup/launch
[0.056s] -- Installing: /workspace/ros2_ws_turtlebot3/install/slam_nav2_bringup/share/slam_nav2_bringup/launch/launch.py
[0.056s] -- Up-to-date: /workspace/ros2_ws_turtlebot3/install/slam_nav2_bringup/share/slam_nav2_bringup/config
[0.057s] -- Up-to-date: /workspace/ros2_ws_turtlebot3/install/slam_nav2_bringup/share/slam_nav2_bringup/config/mapper_params_online_async.yaml
[0.057s] -- Up-to-date: /workspace/ros2_ws_turtlebot3/install/slam_nav2_bringup/share/slam_nav2_bringup/maps
[0.057s] -- Up-to-date: /workspace/ros2_ws_turtlebot3/install/slam_nav2_bringup/share/slam_nav2_bringup/maps/map.yaml
[0.057s] -- Up-to-date: /workspace/ros2_ws_turtlebot3/install/slam_nav2_bringup/share/slam_nav2_bringup/maps/map.pgm
[0.057s] -- Up-to-date: /workspace/ros2_ws_turtlebot3/install/slam_nav2_bringup/share/slam_nav2_bringup/param
[0.057s] -- Up-to-date: /workspace/ros2_ws_turtlebot3/install/slam_nav2_bringup/share/slam_nav2_bringup/param/turtlebot3_waffle.yaml
[0.057s] -- Up-to-date: /workspace/ros2_ws_turtlebot3/install/slam_nav2_bringup/share/ament_index/resource_index/package_run_dependencies/slam_nav2_bringup
[0.057s] -- Up-to-date: /workspace/ros2_ws_turtlebot3/install/slam_nav2_bringup/share/ament_index/resource_index/parent_prefix_path/slam_nav2_bringup
[0.057s] -- Up-to-date: /workspace/ros2_ws_turtlebot3/install/slam_nav2_bringup/share/slam_nav2_bringup/environment/ament_prefix_path.sh
[0.057s] -- Up-to-date: /workspace/ros2_ws_turtlebot3/install/slam_nav2_bringup/share/slam_nav2_bringup/environment/ament_prefix_path.dsv
[0.057s] -- Up-to-date: /workspace/ros2_ws_turtlebot3/install/slam_nav2_bringup/share/slam_nav2_bringup/environment/path.sh
[0.057s] -- Up-to-date: /workspace/ros2_ws_turtlebot3/install/slam_nav2_bringup/share/slam_nav2_bringup/environment/path.dsv
[0.057s] -- Up-to-date: /workspace/ros2_ws_turtlebot3/install/slam_nav2_bringup/share/slam_nav2_bringup/local_setup.bash
[0.057s] -- Up-to-date: /workspace/ros2_ws_turtlebot3/install/slam_nav2_bringup/share/slam_nav2_bringup/local_setup.sh
[0.057s] -- Up-to-date: /workspace/ros2_ws_turtlebot3/install/slam_nav2_bringup/share/slam_nav2_bringup/local_setup.zsh
[0.057s] -- Up-to-date: /workspace/ros2_ws_turtlebot3/install/slam_nav2_bringup/share/slam_nav2_bringup/local_setup.dsv
[0.057s] -- Installing: /workspace/ros2_ws_turtlebot3/install/slam_nav2_bringup/share/slam_nav2_bringup/package.dsv
[0.057s] -- Up-to-date: /workspace/ros2_ws_turtlebot3/install/slam_nav2_bringup/share/ament_index/resource_index/packages/slam_nav2_bringup
[0.057s] -- Up-to-date: /workspace/ros2_ws_turtlebot3/install/slam_nav2_bringup/share/slam_nav2_bringup/cmake/slam_nav2_bringupConfig.cmake
[0.057s] -- Up-to-date: /workspace/ros2_ws_turtlebot3/install/slam_nav2_bringup/share/slam_nav2_bringup/cmake/slam_nav2_bringupConfig-version.cmake
[0.058s] -- Up-to-date: /workspace/ros2_ws_turtlebot3/install/slam_nav2_bringup/share/slam_nav2_bringup/package.xml
[0.066s] Invoked command in '/workspace/ros2_ws_turtlebot3/build/slam_nav2_bringup' returned '0': CMAKE_PREFIX_PATH=${CMAKE_PREFIX_PATH}:/opt/ros/humble /usr/bin/cmake --install /workspace/ros2_ws_turtlebot3/build/slam_nav2_bringup
