[100%] Built target navigation_behavior
[100%] Built target initial_pose_publisher
-- Install configuration: ""
-- Up-to-date: /workspace/ros2_ws_turtlebot3/install/bt_nav2/lib/bt_nav2/initial_pose_publisher
-- Up-to-date: /workspace/ros2_ws_turtlebot3/install/bt_nav2/lib/bt_nav2/navigation_behavior
-- Up-to-date: /workspace/ros2_ws_turtlebot3/install/bt_nav2/share/bt_nav2/launch
-- Up-to-date: /workspace/ros2_ws_turtlebot3/install/bt_nav2/share/bt_nav2/launch/launch.py
-- Up-to-date: /workspace/ros2_ws_turtlebot3/install/bt_nav2/share/bt_nav2/bt_xml
-- Up-to-date: /workspace/ros2_ws_turtlebot3/install/bt_nav2/share/bt_nav2/bt_xml/tree.xml
-- Up-to-date: /workspace/ros2_ws_turtlebot3/install/bt_nav2/share/ament_index/resource_index/package_run_dependencies/bt_nav2
-- Up-to-date: /workspace/ros2_ws_turtlebot3/install/bt_nav2/share/ament_index/resource_index/parent_prefix_path/bt_nav2
-- Up-to-date: /workspace/ros2_ws_turtlebot3/install/bt_nav2/share/bt_nav2/environment/ament_prefix_path.sh
-- Up-to-date: /workspace/ros2_ws_turtlebot3/install/bt_nav2/share/bt_nav2/environment/ament_prefix_path.dsv
-- Up-to-date: /workspace/ros2_ws_turtlebot3/install/bt_nav2/share/bt_nav2/environment/path.sh
-- Up-to-date: /workspace/ros2_ws_turtlebot3/install/bt_nav2/share/bt_nav2/environment/path.dsv
-- Up-to-date: /workspace/ros2_ws_turtlebot3/install/bt_nav2/share/bt_nav2/local_setup.bash
-- Up-to-date: /workspace/ros2_ws_turtlebot3/install/bt_nav2/share/bt_nav2/local_setup.sh
-- Up-to-date: /workspace/ros2_ws_turtlebot3/install/bt_nav2/share/bt_nav2/local_setup.zsh
-- Up-to-date: /workspace/ros2_ws_turtlebot3/install/bt_nav2/share/bt_nav2/local_setup.dsv
-- Installing: /workspace/ros2_ws_turtlebot3/install/bt_nav2/share/bt_nav2/package.dsv
-- Up-to-date: /workspace/ros2_ws_turtlebot3/install/bt_nav2/share/ament_index/resource_index/packages/bt_nav2
-- Up-to-date: /workspace/ros2_ws_turtlebot3/install/bt_nav2/share/bt_nav2/cmake/bt_nav2Config.cmake
-- Up-to-date: /workspace/ros2_ws_turtlebot3/install/bt_nav2/share/bt_nav2/cmake/bt_nav2Config-version.cmake
-- Up-to-date: /workspace/ros2_ws_turtlebot3/install/bt_nav2/share/bt_nav2/package.xml
