[0.010s] Invoking command in '/ros2_ws/build/launch': CMAKE_PREFIX_PATH=/opt/ros/humble /usr/bin/cmake /ros2_ws/src/launch -DCMAKE_INSTALL_PREFIX=/ros2_ws/install/launch
[0.075s] -- The C compiler identification is GNU 11.4.0
[0.114s] -- The CXX compiler identification is GNU 11.4.0
[0.120s] -- Detecting C compiler ABI info
[0.166s] -- Detecting C compiler ABI info - done
[0.170s] -- Check for working C compiler: /usr/bin/cc - skipped
[0.171s] -- Detecting C compile features
[0.171s] -- Detecting C compile features - done
[0.173s] -- Detecting CXX compiler ABI info
[0.228s] -- Detecting CXX compiler ABI info - done
[0.233s] -- Check for working CXX compiler: /usr/bin/c++ - skipped
[0.233s] -- Detecting CXX compile features
[0.234s] -- Detecting CXX compile features - done
[0.236s] -- Found ament_cmake: 1.3.10 (/opt/ros/humble/share/ament_cmake/cmake)
[0.340s] -- Found Python3: /usr/bin/python3 (found version "3.10.12") found components: Interpreter 
[0.464s] -- Configuring done
[0.466s] -- Generating done
[0.467s] -- Build files have been written to: /ros2_ws/build/launch
[0.471s] Invoked command in '/ros2_ws/build/launch' returned '0': CMAKE_PREFIX_PATH=/opt/ros/humble /usr/bin/cmake /ros2_ws/src/launch -DCMAKE_INSTALL_PREFIX=/ros2_ws/install/launch
[0.472s] Invoking command in '/ros2_ws/build/launch': CMAKE_PREFIX_PATH=/opt/ros/humble /usr/bin/cmake --build /ros2_ws/build/launch -- -j8 -l8
[0.498s] Invoked command in '/ros2_ws/build/launch' returned '0': CMAKE_PREFIX_PATH=/opt/ros/humble /usr/bin/cmake --build /ros2_ws/build/launch -- -j8 -l8
[0.517s] Invoking command in '/ros2_ws/build/launch': CMAKE_PREFIX_PATH=/opt/ros/humble /usr/bin/cmake --install /ros2_ws/build/launch
[0.522s] -- Install configuration: "Release"
[0.522s] -- Installing: /ros2_ws/install/launch/share/launch//launch
[0.522s] -- Installing: /ros2_ws/install/launch/share/launch//launch/launch.py
[0.522s] -- Installing: /ros2_ws/install/launch/share/ament_index/resource_index/package_run_dependencies/launch
[0.522s] -- Installing: /ros2_ws/install/launch/share/ament_index/resource_index/parent_prefix_path/launch
[0.522s] -- Installing: /ros2_ws/install/launch/share/launch/environment/ament_prefix_path.sh
[0.522s] -- Installing: /ros2_ws/install/launch/share/launch/environment/ament_prefix_path.dsv
[0.522s] -- Installing: /ros2_ws/install/launch/share/launch/environment/path.sh
[0.522s] -- Installing: /ros2_ws/install/launch/share/launch/environment/path.dsv
[0.523s] -- Installing: /ros2_ws/install/launch/share/launch/local_setup.bash
[0.523s] -- Installing: /ros2_ws/install/launch/share/launch/local_setup.sh
[0.523s] -- Installing: /ros2_ws/install/launch/share/launch/local_setup.zsh
[0.523s] -- Installing: /ros2_ws/install/launch/share/launch/local_setup.dsv
[0.523s] -- Installing: /ros2_ws/install/launch/share/launch/package.dsv
[0.523s] -- Installing: /ros2_ws/install/launch/share/ament_index/resource_index/packages/launch
[0.523s] -- Installing: /ros2_ws/install/launch/share/launch/cmake/launchConfig.cmake
[0.523s] -- Installing: /ros2_ws/install/launch/share/launch/cmake/launchConfig-version.cmake
[0.524s] -- Installing: /ros2_ws/install/launch/share/launch/package.xml
[0.525s] Invoked command in '/ros2_ws/build/launch' returned '0': CMAKE_PREFIX_PATH=/opt/ros/humble /usr/bin/cmake --install /ros2_ws/build/launch
