[0.009s] Invoking command in '/workspace/ros2_ws_turtlebot3/build/launch': CMAKE_PREFIX_PATH=${CMAKE_PREFIX_PATH}:/opt/ros/humble /usr/bin/cmake /workspace/ros2_ws_turtlebot3/src/launch -DCMAKE_INSTALL_PREFIX=/workspace/ros2_ws_turtlebot3/install/launch
[0.083s] -- The C compiler identification is GNU 11.4.0
[0.142s] -- The CXX compiler identification is GNU 11.4.0
[0.147s] -- Detecting C compiler ABI info
[0.192s] -- Detecting C compiler ABI info - done
[0.198s] -- Check for working C compiler: /usr/bin/cc - skipped
[0.198s] -- Detecting C compile features
[0.198s] -- Detecting C compile features - done
[0.200s] -- Detecting CXX compiler ABI info
[0.253s] -- Detecting CXX compiler ABI info - done
[0.260s] -- Check for working CXX compiler: /usr/bin/c++ - skipped
[0.260s] -- Detecting CXX compile features
[0.261s] -- Detecting CXX compile features - done
[0.264s] -- Found ament_cmake: 1.3.10 (/opt/ros/humble/share/ament_cmake/cmake)
[0.366s] -- Found Python3: /usr/bin/python3 (found version "3.10.12") found components: Interpreter 
[0.485s] -- Configuring done
[0.487s] -- Generating done
[0.488s] -- Build files have been written to: /workspace/ros2_ws_turtlebot3/build/launch
[0.493s] Invoked command in '/workspace/ros2_ws_turtlebot3/build/launch' returned '0': CMAKE_PREFIX_PATH=${CMAKE_PREFIX_PATH}:/opt/ros/humble /usr/bin/cmake /workspace/ros2_ws_turtlebot3/src/launch -DCMAKE_INSTALL_PREFIX=/workspace/ros2_ws_turtlebot3/install/launch
[0.494s] Invoking command in '/workspace/ros2_ws_turtlebot3/build/launch': CMAKE_PREFIX_PATH=${CMAKE_PREFIX_PATH}:/opt/ros/humble /usr/bin/cmake --build /workspace/ros2_ws_turtlebot3/build/launch -- -j8 -l8
[0.519s] Invoked command in '/workspace/ros2_ws_turtlebot3/build/launch' returned '0': CMAKE_PREFIX_PATH=${CMAKE_PREFIX_PATH}:/opt/ros/humble /usr/bin/cmake --build /workspace/ros2_ws_turtlebot3/build/launch -- -j8 -l8
[0.538s] Invoking command in '/workspace/ros2_ws_turtlebot3/build/launch': CMAKE_PREFIX_PATH=${CMAKE_PREFIX_PATH}:/opt/ros/humble /usr/bin/cmake --install /workspace/ros2_ws_turtlebot3/build/launch
[0.542s] -- Install configuration: "Release"
[0.542s] -- Installing: /workspace/ros2_ws_turtlebot3/install/launch/share/launch//launch
[0.543s] -- Installing: /workspace/ros2_ws_turtlebot3/install/launch/share/launch//launch/launch.py
[0.543s] -- Installing: /workspace/ros2_ws_turtlebot3/install/launch/share/ament_index/resource_index/package_run_dependencies/launch
[0.543s] -- Installing: /workspace/ros2_ws_turtlebot3/install/launch/share/ament_index/resource_index/parent_prefix_path/launch
[0.543s] -- Installing: /workspace/ros2_ws_turtlebot3/install/launch/share/launch/environment/ament_prefix_path.sh
[0.543s] -- Installing: /workspace/ros2_ws_turtlebot3/install/launch/share/launch/environment/ament_prefix_path.dsv
[0.543s] -- Installing: /workspace/ros2_ws_turtlebot3/install/launch/share/launch/environment/path.sh
[0.543s] -- Installing: /workspace/ros2_ws_turtlebot3/install/launch/share/launch/environment/path.dsv
[0.543s] -- Installing: /workspace/ros2_ws_turtlebot3/install/launch/share/launch/local_setup.bash
[0.543s] -- Installing: /workspace/ros2_ws_turtlebot3/install/launch/share/launch/local_setup.sh
[0.543s] -- Installing: /workspace/ros2_ws_turtlebot3/install/launch/share/launch/local_setup.zsh
[0.544s] -- Installing: /workspace/ros2_ws_turtlebot3/install/launch/share/launch/local_setup.dsv
[0.544s] -- Installing: /workspace/ros2_ws_turtlebot3/install/launch/share/launch/package.dsv
[0.544s] -- Installing: /workspace/ros2_ws_turtlebot3/install/launch/share/ament_index/resource_index/packages/launch
[0.544s] -- Installing: /workspace/ros2_ws_turtlebot3/install/launch/share/launch/cmake/launchConfig.cmake
[0.544s] -- Installing: /workspace/ros2_ws_turtlebot3/install/launch/share/launch/cmake/launchConfig-version.cmake
[0.544s] -- Installing: /workspace/ros2_ws_turtlebot3/install/launch/share/launch/package.xml
[0.547s] Invoked command in '/workspace/ros2_ws_turtlebot3/build/launch' returned '0': CMAKE_PREFIX_PATH=${CMAKE_PREFIX_PATH}:/opt/ros/humble /usr/bin/cmake --install /workspace/ros2_ws_turtlebot3/build/launch
