[0.006s] Invoking command in '/workspace/ros2_ws_diff_drive/build/ros_gz_bringup': AMENT_PREFIX_PATH=/workspace/ros2_ws_diff_drive/install/ros_gz_gazebo:/workspace/ros2_ws_diff_drive/install/ros_gz_description:${AMENT_PREFIX_PATH} CMAKE_PREFIX_PATH=/workspace/ros2_ws_diff_drive/install/ros_gz_gazebo:/workspace/ros2_ws_diff_drive/install/ros_gz_description:/opt/ros/humble IGN_GAZEBO_PLUGIN_PATH=/workspace/ros2_ws_diff_drive/install/ros_gz_gazebo/lib/ros_gz_gazebo IGN_GAZEBO_RESOURCE_PATH=/workspace/ros2_ws_diff_drive/install/ros_gz_gazebo/share/ros_gz_gazebo/worlds:/workspace/ros2_ws_diff_drive/install/ros_gz_description/share/ros_gz_description/models /usr/bin/cmake --build /workspace/ros2_ws_diff_drive/build/ros_gz_bringup -- -j8 -l8
[0.030s] Invoked command in '/workspace/ros2_ws_diff_drive/build/ros_gz_bringup' returned '0': AMENT_PREFIX_PATH=/workspace/ros2_ws_diff_drive/install/ros_gz_gazebo:/workspace/ros2_ws_diff_drive/install/ros_gz_description:${AMENT_PREFIX_PATH} CMAKE_PREFIX_PATH=/workspace/ros2_ws_diff_drive/install/ros_gz_gazebo:/workspace/ros2_ws_diff_drive/install/ros_gz_description:/opt/ros/humble IGN_GAZEBO_PLUGIN_PATH=/workspace/ros2_ws_diff_drive/install/ros_gz_gazebo/lib/ros_gz_gazebo IGN_GAZEBO_RESOURCE_PATH=/workspace/ros2_ws_diff_drive/install/ros_gz_gazebo/share/ros_gz_gazebo/worlds:/workspace/ros2_ws_diff_drive/install/ros_gz_description/share/ros_gz_description/models /usr/bin/cmake --build /workspace/ros2_ws_diff_drive/build/ros_gz_bringup -- -j8 -l8
[0.043s] Invoking command in '/workspace/ros2_ws_diff_drive/build/ros_gz_bringup': AMENT_PREFIX_PATH=/workspace/ros2_ws_diff_drive/install/ros_gz_gazebo:/workspace/ros2_ws_diff_drive/install/ros_gz_description:${AMENT_PREFIX_PATH} CMAKE_PREFIX_PATH=/workspace/ros2_ws_diff_drive/install/ros_gz_gazebo:/workspace/ros2_ws_diff_drive/install/ros_gz_description:/opt/ros/humble IGN_GAZEBO_PLUGIN_PATH=/workspace/ros2_ws_diff_drive/install/ros_gz_gazebo/lib/ros_gz_gazebo IGN_GAZEBO_RESOURCE_PATH=/workspace/ros2_ws_diff_drive/install/ros_gz_gazebo/share/ros_gz_gazebo/worlds:/workspace/ros2_ws_diff_drive/install/ros_gz_description/share/ros_gz_description/models /usr/bin/cmake --install /workspace/ros2_ws_diff_drive/build/ros_gz_bringup
[0.048s] -- Install configuration: ""
[0.048s] -- Up-to-date: /workspace/ros2_ws_diff_drive/install/ros_gz_bringup/share/ros_gz_bringup/launch
[0.048s] -- Up-to-date: /workspace/ros2_ws_diff_drive/install/ros_gz_bringup/share/ros_gz_bringup/launch/launch.py
[0.048s] -- Up-to-date: /workspace/ros2_ws_diff_drive/install/ros_gz_bringup/share/ros_gz_bringup/config
[0.048s] -- Up-to-date: /workspace/ros2_ws_diff_drive/install/ros_gz_bringup/share/ros_gz_bringup/config/ros_gz_bridge.yaml
[0.048s] -- Up-to-date: /workspace/ros2_ws_diff_drive/install/ros_gz_bringup/share/ros_gz_bringup/config/diff_drive.rviz
[0.048s] -- Up-to-date: /workspace/ros2_ws_diff_drive/install/ros_gz_bringup/share/ament_index/resource_index/package_run_dependencies/ros_gz_bringup
[0.048s] -- Up-to-date: /workspace/ros2_ws_diff_drive/install/ros_gz_bringup/share/ament_index/resource_index/parent_prefix_path/ros_gz_bringup
[0.048s] -- Up-to-date: /workspace/ros2_ws_diff_drive/install/ros_gz_bringup/share/ros_gz_bringup/environment/ament_prefix_path.sh
[0.048s] -- Up-to-date: /workspace/ros2_ws_diff_drive/install/ros_gz_bringup/share/ros_gz_bringup/environment/ament_prefix_path.dsv
[0.048s] -- Up-to-date: /workspace/ros2_ws_diff_drive/install/ros_gz_bringup/share/ros_gz_bringup/environment/path.sh
[0.048s] -- Up-to-date: /workspace/ros2_ws_diff_drive/install/ros_gz_bringup/share/ros_gz_bringup/environment/path.dsv
[0.049s] -- Up-to-date: /workspace/ros2_ws_diff_drive/install/ros_gz_bringup/share/ros_gz_bringup/local_setup.bash
[0.049s] -- Up-to-date: /workspace/ros2_ws_diff_drive/install/ros_gz_bringup/share/ros_gz_bringup/local_setup.sh
[0.049s] -- Up-to-date: /workspace/ros2_ws_diff_drive/install/ros_gz_bringup/share/ros_gz_bringup/local_setup.zsh
[0.049s] -- Up-to-date: /workspace/ros2_ws_diff_drive/install/ros_gz_bringup/share/ros_gz_bringup/local_setup.dsv
[0.049s] -- Up-to-date: /workspace/ros2_ws_diff_drive/install/ros_gz_bringup/share/ros_gz_bringup/package.dsv
[0.049s] -- Up-to-date: /workspace/ros2_ws_diff_drive/install/ros_gz_bringup/share/ament_index/resource_index/packages/ros_gz_bringup
[0.049s] -- Up-to-date: /workspace/ros2_ws_diff_drive/install/ros_gz_bringup/share/ros_gz_bringup/cmake/ros_gz_bringupConfig.cmake
[0.049s] -- Up-to-date: /workspace/ros2_ws_diff_drive/install/ros_gz_bringup/share/ros_gz_bringup/cmake/ros_gz_bringupConfig-version.cmake
[0.049s] -- Up-to-date: /workspace/ros2_ws_diff_drive/install/ros_gz_bringup/share/ros_gz_bringup/package.xml
[0.050s] Invoked command in '/workspace/ros2_ws_diff_drive/build/ros_gz_bringup' returned '0': AMENT_PREFIX_PATH=/workspace/ros2_ws_diff_drive/install/ros_gz_gazebo:/workspace/ros2_ws_diff_drive/install/ros_gz_description:${AMENT_PREFIX_PATH} CMAKE_PREFIX_PATH=/workspace/ros2_ws_diff_drive/install/ros_gz_gazebo:/workspace/ros2_ws_diff_drive/install/ros_gz_description:/opt/ros/humble IGN_GAZEBO_PLUGIN_PATH=/workspace/ros2_ws_diff_drive/install/ros_gz_gazebo/lib/ros_gz_gazebo IGN_GAZEBO_RESOURCE_PATH=/workspace/ros2_ws_diff_drive/install/ros_gz_gazebo/share/ros_gz_gazebo/worlds:/workspace/ros2_ws_diff_drive/install/ros_gz_description/share/ros_gz_description/models /usr/bin/cmake --install /workspace/ros2_ws_diff_drive/build/ros_gz_bringup
