-- Install configuration: ""
-- Up-to-date: /workspace/ros2_ws_turtlebot3/install/ros_gz_description/share/ros_gz_description/models
-- Up-to-date: /workspace/ros2_ws_turtlebot3/install/ros_gz_description/share/ros_gz_description/models/turtlebot3
-- Up-to-date: /workspace/ros2_ws_turtlebot3/install/ros_gz_description/share/ros_gz_description/models/turtlebot3/model_.sdf
-- Up-to-date: /workspace/ros2_ws_turtlebot3/install/ros_gz_description/share/ros_gz_description/models/turtlebot3/model.sdf
-- Up-to-date: /workspace/ros2_ws_turtlebot3/install/ros_gz_description/share/ros_gz_description/models/turtlebot3/meshes
-- Up-to-date: /workspace/ros2_ws_turtlebot3/install/ros_gz_description/share/ros_gz_description/models/turtlebot3/meshes/lds.dae
-- Up-to-date: /workspace/ros2_ws_turtlebot3/install/ros_gz_description/share/ros_gz_description/models/turtlebot3/meshes/tire.dae
-- Up-to-date: /workspace/ros2_ws_turtlebot3/install/ros_gz_description/share/ros_gz_description/models/turtlebot3/meshes/burger_base.dae
-- Up-to-date: /workspace/ros2_ws_turtlebot3/install/ros_gz_description/share/ros_gz_description/models/turtlebot3/meshes/waffle_pi_base.dae
-- Up-to-date: /workspace/ros2_ws_turtlebot3/install/ros_gz_description/share/ros_gz_description/models/turtlebot3/meshes/waffle_base.dae
-- Up-to-date: /workspace/ros2_ws_turtlebot3/install/ros_gz_description/share/ros_gz_description/models/turtlebot3/meshes/r200.dae
-- Up-to-date: /workspace/ros2_ws_turtlebot3/install/ros_gz_description/share/ros_gz_description/models/turtlebot3/model.config
-- Up-to-date: /workspace/ros2_ws_turtlebot3/install/ros_gz_description/share/ros_gz_description/environment/ros_gz_description.dsv
-- Up-to-date: /workspace/ros2_ws_turtlebot3/install/ros_gz_description/share/ros_gz_description/environment/ros_gz_description.sh
-- Up-to-date: /workspace/ros2_ws_turtlebot3/install/ros_gz_description/share/ament_index/resource_index/package_run_dependencies/ros_gz_description
-- Up-to-date: /workspace/ros2_ws_turtlebot3/install/ros_gz_description/share/ament_index/resource_index/parent_prefix_path/ros_gz_description
-- Up-to-date: /workspace/ros2_ws_turtlebot3/install/ros_gz_description/share/ros_gz_description/environment/ament_prefix_path.sh
-- Up-to-date: /workspace/ros2_ws_turtlebot3/install/ros_gz_description/share/ros_gz_description/environment/ament_prefix_path.dsv
-- Up-to-date: /workspace/ros2_ws_turtlebot3/install/ros_gz_description/share/ros_gz_description/environment/path.sh
-- Up-to-date: /workspace/ros2_ws_turtlebot3/install/ros_gz_description/share/ros_gz_description/environment/path.dsv
-- Up-to-date: /workspace/ros2_ws_turtlebot3/install/ros_gz_description/share/ros_gz_description/local_setup.bash
-- Up-to-date: /workspace/ros2_ws_turtlebot3/install/ros_gz_description/share/ros_gz_description/local_setup.sh
-- Up-to-date: /workspace/ros2_ws_turtlebot3/install/ros_gz_description/share/ros_gz_description/local_setup.zsh
-- Up-to-date: /workspace/ros2_ws_turtlebot3/install/ros_gz_description/share/ros_gz_description/local_setup.dsv
-- Installing: /workspace/ros2_ws_turtlebot3/install/ros_gz_description/share/ros_gz_description/package.dsv
-- Up-to-date: /workspace/ros2_ws_turtlebot3/install/ros_gz_description/share/ament_index/resource_index/packages/ros_gz_description
-- Up-to-date: /workspace/ros2_ws_turtlebot3/install/ros_gz_description/share/ros_gz_description/cmake/ros_gz_descriptionConfig.cmake
-- Up-to-date: /workspace/ros2_ws_turtlebot3/install/ros_gz_description/share/ros_gz_description/cmake/ros_gz_descriptionConfig-version.cmake
-- Up-to-date: /workspace/ros2_ws_turtlebot3/install/ros_gz_description/share/ros_gz_description/package.xml
