[0.087s] DEBUG:colcon:Command line arguments: ['/usr/bin/colcon', 'build']
[0.087s] DEBUG:colcon:Parsed command line arguments: Namespace(log_base=None, log_level=None, verb_name='build', build_base='build', install_base='install', merge_install=False, symlink_install=False, test_result_base=None, continue_on_error=False, executor='parallel', parallel_workers=8, event_handlers=None, ignore_user_meta=False, metas=['./colcon.meta'], base_paths=['.'], packages_ignore=None, packages_ignore_regex=None, paths=None, packages_up_to=None, packages_up_to_regex=None, packages_above=None, packages_above_and_dependencies=None, packages_above_depth=None, packages_select_by_dep=None, packages_skip_by_dep=None, packages_skip_up_to=None, packages_select_build_failed=False, packages_skip_build_finished=False, packages_select_test_failures=False, packages_skip_test_passed=False, packages_select=None, packages_skip=None, packages_select_regex=None, packages_skip_regex=None, packages_start=None, packages_end=None, cmake_args=None, cmake_target=None, cmake_target_skip_unavailable=False, cmake_clean_cache=False, cmake_clean_first=False, cmake_force_configure=False, ament_cmake_args=None, catkin_cmake_args=None, catkin_skip_building_tests=False, mixin_files=None, mixin=None, verb_parser=<colcon_mixin.mixin.mixin_argument.MixinArgumentDecorator object at 0x7c0e859509a0>, verb_extension=<colcon_core.verb.build.BuildVerb object at 0x7c0e85aa1030>, main=<bound method BuildVerb.main of <colcon_core.verb.build.BuildVerb object at 0x7c0e85aa1030>>, mixin_verb=('build',))
[0.199s] Level 1:colcon.colcon_core.package_discovery:discover_packages(colcon_meta) check parameters
[0.200s] INFO:colcon.colcon_metadata.package_discovery.colcon_meta:Using configuration from '/root/.colcon/metadata/default/Gazebo.meta'
[0.201s] INFO:colcon.colcon_metadata.package_discovery.colcon_meta:Using configuration from '/root/.colcon/metadata/default/fastrtps.meta'
[0.201s] Level 1:colcon.colcon_core.package_discovery:discover_packages(recursive) check parameters
[0.201s] Level 1:colcon.colcon_core.package_discovery:discover_packages(ignore) check parameters
[0.201s] Level 1:colcon.colcon_core.package_discovery:discover_packages(path) check parameters
[0.201s] Level 1:colcon.colcon_core.package_discovery:discover_packages(colcon_meta) discover
[0.201s] Level 1:colcon.colcon_core.package_discovery:discover_packages(recursive) discover
[0.201s] INFO:colcon.colcon_core.package_discovery:Crawling recursively for packages in '/workspace/ros2_ws_turtlebot3'
[0.201s] Level 1:colcon.colcon_core.package_identification:_identify(.) by extensions ['ignore', 'ignore_ament_install']
[0.201s] Level 1:colcon.colcon_core.package_identification:_identify(.) by extension 'ignore'
[0.201s] Level 1:colcon.colcon_core.package_identification:_identify(.) by extension 'ignore_ament_install'
[0.201s] Level 1:colcon.colcon_core.package_identification:_identify(.) by extensions ['colcon_pkg']
[0.201s] Level 1:colcon.colcon_core.package_identification:_identify(.) by extension 'colcon_pkg'
[0.201s] Level 1:colcon.colcon_core.package_identification:_identify(.) by extensions ['colcon_meta']
[0.201s] Level 1:colcon.colcon_core.package_identification:_identify(.) by extension 'colcon_meta'
[0.201s] Level 1:colcon.colcon_core.package_identification:_identify(.) by extensions ['ros']
[0.201s] Level 1:colcon.colcon_core.package_identification:_identify(.) by extension 'ros'
[0.211s] Level 1:colcon.colcon_core.package_identification:_identify(.) by extensions ['cmake', 'python']
[0.211s] Level 1:colcon.colcon_core.package_identification:_identify(.) by extension 'cmake'
[0.211s] Level 1:colcon.colcon_core.package_identification:_identify(.) by extension 'python'
[0.211s] Level 1:colcon.colcon_core.package_identification:_identify(.) by extensions ['python_setup_py']
[0.211s] Level 1:colcon.colcon_core.package_identification:_identify(.) by extension 'python_setup_py'
[0.211s] Level 1:colcon.colcon_core.package_identification:_identify(build) by extensions ['ignore', 'ignore_ament_install']
[0.211s] Level 1:colcon.colcon_core.package_identification:_identify(build) by extension 'ignore'
[0.211s] Level 1:colcon.colcon_core.package_identification:_identify(build) ignored
[0.211s] Level 1:colcon.colcon_core.package_identification:_identify(install) by extensions ['ignore', 'ignore_ament_install']
[0.211s] Level 1:colcon.colcon_core.package_identification:_identify(install) by extension 'ignore'
[0.211s] Level 1:colcon.colcon_core.package_identification:_identify(install) ignored
[0.212s] Level 1:colcon.colcon_core.package_identification:_identify(log) by extensions ['ignore', 'ignore_ament_install']
[0.212s] Level 1:colcon.colcon_core.package_identification:_identify(log) by extension 'ignore'
[0.212s] Level 1:colcon.colcon_core.package_identification:_identify(log) ignored
[0.212s] Level 1:colcon.colcon_core.package_identification:_identify(src) by extensions ['ignore', 'ignore_ament_install']
[0.212s] Level 1:colcon.colcon_core.package_identification:_identify(src) by extension 'ignore'
[0.212s] Level 1:colcon.colcon_core.package_identification:_identify(src) by extension 'ignore_ament_install'
[0.212s] Level 1:colcon.colcon_core.package_identification:_identify(src) by extensions ['colcon_pkg']
[0.212s] Level 1:colcon.colcon_core.package_identification:_identify(src) by extension 'colcon_pkg'
[0.212s] Level 1:colcon.colcon_core.package_identification:_identify(src) by extensions ['colcon_meta']
[0.212s] Level 1:colcon.colcon_core.package_identification:_identify(src) by extension 'colcon_meta'
[0.212s] Level 1:colcon.colcon_core.package_identification:_identify(src) by extensions ['ros']
[0.212s] Level 1:colcon.colcon_core.package_identification:_identify(src) by extension 'ros'
[0.212s] Level 1:colcon.colcon_core.package_identification:_identify(src) by extensions ['cmake', 'python']
[0.212s] Level 1:colcon.colcon_core.package_identification:_identify(src) by extension 'cmake'
[0.212s] Level 1:colcon.colcon_core.package_identification:_identify(src) by extension 'python'
[0.212s] Level 1:colcon.colcon_core.package_identification:_identify(src) by extensions ['python_setup_py']
[0.212s] Level 1:colcon.colcon_core.package_identification:_identify(src) by extension 'python_setup_py'
[0.212s] Level 1:colcon.colcon_core.package_identification:_identify(src/bt_nav2) by extensions ['ignore', 'ignore_ament_install']
[0.212s] Level 1:colcon.colcon_core.package_identification:_identify(src/bt_nav2) by extension 'ignore'
[0.212s] Level 1:colcon.colcon_core.package_identification:_identify(src/bt_nav2) by extension 'ignore_ament_install'
[0.212s] Level 1:colcon.colcon_core.package_identification:_identify(src/bt_nav2) by extensions ['colcon_pkg']
[0.212s] Level 1:colcon.colcon_core.package_identification:_identify(src/bt_nav2) by extension 'colcon_pkg'
[0.212s] Level 1:colcon.colcon_core.package_identification:_identify(src/bt_nav2) by extensions ['colcon_meta']
[0.212s] Level 1:colcon.colcon_core.package_identification:_identify(src/bt_nav2) by extension 'colcon_meta'
[0.213s] Level 1:colcon.colcon_core.package_identification:_identify(src/bt_nav2) by extensions ['ros']
[0.213s] Level 1:colcon.colcon_core.package_identification:_identify(src/bt_nav2) by extension 'ros'
[0.215s] DEBUG:colcon.colcon_core.package_identification:Package 'src/bt_nav2' with type 'ros.ament_cmake' and name 'bt_nav2'
[0.215s] Level 1:colcon.colcon_core.package_identification:_identify(src/launch) by extensions ['ignore', 'ignore_ament_install']
[0.215s] Level 1:colcon.colcon_core.package_identification:_identify(src/launch) by extension 'ignore'
[0.215s] Level 1:colcon.colcon_core.package_identification:_identify(src/launch) by extension 'ignore_ament_install'
[0.215s] Level 1:colcon.colcon_core.package_identification:_identify(src/launch) by extensions ['colcon_pkg']
[0.215s] Level 1:colcon.colcon_core.package_identification:_identify(src/launch) by extension 'colcon_pkg'
[0.215s] Level 1:colcon.colcon_core.package_identification:_identify(src/launch) by extensions ['colcon_meta']
[0.215s] Level 1:colcon.colcon_core.package_identification:_identify(src/launch) by extension 'colcon_meta'
[0.215s] Level 1:colcon.colcon_core.package_identification:_identify(src/launch) by extensions ['ros']
[0.215s] Level 1:colcon.colcon_core.package_identification:_identify(src/launch) by extension 'ros'
[0.215s] DEBUG:colcon.colcon_core.package_identification:Package 'src/launch' with type 'ros.ament_cmake' and name 'launch'
[0.216s] Level 1:colcon.colcon_core.package_identification:_identify(src/ros_gz) by extensions ['ignore', 'ignore_ament_install']
[0.216s] Level 1:colcon.colcon_core.package_identification:_identify(src/ros_gz) by extension 'ignore'
[0.216s] Level 1:colcon.colcon_core.package_identification:_identify(src/ros_gz) by extension 'ignore_ament_install'
[0.216s] Level 1:colcon.colcon_core.package_identification:_identify(src/ros_gz) by extensions ['colcon_pkg']
[0.216s] Level 1:colcon.colcon_core.package_identification:_identify(src/ros_gz) by extension 'colcon_pkg'
[0.216s] Level 1:colcon.colcon_core.package_identification:_identify(src/ros_gz) by extensions ['colcon_meta']
[0.216s] Level 1:colcon.colcon_core.package_identification:_identify(src/ros_gz) by extension 'colcon_meta'
[0.216s] Level 1:colcon.colcon_core.package_identification:_identify(src/ros_gz) by extensions ['ros']
[0.216s] Level 1:colcon.colcon_core.package_identification:_identify(src/ros_gz) by extension 'ros'
[0.216s] Level 1:colcon.colcon_core.package_identification:_identify(src/ros_gz) by extensions ['cmake', 'python']
[0.216s] Level 1:colcon.colcon_core.package_identification:_identify(src/ros_gz) by extension 'cmake'
[0.216s] Level 1:colcon.colcon_core.package_identification:_identify(src/ros_gz) by extension 'python'
[0.216s] Level 1:colcon.colcon_core.package_identification:_identify(src/ros_gz) by extensions ['python_setup_py']
[0.216s] Level 1:colcon.colcon_core.package_identification:_identify(src/ros_gz) by extension 'python_setup_py'
[0.216s] Level 1:colcon.colcon_core.package_identification:_identify(src/ros_gz/ros_gz_bringup) by extensions ['ignore', 'ignore_ament_install']
[0.216s] Level 1:colcon.colcon_core.package_identification:_identify(src/ros_gz/ros_gz_bringup) by extension 'ignore'
[0.216s] Level 1:colcon.colcon_core.package_identification:_identify(src/ros_gz/ros_gz_bringup) by extension 'ignore_ament_install'
[0.216s] Level 1:colcon.colcon_core.package_identification:_identify(src/ros_gz/ros_gz_bringup) by extensions ['colcon_pkg']
[0.216s] Level 1:colcon.colcon_core.package_identification:_identify(src/ros_gz/ros_gz_bringup) by extension 'colcon_pkg'
[0.216s] Level 1:colcon.colcon_core.package_identification:_identify(src/ros_gz/ros_gz_bringup) by extensions ['colcon_meta']
[0.216s] Level 1:colcon.colcon_core.package_identification:_identify(src/ros_gz/ros_gz_bringup) by extension 'colcon_meta'
[0.216s] Level 1:colcon.colcon_core.package_identification:_identify(src/ros_gz/ros_gz_bringup) by extensions ['ros']
[0.216s] Level 1:colcon.colcon_core.package_identification:_identify(src/ros_gz/ros_gz_bringup) by extension 'ros'
[0.217s] DEBUG:colcon.colcon_core.package_identification:Package 'src/ros_gz/ros_gz_bringup' with type 'ros.ament_cmake' and name 'ros_gz_bringup'
[0.217s] Level 1:colcon.colcon_core.package_identification:_identify(src/ros_gz/ros_gz_description) by extensions ['ignore', 'ignore_ament_install']
[0.217s] Level 1:colcon.colcon_core.package_identification:_identify(src/ros_gz/ros_gz_description) by extension 'ignore'
[0.217s] Level 1:colcon.colcon_core.package_identification:_identify(src/ros_gz/ros_gz_description) by extension 'ignore_ament_install'
[0.217s] Level 1:colcon.colcon_core.package_identification:_identify(src/ros_gz/ros_gz_description) by extensions ['colcon_pkg']
[0.217s] Level 1:colcon.colcon_core.package_identification:_identify(src/ros_gz/ros_gz_description) by extension 'colcon_pkg'
[0.217s] Level 1:colcon.colcon_core.package_identification:_identify(src/ros_gz/ros_gz_description) by extensions ['colcon_meta']
[0.217s] Level 1:colcon.colcon_core.package_identification:_identify(src/ros_gz/ros_gz_description) by extension 'colcon_meta'
[0.217s] Level 1:colcon.colcon_core.package_identification:_identify(src/ros_gz/ros_gz_description) by extensions ['ros']
[0.217s] Level 1:colcon.colcon_core.package_identification:_identify(src/ros_gz/ros_gz_description) by extension 'ros'
[0.218s] DEBUG:colcon.colcon_core.package_identification:Package 'src/ros_gz/ros_gz_description' with type 'ros.ament_cmake' and name 'ros_gz_description'
[0.218s] Level 1:colcon.colcon_core.package_identification:_identify(src/ros_gz/ros_gz_gazebo) by extensions ['ignore', 'ignore_ament_install']
[0.218s] Level 1:colcon.colcon_core.package_identification:_identify(src/ros_gz/ros_gz_gazebo) by extension 'ignore'
[0.218s] Level 1:colcon.colcon_core.package_identification:_identify(src/ros_gz/ros_gz_gazebo) by extension 'ignore_ament_install'
[0.218s] Level 1:colcon.colcon_core.package_identification:_identify(src/ros_gz/ros_gz_gazebo) by extensions ['colcon_pkg']
[0.218s] Level 1:colcon.colcon_core.package_identification:_identify(src/ros_gz/ros_gz_gazebo) by extension 'colcon_pkg'
[0.218s] Level 1:colcon.colcon_core.package_identification:_identify(src/ros_gz/ros_gz_gazebo) by extensions ['colcon_meta']
[0.218s] Level 1:colcon.colcon_core.package_identification:_identify(src/ros_gz/ros_gz_gazebo) by extension 'colcon_meta'
[0.218s] Level 1:colcon.colcon_core.package_identification:_identify(src/ros_gz/ros_gz_gazebo) by extensions ['ros']
[0.218s] Level 1:colcon.colcon_core.package_identification:_identify(src/ros_gz/ros_gz_gazebo) by extension 'ros'
[0.219s] DEBUG:colcon.colcon_core.package_identification:Package 'src/ros_gz/ros_gz_gazebo' with type 'ros.ament_cmake' and name 'ros_gz_gazebo'
[0.219s] Level 1:colcon.colcon_core.package_identification:_identify(src/slam_nav2_bringup) by extensions ['ignore', 'ignore_ament_install']
[0.219s] Level 1:colcon.colcon_core.package_identification:_identify(src/slam_nav2_bringup) by extension 'ignore'
[0.219s] Level 1:colcon.colcon_core.package_identification:_identify(src/slam_nav2_bringup) by extension 'ignore_ament_install'
[0.219s] Level 1:colcon.colcon_core.package_identification:_identify(src/slam_nav2_bringup) by extensions ['colcon_pkg']
[0.219s] Level 1:colcon.colcon_core.package_identification:_identify(src/slam_nav2_bringup) by extension 'colcon_pkg'
[0.219s] Level 1:colcon.colcon_core.package_identification:_identify(src/slam_nav2_bringup) by extensions ['colcon_meta']
[0.219s] Level 1:colcon.colcon_core.package_identification:_identify(src/slam_nav2_bringup) by extension 'colcon_meta'
[0.219s] Level 1:colcon.colcon_core.package_identification:_identify(src/slam_nav2_bringup) by extensions ['ros']
[0.219s] Level 1:colcon.colcon_core.package_identification:_identify(src/slam_nav2_bringup) by extension 'ros'
[0.219s] DEBUG:colcon.colcon_core.package_identification:Package 'src/slam_nav2_bringup' with type 'ros.ament_cmake' and name 'slam_nav2_bringup'
[0.219s] Level 1:colcon.colcon_core.package_discovery:discover_packages(recursive) using defaults
[0.219s] Level 1:colcon.colcon_core.package_discovery:discover_packages(ignore) discover
[0.219s] Level 1:colcon.colcon_core.package_discovery:discover_packages(ignore) using defaults
[0.219s] Level 1:colcon.colcon_core.package_discovery:discover_packages(path) discover
[0.219s] Level 1:colcon.colcon_core.package_discovery:discover_packages(path) using defaults
[0.237s] Level 5:colcon.colcon_core.verb:set package 'bt_nav2' build argument 'cmake_args' from command line to 'None'
[0.237s] Level 5:colcon.colcon_core.verb:set package 'bt_nav2' build argument 'cmake_target' from command line to 'None'
[0.237s] Level 5:colcon.colcon_core.verb:set package 'bt_nav2' build argument 'cmake_target_skip_unavailable' from command line to 'False'
[0.237s] Level 5:colcon.colcon_core.verb:set package 'bt_nav2' build argument 'cmake_clean_cache' from command line to 'False'
[0.237s] Level 5:colcon.colcon_core.verb:set package 'bt_nav2' build argument 'cmake_clean_first' from command line to 'False'
[0.237s] Level 5:colcon.colcon_core.verb:set package 'bt_nav2' build argument 'cmake_force_configure' from command line to 'False'
[0.237s] Level 5:colcon.colcon_core.verb:set package 'bt_nav2' build argument 'ament_cmake_args' from command line to 'None'
[0.237s] Level 5:colcon.colcon_core.verb:set package 'bt_nav2' build argument 'catkin_cmake_args' from command line to 'None'
[0.237s] Level 5:colcon.colcon_core.verb:set package 'bt_nav2' build argument 'catkin_skip_building_tests' from command line to 'False'
[0.237s] DEBUG:colcon.colcon_core.verb:Building package 'bt_nav2' with the following arguments: {'ament_cmake_args': None, 'build_base': '/workspace/ros2_ws_turtlebot3/build/bt_nav2', 'catkin_cmake_args': None, 'catkin_skip_building_tests': False, 'cmake_args': None, 'cmake_clean_cache': False, 'cmake_clean_first': False, 'cmake_force_configure': False, 'cmake_target': None, 'cmake_target_skip_unavailable': False, 'install_base': '/workspace/ros2_ws_turtlebot3/install/bt_nav2', 'merge_install': False, 'path': '/workspace/ros2_ws_turtlebot3/src/bt_nav2', 'symlink_install': False, 'test_result_base': None}
[0.237s] Level 5:colcon.colcon_core.verb:set package 'launch' build argument 'cmake_args' from command line to 'None'
[0.237s] Level 5:colcon.colcon_core.verb:set package 'launch' build argument 'cmake_target' from command line to 'None'
[0.237s] Level 5:colcon.colcon_core.verb:set package 'launch' build argument 'cmake_target_skip_unavailable' from command line to 'False'
[0.237s] Level 5:colcon.colcon_core.verb:set package 'launch' build argument 'cmake_clean_cache' from command line to 'False'
[0.237s] Level 5:colcon.colcon_core.verb:set package 'launch' build argument 'cmake_clean_first' from command line to 'False'
[0.237s] Level 5:colcon.colcon_core.verb:set package 'launch' build argument 'cmake_force_configure' from command line to 'False'
[0.237s] Level 5:colcon.colcon_core.verb:set package 'launch' build argument 'ament_cmake_args' from command line to 'None'
[0.237s] Level 5:colcon.colcon_core.verb:set package 'launch' build argument 'catkin_cmake_args' from command line to 'None'
[0.237s] Level 5:colcon.colcon_core.verb:set package 'launch' build argument 'catkin_skip_building_tests' from command line to 'False'
[0.237s] DEBUG:colcon.colcon_core.verb:Building package 'launch' with the following arguments: {'ament_cmake_args': None, 'build_base': '/workspace/ros2_ws_turtlebot3/build/launch', 'catkin_cmake_args': None, 'catkin_skip_building_tests': False, 'cmake_args': None, 'cmake_clean_cache': False, 'cmake_clean_first': False, 'cmake_force_configure': False, 'cmake_target': None, 'cmake_target_skip_unavailable': False, 'install_base': '/workspace/ros2_ws_turtlebot3/install/launch', 'merge_install': False, 'path': '/workspace/ros2_ws_turtlebot3/src/launch', 'symlink_install': False, 'test_result_base': None}
[0.238s] Level 5:colcon.colcon_core.verb:set package 'ros_gz_description' build argument 'cmake_args' from command line to 'None'
[0.238s] Level 5:colcon.colcon_core.verb:set package 'ros_gz_description' build argument 'cmake_target' from command line to 'None'
[0.238s] Level 5:colcon.colcon_core.verb:set package 'ros_gz_description' build argument 'cmake_target_skip_unavailable' from command line to 'False'
[0.238s] Level 5:colcon.colcon_core.verb:set package 'ros_gz_description' build argument 'cmake_clean_cache' from command line to 'False'
[0.238s] Level 5:colcon.colcon_core.verb:set package 'ros_gz_description' build argument 'cmake_clean_first' from command line to 'False'
[0.238s] Level 5:colcon.colcon_core.verb:set package 'ros_gz_description' build argument 'cmake_force_configure' from command line to 'False'
[0.238s] Level 5:colcon.colcon_core.verb:set package 'ros_gz_description' build argument 'ament_cmake_args' from command line to 'None'
[0.238s] Level 5:colcon.colcon_core.verb:set package 'ros_gz_description' build argument 'catkin_cmake_args' from command line to 'None'
[0.238s] Level 5:colcon.colcon_core.verb:set package 'ros_gz_description' build argument 'catkin_skip_building_tests' from command line to 'False'
[0.238s] DEBUG:colcon.colcon_core.verb:Building package 'ros_gz_description' with the following arguments: {'ament_cmake_args': None, 'build_base': '/workspace/ros2_ws_turtlebot3/build/ros_gz_description', 'catkin_cmake_args': None, 'catkin_skip_building_tests': False, 'cmake_args': None, 'cmake_clean_cache': False, 'cmake_clean_first': False, 'cmake_force_configure': False, 'cmake_target': None, 'cmake_target_skip_unavailable': False, 'install_base': '/workspace/ros2_ws_turtlebot3/install/ros_gz_description', 'merge_install': False, 'path': '/workspace/ros2_ws_turtlebot3/src/ros_gz/ros_gz_description', 'symlink_install': False, 'test_result_base': None}
[0.238s] Level 5:colcon.colcon_core.verb:set package 'slam_nav2_bringup' build argument 'cmake_args' from command line to 'None'
[0.238s] Level 5:colcon.colcon_core.verb:set package 'slam_nav2_bringup' build argument 'cmake_target' from command line to 'None'
[0.238s] Level 5:colcon.colcon_core.verb:set package 'slam_nav2_bringup' build argument 'cmake_target_skip_unavailable' from command line to 'False'
[0.238s] Level 5:colcon.colcon_core.verb:set package 'slam_nav2_bringup' build argument 'cmake_clean_cache' from command line to 'False'
[0.238s] Level 5:colcon.colcon_core.verb:set package 'slam_nav2_bringup' build argument 'cmake_clean_first' from command line to 'False'
[0.238s] Level 5:colcon.colcon_core.verb:set package 'slam_nav2_bringup' build argument 'cmake_force_configure' from command line to 'False'
[0.238s] Level 5:colcon.colcon_core.verb:set package 'slam_nav2_bringup' build argument 'ament_cmake_args' from command line to 'None'
[0.238s] Level 5:colcon.colcon_core.verb:set package 'slam_nav2_bringup' build argument 'catkin_cmake_args' from command line to 'None'
[0.238s] Level 5:colcon.colcon_core.verb:set package 'slam_nav2_bringup' build argument 'catkin_skip_building_tests' from command line to 'False'
[0.238s] DEBUG:colcon.colcon_core.verb:Building package 'slam_nav2_bringup' with the following arguments: {'ament_cmake_args': None, 'build_base': '/workspace/ros2_ws_turtlebot3/build/slam_nav2_bringup', 'catkin_cmake_args': None, 'catkin_skip_building_tests': False, 'cmake_args': None, 'cmake_clean_cache': False, 'cmake_clean_first': False, 'cmake_force_configure': False, 'cmake_target': None, 'cmake_target_skip_unavailable': False, 'install_base': '/workspace/ros2_ws_turtlebot3/install/slam_nav2_bringup', 'merge_install': False, 'path': '/workspace/ros2_ws_turtlebot3/src/slam_nav2_bringup', 'symlink_install': False, 'test_result_base': None}
[0.239s] Level 5:colcon.colcon_core.verb:set package 'ros_gz_gazebo' build argument 'cmake_args' from command line to 'None'
[0.239s] Level 5:colcon.colcon_core.verb:set package 'ros_gz_gazebo' build argument 'cmake_target' from command line to 'None'
[0.239s] Level 5:colcon.colcon_core.verb:set package 'ros_gz_gazebo' build argument 'cmake_target_skip_unavailable' from command line to 'False'
[0.239s] Level 5:colcon.colcon_core.verb:set package 'ros_gz_gazebo' build argument 'cmake_clean_cache' from command line to 'False'
[0.239s] Level 5:colcon.colcon_core.verb:set package 'ros_gz_gazebo' build argument 'cmake_clean_first' from command line to 'False'
[0.239s] Level 5:colcon.colcon_core.verb:set package 'ros_gz_gazebo' build argument 'cmake_force_configure' from command line to 'False'
[0.239s] Level 5:colcon.colcon_core.verb:set package 'ros_gz_gazebo' build argument 'ament_cmake_args' from command line to 'None'
[0.239s] Level 5:colcon.colcon_core.verb:set package 'ros_gz_gazebo' build argument 'catkin_cmake_args' from command line to 'None'
[0.239s] Level 5:colcon.colcon_core.verb:set package 'ros_gz_gazebo' build argument 'catkin_skip_building_tests' from command line to 'False'
[0.239s] DEBUG:colcon.colcon_core.verb:Building package 'ros_gz_gazebo' with the following arguments: {'ament_cmake_args': None, 'build_base': '/workspace/ros2_ws_turtlebot3/build/ros_gz_gazebo', 'catkin_cmake_args': None, 'catkin_skip_building_tests': False, 'cmake_args': None, 'cmake_clean_cache': False, 'cmake_clean_first': False, 'cmake_force_configure': False, 'cmake_target': None, 'cmake_target_skip_unavailable': False, 'install_base': '/workspace/ros2_ws_turtlebot3/install/ros_gz_gazebo', 'merge_install': False, 'path': '/workspace/ros2_ws_turtlebot3/src/ros_gz/ros_gz_gazebo', 'symlink_install': False, 'test_result_base': None}
[0.239s] Level 5:colcon.colcon_core.verb:set package 'ros_gz_bringup' build argument 'cmake_args' from command line to 'None'
[0.239s] Level 5:colcon.colcon_core.verb:set package 'ros_gz_bringup' build argument 'cmake_target' from command line to 'None'
[0.239s] Level 5:colcon.colcon_core.verb:set package 'ros_gz_bringup' build argument 'cmake_target_skip_unavailable' from command line to 'False'
[0.239s] Level 5:colcon.colcon_core.verb:set package 'ros_gz_bringup' build argument 'cmake_clean_cache' from command line to 'False'
[0.239s] Level 5:colcon.colcon_core.verb:set package 'ros_gz_bringup' build argument 'cmake_clean_first' from command line to 'False'
[0.239s] Level 5:colcon.colcon_core.verb:set package 'ros_gz_bringup' build argument 'cmake_force_configure' from command line to 'False'
[0.239s] Level 5:colcon.colcon_core.verb:set package 'ros_gz_bringup' build argument 'ament_cmake_args' from command line to 'None'
[0.239s] Level 5:colcon.colcon_core.verb:set package 'ros_gz_bringup' build argument 'catkin_cmake_args' from command line to 'None'
[0.239s] Level 5:colcon.colcon_core.verb:set package 'ros_gz_bringup' build argument 'catkin_skip_building_tests' from command line to 'False'
[0.239s] DEBUG:colcon.colcon_core.verb:Building package 'ros_gz_bringup' with the following arguments: {'ament_cmake_args': None, 'build_base': '/workspace/ros2_ws_turtlebot3/build/ros_gz_bringup', 'catkin_cmake_args': None, 'catkin_skip_building_tests': False, 'cmake_args': None, 'cmake_clean_cache': False, 'cmake_clean_first': False, 'cmake_force_configure': False, 'cmake_target': None, 'cmake_target_skip_unavailable': False, 'install_base': '/workspace/ros2_ws_turtlebot3/install/ros_gz_bringup', 'merge_install': False, 'path': '/workspace/ros2_ws_turtlebot3/src/ros_gz/ros_gz_bringup', 'symlink_install': False, 'test_result_base': None}
[0.239s] INFO:colcon.colcon_core.executor:Executing jobs using 'parallel' executor
[0.240s] DEBUG:colcon.colcon_parallel_executor.executor.parallel:run_until_complete
[0.240s] INFO:colcon.colcon_ros.task.ament_cmake.build:Building ROS package in '/workspace/ros2_ws_turtlebot3/src/ros_gz/ros_gz_description' with build type 'ament_cmake'
[0.241s] INFO:colcon.colcon_cmake.task.cmake.build:Building CMake package in '/workspace/ros2_ws_turtlebot3/src/ros_gz/ros_gz_description'
[0.242s] INFO:colcon.colcon_core.plugin_system:Skipping extension 'colcon_core.shell.bat': Not used on non-Windows systems
[0.242s] INFO:colcon.colcon_core.shell:Skip shell extension 'powershell' for command environment: Not usable outside of PowerShell
[0.242s] DEBUG:colcon.colcon_core.shell:Skip shell extension 'dsv' for command environment
[0.247s] INFO:colcon.colcon_ros.task.ament_cmake.build:Building ROS package in '/workspace/ros2_ws_turtlebot3/src/bt_nav2' with build type 'ament_cmake'
[0.247s] INFO:colcon.colcon_cmake.task.cmake.build:Building CMake package in '/workspace/ros2_ws_turtlebot3/src/bt_nav2'
[0.248s] INFO:colcon.colcon_core.shell:Skip shell extension 'powershell' for command environment: Not usable outside of PowerShell
[0.248s] DEBUG:colcon.colcon_core.shell:Skip shell extension 'dsv' for command environment
[0.251s] INFO:colcon.colcon_ros.task.ament_cmake.build:Building ROS package in '/workspace/ros2_ws_turtlebot3/src/launch' with build type 'ament_cmake'
[0.251s] INFO:colcon.colcon_cmake.task.cmake.build:Building CMake package in '/workspace/ros2_ws_turtlebot3/src/launch'
[0.251s] INFO:colcon.colcon_core.shell:Skip shell extension 'powershell' for command environment: Not usable outside of PowerShell
[0.251s] DEBUG:colcon.colcon_core.shell:Skip shell extension 'dsv' for command environment
[0.255s] INFO:colcon.colcon_ros.task.ament_cmake.build:Building ROS package in '/workspace/ros2_ws_turtlebot3/src/slam_nav2_bringup' with build type 'ament_cmake'
[0.255s] INFO:colcon.colcon_cmake.task.cmake.build:Building CMake package in '/workspace/ros2_ws_turtlebot3/src/slam_nav2_bringup'
[0.255s] INFO:colcon.colcon_core.shell:Skip shell extension 'powershell' for command environment: Not usable outside of PowerShell
[0.255s] DEBUG:colcon.colcon_core.shell:Skip shell extension 'dsv' for command environment
[0.261s] DEBUG:colcon.colcon_core.event_handler.log_command:Invoking command in '/workspace/ros2_ws_turtlebot3/build/ros_gz_description': CMAKE_PREFIX_PATH=${CMAKE_PREFIX_PATH}:/opt/ros/humble /usr/bin/cmake --build /workspace/ros2_ws_turtlebot3/build/ros_gz_description -- -j8 -l8
[0.264s] DEBUG:colcon.colcon_core.event_handler.log_command:Invoking command in '/workspace/ros2_ws_turtlebot3/build/bt_nav2': CMAKE_PREFIX_PATH=${CMAKE_PREFIX_PATH}:/opt/ros/humble /usr/bin/cmake --build /workspace/ros2_ws_turtlebot3/build/bt_nav2 -- -j8 -l8
[0.268s] DEBUG:colcon.colcon_core.event_handler.log_command:Invoking command in '/workspace/ros2_ws_turtlebot3/build/launch': CMAKE_PREFIX_PATH=${CMAKE_PREFIX_PATH}:/opt/ros/humble /usr/bin/cmake --build /workspace/ros2_ws_turtlebot3/build/launch -- -j8 -l8
[0.271s] DEBUG:colcon.colcon_core.event_handler.log_command:Invoking command in '/workspace/ros2_ws_turtlebot3/build/slam_nav2_bringup': CMAKE_PREFIX_PATH=${CMAKE_PREFIX_PATH}:/opt/ros/humble /usr/bin/cmake --build /workspace/ros2_ws_turtlebot3/build/slam_nav2_bringup -- -j8 -l8
[0.293s] DEBUG:colcon.colcon_core.event_handler.log_command:Invoked command in '/workspace/ros2_ws_turtlebot3/build/ros_gz_description' returned '0': CMAKE_PREFIX_PATH=${CMAKE_PREFIX_PATH}:/opt/ros/humble /usr/bin/cmake --build /workspace/ros2_ws_turtlebot3/build/ros_gz_description -- -j8 -l8
[0.299s] DEBUG:colcon.colcon_core.event_handler.log_command:Invoked command in '/workspace/ros2_ws_turtlebot3/build/launch' returned '0': CMAKE_PREFIX_PATH=${CMAKE_PREFIX_PATH}:/opt/ros/humble /usr/bin/cmake --build /workspace/ros2_ws_turtlebot3/build/launch -- -j8 -l8
[0.303s] DEBUG:colcon.colcon_core.event_handler.log_command:Invoked command in '/workspace/ros2_ws_turtlebot3/build/slam_nav2_bringup' returned '0': CMAKE_PREFIX_PATH=${CMAKE_PREFIX_PATH}:/opt/ros/humble /usr/bin/cmake --build /workspace/ros2_ws_turtlebot3/build/slam_nav2_bringup -- -j8 -l8
[0.321s] DEBUG:colcon.colcon_core.event_handler.log_command:Invoking command in '/workspace/ros2_ws_turtlebot3/build/ros_gz_description': CMAKE_PREFIX_PATH=${CMAKE_PREFIX_PATH}:/opt/ros/humble /usr/bin/cmake --install /workspace/ros2_ws_turtlebot3/build/ros_gz_description
[0.323s] DEBUG:colcon.colcon_core.event_handler.log_command:Invoking command in '/workspace/ros2_ws_turtlebot3/build/launch': CMAKE_PREFIX_PATH=${CMAKE_PREFIX_PATH}:/opt/ros/humble /usr/bin/cmake --install /workspace/ros2_ws_turtlebot3/build/launch
[0.326s] DEBUG:colcon.colcon_core.event_handler.log_command:Invoking command in '/workspace/ros2_ws_turtlebot3/build/slam_nav2_bringup': CMAKE_PREFIX_PATH=${CMAKE_PREFIX_PATH}:/opt/ros/humble /usr/bin/cmake --install /workspace/ros2_ws_turtlebot3/build/slam_nav2_bringup
[0.333s] Level 1:colcon.colcon_core.environment:create_environment_scripts_only(ros_gz_description)
[0.334s] DEBUG:colcon.colcon_core.event_handler.log_command:Invoked command in '/workspace/ros2_ws_turtlebot3/build/ros_gz_description' returned '0': CMAKE_PREFIX_PATH=${CMAKE_PREFIX_PATH}:/opt/ros/humble /usr/bin/cmake --install /workspace/ros2_ws_turtlebot3/build/ros_gz_description
[0.338s] Level 1:colcon.colcon_core.environment:checking '/workspace/ros2_ws_turtlebot3/install/ros_gz_description' for CMake module files
[0.339s] Level 1:colcon.colcon_core.environment:checking '/workspace/ros2_ws_turtlebot3/install/ros_gz_description' for CMake config files
[0.339s] Level 1:colcon.colcon_core.shell:create_environment_hook('ros_gz_description', 'cmake_prefix_path')
[0.339s] INFO:colcon.colcon_core.shell:Creating environment hook '/workspace/ros2_ws_turtlebot3/install/ros_gz_description/share/ros_gz_description/hook/cmake_prefix_path.ps1'
[0.340s] INFO:colcon.colcon_core.shell:Creating environment descriptor '/workspace/ros2_ws_turtlebot3/install/ros_gz_description/share/ros_gz_description/hook/cmake_prefix_path.dsv'
[0.340s] INFO:colcon.colcon_core.shell:Creating environment hook '/workspace/ros2_ws_turtlebot3/install/ros_gz_description/share/ros_gz_description/hook/cmake_prefix_path.sh'
[0.341s] Level 1:colcon.colcon_core.environment:checking '/workspace/ros2_ws_turtlebot3/install/ros_gz_description/bin'
[0.341s] Level 1:colcon.colcon_core.environment:checking '/workspace/ros2_ws_turtlebot3/install/ros_gz_description/lib/pkgconfig/ros_gz_description.pc'
[0.343s] Level 1:colcon.colcon_core.environment:checking '/workspace/ros2_ws_turtlebot3/install/ros_gz_description/lib/python3.10/site-packages'
[0.343s] Level 1:colcon.colcon_core.environment:checking '/workspace/ros2_ws_turtlebot3/install/ros_gz_description/bin'
[0.343s] INFO:colcon.colcon_core.shell:Creating package script '/workspace/ros2_ws_turtlebot3/install/ros_gz_description/share/ros_gz_description/package.ps1'
[0.344s] INFO:colcon.colcon_core.shell:Creating package descriptor '/workspace/ros2_ws_turtlebot3/install/ros_gz_description/share/ros_gz_description/package.dsv'
[0.345s] INFO:colcon.colcon_core.shell:Creating package script '/workspace/ros2_ws_turtlebot3/install/ros_gz_description/share/ros_gz_description/package.sh'
[0.346s] INFO:colcon.colcon_core.shell:Creating package script '/workspace/ros2_ws_turtlebot3/install/ros_gz_description/share/ros_gz_description/package.bash'
[0.347s] INFO:colcon.colcon_core.shell:Creating package script '/workspace/ros2_ws_turtlebot3/install/ros_gz_description/share/ros_gz_description/package.zsh'
[0.348s] Level 1:colcon.colcon_core.environment:create_file_with_runtime_dependencies(/workspace/ros2_ws_turtlebot3/install/ros_gz_description/share/colcon-core/packages/ros_gz_description)
[0.350s] DEBUG:colcon.colcon_core.event_handler.log_command:Invoked command in '/workspace/ros2_ws_turtlebot3/build/bt_nav2' returned '0': CMAKE_PREFIX_PATH=${CMAKE_PREFIX_PATH}:/opt/ros/humble /usr/bin/cmake --build /workspace/ros2_ws_turtlebot3/build/bt_nav2 -- -j8 -l8
[0.350s] Level 1:colcon.colcon_core.environment:create_environment_scripts_only(launch)
[0.351s] Level 1:colcon.colcon_core.environment:checking '/workspace/ros2_ws_turtlebot3/install/launch' for CMake module files
[0.351s] DEBUG:colcon.colcon_core.event_handler.log_command:Invoked command in '/workspace/ros2_ws_turtlebot3/build/launch' returned '0': CMAKE_PREFIX_PATH=${CMAKE_PREFIX_PATH}:/opt/ros/humble /usr/bin/cmake --install /workspace/ros2_ws_turtlebot3/build/launch
[0.352s] Level 1:colcon.colcon_core.environment:checking '/workspace/ros2_ws_turtlebot3/install/launch' for CMake config files
[0.352s] Level 1:colcon.colcon_core.shell:create_environment_hook('launch', 'cmake_prefix_path')
[0.352s] INFO:colcon.colcon_core.shell:Creating environment hook '/workspace/ros2_ws_turtlebot3/install/launch/share/launch/hook/cmake_prefix_path.ps1'
[0.352s] INFO:colcon.colcon_core.shell:Creating environment descriptor '/workspace/ros2_ws_turtlebot3/install/launch/share/launch/hook/cmake_prefix_path.dsv'
[0.353s] INFO:colcon.colcon_core.shell:Creating environment hook '/workspace/ros2_ws_turtlebot3/install/launch/share/launch/hook/cmake_prefix_path.sh'
[0.353s] Level 1:colcon.colcon_core.environment:checking '/workspace/ros2_ws_turtlebot3/install/launch/bin'
[0.353s] Level 1:colcon.colcon_core.environment:checking '/workspace/ros2_ws_turtlebot3/install/launch/lib/pkgconfig/launch.pc'
[0.353s] Level 1:colcon.colcon_core.environment:checking '/workspace/ros2_ws_turtlebot3/install/launch/lib/python3.10/site-packages'
[0.353s] Level 1:colcon.colcon_core.environment:checking '/workspace/ros2_ws_turtlebot3/install/launch/bin'
[0.354s] INFO:colcon.colcon_core.shell:Creating package script '/workspace/ros2_ws_turtlebot3/install/launch/share/launch/package.ps1'
[0.354s] INFO:colcon.colcon_core.shell:Creating package descriptor '/workspace/ros2_ws_turtlebot3/install/launch/share/launch/package.dsv'
[0.354s] INFO:colcon.colcon_core.shell:Creating package script '/workspace/ros2_ws_turtlebot3/install/launch/share/launch/package.sh'
[0.355s] INFO:colcon.colcon_core.shell:Creating package script '/workspace/ros2_ws_turtlebot3/install/launch/share/launch/package.bash'
[0.355s] INFO:colcon.colcon_core.shell:Creating package script '/workspace/ros2_ws_turtlebot3/install/launch/share/launch/package.zsh'
[0.355s] Level 1:colcon.colcon_core.environment:create_file_with_runtime_dependencies(/workspace/ros2_ws_turtlebot3/install/launch/share/colcon-core/packages/launch)
[0.356s] Level 1:colcon.colcon_core.environment:create_environment_scripts_only(slam_nav2_bringup)
[0.356s] Level 1:colcon.colcon_core.environment:checking '/workspace/ros2_ws_turtlebot3/install/slam_nav2_bringup' for CMake module files
[0.357s] DEBUG:colcon.colcon_core.event_handler.log_command:Invoked command in '/workspace/ros2_ws_turtlebot3/build/slam_nav2_bringup' returned '0': CMAKE_PREFIX_PATH=${CMAKE_PREFIX_PATH}:/opt/ros/humble /usr/bin/cmake --install /workspace/ros2_ws_turtlebot3/build/slam_nav2_bringup
[0.358s] Level 1:colcon.colcon_core.environment:checking '/workspace/ros2_ws_turtlebot3/install/slam_nav2_bringup' for CMake config files
[0.358s] Level 1:colcon.colcon_core.shell:create_environment_hook('slam_nav2_bringup', 'cmake_prefix_path')
[0.359s] INFO:colcon.colcon_core.shell:Creating environment hook '/workspace/ros2_ws_turtlebot3/install/slam_nav2_bringup/share/slam_nav2_bringup/hook/cmake_prefix_path.ps1'
[0.359s] INFO:colcon.colcon_core.shell:Creating environment descriptor '/workspace/ros2_ws_turtlebot3/install/slam_nav2_bringup/share/slam_nav2_bringup/hook/cmake_prefix_path.dsv'
[0.359s] INFO:colcon.colcon_core.shell:Creating environment hook '/workspace/ros2_ws_turtlebot3/install/slam_nav2_bringup/share/slam_nav2_bringup/hook/cmake_prefix_path.sh'
[0.360s] Level 1:colcon.colcon_core.environment:checking '/workspace/ros2_ws_turtlebot3/install/slam_nav2_bringup/bin'
[0.360s] Level 1:colcon.colcon_core.environment:checking '/workspace/ros2_ws_turtlebot3/install/slam_nav2_bringup/lib/pkgconfig/slam_nav2_bringup.pc'
[0.361s] Level 1:colcon.colcon_core.environment:checking '/workspace/ros2_ws_turtlebot3/install/slam_nav2_bringup/lib/python3.10/site-packages'
[0.361s] Level 1:colcon.colcon_core.environment:checking '/workspace/ros2_ws_turtlebot3/install/slam_nav2_bringup/bin'
[0.361s] INFO:colcon.colcon_core.shell:Creating package script '/workspace/ros2_ws_turtlebot3/install/slam_nav2_bringup/share/slam_nav2_bringup/package.ps1'
[0.362s] INFO:colcon.colcon_core.shell:Creating package descriptor '/workspace/ros2_ws_turtlebot3/install/slam_nav2_bringup/share/slam_nav2_bringup/package.dsv'
[0.362s] INFO:colcon.colcon_core.shell:Creating package script '/workspace/ros2_ws_turtlebot3/install/slam_nav2_bringup/share/slam_nav2_bringup/package.sh'
[0.363s] INFO:colcon.colcon_core.shell:Creating package script '/workspace/ros2_ws_turtlebot3/install/slam_nav2_bringup/share/slam_nav2_bringup/package.bash'
[0.363s] INFO:colcon.colcon_core.shell:Creating package script '/workspace/ros2_ws_turtlebot3/install/slam_nav2_bringup/share/slam_nav2_bringup/package.zsh'
[0.363s] Level 1:colcon.colcon_core.environment:create_file_with_runtime_dependencies(/workspace/ros2_ws_turtlebot3/install/slam_nav2_bringup/share/colcon-core/packages/slam_nav2_bringup)
[0.368s] Level 1:colcon.colcon_core.environment:create_environment_scripts_only(ros_gz_description)
[0.368s] Level 1:colcon.colcon_core.environment:checking '/workspace/ros2_ws_turtlebot3/install/ros_gz_description' for CMake module files
[0.368s] Level 1:colcon.colcon_core.environment:checking '/workspace/ros2_ws_turtlebot3/install/ros_gz_description' for CMake config files
[0.368s] Level 1:colcon.colcon_core.shell:create_environment_hook('ros_gz_description', 'cmake_prefix_path')
[0.369s] INFO:colcon.colcon_core.shell:Creating environment hook '/workspace/ros2_ws_turtlebot3/install/ros_gz_description/share/ros_gz_description/hook/cmake_prefix_path.ps1'
[0.369s] INFO:colcon.colcon_core.shell:Creating environment descriptor '/workspace/ros2_ws_turtlebot3/install/ros_gz_description/share/ros_gz_description/hook/cmake_prefix_path.dsv'
[0.369s] INFO:colcon.colcon_core.shell:Creating environment hook '/workspace/ros2_ws_turtlebot3/install/ros_gz_description/share/ros_gz_description/hook/cmake_prefix_path.sh'
[0.370s] Level 1:colcon.colcon_core.environment:checking '/workspace/ros2_ws_turtlebot3/install/ros_gz_description/bin'
[0.370s] Level 1:colcon.colcon_core.environment:checking '/workspace/ros2_ws_turtlebot3/install/ros_gz_description/lib/pkgconfig/ros_gz_description.pc'
[0.370s] Level 1:colcon.colcon_core.environment:checking '/workspace/ros2_ws_turtlebot3/install/ros_gz_description/lib/python3.10/site-packages'
[0.370s] Level 1:colcon.colcon_core.environment:checking '/workspace/ros2_ws_turtlebot3/install/ros_gz_description/bin'
[0.371s] INFO:colcon.colcon_core.shell:Creating package script '/workspace/ros2_ws_turtlebot3/install/ros_gz_description/share/ros_gz_description/package.ps1'
[0.371s] INFO:colcon.colcon_core.shell:Creating package descriptor '/workspace/ros2_ws_turtlebot3/install/ros_gz_description/share/ros_gz_description/package.dsv'
[0.372s] INFO:colcon.colcon_core.shell:Creating package script '/workspace/ros2_ws_turtlebot3/install/ros_gz_description/share/ros_gz_description/package.sh'
[0.372s] INFO:colcon.colcon_core.shell:Creating package script '/workspace/ros2_ws_turtlebot3/install/ros_gz_description/share/ros_gz_description/package.bash'
[0.372s] INFO:colcon.colcon_core.shell:Creating package script '/workspace/ros2_ws_turtlebot3/install/ros_gz_description/share/ros_gz_description/package.zsh'
[0.373s] Level 1:colcon.colcon_core.environment:create_file_with_runtime_dependencies(/workspace/ros2_ws_turtlebot3/install/ros_gz_description/share/colcon-core/packages/ros_gz_description)
[0.373s] INFO:colcon.colcon_ros.task.ament_cmake.build:Building ROS package in '/workspace/ros2_ws_turtlebot3/src/ros_gz/ros_gz_gazebo' with build type 'ament_cmake'
[0.373s] INFO:colcon.colcon_cmake.task.cmake.build:Building CMake package in '/workspace/ros2_ws_turtlebot3/src/ros_gz/ros_gz_gazebo'
[0.373s] INFO:colcon.colcon_core.shell:Skip shell extension 'powershell' for command environment: Not usable outside of PowerShell
[0.374s] DEBUG:colcon.colcon_core.shell:Skip shell extension 'dsv' for command environment
[0.382s] DEBUG:colcon.colcon_core.event_handler.log_command:Invoking command in '/workspace/ros2_ws_turtlebot3/build/bt_nav2': CMAKE_PREFIX_PATH=${CMAKE_PREFIX_PATH}:/opt/ros/humble /usr/bin/cmake --install /workspace/ros2_ws_turtlebot3/build/bt_nav2
[0.382s] Level 1:colcon.colcon_core.environment:create_environment_scripts_only(launch)
[0.383s] Level 1:colcon.colcon_core.environment:checking '/workspace/ros2_ws_turtlebot3/install/launch' for CMake module files
[0.383s] Level 1:colcon.colcon_core.environment:checking '/workspace/ros2_ws_turtlebot3/install/launch' for CMake config files
[0.383s] Level 1:colcon.colcon_core.shell:create_environment_hook('launch', 'cmake_prefix_path')
[0.384s] INFO:colcon.colcon_core.shell:Creating environment hook '/workspace/ros2_ws_turtlebot3/install/launch/share/launch/hook/cmake_prefix_path.ps1'
[0.384s] INFO:colcon.colcon_core.shell:Creating environment descriptor '/workspace/ros2_ws_turtlebot3/install/launch/share/launch/hook/cmake_prefix_path.dsv'
[0.384s] INFO:colcon.colcon_core.shell:Creating environment hook '/workspace/ros2_ws_turtlebot3/install/launch/share/launch/hook/cmake_prefix_path.sh'
[0.385s] Level 1:colcon.colcon_core.environment:checking '/workspace/ros2_ws_turtlebot3/install/launch/bin'
[0.385s] Level 1:colcon.colcon_core.environment:checking '/workspace/ros2_ws_turtlebot3/install/launch/lib/pkgconfig/launch.pc'
[0.385s] Level 1:colcon.colcon_core.environment:checking '/workspace/ros2_ws_turtlebot3/install/launch/lib/python3.10/site-packages'
[0.385s] Level 1:colcon.colcon_core.environment:checking '/workspace/ros2_ws_turtlebot3/install/launch/bin'
[0.386s] INFO:colcon.colcon_core.shell:Creating package script '/workspace/ros2_ws_turtlebot3/install/launch/share/launch/package.ps1'
[0.386s] INFO:colcon.colcon_core.shell:Creating package descriptor '/workspace/ros2_ws_turtlebot3/install/launch/share/launch/package.dsv'
[0.386s] INFO:colcon.colcon_core.shell:Creating package script '/workspace/ros2_ws_turtlebot3/install/launch/share/launch/package.sh'
[0.387s] INFO:colcon.colcon_core.shell:Creating package script '/workspace/ros2_ws_turtlebot3/install/launch/share/launch/package.bash'
[0.387s] INFO:colcon.colcon_core.shell:Creating package script '/workspace/ros2_ws_turtlebot3/install/launch/share/launch/package.zsh'
[0.387s] Level 1:colcon.colcon_core.environment:create_file_with_runtime_dependencies(/workspace/ros2_ws_turtlebot3/install/launch/share/colcon-core/packages/launch)
[0.393s] Level 1:colcon.colcon_core.environment:create_environment_scripts_only(slam_nav2_bringup)
[0.394s] Level 1:colcon.colcon_core.environment:checking '/workspace/ros2_ws_turtlebot3/install/slam_nav2_bringup' for CMake module files
[0.394s] DEBUG:colcon.colcon_core.event_handler.log_command:Invoking command in '/workspace/ros2_ws_turtlebot3/build/ros_gz_gazebo': CMAKE_PREFIX_PATH=/workspace/ros2_ws_turtlebot3/install/ros_gz_description:/workspace/ros2_ws_turtlebot3/install/bt_nav2:/workspace/ros2_ws_turtlebot3/install/slam_nav2_bringup:/workspace/ros2_ws_turtlebot3/install/ros_gz_bringup:/workspace/ros2_ws_turtlebot3/install/ros_gz_gazebo:/workspace/ros2_ws_turtlebot3/install/launch:/opt/ros/humble IGN_GAZEBO_RESOURCE_PATH=/workspace/ros2_ws_turtlebot3/install/ros_gz_description/share/ros_gz_description/models:${IGN_GAZEBO_RESOURCE_PATH} /usr/bin/cmake --build /workspace/ros2_ws_turtlebot3/build/ros_gz_gazebo -- -j8 -l8
[0.395s] Level 1:colcon.colcon_core.environment:checking '/workspace/ros2_ws_turtlebot3/install/slam_nav2_bringup' for CMake config files
[0.395s] Level 1:colcon.colcon_core.shell:create_environment_hook('slam_nav2_bringup', 'cmake_prefix_path')
[0.395s] INFO:colcon.colcon_core.shell:Creating environment hook '/workspace/ros2_ws_turtlebot3/install/slam_nav2_bringup/share/slam_nav2_bringup/hook/cmake_prefix_path.ps1'
[0.395s] INFO:colcon.colcon_core.shell:Creating environment descriptor '/workspace/ros2_ws_turtlebot3/install/slam_nav2_bringup/share/slam_nav2_bringup/hook/cmake_prefix_path.dsv'
[0.396s] INFO:colcon.colcon_core.shell:Creating environment hook '/workspace/ros2_ws_turtlebot3/install/slam_nav2_bringup/share/slam_nav2_bringup/hook/cmake_prefix_path.sh'
[0.396s] Level 1:colcon.colcon_core.environment:checking '/workspace/ros2_ws_turtlebot3/install/slam_nav2_bringup/bin'
[0.396s] Level 1:colcon.colcon_core.environment:checking '/workspace/ros2_ws_turtlebot3/install/slam_nav2_bringup/lib/pkgconfig/slam_nav2_bringup.pc'
[0.396s] Level 1:colcon.colcon_core.environment:checking '/workspace/ros2_ws_turtlebot3/install/slam_nav2_bringup/lib/python3.10/site-packages'
[0.397s] Level 1:colcon.colcon_core.environment:checking '/workspace/ros2_ws_turtlebot3/install/slam_nav2_bringup/bin'
[0.397s] INFO:colcon.colcon_core.shell:Creating package script '/workspace/ros2_ws_turtlebot3/install/slam_nav2_bringup/share/slam_nav2_bringup/package.ps1'
[0.397s] INFO:colcon.colcon_core.shell:Creating package descriptor '/workspace/ros2_ws_turtlebot3/install/slam_nav2_bringup/share/slam_nav2_bringup/package.dsv'
[0.398s] INFO:colcon.colcon_core.shell:Creating package script '/workspace/ros2_ws_turtlebot3/install/slam_nav2_bringup/share/slam_nav2_bringup/package.sh'
[0.398s] INFO:colcon.colcon_core.shell:Creating package script '/workspace/ros2_ws_turtlebot3/install/slam_nav2_bringup/share/slam_nav2_bringup/package.bash'
[0.407s] INFO:colcon.colcon_core.shell:Creating package script '/workspace/ros2_ws_turtlebot3/install/slam_nav2_bringup/share/slam_nav2_bringup/package.zsh'
[0.408s] Level 1:colcon.colcon_core.environment:create_file_with_runtime_dependencies(/workspace/ros2_ws_turtlebot3/install/slam_nav2_bringup/share/colcon-core/packages/slam_nav2_bringup)
[0.409s] Level 1:colcon.colcon_core.environment:create_environment_scripts_only(bt_nav2)
[0.409s] Level 1:colcon.colcon_core.environment:checking '/workspace/ros2_ws_turtlebot3/install/bt_nav2' for CMake module files
[0.410s] DEBUG:colcon.colcon_core.event_handler.log_command:Invoked command in '/workspace/ros2_ws_turtlebot3/build/bt_nav2' returned '0': CMAKE_PREFIX_PATH=${CMAKE_PREFIX_PATH}:/opt/ros/humble /usr/bin/cmake --install /workspace/ros2_ws_turtlebot3/build/bt_nav2
[0.410s] Level 1:colcon.colcon_core.environment:checking '/workspace/ros2_ws_turtlebot3/install/bt_nav2' for CMake config files
[0.410s] Level 1:colcon.colcon_core.shell:create_environment_hook('bt_nav2', 'cmake_prefix_path')
[0.410s] INFO:colcon.colcon_core.shell:Creating environment hook '/workspace/ros2_ws_turtlebot3/install/bt_nav2/share/bt_nav2/hook/cmake_prefix_path.ps1'
[0.411s] INFO:colcon.colcon_core.shell:Creating environment descriptor '/workspace/ros2_ws_turtlebot3/install/bt_nav2/share/bt_nav2/hook/cmake_prefix_path.dsv'
[0.411s] INFO:colcon.colcon_core.shell:Creating environment hook '/workspace/ros2_ws_turtlebot3/install/bt_nav2/share/bt_nav2/hook/cmake_prefix_path.sh'
[0.411s] Level 1:colcon.colcon_core.environment:checking '/workspace/ros2_ws_turtlebot3/install/bt_nav2/lib'
[0.412s] Level 1:colcon.colcon_core.environment:checking '/workspace/ros2_ws_turtlebot3/install/bt_nav2/bin'
[0.412s] Level 1:colcon.colcon_core.environment:checking '/workspace/ros2_ws_turtlebot3/install/bt_nav2/lib/pkgconfig/bt_nav2.pc'
[0.412s] Level 1:colcon.colcon_core.environment:checking '/workspace/ros2_ws_turtlebot3/install/bt_nav2/lib/python3.10/site-packages'
[0.412s] Level 1:colcon.colcon_core.environment:checking '/workspace/ros2_ws_turtlebot3/install/bt_nav2/bin'
[0.412s] INFO:colcon.colcon_core.shell:Creating package script '/workspace/ros2_ws_turtlebot3/install/bt_nav2/share/bt_nav2/package.ps1'
[0.413s] INFO:colcon.colcon_core.shell:Creating package descriptor '/workspace/ros2_ws_turtlebot3/install/bt_nav2/share/bt_nav2/package.dsv'
[0.413s] INFO:colcon.colcon_core.shell:Creating package script '/workspace/ros2_ws_turtlebot3/install/bt_nav2/share/bt_nav2/package.sh'
[0.413s] INFO:colcon.colcon_core.shell:Creating package script '/workspace/ros2_ws_turtlebot3/install/bt_nav2/share/bt_nav2/package.bash'
[0.414s] INFO:colcon.colcon_core.shell:Creating package script '/workspace/ros2_ws_turtlebot3/install/bt_nav2/share/bt_nav2/package.zsh'
[0.414s] Level 1:colcon.colcon_core.environment:create_file_with_runtime_dependencies(/workspace/ros2_ws_turtlebot3/install/bt_nav2/share/colcon-core/packages/bt_nav2)
[0.438s] Level 1:colcon.colcon_core.environment:create_environment_scripts_only(bt_nav2)
[0.439s] Level 1:colcon.colcon_core.environment:checking '/workspace/ros2_ws_turtlebot3/install/bt_nav2' for CMake module files
[0.439s] Level 1:colcon.colcon_core.environment:checking '/workspace/ros2_ws_turtlebot3/install/bt_nav2' for CMake config files
[0.440s] Level 1:colcon.colcon_core.shell:create_environment_hook('bt_nav2', 'cmake_prefix_path')
[0.440s] INFO:colcon.colcon_core.shell:Creating environment hook '/workspace/ros2_ws_turtlebot3/install/bt_nav2/share/bt_nav2/hook/cmake_prefix_path.ps1'
[0.441s] INFO:colcon.colcon_core.shell:Creating environment descriptor '/workspace/ros2_ws_turtlebot3/install/bt_nav2/share/bt_nav2/hook/cmake_prefix_path.dsv'
[0.441s] INFO:colcon.colcon_core.shell:Creating environment hook '/workspace/ros2_ws_turtlebot3/install/bt_nav2/share/bt_nav2/hook/cmake_prefix_path.sh'
[0.442s] Level 1:colcon.colcon_core.environment:checking '/workspace/ros2_ws_turtlebot3/install/bt_nav2/lib'
[0.442s] Level 1:colcon.colcon_core.environment:checking '/workspace/ros2_ws_turtlebot3/install/bt_nav2/bin'
[0.442s] Level 1:colcon.colcon_core.environment:checking '/workspace/ros2_ws_turtlebot3/install/bt_nav2/lib/pkgconfig/bt_nav2.pc'
[0.443s] Level 1:colcon.colcon_core.environment:checking '/workspace/ros2_ws_turtlebot3/install/bt_nav2/lib/python3.10/site-packages'
[0.443s] Level 1:colcon.colcon_core.environment:checking '/workspace/ros2_ws_turtlebot3/install/bt_nav2/bin'
[0.444s] INFO:colcon.colcon_core.shell:Creating package script '/workspace/ros2_ws_turtlebot3/install/bt_nav2/share/bt_nav2/package.ps1'
[0.444s] INFO:colcon.colcon_core.shell:Creating package descriptor '/workspace/ros2_ws_turtlebot3/install/bt_nav2/share/bt_nav2/package.dsv'
[0.445s] INFO:colcon.colcon_core.shell:Creating package script '/workspace/ros2_ws_turtlebot3/install/bt_nav2/share/bt_nav2/package.sh'
[0.446s] INFO:colcon.colcon_core.shell:Creating package script '/workspace/ros2_ws_turtlebot3/install/bt_nav2/share/bt_nav2/package.bash'
[0.446s] INFO:colcon.colcon_core.shell:Creating package script '/workspace/ros2_ws_turtlebot3/install/bt_nav2/share/bt_nav2/package.zsh'
[0.446s] Level 1:colcon.colcon_core.environment:create_file_with_runtime_dependencies(/workspace/ros2_ws_turtlebot3/install/bt_nav2/share/colcon-core/packages/bt_nav2)
[0.455s] DEBUG:colcon.colcon_core.event_handler.log_command:Invoked command in '/workspace/ros2_ws_turtlebot3/build/ros_gz_gazebo' returned '0': CMAKE_PREFIX_PATH=/workspace/ros2_ws_turtlebot3/install/ros_gz_description:/workspace/ros2_ws_turtlebot3/install/bt_nav2:/workspace/ros2_ws_turtlebot3/install/slam_nav2_bringup:/workspace/ros2_ws_turtlebot3/install/ros_gz_bringup:/workspace/ros2_ws_turtlebot3/install/ros_gz_gazebo:/workspace/ros2_ws_turtlebot3/install/launch:/opt/ros/humble IGN_GAZEBO_RESOURCE_PATH=/workspace/ros2_ws_turtlebot3/install/ros_gz_description/share/ros_gz_description/models:${IGN_GAZEBO_RESOURCE_PATH} /usr/bin/cmake --build /workspace/ros2_ws_turtlebot3/build/ros_gz_gazebo -- -j8 -l8
[0.481s] DEBUG:colcon.colcon_core.event_handler.log_command:Invoking command in '/workspace/ros2_ws_turtlebot3/build/ros_gz_gazebo': CMAKE_PREFIX_PATH=/workspace/ros2_ws_turtlebot3/install/ros_gz_description:/workspace/ros2_ws_turtlebot3/install/bt_nav2:/workspace/ros2_ws_turtlebot3/install/slam_nav2_bringup:/workspace/ros2_ws_turtlebot3/install/ros_gz_bringup:/workspace/ros2_ws_turtlebot3/install/ros_gz_gazebo:/workspace/ros2_ws_turtlebot3/install/launch:/opt/ros/humble IGN_GAZEBO_RESOURCE_PATH=/workspace/ros2_ws_turtlebot3/install/ros_gz_description/share/ros_gz_description/models:${IGN_GAZEBO_RESOURCE_PATH} /usr/bin/cmake --install /workspace/ros2_ws_turtlebot3/build/ros_gz_gazebo
[0.490s] Level 1:colcon.colcon_core.environment:create_environment_scripts_only(ros_gz_gazebo)
[0.491s] Level 1:colcon.colcon_core.environment:checking '/workspace/ros2_ws_turtlebot3/install/ros_gz_gazebo' for CMake module files
[0.491s] DEBUG:colcon.colcon_core.event_handler.log_command:Invoked command in '/workspace/ros2_ws_turtlebot3/build/ros_gz_gazebo' returned '0': CMAKE_PREFIX_PATH=/workspace/ros2_ws_turtlebot3/install/ros_gz_description:/workspace/ros2_ws_turtlebot3/install/bt_nav2:/workspace/ros2_ws_turtlebot3/install/slam_nav2_bringup:/workspace/ros2_ws_turtlebot3/install/ros_gz_bringup:/workspace/ros2_ws_turtlebot3/install/ros_gz_gazebo:/workspace/ros2_ws_turtlebot3/install/launch:/opt/ros/humble IGN_GAZEBO_RESOURCE_PATH=/workspace/ros2_ws_turtlebot3/install/ros_gz_description/share/ros_gz_description/models:${IGN_GAZEBO_RESOURCE_PATH} /usr/bin/cmake --install /workspace/ros2_ws_turtlebot3/build/ros_gz_gazebo
[0.491s] Level 1:colcon.colcon_core.environment:checking '/workspace/ros2_ws_turtlebot3/install/ros_gz_gazebo' for CMake config files
[0.492s] Level 1:colcon.colcon_core.shell:create_environment_hook('ros_gz_gazebo', 'cmake_prefix_path')
[0.492s] INFO:colcon.colcon_core.shell:Creating environment hook '/workspace/ros2_ws_turtlebot3/install/ros_gz_gazebo/share/ros_gz_gazebo/hook/cmake_prefix_path.ps1'
[0.492s] INFO:colcon.colcon_core.shell:Creating environment descriptor '/workspace/ros2_ws_turtlebot3/install/ros_gz_gazebo/share/ros_gz_gazebo/hook/cmake_prefix_path.dsv'
[0.493s] INFO:colcon.colcon_core.shell:Creating environment hook '/workspace/ros2_ws_turtlebot3/install/ros_gz_gazebo/share/ros_gz_gazebo/hook/cmake_prefix_path.sh'
[0.493s] Level 1:colcon.colcon_core.environment:checking '/workspace/ros2_ws_turtlebot3/install/ros_gz_gazebo/lib'
[0.493s] Level 1:colcon.colcon_core.environment:checking '/workspace/ros2_ws_turtlebot3/install/ros_gz_gazebo/bin'
[0.493s] Level 1:colcon.colcon_core.environment:checking '/workspace/ros2_ws_turtlebot3/install/ros_gz_gazebo/lib/pkgconfig/ros_gz_gazebo.pc'
[0.493s] Level 1:colcon.colcon_core.environment:checking '/workspace/ros2_ws_turtlebot3/install/ros_gz_gazebo/lib/python3.10/site-packages'
[0.494s] Level 1:colcon.colcon_core.environment:checking '/workspace/ros2_ws_turtlebot3/install/ros_gz_gazebo/bin'
[0.494s] INFO:colcon.colcon_core.shell:Creating package script '/workspace/ros2_ws_turtlebot3/install/ros_gz_gazebo/share/ros_gz_gazebo/package.ps1'
[0.494s] INFO:colcon.colcon_core.shell:Creating package descriptor '/workspace/ros2_ws_turtlebot3/install/ros_gz_gazebo/share/ros_gz_gazebo/package.dsv'
[0.495s] INFO:colcon.colcon_core.shell:Creating package script '/workspace/ros2_ws_turtlebot3/install/ros_gz_gazebo/share/ros_gz_gazebo/package.sh'
[0.495s] INFO:colcon.colcon_core.shell:Creating package script '/workspace/ros2_ws_turtlebot3/install/ros_gz_gazebo/share/ros_gz_gazebo/package.bash'
[0.495s] INFO:colcon.colcon_core.shell:Creating package script '/workspace/ros2_ws_turtlebot3/install/ros_gz_gazebo/share/ros_gz_gazebo/package.zsh'
[0.496s] Level 1:colcon.colcon_core.environment:create_file_with_runtime_dependencies(/workspace/ros2_ws_turtlebot3/install/ros_gz_gazebo/share/colcon-core/packages/ros_gz_gazebo)
[0.520s] Level 1:colcon.colcon_core.environment:create_environment_scripts_only(ros_gz_gazebo)
[0.520s] Level 1:colcon.colcon_core.environment:checking '/workspace/ros2_ws_turtlebot3/install/ros_gz_gazebo' for CMake module files
[0.521s] Level 1:colcon.colcon_core.environment:checking '/workspace/ros2_ws_turtlebot3/install/ros_gz_gazebo' for CMake config files
[0.521s] Level 1:colcon.colcon_core.shell:create_environment_hook('ros_gz_gazebo', 'cmake_prefix_path')
[0.521s] INFO:colcon.colcon_core.shell:Creating environment hook '/workspace/ros2_ws_turtlebot3/install/ros_gz_gazebo/share/ros_gz_gazebo/hook/cmake_prefix_path.ps1'
[0.522s] INFO:colcon.colcon_core.shell:Creating environment descriptor '/workspace/ros2_ws_turtlebot3/install/ros_gz_gazebo/share/ros_gz_gazebo/hook/cmake_prefix_path.dsv'
[0.522s] INFO:colcon.colcon_core.shell:Creating environment hook '/workspace/ros2_ws_turtlebot3/install/ros_gz_gazebo/share/ros_gz_gazebo/hook/cmake_prefix_path.sh'
[0.522s] Level 1:colcon.colcon_core.environment:checking '/workspace/ros2_ws_turtlebot3/install/ros_gz_gazebo/lib'
[0.522s] Level 1:colcon.colcon_core.environment:checking '/workspace/ros2_ws_turtlebot3/install/ros_gz_gazebo/bin'
[0.523s] Level 1:colcon.colcon_core.environment:checking '/workspace/ros2_ws_turtlebot3/install/ros_gz_gazebo/lib/pkgconfig/ros_gz_gazebo.pc'
[0.523s] Level 1:colcon.colcon_core.environment:checking '/workspace/ros2_ws_turtlebot3/install/ros_gz_gazebo/lib/python3.10/site-packages'
[0.523s] Level 1:colcon.colcon_core.environment:checking '/workspace/ros2_ws_turtlebot3/install/ros_gz_gazebo/bin'
[0.523s] INFO:colcon.colcon_core.shell:Creating package script '/workspace/ros2_ws_turtlebot3/install/ros_gz_gazebo/share/ros_gz_gazebo/package.ps1'
[0.524s] INFO:colcon.colcon_core.shell:Creating package descriptor '/workspace/ros2_ws_turtlebot3/install/ros_gz_gazebo/share/ros_gz_gazebo/package.dsv'
[0.524s] INFO:colcon.colcon_core.shell:Creating package script '/workspace/ros2_ws_turtlebot3/install/ros_gz_gazebo/share/ros_gz_gazebo/package.sh'
[0.524s] INFO:colcon.colcon_core.shell:Creating package script '/workspace/ros2_ws_turtlebot3/install/ros_gz_gazebo/share/ros_gz_gazebo/package.bash'
[0.525s] INFO:colcon.colcon_core.shell:Creating package script '/workspace/ros2_ws_turtlebot3/install/ros_gz_gazebo/share/ros_gz_gazebo/package.zsh'
[0.525s] Level 1:colcon.colcon_core.environment:create_file_with_runtime_dependencies(/workspace/ros2_ws_turtlebot3/install/ros_gz_gazebo/share/colcon-core/packages/ros_gz_gazebo)
[0.525s] INFO:colcon.colcon_ros.task.ament_cmake.build:Building ROS package in '/workspace/ros2_ws_turtlebot3/src/ros_gz/ros_gz_bringup' with build type 'ament_cmake'
[0.525s] INFO:colcon.colcon_cmake.task.cmake.build:Building CMake package in '/workspace/ros2_ws_turtlebot3/src/ros_gz/ros_gz_bringup'
[0.526s] INFO:colcon.colcon_core.shell:Skip shell extension 'powershell' for command environment: Not usable outside of PowerShell
[0.526s] DEBUG:colcon.colcon_core.shell:Skip shell extension 'dsv' for command environment
[0.536s] DEBUG:colcon.colcon_core.event_handler.log_command:Invoking command in '/workspace/ros2_ws_turtlebot3/build/ros_gz_bringup': CMAKE_PREFIX_PATH=/workspace/ros2_ws_turtlebot3/install/ros_gz_gazebo:/workspace/ros2_ws_turtlebot3/install/ros_gz_description:/workspace/ros2_ws_turtlebot3/install/bt_nav2:/workspace/ros2_ws_turtlebot3/install/slam_nav2_bringup:/workspace/ros2_ws_turtlebot3/install/ros_gz_bringup:/workspace/ros2_ws_turtlebot3/install/launch:/opt/ros/humble IGN_GAZEBO_PLUGIN_PATH=/workspace/ros2_ws_turtlebot3/install/ros_gz_gazebo/lib/ros_gz_gazebo IGN_GAZEBO_RESOURCE_PATH=/workspace/ros2_ws_turtlebot3/install/ros_gz_description/share/ros_gz_description/models:${IGN_GAZEBO_RESOURCE_PATH} /usr/bin/cmake --build /workspace/ros2_ws_turtlebot3/build/ros_gz_bringup -- -j8 -l8
[0.570s] DEBUG:colcon.colcon_core.event_handler.log_command:Invoked command in '/workspace/ros2_ws_turtlebot3/build/ros_gz_bringup' returned '0': CMAKE_PREFIX_PATH=/workspace/ros2_ws_turtlebot3/install/ros_gz_gazebo:/workspace/ros2_ws_turtlebot3/install/ros_gz_description:/workspace/ros2_ws_turtlebot3/install/bt_nav2:/workspace/ros2_ws_turtlebot3/install/slam_nav2_bringup:/workspace/ros2_ws_turtlebot3/install/ros_gz_bringup:/workspace/ros2_ws_turtlebot3/install/launch:/opt/ros/humble IGN_GAZEBO_PLUGIN_PATH=/workspace/ros2_ws_turtlebot3/install/ros_gz_gazebo/lib/ros_gz_gazebo IGN_GAZEBO_RESOURCE_PATH=/workspace/ros2_ws_turtlebot3/install/ros_gz_description/share/ros_gz_description/models:${IGN_GAZEBO_RESOURCE_PATH} /usr/bin/cmake --build /workspace/ros2_ws_turtlebot3/build/ros_gz_bringup -- -j8 -l8
[0.589s] DEBUG:colcon.colcon_core.event_handler.log_command:Invoking command in '/workspace/ros2_ws_turtlebot3/build/ros_gz_bringup': CMAKE_PREFIX_PATH=/workspace/ros2_ws_turtlebot3/install/ros_gz_gazebo:/workspace/ros2_ws_turtlebot3/install/ros_gz_description:/workspace/ros2_ws_turtlebot3/install/bt_nav2:/workspace/ros2_ws_turtlebot3/install/slam_nav2_bringup:/workspace/ros2_ws_turtlebot3/install/ros_gz_bringup:/workspace/ros2_ws_turtlebot3/install/launch:/opt/ros/humble IGN_GAZEBO_PLUGIN_PATH=/workspace/ros2_ws_turtlebot3/install/ros_gz_gazebo/lib/ros_gz_gazebo IGN_GAZEBO_RESOURCE_PATH=/workspace/ros2_ws_turtlebot3/install/ros_gz_description/share/ros_gz_description/models:${IGN_GAZEBO_RESOURCE_PATH} /usr/bin/cmake --install /workspace/ros2_ws_turtlebot3/build/ros_gz_bringup
[0.598s] Level 1:colcon.colcon_core.environment:create_environment_scripts_only(ros_gz_bringup)
[0.598s] DEBUG:colcon.colcon_core.event_handler.log_command:Invoked command in '/workspace/ros2_ws_turtlebot3/build/ros_gz_bringup' returned '0': CMAKE_PREFIX_PATH=/workspace/ros2_ws_turtlebot3/install/ros_gz_gazebo:/workspace/ros2_ws_turtlebot3/install/ros_gz_description:/workspace/ros2_ws_turtlebot3/install/bt_nav2:/workspace/ros2_ws_turtlebot3/install/slam_nav2_bringup:/workspace/ros2_ws_turtlebot3/install/ros_gz_bringup:/workspace/ros2_ws_turtlebot3/install/launch:/opt/ros/humble IGN_GAZEBO_PLUGIN_PATH=/workspace/ros2_ws_turtlebot3/install/ros_gz_gazebo/lib/ros_gz_gazebo IGN_GAZEBO_RESOURCE_PATH=/workspace/ros2_ws_turtlebot3/install/ros_gz_description/share/ros_gz_description/models:${IGN_GAZEBO_RESOURCE_PATH} /usr/bin/cmake --install /workspace/ros2_ws_turtlebot3/build/ros_gz_bringup
[0.599s] Level 1:colcon.colcon_core.environment:checking '/workspace/ros2_ws_turtlebot3/install/ros_gz_bringup' for CMake module files
[0.599s] Level 1:colcon.colcon_core.environment:checking '/workspace/ros2_ws_turtlebot3/install/ros_gz_bringup' for CMake config files
[0.600s] Level 1:colcon.colcon_core.shell:create_environment_hook('ros_gz_bringup', 'cmake_prefix_path')
[0.600s] INFO:colcon.colcon_core.shell:Creating environment hook '/workspace/ros2_ws_turtlebot3/install/ros_gz_bringup/share/ros_gz_bringup/hook/cmake_prefix_path.ps1'
[0.601s] INFO:colcon.colcon_core.shell:Creating environment descriptor '/workspace/ros2_ws_turtlebot3/install/ros_gz_bringup/share/ros_gz_bringup/hook/cmake_prefix_path.dsv'
[0.601s] INFO:colcon.colcon_core.shell:Creating environment hook '/workspace/ros2_ws_turtlebot3/install/ros_gz_bringup/share/ros_gz_bringup/hook/cmake_prefix_path.sh'
[0.602s] Level 1:colcon.colcon_core.environment:checking '/workspace/ros2_ws_turtlebot3/install/ros_gz_bringup/bin'
[0.602s] Level 1:colcon.colcon_core.environment:checking '/workspace/ros2_ws_turtlebot3/install/ros_gz_bringup/lib/pkgconfig/ros_gz_bringup.pc'
[0.602s] Level 1:colcon.colcon_core.environment:checking '/workspace/ros2_ws_turtlebot3/install/ros_gz_bringup/lib/python3.10/site-packages'
[0.602s] Level 1:colcon.colcon_core.environment:checking '/workspace/ros2_ws_turtlebot3/install/ros_gz_bringup/bin'
[0.603s] INFO:colcon.colcon_core.shell:Creating package script '/workspace/ros2_ws_turtlebot3/install/ros_gz_bringup/share/ros_gz_bringup/package.ps1'
[0.603s] INFO:colcon.colcon_core.shell:Creating package descriptor '/workspace/ros2_ws_turtlebot3/install/ros_gz_bringup/share/ros_gz_bringup/package.dsv'
[0.604s] INFO:colcon.colcon_core.shell:Creating package script '/workspace/ros2_ws_turtlebot3/install/ros_gz_bringup/share/ros_gz_bringup/package.sh'
[0.604s] INFO:colcon.colcon_core.shell:Creating package script '/workspace/ros2_ws_turtlebot3/install/ros_gz_bringup/share/ros_gz_bringup/package.bash'
[0.605s] INFO:colcon.colcon_core.shell:Creating package script '/workspace/ros2_ws_turtlebot3/install/ros_gz_bringup/share/ros_gz_bringup/package.zsh'
[0.605s] Level 1:colcon.colcon_core.environment:create_file_with_runtime_dependencies(/workspace/ros2_ws_turtlebot3/install/ros_gz_bringup/share/colcon-core/packages/ros_gz_bringup)
[0.624s] Level 1:colcon.colcon_core.environment:create_environment_scripts_only(ros_gz_bringup)
[0.624s] Level 1:colcon.colcon_core.environment:checking '/workspace/ros2_ws_turtlebot3/install/ros_gz_bringup' for CMake module files
[0.625s] Level 1:colcon.colcon_core.environment:checking '/workspace/ros2_ws_turtlebot3/install/ros_gz_bringup' for CMake config files
[0.625s] Level 1:colcon.colcon_core.shell:create_environment_hook('ros_gz_bringup', 'cmake_prefix_path')
[0.625s] INFO:colcon.colcon_core.shell:Creating environment hook '/workspace/ros2_ws_turtlebot3/install/ros_gz_bringup/share/ros_gz_bringup/hook/cmake_prefix_path.ps1'
[0.626s] INFO:colcon.colcon_core.shell:Creating environment descriptor '/workspace/ros2_ws_turtlebot3/install/ros_gz_bringup/share/ros_gz_bringup/hook/cmake_prefix_path.dsv'
[0.626s] INFO:colcon.colcon_core.shell:Creating environment hook '/workspace/ros2_ws_turtlebot3/install/ros_gz_bringup/share/ros_gz_bringup/hook/cmake_prefix_path.sh'
[0.627s] Level 1:colcon.colcon_core.environment:checking '/workspace/ros2_ws_turtlebot3/install/ros_gz_bringup/bin'
[0.627s] Level 1:colcon.colcon_core.environment:checking '/workspace/ros2_ws_turtlebot3/install/ros_gz_bringup/lib/pkgconfig/ros_gz_bringup.pc'
[0.627s] Level 1:colcon.colcon_core.environment:checking '/workspace/ros2_ws_turtlebot3/install/ros_gz_bringup/lib/python3.10/site-packages'
[0.627s] Level 1:colcon.colcon_core.environment:checking '/workspace/ros2_ws_turtlebot3/install/ros_gz_bringup/bin'
[0.628s] INFO:colcon.colcon_core.shell:Creating package script '/workspace/ros2_ws_turtlebot3/install/ros_gz_bringup/share/ros_gz_bringup/package.ps1'
[0.628s] INFO:colcon.colcon_core.shell:Creating package descriptor '/workspace/ros2_ws_turtlebot3/install/ros_gz_bringup/share/ros_gz_bringup/package.dsv'
[0.629s] INFO:colcon.colcon_core.shell:Creating package script '/workspace/ros2_ws_turtlebot3/install/ros_gz_bringup/share/ros_gz_bringup/package.sh'
[0.629s] INFO:colcon.colcon_core.shell:Creating package script '/workspace/ros2_ws_turtlebot3/install/ros_gz_bringup/share/ros_gz_bringup/package.bash'
[0.629s] INFO:colcon.colcon_core.shell:Creating package script '/workspace/ros2_ws_turtlebot3/install/ros_gz_bringup/share/ros_gz_bringup/package.zsh'
[0.630s] Level 1:colcon.colcon_core.environment:create_file_with_runtime_dependencies(/workspace/ros2_ws_turtlebot3/install/ros_gz_bringup/share/colcon-core/packages/ros_gz_bringup)
[0.630s] DEBUG:colcon.colcon_parallel_executor.executor.parallel:closing loop
[0.630s] DEBUG:colcon.colcon_parallel_executor.executor.parallel:loop closed
[0.630s] DEBUG:colcon.colcon_parallel_executor.executor.parallel:run_until_complete finished with '0'
[0.630s] DEBUG:colcon.colcon_core.event_reactor:joining thread
[0.636s] INFO:colcon.colcon_core.plugin_system:Skipping extension 'colcon_notification.desktop_notification.notify_send': Could not find 'notify-send'
[0.636s] INFO:colcon.colcon_core.plugin_system:Skipping extension 'colcon_notification.desktop_notification.terminal_notifier': Not used on non-Darwin systems
[0.636s] INFO:colcon.colcon_core.plugin_system:Skipping extension 'colcon_notification.desktop_notification.win32': Not used on non-Windows systems
[0.636s] INFO:colcon.colcon_notification.desktop_notification:Sending desktop notification using 'notify2'
[0.638s] DEBUG:colcon.colcon_notification.desktop_notification.notify2:Failed to initialize notify2: org.freedesktop.DBus.Error.Spawn.ExecFailed: /usr/bin/dbus-launch terminated abnormally without any error message
[0.639s] DEBUG:colcon.colcon_core.event_reactor:joined thread
[0.639s] INFO:colcon.colcon_core.shell:Creating prefix script '/workspace/ros2_ws_turtlebot3/install/local_setup.ps1'
[0.640s] INFO:colcon.colcon_core.shell:Creating prefix util module '/workspace/ros2_ws_turtlebot3/install/_local_setup_util_ps1.py'
[0.642s] INFO:colcon.colcon_core.shell:Creating prefix chain script '/workspace/ros2_ws_turtlebot3/install/setup.ps1'
[0.643s] INFO:colcon.colcon_core.shell:Creating prefix script '/workspace/ros2_ws_turtlebot3/install/local_setup.sh'
[0.643s] INFO:colcon.colcon_core.shell:Creating prefix util module '/workspace/ros2_ws_turtlebot3/install/_local_setup_util_sh.py'
[0.644s] INFO:colcon.colcon_core.shell:Creating prefix chain script '/workspace/ros2_ws_turtlebot3/install/setup.sh'
[0.645s] INFO:colcon.colcon_core.shell:Creating prefix script '/workspace/ros2_ws_turtlebot3/install/local_setup.bash'
[0.645s] INFO:colcon.colcon_core.shell:Creating prefix chain script '/workspace/ros2_ws_turtlebot3/install/setup.bash'
[0.646s] INFO:colcon.colcon_core.shell:Creating prefix script '/workspace/ros2_ws_turtlebot3/install/local_setup.zsh'
[0.647s] INFO:colcon.colcon_core.shell:Creating prefix chain script '/workspace/ros2_ws_turtlebot3/install/setup.zsh'
