[0.013s] Invoking command in '/ros2_ws/build/ros_gz_description': CMAKE_PREFIX_PATH=/opt/ros/humble /usr/bin/cmake /ros2_ws/src/ros_gz/ros_gz_description -DCMAKE_INSTALL_PREFIX=/ros2_ws/install/ros_gz_description
[0.080s] -- The C compiler identification is GNU 11.4.0
[0.119s] -- The CXX compiler identification is GNU 11.4.0
[0.125s] -- Detecting C compiler ABI info
[0.171s] -- Detecting C compiler ABI info - done
[0.180s] -- Check for working C compiler: /usr/bin/cc - skipped
[0.181s] -- Detecting C compile features
[0.181s] -- Detecting C compile features - done
[0.184s] -- Detecting CXX compiler ABI info
[0.240s] -- Detecting CXX compiler ABI info - done
[0.249s] -- Check for working CXX compiler: /usr/bin/c++ - skipped
[0.249s] -- Detecting CXX compile features
[0.250s] -- Detecting CXX compile features - done
[0.252s] -- Found ament_cmake: 1.3.10 (/opt/ros/humble/share/ament_cmake/cmake)
[0.357s] -- Found Python3: /usr/bin/python3 (found version "3.10.12") found components: Interpreter 
[0.426s] -- Found ament_lint_auto: 0.12.11 (/opt/ros/humble/share/ament_lint_auto/cmake)
[0.474s] -- Configuring done
[0.475s] -- Generating done
[0.476s] -- Build files have been written to: /ros2_ws/build/ros_gz_description
[0.480s] Invoked command in '/ros2_ws/build/ros_gz_description' returned '0': CMAKE_PREFIX_PATH=/opt/ros/humble /usr/bin/cmake /ros2_ws/src/ros_gz/ros_gz_description -DCMAKE_INSTALL_PREFIX=/ros2_ws/install/ros_gz_description
[0.481s] Invoking command in '/ros2_ws/build/ros_gz_description': CMAKE_PREFIX_PATH=/opt/ros/humble /usr/bin/cmake --build /ros2_ws/build/ros_gz_description -- -j8 -l8
[0.510s] Invoked command in '/ros2_ws/build/ros_gz_description' returned '0': CMAKE_PREFIX_PATH=/opt/ros/humble /usr/bin/cmake --build /ros2_ws/build/ros_gz_description -- -j8 -l8
[0.524s] Invoking command in '/ros2_ws/build/ros_gz_description': CMAKE_PREFIX_PATH=/opt/ros/humble /usr/bin/cmake --install /ros2_ws/build/ros_gz_description
[0.528s] -- Install configuration: ""
[0.528s] -- Installing: /ros2_ws/install/ros_gz_description/share/ros_gz_description/models
[0.528s] -- Installing: /ros2_ws/install/ros_gz_description/share/ros_gz_description/models/turtlebot3
[0.528s] -- Installing: /ros2_ws/install/ros_gz_description/share/ros_gz_description/models/turtlebot3/model.sdf
[0.528s] -- Installing: /ros2_ws/install/ros_gz_description/share/ros_gz_description/models/turtlebot3/meshes
[0.529s] -- Installing: /ros2_ws/install/ros_gz_description/share/ros_gz_description/models/turtlebot3/meshes/lds.dae
[0.529s] -- Installing: /ros2_ws/install/ros_gz_description/share/ros_gz_description/models/turtlebot3/meshes/tire.dae
[0.529s] -- Installing: /ros2_ws/install/ros_gz_description/share/ros_gz_description/models/turtlebot3/meshes/burger_base.dae
[0.529s] -- Installing: /ros2_ws/install/ros_gz_description/share/ros_gz_description/models/turtlebot3/meshes/waffle_pi_base.dae
[0.529s] -- Installing: /ros2_ws/install/ros_gz_description/share/ros_gz_description/models/turtlebot3/meshes/waffle_base.dae
[0.529s] -- Installing: /ros2_ws/install/ros_gz_description/share/ros_gz_description/models/turtlebot3/meshes/r200.dae
[0.529s] -- Installing: /ros2_ws/install/ros_gz_description/share/ros_gz_description/models/turtlebot3/model.config
[0.529s] -- Installing: /ros2_ws/install/ros_gz_description/share/ros_gz_description/environment/ros_gz_description.dsv
[0.529s] -- Installing: /ros2_ws/install/ros_gz_description/share/ros_gz_description/environment/ros_gz_description.sh
[0.529s] -- Installing: /ros2_ws/install/ros_gz_description/share/ament_index/resource_index/package_run_dependencies/ros_gz_description
[0.529s] -- Installing: /ros2_ws/install/ros_gz_description/share/ament_index/resource_index/parent_prefix_path/ros_gz_description
[0.530s] -- Installing: /ros2_ws/install/ros_gz_description/share/ros_gz_description/environment/ament_prefix_path.sh
[0.530s] -- Installing: /ros2_ws/install/ros_gz_description/share/ros_gz_description/environment/ament_prefix_path.dsv
[0.530s] -- Installing: /ros2_ws/install/ros_gz_description/share/ros_gz_description/environment/path.sh
[0.530s] -- Installing: /ros2_ws/install/ros_gz_description/share/ros_gz_description/environment/path.dsv
[0.530s] -- Installing: /ros2_ws/install/ros_gz_description/share/ros_gz_description/local_setup.bash
[0.531s] -- Installing: /ros2_ws/install/ros_gz_description/share/ros_gz_description/local_setup.sh
[0.531s] -- Installing: /ros2_ws/install/ros_gz_description/share/ros_gz_description/local_setup.zsh
[0.531s] -- Installing: /ros2_ws/install/ros_gz_description/share/ros_gz_description/local_setup.dsv
[0.531s] -- Installing: /ros2_ws/install/ros_gz_description/share/ros_gz_description/package.dsv
[0.531s] -- Installing: /ros2_ws/install/ros_gz_description/share/ament_index/resource_index/packages/ros_gz_description
[0.531s] -- Installing: /ros2_ws/install/ros_gz_description/share/ros_gz_description/cmake/ros_gz_descriptionConfig.cmake
[0.531s] -- Installing: /ros2_ws/install/ros_gz_description/share/ros_gz_description/cmake/ros_gz_descriptionConfig-version.cmake
[0.531s] -- Installing: /ros2_ws/install/ros_gz_description/share/ros_gz_description/package.xml
[0.539s] Invoked command in '/ros2_ws/build/ros_gz_description' returned '0': CMAKE_PREFIX_PATH=/opt/ros/humble /usr/bin/cmake --install /ros2_ws/build/ros_gz_description
