[0.005s] Invoking command in '/workspace/ros2_ws_diff_drive/build/ros_gz_gazebo': AMENT_PREFIX_PATH=/workspace/ros2_ws_diff_drive/install/ros_gz_description:${AMENT_PREFIX_PATH} CMAKE_PREFIX_PATH=/workspace/ros2_ws_diff_drive/install/ros_gz_description:/opt/ros/humble IGN_GAZEBO_RESOURCE_PATH=/workspace/ros2_ws_diff_drive/install/ros_gz_description/share/ros_gz_description/models /usr/bin/cmake --build /workspace/ros2_ws_diff_drive/build/ros_gz_gazebo -- -j8 -l8
[0.033s] [35m[1mConsolidate compiler generated dependencies of target BasicSystem[0m
[0.033s] [35m[1mConsolidate compiler generated dependencies of target FullSystem[0m
[0.044s] [100%] Built target BasicSystem
[0.044s] [100%] Built target FullSystem
[0.051s] Invoked command in '/workspace/ros2_ws_diff_drive/build/ros_gz_gazebo' returned '0': AMENT_PREFIX_PATH=/workspace/ros2_ws_diff_drive/install/ros_gz_description:${AMENT_PREFIX_PATH} CMAKE_PREFIX_PATH=/workspace/ros2_ws_diff_drive/install/ros_gz_description:/opt/ros/humble IGN_GAZEBO_RESOURCE_PATH=/workspace/ros2_ws_diff_drive/install/ros_gz_description/share/ros_gz_description/models /usr/bin/cmake --build /workspace/ros2_ws_diff_drive/build/ros_gz_gazebo -- -j8 -l8
[0.069s] Invoking command in '/workspace/ros2_ws_diff_drive/build/ros_gz_gazebo': AMENT_PREFIX_PATH=/workspace/ros2_ws_diff_drive/install/ros_gz_description:${AMENT_PREFIX_PATH} CMAKE_PREFIX_PATH=/workspace/ros2_ws_diff_drive/install/ros_gz_description:/opt/ros/humble IGN_GAZEBO_RESOURCE_PATH=/workspace/ros2_ws_diff_drive/install/ros_gz_description/share/ros_gz_description/models /usr/bin/cmake --install /workspace/ros2_ws_diff_drive/build/ros_gz_gazebo
[0.073s] -- Install configuration: ""
[0.073s] -- Up-to-date: /workspace/ros2_ws_diff_drive/install/ros_gz_gazebo/lib/ros_gz_gazebo/libBasicSystem.so
[0.073s] -- Up-to-date: /workspace/ros2_ws_diff_drive/install/ros_gz_gazebo/lib/ros_gz_gazebo/libFullSystem.so
[0.073s] -- Up-to-date: /workspace/ros2_ws_diff_drive/install/ros_gz_gazebo/share/ros_gz_gazebo/worlds
[0.074s] -- Up-to-date: /workspace/ros2_ws_diff_drive/install/ros_gz_gazebo/share/ros_gz_gazebo/worlds/meshes
[0.074s] -- Up-to-date: /workspace/ros2_ws_diff_drive/install/ros_gz_gazebo/share/ros_gz_gazebo/worlds/meshes/hexagon.dae
[0.074s] -- Up-to-date: /workspace/ros2_ws_diff_drive/install/ros_gz_gazebo/share/ros_gz_gazebo/worlds/meshes/wall.dae
[0.074s] -- Up-to-date: /workspace/ros2_ws_diff_drive/install/ros_gz_gazebo/share/ros_gz_gazebo/worlds/diff_drive_world.sdf
[0.074s] -- Up-to-date: /workspace/ros2_ws_diff_drive/install/ros_gz_gazebo/share/ros_gz_gazebo/environment/ros_gz_gazebo.dsv
[0.074s] -- Up-to-date: /workspace/ros2_ws_diff_drive/install/ros_gz_gazebo/share/ros_gz_gazebo/environment/ros_gz_gazebo.sh
[0.074s] -- Up-to-date: /workspace/ros2_ws_diff_drive/install/ros_gz_gazebo/share/ament_index/resource_index/package_run_dependencies/ros_gz_gazebo
[0.074s] -- Up-to-date: /workspace/ros2_ws_diff_drive/install/ros_gz_gazebo/share/ament_index/resource_index/parent_prefix_path/ros_gz_gazebo
[0.074s] -- Up-to-date: /workspace/ros2_ws_diff_drive/install/ros_gz_gazebo/share/ros_gz_gazebo/environment/ament_prefix_path.sh
[0.074s] -- Up-to-date: /workspace/ros2_ws_diff_drive/install/ros_gz_gazebo/share/ros_gz_gazebo/environment/ament_prefix_path.dsv
[0.074s] -- Up-to-date: /workspace/ros2_ws_diff_drive/install/ros_gz_gazebo/share/ros_gz_gazebo/environment/path.sh
[0.074s] -- Up-to-date: /workspace/ros2_ws_diff_drive/install/ros_gz_gazebo/share/ros_gz_gazebo/environment/path.dsv
[0.074s] -- Up-to-date: /workspace/ros2_ws_diff_drive/install/ros_gz_gazebo/share/ros_gz_gazebo/local_setup.bash
[0.074s] -- Up-to-date: /workspace/ros2_ws_diff_drive/install/ros_gz_gazebo/share/ros_gz_gazebo/local_setup.sh
[0.074s] -- Up-to-date: /workspace/ros2_ws_diff_drive/install/ros_gz_gazebo/share/ros_gz_gazebo/local_setup.zsh
[0.075s] -- Up-to-date: /workspace/ros2_ws_diff_drive/install/ros_gz_gazebo/share/ros_gz_gazebo/local_setup.dsv
[0.075s] -- Installing: /workspace/ros2_ws_diff_drive/install/ros_gz_gazebo/share/ros_gz_gazebo/package.dsv
[0.075s] -- Up-to-date: /workspace/ros2_ws_diff_drive/install/ros_gz_gazebo/share/ament_index/resource_index/packages/ros_gz_gazebo
[0.075s] -- Up-to-date: /workspace/ros2_ws_diff_drive/install/ros_gz_gazebo/share/ros_gz_gazebo/cmake/ros_gz_gazeboConfig.cmake
[0.075s] -- Up-to-date: /workspace/ros2_ws_diff_drive/install/ros_gz_gazebo/share/ros_gz_gazebo/cmake/ros_gz_gazeboConfig-version.cmake
[0.075s] -- Up-to-date: /workspace/ros2_ws_diff_drive/install/ros_gz_gazebo/share/ros_gz_gazebo/package.xml
[0.076s] Invoked command in '/workspace/ros2_ws_diff_drive/build/ros_gz_gazebo' returned '0': AMENT_PREFIX_PATH=/workspace/ros2_ws_diff_drive/install/ros_gz_description:${AMENT_PREFIX_PATH} CMAKE_PREFIX_PATH=/workspace/ros2_ws_diff_drive/install/ros_gz_description:/opt/ros/humble IGN_GAZEBO_RESOURCE_PATH=/workspace/ros2_ws_diff_drive/install/ros_gz_description/share/ros_gz_description/models /usr/bin/cmake --install /workspace/ros2_ws_diff_drive/build/ros_gz_gazebo
