[0.012s] Invoking command in '/workspace/ros2_ws_turtlebot3/build/slam_toolbox_bringup': CMAKE_PREFIX_PATH=${CMAKE_PREFIX_PATH}:/opt/ros/humble /usr/bin/cmake --build /workspace/ros2_ws_turtlebot3/build/slam_toolbox_bringup -- -j8 -l8
[0.040s] Invoked command in '/workspace/ros2_ws_turtlebot3/build/slam_toolbox_bringup' returned '0': CMAKE_PREFIX_PATH=${CMAKE_PREFIX_PATH}:/opt/ros/humble /usr/bin/cmake --build /workspace/ros2_ws_turtlebot3/build/slam_toolbox_bringup -- -j8 -l8
[0.067s] Invoking command in '/workspace/ros2_ws_turtlebot3/build/slam_toolbox_bringup': CMAKE_PREFIX_PATH=${CMAKE_PREFIX_PATH}:/opt/ros/humble /usr/bin/cmake --install /workspace/ros2_ws_turtlebot3/build/slam_toolbox_bringup
[0.074s] -- Install configuration: ""
[0.077s] -- Up-to-date: /workspace/ros2_ws_turtlebot3/install/slam_toolbox_bringup/share/slam_toolbox_bringup/launch
[0.077s] -- Installing: /workspace/ros2_ws_turtlebot3/install/slam_toolbox_bringup/share/slam_toolbox_bringup/launch/launch.py
[0.077s] -- Up-to-date: /workspace/ros2_ws_turtlebot3/install/slam_toolbox_bringup/share/slam_toolbox_bringup/config
[0.077s] -- Up-to-date: /workspace/ros2_ws_turtlebot3/install/slam_toolbox_bringup/share/slam_toolbox_bringup/config/mapper_params_online_async.yaml
[0.077s] -- Up-to-date: /workspace/ros2_ws_turtlebot3/install/slam_toolbox_bringup/share/ament_index/resource_index/package_run_dependencies/slam_toolbox_bringup
[0.077s] -- Up-to-date: /workspace/ros2_ws_turtlebot3/install/slam_toolbox_bringup/share/ament_index/resource_index/parent_prefix_path/slam_toolbox_bringup
[0.077s] -- Up-to-date: /workspace/ros2_ws_turtlebot3/install/slam_toolbox_bringup/share/slam_toolbox_bringup/environment/ament_prefix_path.sh
[0.077s] -- Up-to-date: /workspace/ros2_ws_turtlebot3/install/slam_toolbox_bringup/share/slam_toolbox_bringup/environment/ament_prefix_path.dsv
[0.077s] -- Up-to-date: /workspace/ros2_ws_turtlebot3/install/slam_toolbox_bringup/share/slam_toolbox_bringup/environment/path.sh
[0.077s] -- Up-to-date: /workspace/ros2_ws_turtlebot3/install/slam_toolbox_bringup/share/slam_toolbox_bringup/environment/path.dsv
[0.077s] -- Up-to-date: /workspace/ros2_ws_turtlebot3/install/slam_toolbox_bringup/share/slam_toolbox_bringup/local_setup.bash
[0.077s] -- Up-to-date: /workspace/ros2_ws_turtlebot3/install/slam_toolbox_bringup/share/slam_toolbox_bringup/local_setup.sh
[0.077s] -- Up-to-date: /workspace/ros2_ws_turtlebot3/install/slam_toolbox_bringup/share/slam_toolbox_bringup/local_setup.zsh
[0.078s] -- Up-to-date: /workspace/ros2_ws_turtlebot3/install/slam_toolbox_bringup/share/slam_toolbox_bringup/local_setup.dsv
[0.078s] -- Installing: /workspace/ros2_ws_turtlebot3/install/slam_toolbox_bringup/share/slam_toolbox_bringup/package.dsv
[0.078s] -- Up-to-date: /workspace/ros2_ws_turtlebot3/install/slam_toolbox_bringup/share/ament_index/resource_index/packages/slam_toolbox_bringup
[0.078s] -- Up-to-date: /workspace/ros2_ws_turtlebot3/install/slam_toolbox_bringup/share/slam_toolbox_bringup/cmake/slam_toolbox_bringupConfig.cmake
[0.078s] -- Up-to-date: /workspace/ros2_ws_turtlebot3/install/slam_toolbox_bringup/share/slam_toolbox_bringup/cmake/slam_toolbox_bringupConfig-version.cmake
[0.078s] -- Up-to-date: /workspace/ros2_ws_turtlebot3/install/slam_toolbox_bringup/share/slam_toolbox_bringup/package.xml
[0.099s] Invoked command in '/workspace/ros2_ws_turtlebot3/build/slam_toolbox_bringup' returned '0': CMAKE_PREFIX_PATH=${CMAKE_PREFIX_PATH}:/opt/ros/humble /usr/bin/cmake --install /workspace/ros2_ws_turtlebot3/build/slam_toolbox_bringup
