[0.011s] Invoking command in '/workspace/ros2_ws_diff_drive/build/ros_gz_description': CMAKE_PREFIX_PATH=${CMAKE_PREFIX_PATH}:/opt/ros/humble /usr/bin/cmake /workspace/ros2_ws_diff_drive/src/ros_gz/ros_gz_description -DCMAKE_INSTALL_PREFIX=/workspace/ros2_ws_diff_drive/install/ros_gz_description
[0.048s] -- The C compiler identification is GNU 11.4.0
[0.085s] -- The CXX compiler identification is GNU 11.4.0
[0.091s] -- Detecting C compiler ABI info
[0.136s] -- Detecting C compiler ABI info - done
[0.141s] -- Check for working C compiler: /usr/bin/cc - skipped
[0.141s] -- Detecting C compile features
[0.141s] -- Detecting C compile features - done
[0.143s] -- Detecting CXX compiler ABI info
[0.194s] -- Detecting CXX compiler ABI info - done
[0.199s] -- Check for working CXX compiler: /usr/bin/c++ - skipped
[0.200s] -- Detecting CXX compile features
[0.200s] -- Detecting CXX compile features - done
[0.203s] -- Found ament_cmake: 1.3.10 (/opt/ros/humble/share/ament_cmake/cmake)
[0.304s] -- Found Python3: /usr/bin/python3 (found version "3.10.12") found components: Interpreter 
[0.375s] -- Found ament_lint_auto: 0.12.11 (/opt/ros/humble/share/ament_lint_auto/cmake)
[0.420s] -- Configuring done
[0.421s] -- Generating done
[0.422s] -- Build files have been written to: /workspace/ros2_ws_diff_drive/build/ros_gz_description
[0.425s] Invoked command in '/workspace/ros2_ws_diff_drive/build/ros_gz_description' returned '0': CMAKE_PREFIX_PATH=${CMAKE_PREFIX_PATH}:/opt/ros/humble /usr/bin/cmake /workspace/ros2_ws_diff_drive/src/ros_gz/ros_gz_description -DCMAKE_INSTALL_PREFIX=/workspace/ros2_ws_diff_drive/install/ros_gz_description
[0.426s] Invoking command in '/workspace/ros2_ws_diff_drive/build/ros_gz_description': CMAKE_PREFIX_PATH=${CMAKE_PREFIX_PATH}:/opt/ros/humble /usr/bin/cmake --build /workspace/ros2_ws_diff_drive/build/ros_gz_description -- -j8 -l8
[0.450s] Invoked command in '/workspace/ros2_ws_diff_drive/build/ros_gz_description' returned '0': CMAKE_PREFIX_PATH=${CMAKE_PREFIX_PATH}:/opt/ros/humble /usr/bin/cmake --build /workspace/ros2_ws_diff_drive/build/ros_gz_description -- -j8 -l8
[0.468s] Invoking command in '/workspace/ros2_ws_diff_drive/build/ros_gz_description': CMAKE_PREFIX_PATH=${CMAKE_PREFIX_PATH}:/opt/ros/humble /usr/bin/cmake --install /workspace/ros2_ws_diff_drive/build/ros_gz_description
[0.473s] -- Install configuration: ""
[0.473s] -- Installing: /workspace/ros2_ws_diff_drive/install/ros_gz_description/share/ros_gz_description/models
[0.473s] -- Installing: /workspace/ros2_ws_diff_drive/install/ros_gz_description/share/ros_gz_description/models/diff_drive
[0.473s] -- Installing: /workspace/ros2_ws_diff_drive/install/ros_gz_description/share/ros_gz_description/models/diff_drive/model.sdf
[0.473s] -- Installing: /workspace/ros2_ws_diff_drive/install/ros_gz_description/share/ros_gz_description/models/diff_drive/model.config
[0.473s] -- Installing: /workspace/ros2_ws_diff_drive/install/ros_gz_description/share/ros_gz_description/environment/ros_gz_description.dsv
[0.473s] -- Installing: /workspace/ros2_ws_diff_drive/install/ros_gz_description/share/ros_gz_description/environment/ros_gz_description.sh
[0.474s] -- Installing: /workspace/ros2_ws_diff_drive/install/ros_gz_description/share/ament_index/resource_index/package_run_dependencies/ros_gz_description
[0.474s] -- Installing: /workspace/ros2_ws_diff_drive/install/ros_gz_description/share/ament_index/resource_index/parent_prefix_path/ros_gz_description
[0.474s] -- Installing: /workspace/ros2_ws_diff_drive/install/ros_gz_description/share/ros_gz_description/environment/ament_prefix_path.sh
[0.474s] -- Installing: /workspace/ros2_ws_diff_drive/install/ros_gz_description/share/ros_gz_description/environment/ament_prefix_path.dsv
[0.474s] -- Installing: /workspace/ros2_ws_diff_drive/install/ros_gz_description/share/ros_gz_description/environment/path.sh
[0.474s] -- Installing: /workspace/ros2_ws_diff_drive/install/ros_gz_description/share/ros_gz_description/environment/path.dsv
[0.474s] -- Installing: /workspace/ros2_ws_diff_drive/install/ros_gz_description/share/ros_gz_description/local_setup.bash
[0.475s] -- Installing: /workspace/ros2_ws_diff_drive/install/ros_gz_description/share/ros_gz_description/local_setup.sh
[0.475s] -- Installing: /workspace/ros2_ws_diff_drive/install/ros_gz_description/share/ros_gz_description/local_setup.zsh
[0.475s] -- Installing: /workspace/ros2_ws_diff_drive/install/ros_gz_description/share/ros_gz_description/local_setup.dsv
[0.475s] -- Installing: /workspace/ros2_ws_diff_drive/install/ros_gz_description/share/ros_gz_description/package.dsv
[0.475s] -- Installing: /workspace/ros2_ws_diff_drive/install/ros_gz_description/share/ament_index/resource_index/packages/ros_gz_description
[0.475s] -- Installing: /workspace/ros2_ws_diff_drive/install/ros_gz_description/share/ros_gz_description/cmake/ros_gz_descriptionConfig.cmake
[0.475s] -- Installing: /workspace/ros2_ws_diff_drive/install/ros_gz_description/share/ros_gz_description/cmake/ros_gz_descriptionConfig-version.cmake
[0.476s] -- Installing: /workspace/ros2_ws_diff_drive/install/ros_gz_description/share/ros_gz_description/package.xml
[0.477s] Invoked command in '/workspace/ros2_ws_diff_drive/build/ros_gz_description' returned '0': CMAKE_PREFIX_PATH=${CMAKE_PREFIX_PATH}:/opt/ros/humble /usr/bin/cmake --install /workspace/ros2_ws_diff_drive/build/ros_gz_description
