[0.117s] DEBUG:colcon:Command line arguments: ['/usr/bin/colcon', 'build']
[0.117s] DEBUG:colcon:Parsed command line arguments: Namespace(log_base=None, log_level=None, verb_name='build', build_base='build', install_base='install', merge_install=False, symlink_install=False, test_result_base=None, continue_on_error=False, executor='parallel', parallel_workers=8, event_handlers=None, ignore_user_meta=False, metas=['./colcon.meta'], base_paths=['.'], packages_ignore=None, packages_ignore_regex=None, paths=None, packages_up_to=None, packages_up_to_regex=None, packages_above=None, packages_above_and_dependencies=None, packages_above_depth=None, packages_select_by_dep=None, packages_skip_by_dep=None, packages_skip_up_to=None, packages_select_build_failed=False, packages_skip_build_finished=False, packages_select_test_failures=False, packages_skip_test_passed=False, packages_select=None, packages_skip=None, packages_select_regex=None, packages_skip_regex=None, packages_start=None, packages_end=None, cmake_args=None, cmake_target=None, cmake_target_skip_unavailable=False, cmake_clean_cache=False, cmake_clean_first=False, cmake_force_configure=False, ament_cmake_args=None, catkin_cmake_args=None, catkin_skip_building_tests=False, mixin_files=None, mixin=None, verb_parser=<colcon_mixin.mixin.mixin_argument.MixinArgumentDecorator object at 0x7cbb08a9c9a0>, verb_extension=<colcon_core.verb.build.BuildVerb object at 0x7cbb08be9030>, main=<bound method BuildVerb.main of <colcon_core.verb.build.BuildVerb object at 0x7cbb08be9030>>, mixin_verb=('build',))
[0.255s] Level 1:colcon.colcon_core.package_discovery:discover_packages(colcon_meta) check parameters
[0.256s] INFO:colcon.colcon_metadata.package_discovery.colcon_meta:Using configuration from '/root/.colcon/metadata/default/Gazebo.meta'
[0.257s] INFO:colcon.colcon_metadata.package_discovery.colcon_meta:Using configuration from '/root/.colcon/metadata/default/fastrtps.meta'
[0.257s] Level 1:colcon.colcon_core.package_discovery:discover_packages(recursive) check parameters
[0.257s] Level 1:colcon.colcon_core.package_discovery:discover_packages(ignore) check parameters
[0.257s] Level 1:colcon.colcon_core.package_discovery:discover_packages(path) check parameters
[0.257s] Level 1:colcon.colcon_core.package_discovery:discover_packages(colcon_meta) discover
[0.257s] Level 1:colcon.colcon_core.package_discovery:discover_packages(recursive) discover
[0.257s] INFO:colcon.colcon_core.package_discovery:Crawling recursively for packages in '/workspace/ros2_ws_turtlebot3'
[0.257s] Level 1:colcon.colcon_core.package_identification:_identify(.) by extensions ['ignore', 'ignore_ament_install']
[0.257s] Level 1:colcon.colcon_core.package_identification:_identify(.) by extension 'ignore'
[0.257s] Level 1:colcon.colcon_core.package_identification:_identify(.) by extension 'ignore_ament_install'
[0.257s] Level 1:colcon.colcon_core.package_identification:_identify(.) by extensions ['colcon_pkg']
[0.257s] Level 1:colcon.colcon_core.package_identification:_identify(.) by extension 'colcon_pkg'
[0.257s] Level 1:colcon.colcon_core.package_identification:_identify(.) by extensions ['colcon_meta']
[0.257s] Level 1:colcon.colcon_core.package_identification:_identify(.) by extension 'colcon_meta'
[0.257s] Level 1:colcon.colcon_core.package_identification:_identify(.) by extensions ['ros']
[0.258s] Level 1:colcon.colcon_core.package_identification:_identify(.) by extension 'ros'
[0.269s] Level 1:colcon.colcon_core.package_identification:_identify(.) by extensions ['cmake', 'python']
[0.269s] Level 1:colcon.colcon_core.package_identification:_identify(.) by extension 'cmake'
[0.269s] Level 1:colcon.colcon_core.package_identification:_identify(.) by extension 'python'
[0.269s] Level 1:colcon.colcon_core.package_identification:_identify(.) by extensions ['python_setup_py']
[0.270s] Level 1:colcon.colcon_core.package_identification:_identify(.) by extension 'python_setup_py'
[0.270s] Level 1:colcon.colcon_core.package_identification:_identify(build) by extensions ['ignore', 'ignore_ament_install']
[0.270s] Level 1:colcon.colcon_core.package_identification:_identify(build) by extension 'ignore'
[0.270s] Level 1:colcon.colcon_core.package_identification:_identify(build) ignored
[0.270s] Level 1:colcon.colcon_core.package_identification:_identify(install) by extensions ['ignore', 'ignore_ament_install']
[0.270s] Level 1:colcon.colcon_core.package_identification:_identify(install) by extension 'ignore'
[0.270s] Level 1:colcon.colcon_core.package_identification:_identify(install) ignored
[0.270s] Level 1:colcon.colcon_core.package_identification:_identify(log) by extensions ['ignore', 'ignore_ament_install']
[0.271s] Level 1:colcon.colcon_core.package_identification:_identify(log) by extension 'ignore'
[0.271s] Level 1:colcon.colcon_core.package_identification:_identify(log) ignored
[0.271s] Level 1:colcon.colcon_core.package_identification:_identify(src) by extensions ['ignore', 'ignore_ament_install']
[0.271s] Level 1:colcon.colcon_core.package_identification:_identify(src) by extension 'ignore'
[0.271s] Level 1:colcon.colcon_core.package_identification:_identify(src) by extension 'ignore_ament_install'
[0.271s] Level 1:colcon.colcon_core.package_identification:_identify(src) by extensions ['colcon_pkg']
[0.271s] Level 1:colcon.colcon_core.package_identification:_identify(src) by extension 'colcon_pkg'
[0.271s] Level 1:colcon.colcon_core.package_identification:_identify(src) by extensions ['colcon_meta']
[0.271s] Level 1:colcon.colcon_core.package_identification:_identify(src) by extension 'colcon_meta'
[0.271s] Level 1:colcon.colcon_core.package_identification:_identify(src) by extensions ['ros']
[0.271s] Level 1:colcon.colcon_core.package_identification:_identify(src) by extension 'ros'
[0.271s] Level 1:colcon.colcon_core.package_identification:_identify(src) by extensions ['cmake', 'python']
[0.271s] Level 1:colcon.colcon_core.package_identification:_identify(src) by extension 'cmake'
[0.271s] Level 1:colcon.colcon_core.package_identification:_identify(src) by extension 'python'
[0.271s] Level 1:colcon.colcon_core.package_identification:_identify(src) by extensions ['python_setup_py']
[0.271s] Level 1:colcon.colcon_core.package_identification:_identify(src) by extension 'python_setup_py'
[0.272s] Level 1:colcon.colcon_core.package_identification:_identify(src/launch) by extensions ['ignore', 'ignore_ament_install']
[0.272s] Level 1:colcon.colcon_core.package_identification:_identify(src/launch) by extension 'ignore'
[0.272s] Level 1:colcon.colcon_core.package_identification:_identify(src/launch) by extension 'ignore_ament_install'
[0.272s] Level 1:colcon.colcon_core.package_identification:_identify(src/launch) by extensions ['colcon_pkg']
[0.272s] Level 1:colcon.colcon_core.package_identification:_identify(src/launch) by extension 'colcon_pkg'
[0.272s] Level 1:colcon.colcon_core.package_identification:_identify(src/launch) by extensions ['colcon_meta']
[0.272s] Level 1:colcon.colcon_core.package_identification:_identify(src/launch) by extension 'colcon_meta'
[0.272s] Level 1:colcon.colcon_core.package_identification:_identify(src/launch) by extensions ['ros']
[0.272s] Level 1:colcon.colcon_core.package_identification:_identify(src/launch) by extension 'ros'
[0.274s] DEBUG:colcon.colcon_core.package_identification:Package 'src/launch' with type 'ros.ament_cmake' and name 'launch'
[0.275s] Level 1:colcon.colcon_core.package_identification:_identify(src/ros_gz) by extensions ['ignore', 'ignore_ament_install']
[0.275s] Level 1:colcon.colcon_core.package_identification:_identify(src/ros_gz) by extension 'ignore'
[0.275s] Level 1:colcon.colcon_core.package_identification:_identify(src/ros_gz) by extension 'ignore_ament_install'
[0.275s] Level 1:colcon.colcon_core.package_identification:_identify(src/ros_gz) by extensions ['colcon_pkg']
[0.275s] Level 1:colcon.colcon_core.package_identification:_identify(src/ros_gz) by extension 'colcon_pkg'
[0.275s] Level 1:colcon.colcon_core.package_identification:_identify(src/ros_gz) by extensions ['colcon_meta']
[0.275s] Level 1:colcon.colcon_core.package_identification:_identify(src/ros_gz) by extension 'colcon_meta'
[0.275s] Level 1:colcon.colcon_core.package_identification:_identify(src/ros_gz) by extensions ['ros']
[0.275s] Level 1:colcon.colcon_core.package_identification:_identify(src/ros_gz) by extension 'ros'
[0.275s] Level 1:colcon.colcon_core.package_identification:_identify(src/ros_gz) by extensions ['cmake', 'python']
[0.275s] Level 1:colcon.colcon_core.package_identification:_identify(src/ros_gz) by extension 'cmake'
[0.275s] Level 1:colcon.colcon_core.package_identification:_identify(src/ros_gz) by extension 'python'
[0.275s] Level 1:colcon.colcon_core.package_identification:_identify(src/ros_gz) by extensions ['python_setup_py']
[0.276s] Level 1:colcon.colcon_core.package_identification:_identify(src/ros_gz) by extension 'python_setup_py'
[0.276s] Level 1:colcon.colcon_core.package_identification:_identify(src/ros_gz/ros_gz_bringup) by extensions ['ignore', 'ignore_ament_install']
[0.276s] Level 1:colcon.colcon_core.package_identification:_identify(src/ros_gz/ros_gz_bringup) by extension 'ignore'
[0.276s] Level 1:colcon.colcon_core.package_identification:_identify(src/ros_gz/ros_gz_bringup) by extension 'ignore_ament_install'
[0.276s] Level 1:colcon.colcon_core.package_identification:_identify(src/ros_gz/ros_gz_bringup) by extensions ['colcon_pkg']
[0.276s] Level 1:colcon.colcon_core.package_identification:_identify(src/ros_gz/ros_gz_bringup) by extension 'colcon_pkg'
[0.276s] Level 1:colcon.colcon_core.package_identification:_identify(src/ros_gz/ros_gz_bringup) by extensions ['colcon_meta']
[0.276s] Level 1:colcon.colcon_core.package_identification:_identify(src/ros_gz/ros_gz_bringup) by extension 'colcon_meta'
[0.276s] Level 1:colcon.colcon_core.package_identification:_identify(src/ros_gz/ros_gz_bringup) by extensions ['ros']
[0.276s] Level 1:colcon.colcon_core.package_identification:_identify(src/ros_gz/ros_gz_bringup) by extension 'ros'
[0.277s] DEBUG:colcon.colcon_core.package_identification:Package 'src/ros_gz/ros_gz_bringup' with type 'ros.ament_cmake' and name 'ros_gz_bringup'
[0.277s] Level 1:colcon.colcon_core.package_identification:_identify(src/ros_gz/ros_gz_description) by extensions ['ignore', 'ignore_ament_install']
[0.278s] Level 1:colcon.colcon_core.package_identification:_identify(src/ros_gz/ros_gz_description) by extension 'ignore'
[0.278s] Level 1:colcon.colcon_core.package_identification:_identify(src/ros_gz/ros_gz_description) by extension 'ignore_ament_install'
[0.278s] Level 1:colcon.colcon_core.package_identification:_identify(src/ros_gz/ros_gz_description) by extensions ['colcon_pkg']
[0.278s] Level 1:colcon.colcon_core.package_identification:_identify(src/ros_gz/ros_gz_description) by extension 'colcon_pkg'
[0.278s] Level 1:colcon.colcon_core.package_identification:_identify(src/ros_gz/ros_gz_description) by extensions ['colcon_meta']
[0.278s] Level 1:colcon.colcon_core.package_identification:_identify(src/ros_gz/ros_gz_description) by extension 'colcon_meta'
[0.278s] Level 1:colcon.colcon_core.package_identification:_identify(src/ros_gz/ros_gz_description) by extensions ['ros']
[0.278s] Level 1:colcon.colcon_core.package_identification:_identify(src/ros_gz/ros_gz_description) by extension 'ros'
[0.279s] DEBUG:colcon.colcon_core.package_identification:Package 'src/ros_gz/ros_gz_description' with type 'ros.ament_cmake' and name 'ros_gz_description'
[0.279s] Level 1:colcon.colcon_core.package_identification:_identify(src/ros_gz/ros_gz_gazebo) by extensions ['ignore', 'ignore_ament_install']
[0.279s] Level 1:colcon.colcon_core.package_identification:_identify(src/ros_gz/ros_gz_gazebo) by extension 'ignore'
[0.279s] Level 1:colcon.colcon_core.package_identification:_identify(src/ros_gz/ros_gz_gazebo) by extension 'ignore_ament_install'
[0.279s] Level 1:colcon.colcon_core.package_identification:_identify(src/ros_gz/ros_gz_gazebo) by extensions ['colcon_pkg']
[0.279s] Level 1:colcon.colcon_core.package_identification:_identify(src/ros_gz/ros_gz_gazebo) by extension 'colcon_pkg'
[0.279s] Level 1:colcon.colcon_core.package_identification:_identify(src/ros_gz/ros_gz_gazebo) by extensions ['colcon_meta']
[0.279s] Level 1:colcon.colcon_core.package_identification:_identify(src/ros_gz/ros_gz_gazebo) by extension 'colcon_meta'
[0.279s] Level 1:colcon.colcon_core.package_identification:_identify(src/ros_gz/ros_gz_gazebo) by extensions ['ros']
[0.279s] Level 1:colcon.colcon_core.package_identification:_identify(src/ros_gz/ros_gz_gazebo) by extension 'ros'
[0.280s] DEBUG:colcon.colcon_core.package_identification:Package 'src/ros_gz/ros_gz_gazebo' with type 'ros.ament_cmake' and name 'ros_gz_gazebo'
[0.280s] Level 1:colcon.colcon_core.package_identification:_identify(src/slam_toolbox_bringup) by extensions ['ignore', 'ignore_ament_install']
[0.280s] Level 1:colcon.colcon_core.package_identification:_identify(src/slam_toolbox_bringup) by extension 'ignore'
[0.280s] Level 1:colcon.colcon_core.package_identification:_identify(src/slam_toolbox_bringup) by extension 'ignore_ament_install'
[0.280s] Level 1:colcon.colcon_core.package_identification:_identify(src/slam_toolbox_bringup) by extensions ['colcon_pkg']
[0.280s] Level 1:colcon.colcon_core.package_identification:_identify(src/slam_toolbox_bringup) by extension 'colcon_pkg'
[0.280s] Level 1:colcon.colcon_core.package_identification:_identify(src/slam_toolbox_bringup) by extensions ['colcon_meta']
[0.280s] Level 1:colcon.colcon_core.package_identification:_identify(src/slam_toolbox_bringup) by extension 'colcon_meta'
[0.280s] Level 1:colcon.colcon_core.package_identification:_identify(src/slam_toolbox_bringup) by extensions ['ros']
[0.281s] Level 1:colcon.colcon_core.package_identification:_identify(src/slam_toolbox_bringup) by extension 'ros'
[0.281s] DEBUG:colcon.colcon_core.package_identification:Package 'src/slam_toolbox_bringup' with type 'ros.ament_cmake' and name 'slam_toolbox_bringup'
[0.281s] Level 1:colcon.colcon_core.package_discovery:discover_packages(recursive) using defaults
[0.281s] Level 1:colcon.colcon_core.package_discovery:discover_packages(ignore) discover
[0.281s] Level 1:colcon.colcon_core.package_discovery:discover_packages(ignore) using defaults
[0.281s] Level 1:colcon.colcon_core.package_discovery:discover_packages(path) discover
[0.281s] Level 1:colcon.colcon_core.package_discovery:discover_packages(path) using defaults
[0.301s] Level 5:colcon.colcon_core.verb:set package 'launch' build argument 'cmake_args' from command line to 'None'
[0.301s] Level 5:colcon.colcon_core.verb:set package 'launch' build argument 'cmake_target' from command line to 'None'
[0.301s] Level 5:colcon.colcon_core.verb:set package 'launch' build argument 'cmake_target_skip_unavailable' from command line to 'False'
[0.301s] Level 5:colcon.colcon_core.verb:set package 'launch' build argument 'cmake_clean_cache' from command line to 'False'
[0.302s] Level 5:colcon.colcon_core.verb:set package 'launch' build argument 'cmake_clean_first' from command line to 'False'
[0.302s] Level 5:colcon.colcon_core.verb:set package 'launch' build argument 'cmake_force_configure' from command line to 'False'
[0.302s] Level 5:colcon.colcon_core.verb:set package 'launch' build argument 'ament_cmake_args' from command line to 'None'
[0.302s] Level 5:colcon.colcon_core.verb:set package 'launch' build argument 'catkin_cmake_args' from command line to 'None'
[0.302s] Level 5:colcon.colcon_core.verb:set package 'launch' build argument 'catkin_skip_building_tests' from command line to 'False'
[0.302s] DEBUG:colcon.colcon_core.verb:Building package 'launch' with the following arguments: {'ament_cmake_args': None, 'build_base': '/workspace/ros2_ws_turtlebot3/build/launch', 'catkin_cmake_args': None, 'catkin_skip_building_tests': False, 'cmake_args': None, 'cmake_clean_cache': False, 'cmake_clean_first': False, 'cmake_force_configure': False, 'cmake_target': None, 'cmake_target_skip_unavailable': False, 'install_base': '/workspace/ros2_ws_turtlebot3/install/launch', 'merge_install': False, 'path': '/workspace/ros2_ws_turtlebot3/src/launch', 'symlink_install': False, 'test_result_base': None}
[0.302s] Level 5:colcon.colcon_core.verb:set package 'ros_gz_description' build argument 'cmake_args' from command line to 'None'
[0.302s] Level 5:colcon.colcon_core.verb:set package 'ros_gz_description' build argument 'cmake_target' from command line to 'None'
[0.302s] Level 5:colcon.colcon_core.verb:set package 'ros_gz_description' build argument 'cmake_target_skip_unavailable' from command line to 'False'
[0.302s] Level 5:colcon.colcon_core.verb:set package 'ros_gz_description' build argument 'cmake_clean_cache' from command line to 'False'
[0.302s] Level 5:colcon.colcon_core.verb:set package 'ros_gz_description' build argument 'cmake_clean_first' from command line to 'False'
[0.302s] Level 5:colcon.colcon_core.verb:set package 'ros_gz_description' build argument 'cmake_force_configure' from command line to 'False'
[0.302s] Level 5:colcon.colcon_core.verb:set package 'ros_gz_description' build argument 'ament_cmake_args' from command line to 'None'
[0.302s] Level 5:colcon.colcon_core.verb:set package 'ros_gz_description' build argument 'catkin_cmake_args' from command line to 'None'
[0.302s] Level 5:colcon.colcon_core.verb:set package 'ros_gz_description' build argument 'catkin_skip_building_tests' from command line to 'False'
[0.303s] DEBUG:colcon.colcon_core.verb:Building package 'ros_gz_description' with the following arguments: {'ament_cmake_args': None, 'build_base': '/workspace/ros2_ws_turtlebot3/build/ros_gz_description', 'catkin_cmake_args': None, 'catkin_skip_building_tests': False, 'cmake_args': None, 'cmake_clean_cache': False, 'cmake_clean_first': False, 'cmake_force_configure': False, 'cmake_target': None, 'cmake_target_skip_unavailable': False, 'install_base': '/workspace/ros2_ws_turtlebot3/install/ros_gz_description', 'merge_install': False, 'path': '/workspace/ros2_ws_turtlebot3/src/ros_gz/ros_gz_description', 'symlink_install': False, 'test_result_base': None}
[0.303s] Level 5:colcon.colcon_core.verb:set package 'slam_toolbox_bringup' build argument 'cmake_args' from command line to 'None'
[0.303s] Level 5:colcon.colcon_core.verb:set package 'slam_toolbox_bringup' build argument 'cmake_target' from command line to 'None'
[0.303s] Level 5:colcon.colcon_core.verb:set package 'slam_toolbox_bringup' build argument 'cmake_target_skip_unavailable' from command line to 'False'
[0.303s] Level 5:colcon.colcon_core.verb:set package 'slam_toolbox_bringup' build argument 'cmake_clean_cache' from command line to 'False'
[0.303s] Level 5:colcon.colcon_core.verb:set package 'slam_toolbox_bringup' build argument 'cmake_clean_first' from command line to 'False'
[0.303s] Level 5:colcon.colcon_core.verb:set package 'slam_toolbox_bringup' build argument 'cmake_force_configure' from command line to 'False'
[0.303s] Level 5:colcon.colcon_core.verb:set package 'slam_toolbox_bringup' build argument 'ament_cmake_args' from command line to 'None'
[0.303s] Level 5:colcon.colcon_core.verb:set package 'slam_toolbox_bringup' build argument 'catkin_cmake_args' from command line to 'None'
[0.303s] Level 5:colcon.colcon_core.verb:set package 'slam_toolbox_bringup' build argument 'catkin_skip_building_tests' from command line to 'False'
[0.303s] DEBUG:colcon.colcon_core.verb:Building package 'slam_toolbox_bringup' with the following arguments: {'ament_cmake_args': None, 'build_base': '/workspace/ros2_ws_turtlebot3/build/slam_toolbox_bringup', 'catkin_cmake_args': None, 'catkin_skip_building_tests': False, 'cmake_args': None, 'cmake_clean_cache': False, 'cmake_clean_first': False, 'cmake_force_configure': False, 'cmake_target': None, 'cmake_target_skip_unavailable': False, 'install_base': '/workspace/ros2_ws_turtlebot3/install/slam_toolbox_bringup', 'merge_install': False, 'path': '/workspace/ros2_ws_turtlebot3/src/slam_toolbox_bringup', 'symlink_install': False, 'test_result_base': None}
[0.304s] Level 5:colcon.colcon_core.verb:set package 'ros_gz_gazebo' build argument 'cmake_args' from command line to 'None'
[0.304s] Level 5:colcon.colcon_core.verb:set package 'ros_gz_gazebo' build argument 'cmake_target' from command line to 'None'
[0.304s] Level 5:colcon.colcon_core.verb:set package 'ros_gz_gazebo' build argument 'cmake_target_skip_unavailable' from command line to 'False'
[0.304s] Level 5:colcon.colcon_core.verb:set package 'ros_gz_gazebo' build argument 'cmake_clean_cache' from command line to 'False'
[0.304s] Level 5:colcon.colcon_core.verb:set package 'ros_gz_gazebo' build argument 'cmake_clean_first' from command line to 'False'
[0.304s] Level 5:colcon.colcon_core.verb:set package 'ros_gz_gazebo' build argument 'cmake_force_configure' from command line to 'False'
[0.304s] Level 5:colcon.colcon_core.verb:set package 'ros_gz_gazebo' build argument 'ament_cmake_args' from command line to 'None'
[0.304s] Level 5:colcon.colcon_core.verb:set package 'ros_gz_gazebo' build argument 'catkin_cmake_args' from command line to 'None'
[0.304s] Level 5:colcon.colcon_core.verb:set package 'ros_gz_gazebo' build argument 'catkin_skip_building_tests' from command line to 'False'
[0.304s] DEBUG:colcon.colcon_core.verb:Building package 'ros_gz_gazebo' with the following arguments: {'ament_cmake_args': None, 'build_base': '/workspace/ros2_ws_turtlebot3/build/ros_gz_gazebo', 'catkin_cmake_args': None, 'catkin_skip_building_tests': False, 'cmake_args': None, 'cmake_clean_cache': False, 'cmake_clean_first': False, 'cmake_force_configure': False, 'cmake_target': None, 'cmake_target_skip_unavailable': False, 'install_base': '/workspace/ros2_ws_turtlebot3/install/ros_gz_gazebo', 'merge_install': False, 'path': '/workspace/ros2_ws_turtlebot3/src/ros_gz/ros_gz_gazebo', 'symlink_install': False, 'test_result_base': None}
[0.304s] Level 5:colcon.colcon_core.verb:set package 'ros_gz_bringup' build argument 'cmake_args' from command line to 'None'
[0.305s] Level 5:colcon.colcon_core.verb:set package 'ros_gz_bringup' build argument 'cmake_target' from command line to 'None'
[0.305s] Level 5:colcon.colcon_core.verb:set package 'ros_gz_bringup' build argument 'cmake_target_skip_unavailable' from command line to 'False'
[0.305s] Level 5:colcon.colcon_core.verb:set package 'ros_gz_bringup' build argument 'cmake_clean_cache' from command line to 'False'
[0.305s] Level 5:colcon.colcon_core.verb:set package 'ros_gz_bringup' build argument 'cmake_clean_first' from command line to 'False'
[0.305s] Level 5:colcon.colcon_core.verb:set package 'ros_gz_bringup' build argument 'cmake_force_configure' from command line to 'False'
[0.305s] Level 5:colcon.colcon_core.verb:set package 'ros_gz_bringup' build argument 'ament_cmake_args' from command line to 'None'
[0.305s] Level 5:colcon.colcon_core.verb:set package 'ros_gz_bringup' build argument 'catkin_cmake_args' from command line to 'None'
[0.305s] Level 5:colcon.colcon_core.verb:set package 'ros_gz_bringup' build argument 'catkin_skip_building_tests' from command line to 'False'
[0.305s] DEBUG:colcon.colcon_core.verb:Building package 'ros_gz_bringup' with the following arguments: {'ament_cmake_args': None, 'build_base': '/workspace/ros2_ws_turtlebot3/build/ros_gz_bringup', 'catkin_cmake_args': None, 'catkin_skip_building_tests': False, 'cmake_args': None, 'cmake_clean_cache': False, 'cmake_clean_first': False, 'cmake_force_configure': False, 'cmake_target': None, 'cmake_target_skip_unavailable': False, 'install_base': '/workspace/ros2_ws_turtlebot3/install/ros_gz_bringup', 'merge_install': False, 'path': '/workspace/ros2_ws_turtlebot3/src/ros_gz/ros_gz_bringup', 'symlink_install': False, 'test_result_base': None}
[0.305s] INFO:colcon.colcon_core.executor:Executing jobs using 'parallel' executor
[0.306s] DEBUG:colcon.colcon_parallel_executor.executor.parallel:run_until_complete
[0.307s] INFO:colcon.colcon_ros.task.ament_cmake.build:Building ROS package in '/workspace/ros2_ws_turtlebot3/src/ros_gz/ros_gz_description' with build type 'ament_cmake'
[0.307s] INFO:colcon.colcon_cmake.task.cmake.build:Building CMake package in '/workspace/ros2_ws_turtlebot3/src/ros_gz/ros_gz_description'
[0.309s] INFO:colcon.colcon_core.plugin_system:Skipping extension 'colcon_core.shell.bat': Not used on non-Windows systems
[0.309s] INFO:colcon.colcon_core.shell:Skip shell extension 'powershell' for command environment: Not usable outside of PowerShell
[0.309s] DEBUG:colcon.colcon_core.shell:Skip shell extension 'dsv' for command environment
[0.311s] WARNING:colcon.colcon_ros.prefix_path.ament:The path '/workspace/ros2_ws_turtlebot3/install/slam_toolbox' in the environment variable AMENT_PREFIX_PATH doesn't exist
[0.311s] WARNING:colcon.colcon_ros.prefix_path.ament:The path '/workspace/ros2_ws_turtlebot3/install/turtlebot3' in the environment variable AMENT_PREFIX_PATH doesn't exist
[0.311s] WARNING:colcon.colcon_ros.prefix_path.catkin:The path '/workspace/ros2_ws_turtlebot3/install/slam_toolbox' in the environment variable CMAKE_PREFIX_PATH doesn't exist
[0.311s] WARNING:colcon.colcon_ros.prefix_path.catkin:The path '/workspace/ros2_ws_turtlebot3/install/turtlebot3' in the environment variable CMAKE_PREFIX_PATH doesn't exist
[0.317s] INFO:colcon.colcon_ros.task.ament_cmake.build:Building ROS package in '/workspace/ros2_ws_turtlebot3/src/launch' with build type 'ament_cmake'
[0.317s] INFO:colcon.colcon_cmake.task.cmake.build:Building CMake package in '/workspace/ros2_ws_turtlebot3/src/launch'
[0.317s] INFO:colcon.colcon_core.shell:Skip shell extension 'powershell' for command environment: Not usable outside of PowerShell
[0.317s] DEBUG:colcon.colcon_core.shell:Skip shell extension 'dsv' for command environment
[0.322s] INFO:colcon.colcon_ros.task.ament_cmake.build:Building ROS package in '/workspace/ros2_ws_turtlebot3/src/slam_toolbox_bringup' with build type 'ament_cmake'
[0.322s] INFO:colcon.colcon_cmake.task.cmake.build:Building CMake package in '/workspace/ros2_ws_turtlebot3/src/slam_toolbox_bringup'
[0.322s] INFO:colcon.colcon_core.shell:Skip shell extension 'powershell' for command environment: Not usable outside of PowerShell
[0.322s] DEBUG:colcon.colcon_core.shell:Skip shell extension 'dsv' for command environment
[0.329s] DEBUG:colcon.colcon_core.event_handler.log_command:Invoking command in '/workspace/ros2_ws_turtlebot3/build/ros_gz_description': CMAKE_PREFIX_PATH=${CMAKE_PREFIX_PATH}:/opt/ros/humble /usr/bin/cmake --build /workspace/ros2_ws_turtlebot3/build/ros_gz_description -- -j8 -l8
[0.333s] DEBUG:colcon.colcon_core.event_handler.log_command:Invoking command in '/workspace/ros2_ws_turtlebot3/build/launch': CMAKE_PREFIX_PATH=${CMAKE_PREFIX_PATH}:/opt/ros/humble /usr/bin/cmake --build /workspace/ros2_ws_turtlebot3/build/launch -- -j8 -l8
[0.336s] DEBUG:colcon.colcon_core.event_handler.log_command:Invoking command in '/workspace/ros2_ws_turtlebot3/build/slam_toolbox_bringup': CMAKE_PREFIX_PATH=${CMAKE_PREFIX_PATH}:/opt/ros/humble /usr/bin/cmake --build /workspace/ros2_ws_turtlebot3/build/slam_toolbox_bringup -- -j8 -l8
[0.363s] DEBUG:colcon.colcon_core.event_handler.log_command:Invoked command in '/workspace/ros2_ws_turtlebot3/build/ros_gz_description' returned '0': CMAKE_PREFIX_PATH=${CMAKE_PREFIX_PATH}:/opt/ros/humble /usr/bin/cmake --build /workspace/ros2_ws_turtlebot3/build/ros_gz_description -- -j8 -l8
[0.365s] DEBUG:colcon.colcon_core.event_handler.log_command:Invoked command in '/workspace/ros2_ws_turtlebot3/build/launch' returned '0': CMAKE_PREFIX_PATH=${CMAKE_PREFIX_PATH}:/opt/ros/humble /usr/bin/cmake --build /workspace/ros2_ws_turtlebot3/build/launch -- -j8 -l8
[0.369s] DEBUG:colcon.colcon_core.event_handler.log_command:Invoked command in '/workspace/ros2_ws_turtlebot3/build/slam_toolbox_bringup' returned '0': CMAKE_PREFIX_PATH=${CMAKE_PREFIX_PATH}:/opt/ros/humble /usr/bin/cmake --build /workspace/ros2_ws_turtlebot3/build/slam_toolbox_bringup -- -j8 -l8
[0.392s] DEBUG:colcon.colcon_core.event_handler.log_command:Invoking command in '/workspace/ros2_ws_turtlebot3/build/ros_gz_description': CMAKE_PREFIX_PATH=${CMAKE_PREFIX_PATH}:/opt/ros/humble /usr/bin/cmake --install /workspace/ros2_ws_turtlebot3/build/ros_gz_description
[0.393s] DEBUG:colcon.colcon_core.event_handler.log_command:Invoking command in '/workspace/ros2_ws_turtlebot3/build/launch': CMAKE_PREFIX_PATH=${CMAKE_PREFIX_PATH}:/opt/ros/humble /usr/bin/cmake --install /workspace/ros2_ws_turtlebot3/build/launch
[0.395s] DEBUG:colcon.colcon_core.event_handler.log_command:Invoking command in '/workspace/ros2_ws_turtlebot3/build/slam_toolbox_bringup': CMAKE_PREFIX_PATH=${CMAKE_PREFIX_PATH}:/opt/ros/humble /usr/bin/cmake --install /workspace/ros2_ws_turtlebot3/build/slam_toolbox_bringup
[0.404s] Level 1:colcon.colcon_core.environment:create_environment_scripts_only(slam_toolbox_bringup)
[0.404s] DEBUG:colcon.colcon_core.event_handler.log_command:Invoked command in '/workspace/ros2_ws_turtlebot3/build/slam_toolbox_bringup' returned '0': CMAKE_PREFIX_PATH=${CMAKE_PREFIX_PATH}:/opt/ros/humble /usr/bin/cmake --install /workspace/ros2_ws_turtlebot3/build/slam_toolbox_bringup
[0.407s] Level 1:colcon.colcon_core.environment:checking '/workspace/ros2_ws_turtlebot3/install/slam_toolbox_bringup' for CMake module files
[0.407s] Level 1:colcon.colcon_core.environment:checking '/workspace/ros2_ws_turtlebot3/install/slam_toolbox_bringup' for CMake config files
[0.408s] Level 1:colcon.colcon_core.shell:create_environment_hook('slam_toolbox_bringup', 'cmake_prefix_path')
[0.408s] INFO:colcon.colcon_core.shell:Creating environment hook '/workspace/ros2_ws_turtlebot3/install/slam_toolbox_bringup/share/slam_toolbox_bringup/hook/cmake_prefix_path.ps1'
[0.409s] INFO:colcon.colcon_core.shell:Creating environment descriptor '/workspace/ros2_ws_turtlebot3/install/slam_toolbox_bringup/share/slam_toolbox_bringup/hook/cmake_prefix_path.dsv'
[0.410s] INFO:colcon.colcon_core.shell:Creating environment hook '/workspace/ros2_ws_turtlebot3/install/slam_toolbox_bringup/share/slam_toolbox_bringup/hook/cmake_prefix_path.sh'
[0.411s] Level 1:colcon.colcon_core.environment:checking '/workspace/ros2_ws_turtlebot3/install/slam_toolbox_bringup/bin'
[0.411s] Level 1:colcon.colcon_core.environment:checking '/workspace/ros2_ws_turtlebot3/install/slam_toolbox_bringup/lib/pkgconfig/slam_toolbox_bringup.pc'
[0.413s] Level 1:colcon.colcon_core.environment:checking '/workspace/ros2_ws_turtlebot3/install/slam_toolbox_bringup/lib/python3.10/site-packages'
[0.413s] Level 1:colcon.colcon_core.environment:checking '/workspace/ros2_ws_turtlebot3/install/slam_toolbox_bringup/bin'
[0.414s] INFO:colcon.colcon_core.shell:Creating package script '/workspace/ros2_ws_turtlebot3/install/slam_toolbox_bringup/share/slam_toolbox_bringup/package.ps1'
[0.414s] INFO:colcon.colcon_core.shell:Creating package descriptor '/workspace/ros2_ws_turtlebot3/install/slam_toolbox_bringup/share/slam_toolbox_bringup/package.dsv'
[0.415s] INFO:colcon.colcon_core.shell:Creating package script '/workspace/ros2_ws_turtlebot3/install/slam_toolbox_bringup/share/slam_toolbox_bringup/package.sh'
[0.416s] INFO:colcon.colcon_core.shell:Creating package script '/workspace/ros2_ws_turtlebot3/install/slam_toolbox_bringup/share/slam_toolbox_bringup/package.bash'
[0.416s] INFO:colcon.colcon_core.shell:Creating package script '/workspace/ros2_ws_turtlebot3/install/slam_toolbox_bringup/share/slam_toolbox_bringup/package.zsh'
[0.417s] Level 1:colcon.colcon_core.environment:create_file_with_runtime_dependencies(/workspace/ros2_ws_turtlebot3/install/slam_toolbox_bringup/share/colcon-core/packages/slam_toolbox_bringup)
[0.418s] Level 1:colcon.colcon_core.environment:create_environment_scripts_only(launch)
[0.418s] Level 1:colcon.colcon_core.environment:checking '/workspace/ros2_ws_turtlebot3/install/launch' for CMake module files
[0.419s] DEBUG:colcon.colcon_core.event_handler.log_command:Invoked command in '/workspace/ros2_ws_turtlebot3/build/launch' returned '0': CMAKE_PREFIX_PATH=${CMAKE_PREFIX_PATH}:/opt/ros/humble /usr/bin/cmake --install /workspace/ros2_ws_turtlebot3/build/launch
[0.419s] Level 1:colcon.colcon_core.environment:checking '/workspace/ros2_ws_turtlebot3/install/launch' for CMake config files
[0.419s] Level 1:colcon.colcon_core.shell:create_environment_hook('launch', 'cmake_prefix_path')
[0.419s] INFO:colcon.colcon_core.shell:Creating environment hook '/workspace/ros2_ws_turtlebot3/install/launch/share/launch/hook/cmake_prefix_path.ps1'
[0.420s] INFO:colcon.colcon_core.shell:Creating environment descriptor '/workspace/ros2_ws_turtlebot3/install/launch/share/launch/hook/cmake_prefix_path.dsv'
[0.420s] INFO:colcon.colcon_core.shell:Creating environment hook '/workspace/ros2_ws_turtlebot3/install/launch/share/launch/hook/cmake_prefix_path.sh'
[0.420s] Level 1:colcon.colcon_core.environment:checking '/workspace/ros2_ws_turtlebot3/install/launch/bin'
[0.421s] Level 1:colcon.colcon_core.environment:checking '/workspace/ros2_ws_turtlebot3/install/launch/lib/pkgconfig/launch.pc'
[0.421s] Level 1:colcon.colcon_core.environment:checking '/workspace/ros2_ws_turtlebot3/install/launch/lib/python3.10/site-packages'
[0.421s] Level 1:colcon.colcon_core.environment:checking '/workspace/ros2_ws_turtlebot3/install/launch/bin'
[0.421s] INFO:colcon.colcon_core.shell:Creating package script '/workspace/ros2_ws_turtlebot3/install/launch/share/launch/package.ps1'
[0.422s] INFO:colcon.colcon_core.shell:Creating package descriptor '/workspace/ros2_ws_turtlebot3/install/launch/share/launch/package.dsv'
[0.422s] INFO:colcon.colcon_core.shell:Creating package script '/workspace/ros2_ws_turtlebot3/install/launch/share/launch/package.sh'
[0.422s] INFO:colcon.colcon_core.shell:Creating package script '/workspace/ros2_ws_turtlebot3/install/launch/share/launch/package.bash'
[0.422s] INFO:colcon.colcon_core.shell:Creating package script '/workspace/ros2_ws_turtlebot3/install/launch/share/launch/package.zsh'
[0.423s] Level 1:colcon.colcon_core.environment:create_file_with_runtime_dependencies(/workspace/ros2_ws_turtlebot3/install/launch/share/colcon-core/packages/launch)
[0.423s] Level 1:colcon.colcon_core.environment:create_environment_scripts_only(ros_gz_description)
[0.424s] Level 1:colcon.colcon_core.environment:checking '/workspace/ros2_ws_turtlebot3/install/ros_gz_description' for CMake module files
[0.424s] DEBUG:colcon.colcon_core.event_handler.log_command:Invoked command in '/workspace/ros2_ws_turtlebot3/build/ros_gz_description' returned '0': CMAKE_PREFIX_PATH=${CMAKE_PREFIX_PATH}:/opt/ros/humble /usr/bin/cmake --install /workspace/ros2_ws_turtlebot3/build/ros_gz_description
[0.424s] Level 1:colcon.colcon_core.environment:checking '/workspace/ros2_ws_turtlebot3/install/ros_gz_description' for CMake config files
[0.425s] Level 1:colcon.colcon_core.shell:create_environment_hook('ros_gz_description', 'cmake_prefix_path')
[0.425s] INFO:colcon.colcon_core.shell:Creating environment hook '/workspace/ros2_ws_turtlebot3/install/ros_gz_description/share/ros_gz_description/hook/cmake_prefix_path.ps1'
[0.425s] INFO:colcon.colcon_core.shell:Creating environment descriptor '/workspace/ros2_ws_turtlebot3/install/ros_gz_description/share/ros_gz_description/hook/cmake_prefix_path.dsv'
[0.425s] INFO:colcon.colcon_core.shell:Creating environment hook '/workspace/ros2_ws_turtlebot3/install/ros_gz_description/share/ros_gz_description/hook/cmake_prefix_path.sh'
[0.426s] Level 1:colcon.colcon_core.environment:checking '/workspace/ros2_ws_turtlebot3/install/ros_gz_description/bin'
[0.426s] Level 1:colcon.colcon_core.environment:checking '/workspace/ros2_ws_turtlebot3/install/ros_gz_description/lib/pkgconfig/ros_gz_description.pc'
[0.426s] Level 1:colcon.colcon_core.environment:checking '/workspace/ros2_ws_turtlebot3/install/ros_gz_description/lib/python3.10/site-packages'
[0.426s] Level 1:colcon.colcon_core.environment:checking '/workspace/ros2_ws_turtlebot3/install/ros_gz_description/bin'
[0.427s] INFO:colcon.colcon_core.shell:Creating package script '/workspace/ros2_ws_turtlebot3/install/ros_gz_description/share/ros_gz_description/package.ps1'
[0.427s] INFO:colcon.colcon_core.shell:Creating package descriptor '/workspace/ros2_ws_turtlebot3/install/ros_gz_description/share/ros_gz_description/package.dsv'
[0.427s] INFO:colcon.colcon_core.shell:Creating package script '/workspace/ros2_ws_turtlebot3/install/ros_gz_description/share/ros_gz_description/package.sh'
[0.427s] INFO:colcon.colcon_core.shell:Creating package script '/workspace/ros2_ws_turtlebot3/install/ros_gz_description/share/ros_gz_description/package.bash'
[0.428s] INFO:colcon.colcon_core.shell:Creating package script '/workspace/ros2_ws_turtlebot3/install/ros_gz_description/share/ros_gz_description/package.zsh'
[0.428s] Level 1:colcon.colcon_core.environment:create_file_with_runtime_dependencies(/workspace/ros2_ws_turtlebot3/install/ros_gz_description/share/colcon-core/packages/ros_gz_description)
[0.437s] Level 1:colcon.colcon_core.environment:create_environment_scripts_only(slam_toolbox_bringup)
[0.437s] Level 1:colcon.colcon_core.environment:checking '/workspace/ros2_ws_turtlebot3/install/slam_toolbox_bringup' for CMake module files
[0.437s] Level 1:colcon.colcon_core.environment:checking '/workspace/ros2_ws_turtlebot3/install/slam_toolbox_bringup' for CMake config files
[0.437s] Level 1:colcon.colcon_core.shell:create_environment_hook('slam_toolbox_bringup', 'cmake_prefix_path')
[0.438s] INFO:colcon.colcon_core.shell:Creating environment hook '/workspace/ros2_ws_turtlebot3/install/slam_toolbox_bringup/share/slam_toolbox_bringup/hook/cmake_prefix_path.ps1'
[0.438s] INFO:colcon.colcon_core.shell:Creating environment descriptor '/workspace/ros2_ws_turtlebot3/install/slam_toolbox_bringup/share/slam_toolbox_bringup/hook/cmake_prefix_path.dsv'
[0.438s] INFO:colcon.colcon_core.shell:Creating environment hook '/workspace/ros2_ws_turtlebot3/install/slam_toolbox_bringup/share/slam_toolbox_bringup/hook/cmake_prefix_path.sh'
[0.439s] Level 1:colcon.colcon_core.environment:checking '/workspace/ros2_ws_turtlebot3/install/slam_toolbox_bringup/bin'
[0.439s] Level 1:colcon.colcon_core.environment:checking '/workspace/ros2_ws_turtlebot3/install/slam_toolbox_bringup/lib/pkgconfig/slam_toolbox_bringup.pc'
[0.439s] Level 1:colcon.colcon_core.environment:checking '/workspace/ros2_ws_turtlebot3/install/slam_toolbox_bringup/lib/python3.10/site-packages'
[0.439s] Level 1:colcon.colcon_core.environment:checking '/workspace/ros2_ws_turtlebot3/install/slam_toolbox_bringup/bin'
[0.440s] INFO:colcon.colcon_core.shell:Creating package script '/workspace/ros2_ws_turtlebot3/install/slam_toolbox_bringup/share/slam_toolbox_bringup/package.ps1'
[0.440s] INFO:colcon.colcon_core.shell:Creating package descriptor '/workspace/ros2_ws_turtlebot3/install/slam_toolbox_bringup/share/slam_toolbox_bringup/package.dsv'
[0.441s] INFO:colcon.colcon_core.shell:Creating package script '/workspace/ros2_ws_turtlebot3/install/slam_toolbox_bringup/share/slam_toolbox_bringup/package.sh'
[0.441s] INFO:colcon.colcon_core.shell:Creating package script '/workspace/ros2_ws_turtlebot3/install/slam_toolbox_bringup/share/slam_toolbox_bringup/package.bash'
[0.441s] INFO:colcon.colcon_core.shell:Creating package script '/workspace/ros2_ws_turtlebot3/install/slam_toolbox_bringup/share/slam_toolbox_bringup/package.zsh'
[0.442s] Level 1:colcon.colcon_core.environment:create_file_with_runtime_dependencies(/workspace/ros2_ws_turtlebot3/install/slam_toolbox_bringup/share/colcon-core/packages/slam_toolbox_bringup)
[0.443s] Level 1:colcon.colcon_core.environment:create_environment_scripts_only(launch)
[0.443s] Level 1:colcon.colcon_core.environment:checking '/workspace/ros2_ws_turtlebot3/install/launch' for CMake module files
[0.444s] Level 1:colcon.colcon_core.environment:checking '/workspace/ros2_ws_turtlebot3/install/launch' for CMake config files
[0.444s] Level 1:colcon.colcon_core.shell:create_environment_hook('launch', 'cmake_prefix_path')
[0.444s] INFO:colcon.colcon_core.shell:Creating environment hook '/workspace/ros2_ws_turtlebot3/install/launch/share/launch/hook/cmake_prefix_path.ps1'
[0.444s] INFO:colcon.colcon_core.shell:Creating environment descriptor '/workspace/ros2_ws_turtlebot3/install/launch/share/launch/hook/cmake_prefix_path.dsv'
[0.445s] INFO:colcon.colcon_core.shell:Creating environment hook '/workspace/ros2_ws_turtlebot3/install/launch/share/launch/hook/cmake_prefix_path.sh'
[0.445s] Level 1:colcon.colcon_core.environment:checking '/workspace/ros2_ws_turtlebot3/install/launch/bin'
[0.445s] Level 1:colcon.colcon_core.environment:checking '/workspace/ros2_ws_turtlebot3/install/launch/lib/pkgconfig/launch.pc'
[0.445s] Level 1:colcon.colcon_core.environment:checking '/workspace/ros2_ws_turtlebot3/install/launch/lib/python3.10/site-packages'
[0.446s] Level 1:colcon.colcon_core.environment:checking '/workspace/ros2_ws_turtlebot3/install/launch/bin'
[0.446s] INFO:colcon.colcon_core.shell:Creating package script '/workspace/ros2_ws_turtlebot3/install/launch/share/launch/package.ps1'
[0.446s] INFO:colcon.colcon_core.shell:Creating package descriptor '/workspace/ros2_ws_turtlebot3/install/launch/share/launch/package.dsv'
[0.447s] INFO:colcon.colcon_core.shell:Creating package script '/workspace/ros2_ws_turtlebot3/install/launch/share/launch/package.sh'
[0.447s] INFO:colcon.colcon_core.shell:Creating package script '/workspace/ros2_ws_turtlebot3/install/launch/share/launch/package.bash'
[0.448s] INFO:colcon.colcon_core.shell:Creating package script '/workspace/ros2_ws_turtlebot3/install/launch/share/launch/package.zsh'
[0.448s] Level 1:colcon.colcon_core.environment:create_file_with_runtime_dependencies(/workspace/ros2_ws_turtlebot3/install/launch/share/colcon-core/packages/launch)
[0.449s] Level 1:colcon.colcon_core.environment:create_environment_scripts_only(ros_gz_description)
[0.449s] Level 1:colcon.colcon_core.environment:checking '/workspace/ros2_ws_turtlebot3/install/ros_gz_description' for CMake module files
[0.450s] Level 1:colcon.colcon_core.environment:checking '/workspace/ros2_ws_turtlebot3/install/ros_gz_description' for CMake config files
[0.450s] Level 1:colcon.colcon_core.shell:create_environment_hook('ros_gz_description', 'cmake_prefix_path')
[0.450s] INFO:colcon.colcon_core.shell:Creating environment hook '/workspace/ros2_ws_turtlebot3/install/ros_gz_description/share/ros_gz_description/hook/cmake_prefix_path.ps1'
[0.451s] INFO:colcon.colcon_core.shell:Creating environment descriptor '/workspace/ros2_ws_turtlebot3/install/ros_gz_description/share/ros_gz_description/hook/cmake_prefix_path.dsv'
[0.451s] INFO:colcon.colcon_core.shell:Creating environment hook '/workspace/ros2_ws_turtlebot3/install/ros_gz_description/share/ros_gz_description/hook/cmake_prefix_path.sh'
[0.451s] Level 1:colcon.colcon_core.environment:checking '/workspace/ros2_ws_turtlebot3/install/ros_gz_description/bin'
[0.452s] Level 1:colcon.colcon_core.environment:checking '/workspace/ros2_ws_turtlebot3/install/ros_gz_description/lib/pkgconfig/ros_gz_description.pc'
[0.452s] Level 1:colcon.colcon_core.environment:checking '/workspace/ros2_ws_turtlebot3/install/ros_gz_description/lib/python3.10/site-packages'
[0.452s] Level 1:colcon.colcon_core.environment:checking '/workspace/ros2_ws_turtlebot3/install/ros_gz_description/bin'
[0.452s] INFO:colcon.colcon_core.shell:Creating package script '/workspace/ros2_ws_turtlebot3/install/ros_gz_description/share/ros_gz_description/package.ps1'
[0.453s] INFO:colcon.colcon_core.shell:Creating package descriptor '/workspace/ros2_ws_turtlebot3/install/ros_gz_description/share/ros_gz_description/package.dsv'
[0.453s] INFO:colcon.colcon_core.shell:Creating package script '/workspace/ros2_ws_turtlebot3/install/ros_gz_description/share/ros_gz_description/package.sh'
[0.453s] INFO:colcon.colcon_core.shell:Creating package script '/workspace/ros2_ws_turtlebot3/install/ros_gz_description/share/ros_gz_description/package.bash'
[0.454s] INFO:colcon.colcon_core.shell:Creating package script '/workspace/ros2_ws_turtlebot3/install/ros_gz_description/share/ros_gz_description/package.zsh'
[0.454s] Level 1:colcon.colcon_core.environment:create_file_with_runtime_dependencies(/workspace/ros2_ws_turtlebot3/install/ros_gz_description/share/colcon-core/packages/ros_gz_description)
[0.454s] INFO:colcon.colcon_ros.task.ament_cmake.build:Building ROS package in '/workspace/ros2_ws_turtlebot3/src/ros_gz/ros_gz_gazebo' with build type 'ament_cmake'
[0.454s] INFO:colcon.colcon_cmake.task.cmake.build:Building CMake package in '/workspace/ros2_ws_turtlebot3/src/ros_gz/ros_gz_gazebo'
[0.455s] INFO:colcon.colcon_core.shell:Skip shell extension 'powershell' for command environment: Not usable outside of PowerShell
[0.455s] DEBUG:colcon.colcon_core.shell:Skip shell extension 'dsv' for command environment
[0.464s] DEBUG:colcon.colcon_core.event_handler.log_command:Invoking command in '/workspace/ros2_ws_turtlebot3/build/ros_gz_gazebo': CMAKE_PREFIX_PATH=/workspace/ros2_ws_turtlebot3/install/ros_gz_description:/workspace/ros2_ws_turtlebot3/install/slam_toolbox_bringup:/workspace/ros2_ws_turtlebot3/install/slam_toolbox:/workspace/ros2_ws_turtlebot3/install/turtlebot3:/workspace/ros2_ws_turtlebot3/install/ros_gz_bringup:/workspace/ros2_ws_turtlebot3/install/ros_gz_gazebo:/workspace/ros2_ws_turtlebot3/install/launch:/opt/ros/humble IGN_GAZEBO_RESOURCE_PATH=/workspace/ros2_ws_turtlebot3/install/ros_gz_description/share/ros_gz_description/models:${IGN_GAZEBO_RESOURCE_PATH} /usr/bin/cmake --build /workspace/ros2_ws_turtlebot3/build/ros_gz_gazebo -- -j8 -l8
[0.525s] DEBUG:colcon.colcon_core.event_handler.log_command:Invoked command in '/workspace/ros2_ws_turtlebot3/build/ros_gz_gazebo' returned '0': CMAKE_PREFIX_PATH=/workspace/ros2_ws_turtlebot3/install/ros_gz_description:/workspace/ros2_ws_turtlebot3/install/slam_toolbox_bringup:/workspace/ros2_ws_turtlebot3/install/slam_toolbox:/workspace/ros2_ws_turtlebot3/install/turtlebot3:/workspace/ros2_ws_turtlebot3/install/ros_gz_bringup:/workspace/ros2_ws_turtlebot3/install/ros_gz_gazebo:/workspace/ros2_ws_turtlebot3/install/launch:/opt/ros/humble IGN_GAZEBO_RESOURCE_PATH=/workspace/ros2_ws_turtlebot3/install/ros_gz_description/share/ros_gz_description/models:${IGN_GAZEBO_RESOURCE_PATH} /usr/bin/cmake --build /workspace/ros2_ws_turtlebot3/build/ros_gz_gazebo -- -j8 -l8
[0.551s] DEBUG:colcon.colcon_core.event_handler.log_command:Invoking command in '/workspace/ros2_ws_turtlebot3/build/ros_gz_gazebo': CMAKE_PREFIX_PATH=/workspace/ros2_ws_turtlebot3/install/ros_gz_description:/workspace/ros2_ws_turtlebot3/install/slam_toolbox_bringup:/workspace/ros2_ws_turtlebot3/install/slam_toolbox:/workspace/ros2_ws_turtlebot3/install/turtlebot3:/workspace/ros2_ws_turtlebot3/install/ros_gz_bringup:/workspace/ros2_ws_turtlebot3/install/ros_gz_gazebo:/workspace/ros2_ws_turtlebot3/install/launch:/opt/ros/humble IGN_GAZEBO_RESOURCE_PATH=/workspace/ros2_ws_turtlebot3/install/ros_gz_description/share/ros_gz_description/models:${IGN_GAZEBO_RESOURCE_PATH} /usr/bin/cmake --install /workspace/ros2_ws_turtlebot3/build/ros_gz_gazebo
[0.561s] Level 1:colcon.colcon_core.environment:create_environment_scripts_only(ros_gz_gazebo)
[0.561s] Level 1:colcon.colcon_core.environment:checking '/workspace/ros2_ws_turtlebot3/install/ros_gz_gazebo' for CMake module files
[0.562s] DEBUG:colcon.colcon_core.event_handler.log_command:Invoked command in '/workspace/ros2_ws_turtlebot3/build/ros_gz_gazebo' returned '0': CMAKE_PREFIX_PATH=/workspace/ros2_ws_turtlebot3/install/ros_gz_description:/workspace/ros2_ws_turtlebot3/install/slam_toolbox_bringup:/workspace/ros2_ws_turtlebot3/install/slam_toolbox:/workspace/ros2_ws_turtlebot3/install/turtlebot3:/workspace/ros2_ws_turtlebot3/install/ros_gz_bringup:/workspace/ros2_ws_turtlebot3/install/ros_gz_gazebo:/workspace/ros2_ws_turtlebot3/install/launch:/opt/ros/humble IGN_GAZEBO_RESOURCE_PATH=/workspace/ros2_ws_turtlebot3/install/ros_gz_description/share/ros_gz_description/models:${IGN_GAZEBO_RESOURCE_PATH} /usr/bin/cmake --install /workspace/ros2_ws_turtlebot3/build/ros_gz_gazebo
[0.562s] Level 1:colcon.colcon_core.environment:checking '/workspace/ros2_ws_turtlebot3/install/ros_gz_gazebo' for CMake config files
[0.562s] Level 1:colcon.colcon_core.shell:create_environment_hook('ros_gz_gazebo', 'cmake_prefix_path')
[0.563s] INFO:colcon.colcon_core.shell:Creating environment hook '/workspace/ros2_ws_turtlebot3/install/ros_gz_gazebo/share/ros_gz_gazebo/hook/cmake_prefix_path.ps1'
[0.563s] INFO:colcon.colcon_core.shell:Creating environment descriptor '/workspace/ros2_ws_turtlebot3/install/ros_gz_gazebo/share/ros_gz_gazebo/hook/cmake_prefix_path.dsv'
[0.563s] INFO:colcon.colcon_core.shell:Creating environment hook '/workspace/ros2_ws_turtlebot3/install/ros_gz_gazebo/share/ros_gz_gazebo/hook/cmake_prefix_path.sh'
[0.564s] Level 1:colcon.colcon_core.environment:checking '/workspace/ros2_ws_turtlebot3/install/ros_gz_gazebo/lib'
[0.564s] Level 1:colcon.colcon_core.environment:checking '/workspace/ros2_ws_turtlebot3/install/ros_gz_gazebo/bin'
[0.564s] Level 1:colcon.colcon_core.environment:checking '/workspace/ros2_ws_turtlebot3/install/ros_gz_gazebo/lib/pkgconfig/ros_gz_gazebo.pc'
[0.564s] Level 1:colcon.colcon_core.environment:checking '/workspace/ros2_ws_turtlebot3/install/ros_gz_gazebo/lib/python3.10/site-packages'
[0.565s] Level 1:colcon.colcon_core.environment:checking '/workspace/ros2_ws_turtlebot3/install/ros_gz_gazebo/bin'
[0.565s] INFO:colcon.colcon_core.shell:Creating package script '/workspace/ros2_ws_turtlebot3/install/ros_gz_gazebo/share/ros_gz_gazebo/package.ps1'
[0.565s] INFO:colcon.colcon_core.shell:Creating package descriptor '/workspace/ros2_ws_turtlebot3/install/ros_gz_gazebo/share/ros_gz_gazebo/package.dsv'
[0.566s] INFO:colcon.colcon_core.shell:Creating package script '/workspace/ros2_ws_turtlebot3/install/ros_gz_gazebo/share/ros_gz_gazebo/package.sh'
[0.566s] INFO:colcon.colcon_core.shell:Creating package script '/workspace/ros2_ws_turtlebot3/install/ros_gz_gazebo/share/ros_gz_gazebo/package.bash'
[0.566s] INFO:colcon.colcon_core.shell:Creating package script '/workspace/ros2_ws_turtlebot3/install/ros_gz_gazebo/share/ros_gz_gazebo/package.zsh'
[0.566s] Level 1:colcon.colcon_core.environment:create_file_with_runtime_dependencies(/workspace/ros2_ws_turtlebot3/install/ros_gz_gazebo/share/colcon-core/packages/ros_gz_gazebo)
[0.592s] Level 1:colcon.colcon_core.environment:create_environment_scripts_only(ros_gz_gazebo)
[0.592s] Level 1:colcon.colcon_core.environment:checking '/workspace/ros2_ws_turtlebot3/install/ros_gz_gazebo' for CMake module files
[0.593s] Level 1:colcon.colcon_core.environment:checking '/workspace/ros2_ws_turtlebot3/install/ros_gz_gazebo' for CMake config files
[0.593s] Level 1:colcon.colcon_core.shell:create_environment_hook('ros_gz_gazebo', 'cmake_prefix_path')
[0.593s] INFO:colcon.colcon_core.shell:Creating environment hook '/workspace/ros2_ws_turtlebot3/install/ros_gz_gazebo/share/ros_gz_gazebo/hook/cmake_prefix_path.ps1'
[0.594s] INFO:colcon.colcon_core.shell:Creating environment descriptor '/workspace/ros2_ws_turtlebot3/install/ros_gz_gazebo/share/ros_gz_gazebo/hook/cmake_prefix_path.dsv'
[0.594s] INFO:colcon.colcon_core.shell:Creating environment hook '/workspace/ros2_ws_turtlebot3/install/ros_gz_gazebo/share/ros_gz_gazebo/hook/cmake_prefix_path.sh'
[0.595s] Level 1:colcon.colcon_core.environment:checking '/workspace/ros2_ws_turtlebot3/install/ros_gz_gazebo/lib'
[0.595s] Level 1:colcon.colcon_core.environment:checking '/workspace/ros2_ws_turtlebot3/install/ros_gz_gazebo/bin'
[0.595s] Level 1:colcon.colcon_core.environment:checking '/workspace/ros2_ws_turtlebot3/install/ros_gz_gazebo/lib/pkgconfig/ros_gz_gazebo.pc'
[0.595s] Level 1:colcon.colcon_core.environment:checking '/workspace/ros2_ws_turtlebot3/install/ros_gz_gazebo/lib/python3.10/site-packages'
[0.595s] Level 1:colcon.colcon_core.environment:checking '/workspace/ros2_ws_turtlebot3/install/ros_gz_gazebo/bin'
[0.596s] INFO:colcon.colcon_core.shell:Creating package script '/workspace/ros2_ws_turtlebot3/install/ros_gz_gazebo/share/ros_gz_gazebo/package.ps1'
[0.596s] INFO:colcon.colcon_core.shell:Creating package descriptor '/workspace/ros2_ws_turtlebot3/install/ros_gz_gazebo/share/ros_gz_gazebo/package.dsv'
[0.597s] INFO:colcon.colcon_core.shell:Creating package script '/workspace/ros2_ws_turtlebot3/install/ros_gz_gazebo/share/ros_gz_gazebo/package.sh'
[0.597s] INFO:colcon.colcon_core.shell:Creating package script '/workspace/ros2_ws_turtlebot3/install/ros_gz_gazebo/share/ros_gz_gazebo/package.bash'
[0.597s] INFO:colcon.colcon_core.shell:Creating package script '/workspace/ros2_ws_turtlebot3/install/ros_gz_gazebo/share/ros_gz_gazebo/package.zsh'
[0.598s] Level 1:colcon.colcon_core.environment:create_file_with_runtime_dependencies(/workspace/ros2_ws_turtlebot3/install/ros_gz_gazebo/share/colcon-core/packages/ros_gz_gazebo)
[0.598s] INFO:colcon.colcon_ros.task.ament_cmake.build:Building ROS package in '/workspace/ros2_ws_turtlebot3/src/ros_gz/ros_gz_bringup' with build type 'ament_cmake'
[0.598s] INFO:colcon.colcon_cmake.task.cmake.build:Building CMake package in '/workspace/ros2_ws_turtlebot3/src/ros_gz/ros_gz_bringup'
[0.598s] INFO:colcon.colcon_core.shell:Skip shell extension 'powershell' for command environment: Not usable outside of PowerShell
[0.599s] DEBUG:colcon.colcon_core.shell:Skip shell extension 'dsv' for command environment
[0.609s] DEBUG:colcon.colcon_core.event_handler.log_command:Invoking command in '/workspace/ros2_ws_turtlebot3/build/ros_gz_bringup': CMAKE_PREFIX_PATH=/workspace/ros2_ws_turtlebot3/install/ros_gz_gazebo:/workspace/ros2_ws_turtlebot3/install/ros_gz_description:/workspace/ros2_ws_turtlebot3/install/slam_toolbox_bringup:/workspace/ros2_ws_turtlebot3/install/slam_toolbox:/workspace/ros2_ws_turtlebot3/install/turtlebot3:/workspace/ros2_ws_turtlebot3/install/ros_gz_bringup:/workspace/ros2_ws_turtlebot3/install/launch:/opt/ros/humble IGN_GAZEBO_PLUGIN_PATH=/workspace/ros2_ws_turtlebot3/install/ros_gz_gazebo/lib/ros_gz_gazebo IGN_GAZEBO_RESOURCE_PATH=/workspace/ros2_ws_turtlebot3/install/ros_gz_description/share/ros_gz_description/models:${IGN_GAZEBO_RESOURCE_PATH} /usr/bin/cmake --build /workspace/ros2_ws_turtlebot3/build/ros_gz_bringup -- -j8 -l8
[0.644s] DEBUG:colcon.colcon_core.event_handler.log_command:Invoked command in '/workspace/ros2_ws_turtlebot3/build/ros_gz_bringup' returned '0': CMAKE_PREFIX_PATH=/workspace/ros2_ws_turtlebot3/install/ros_gz_gazebo:/workspace/ros2_ws_turtlebot3/install/ros_gz_description:/workspace/ros2_ws_turtlebot3/install/slam_toolbox_bringup:/workspace/ros2_ws_turtlebot3/install/slam_toolbox:/workspace/ros2_ws_turtlebot3/install/turtlebot3:/workspace/ros2_ws_turtlebot3/install/ros_gz_bringup:/workspace/ros2_ws_turtlebot3/install/launch:/opt/ros/humble IGN_GAZEBO_PLUGIN_PATH=/workspace/ros2_ws_turtlebot3/install/ros_gz_gazebo/lib/ros_gz_gazebo IGN_GAZEBO_RESOURCE_PATH=/workspace/ros2_ws_turtlebot3/install/ros_gz_description/share/ros_gz_description/models:${IGN_GAZEBO_RESOURCE_PATH} /usr/bin/cmake --build /workspace/ros2_ws_turtlebot3/build/ros_gz_bringup -- -j8 -l8
[0.664s] DEBUG:colcon.colcon_core.event_handler.log_command:Invoking command in '/workspace/ros2_ws_turtlebot3/build/ros_gz_bringup': CMAKE_PREFIX_PATH=/workspace/ros2_ws_turtlebot3/install/ros_gz_gazebo:/workspace/ros2_ws_turtlebot3/install/ros_gz_description:/workspace/ros2_ws_turtlebot3/install/slam_toolbox_bringup:/workspace/ros2_ws_turtlebot3/install/slam_toolbox:/workspace/ros2_ws_turtlebot3/install/turtlebot3:/workspace/ros2_ws_turtlebot3/install/ros_gz_bringup:/workspace/ros2_ws_turtlebot3/install/launch:/opt/ros/humble IGN_GAZEBO_PLUGIN_PATH=/workspace/ros2_ws_turtlebot3/install/ros_gz_gazebo/lib/ros_gz_gazebo IGN_GAZEBO_RESOURCE_PATH=/workspace/ros2_ws_turtlebot3/install/ros_gz_description/share/ros_gz_description/models:${IGN_GAZEBO_RESOURCE_PATH} /usr/bin/cmake --install /workspace/ros2_ws_turtlebot3/build/ros_gz_bringup
[0.673s] Level 1:colcon.colcon_core.environment:create_environment_scripts_only(ros_gz_bringup)
[0.673s] Level 1:colcon.colcon_core.environment:checking '/workspace/ros2_ws_turtlebot3/install/ros_gz_bringup' for CMake module files
[0.674s] DEBUG:colcon.colcon_core.event_handler.log_command:Invoked command in '/workspace/ros2_ws_turtlebot3/build/ros_gz_bringup' returned '0': CMAKE_PREFIX_PATH=/workspace/ros2_ws_turtlebot3/install/ros_gz_gazebo:/workspace/ros2_ws_turtlebot3/install/ros_gz_description:/workspace/ros2_ws_turtlebot3/install/slam_toolbox_bringup:/workspace/ros2_ws_turtlebot3/install/slam_toolbox:/workspace/ros2_ws_turtlebot3/install/turtlebot3:/workspace/ros2_ws_turtlebot3/install/ros_gz_bringup:/workspace/ros2_ws_turtlebot3/install/launch:/opt/ros/humble IGN_GAZEBO_PLUGIN_PATH=/workspace/ros2_ws_turtlebot3/install/ros_gz_gazebo/lib/ros_gz_gazebo IGN_GAZEBO_RESOURCE_PATH=/workspace/ros2_ws_turtlebot3/install/ros_gz_description/share/ros_gz_description/models:${IGN_GAZEBO_RESOURCE_PATH} /usr/bin/cmake --install /workspace/ros2_ws_turtlebot3/build/ros_gz_bringup
[0.674s] Level 1:colcon.colcon_core.environment:checking '/workspace/ros2_ws_turtlebot3/install/ros_gz_bringup' for CMake config files
[0.674s] Level 1:colcon.colcon_core.shell:create_environment_hook('ros_gz_bringup', 'cmake_prefix_path')
[0.675s] INFO:colcon.colcon_core.shell:Creating environment hook '/workspace/ros2_ws_turtlebot3/install/ros_gz_bringup/share/ros_gz_bringup/hook/cmake_prefix_path.ps1'
[0.675s] INFO:colcon.colcon_core.shell:Creating environment descriptor '/workspace/ros2_ws_turtlebot3/install/ros_gz_bringup/share/ros_gz_bringup/hook/cmake_prefix_path.dsv'
[0.675s] INFO:colcon.colcon_core.shell:Creating environment hook '/workspace/ros2_ws_turtlebot3/install/ros_gz_bringup/share/ros_gz_bringup/hook/cmake_prefix_path.sh'
[0.676s] Level 1:colcon.colcon_core.environment:checking '/workspace/ros2_ws_turtlebot3/install/ros_gz_bringup/bin'
[0.676s] Level 1:colcon.colcon_core.environment:checking '/workspace/ros2_ws_turtlebot3/install/ros_gz_bringup/lib/pkgconfig/ros_gz_bringup.pc'
[0.676s] Level 1:colcon.colcon_core.environment:checking '/workspace/ros2_ws_turtlebot3/install/ros_gz_bringup/lib/python3.10/site-packages'
[0.676s] Level 1:colcon.colcon_core.environment:checking '/workspace/ros2_ws_turtlebot3/install/ros_gz_bringup/bin'
[0.677s] INFO:colcon.colcon_core.shell:Creating package script '/workspace/ros2_ws_turtlebot3/install/ros_gz_bringup/share/ros_gz_bringup/package.ps1'
[0.677s] INFO:colcon.colcon_core.shell:Creating package descriptor '/workspace/ros2_ws_turtlebot3/install/ros_gz_bringup/share/ros_gz_bringup/package.dsv'
[0.677s] INFO:colcon.colcon_core.shell:Creating package script '/workspace/ros2_ws_turtlebot3/install/ros_gz_bringup/share/ros_gz_bringup/package.sh'
[0.678s] INFO:colcon.colcon_core.shell:Creating package script '/workspace/ros2_ws_turtlebot3/install/ros_gz_bringup/share/ros_gz_bringup/package.bash'
[0.678s] INFO:colcon.colcon_core.shell:Creating package script '/workspace/ros2_ws_turtlebot3/install/ros_gz_bringup/share/ros_gz_bringup/package.zsh'
[0.678s] Level 1:colcon.colcon_core.environment:create_file_with_runtime_dependencies(/workspace/ros2_ws_turtlebot3/install/ros_gz_bringup/share/colcon-core/packages/ros_gz_bringup)
[0.698s] Level 1:colcon.colcon_core.environment:create_environment_scripts_only(ros_gz_bringup)
[0.698s] Level 1:colcon.colcon_core.environment:checking '/workspace/ros2_ws_turtlebot3/install/ros_gz_bringup' for CMake module files
[0.699s] Level 1:colcon.colcon_core.environment:checking '/workspace/ros2_ws_turtlebot3/install/ros_gz_bringup' for CMake config files
[0.699s] Level 1:colcon.colcon_core.shell:create_environment_hook('ros_gz_bringup', 'cmake_prefix_path')
[0.699s] INFO:colcon.colcon_core.shell:Creating environment hook '/workspace/ros2_ws_turtlebot3/install/ros_gz_bringup/share/ros_gz_bringup/hook/cmake_prefix_path.ps1'
[0.700s] INFO:colcon.colcon_core.shell:Creating environment descriptor '/workspace/ros2_ws_turtlebot3/install/ros_gz_bringup/share/ros_gz_bringup/hook/cmake_prefix_path.dsv'
[0.700s] INFO:colcon.colcon_core.shell:Creating environment hook '/workspace/ros2_ws_turtlebot3/install/ros_gz_bringup/share/ros_gz_bringup/hook/cmake_prefix_path.sh'
[0.701s] Level 1:colcon.colcon_core.environment:checking '/workspace/ros2_ws_turtlebot3/install/ros_gz_bringup/bin'
[0.701s] Level 1:colcon.colcon_core.environment:checking '/workspace/ros2_ws_turtlebot3/install/ros_gz_bringup/lib/pkgconfig/ros_gz_bringup.pc'
[0.701s] Level 1:colcon.colcon_core.environment:checking '/workspace/ros2_ws_turtlebot3/install/ros_gz_bringup/lib/python3.10/site-packages'
[0.701s] Level 1:colcon.colcon_core.environment:checking '/workspace/ros2_ws_turtlebot3/install/ros_gz_bringup/bin'
[0.702s] INFO:colcon.colcon_core.shell:Creating package script '/workspace/ros2_ws_turtlebot3/install/ros_gz_bringup/share/ros_gz_bringup/package.ps1'
[0.702s] INFO:colcon.colcon_core.shell:Creating package descriptor '/workspace/ros2_ws_turtlebot3/install/ros_gz_bringup/share/ros_gz_bringup/package.dsv'
[0.703s] INFO:colcon.colcon_core.shell:Creating package script '/workspace/ros2_ws_turtlebot3/install/ros_gz_bringup/share/ros_gz_bringup/package.sh'
[0.703s] INFO:colcon.colcon_core.shell:Creating package script '/workspace/ros2_ws_turtlebot3/install/ros_gz_bringup/share/ros_gz_bringup/package.bash'
[0.703s] INFO:colcon.colcon_core.shell:Creating package script '/workspace/ros2_ws_turtlebot3/install/ros_gz_bringup/share/ros_gz_bringup/package.zsh'
[0.704s] Level 1:colcon.colcon_core.environment:create_file_with_runtime_dependencies(/workspace/ros2_ws_turtlebot3/install/ros_gz_bringup/share/colcon-core/packages/ros_gz_bringup)
[0.704s] DEBUG:colcon.colcon_parallel_executor.executor.parallel:closing loop
[0.704s] DEBUG:colcon.colcon_parallel_executor.executor.parallel:loop closed
[0.705s] DEBUG:colcon.colcon_parallel_executor.executor.parallel:run_until_complete finished with '0'
[0.705s] DEBUG:colcon.colcon_core.event_reactor:joining thread
[0.723s] INFO:colcon.colcon_core.plugin_system:Skipping extension 'colcon_notification.desktop_notification.notify_send': Could not find 'notify-send'
[0.723s] INFO:colcon.colcon_core.plugin_system:Skipping extension 'colcon_notification.desktop_notification.terminal_notifier': Not used on non-Darwin systems
[0.723s] INFO:colcon.colcon_core.plugin_system:Skipping extension 'colcon_notification.desktop_notification.win32': Not used on non-Windows systems
[0.724s] INFO:colcon.colcon_notification.desktop_notification:Sending desktop notification using 'notify2'
[0.726s] DEBUG:colcon.colcon_notification.desktop_notification.notify2:Failed to initialize notify2: org.freedesktop.DBus.Error.Spawn.ExecFailed: /usr/bin/dbus-launch terminated abnormally without any error message
[0.726s] DEBUG:colcon.colcon_core.event_reactor:joined thread
[0.727s] INFO:colcon.colcon_core.shell:Creating prefix script '/workspace/ros2_ws_turtlebot3/install/local_setup.ps1'
[0.728s] INFO:colcon.colcon_core.shell:Creating prefix util module '/workspace/ros2_ws_turtlebot3/install/_local_setup_util_ps1.py'
[0.729s] INFO:colcon.colcon_core.shell:Creating prefix chain script '/workspace/ros2_ws_turtlebot3/install/setup.ps1'
[0.731s] INFO:colcon.colcon_core.shell:Creating prefix script '/workspace/ros2_ws_turtlebot3/install/local_setup.sh'
[0.731s] INFO:colcon.colcon_core.shell:Creating prefix util module '/workspace/ros2_ws_turtlebot3/install/_local_setup_util_sh.py'
[0.731s] INFO:colcon.colcon_core.shell:Creating prefix chain script '/workspace/ros2_ws_turtlebot3/install/setup.sh'
[0.733s] INFO:colcon.colcon_core.shell:Creating prefix script '/workspace/ros2_ws_turtlebot3/install/local_setup.bash'
[0.733s] INFO:colcon.colcon_core.shell:Creating prefix chain script '/workspace/ros2_ws_turtlebot3/install/setup.bash'
[0.735s] INFO:colcon.colcon_core.shell:Creating prefix script '/workspace/ros2_ws_turtlebot3/install/local_setup.zsh'
[0.735s] INFO:colcon.colcon_core.shell:Creating prefix chain script '/workspace/ros2_ws_turtlebot3/install/setup.zsh'
