[0.006s] Invoking command in '/workspace/ros2_ws_turtlebot3/build/ros_gz_bringup': AMENT_PREFIX_PATH=/workspace/ros2_ws_turtlebot3/install/ros_gz_gazebo:/workspace/ros2_ws_turtlebot3/install/ros_gz_description:${AMENT_PREFIX_PATH} CMAKE_PREFIX_PATH=/workspace/ros2_ws_turtlebot3/install/ros_gz_gazebo:/workspace/ros2_ws_turtlebot3/install/ros_gz_description:/opt/ros/humble IGN_GAZEBO_PLUGIN_PATH=/workspace/ros2_ws_turtlebot3/install/ros_gz_gazebo/lib/ros_gz_gazebo IGN_GAZEBO_RESOURCE_PATH=/workspace/ros2_ws_turtlebot3/install/ros_gz_gazebo/share/ros_gz_gazebo/worlds:/workspace/ros2_ws_turtlebot3/install/ros_gz_description/share/ros_gz_description/models /usr/bin/cmake /workspace/ros2_ws_turtlebot3/src/ros_gz/ros_gz_bringup -DCMAKE_INSTALL_PREFIX=/workspace/ros2_ws_turtlebot3/install/ros_gz_bringup
[0.040s] -- The C compiler identification is GNU 11.4.0
[0.077s] -- The CXX compiler identification is GNU 11.4.0
[0.081s] -- Detecting C compiler ABI info
[0.125s] -- Detecting C compiler ABI info - done
[0.129s] -- Check for working C compiler: /usr/bin/cc - skipped
[0.130s] -- Detecting C compile features
[0.130s] -- Detecting C compile features - done
[0.132s] -- Detecting CXX compiler ABI info
[0.182s] -- Detecting CXX compiler ABI info - done
[0.187s] -- Check for working CXX compiler: /usr/bin/c++ - skipped
[0.187s] -- Detecting CXX compile features
[0.187s] -- Detecting CXX compile features - done
[0.190s] -- Found ament_cmake: 1.3.10 (/opt/ros/humble/share/ament_cmake/cmake)
[0.284s] -- Found Python3: /usr/bin/python3 (found version "3.10.12") found components: Interpreter 
[0.349s] -- Found ros_gz_description: 0.0.0 (/workspace/ros2_ws_turtlebot3/install/ros_gz_description/share/ros_gz_description/cmake)
[0.349s] -- Found ros_gz_gazebo: 0.0.0 (/workspace/ros2_ws_turtlebot3/install/ros_gz_gazebo/share/ros_gz_gazebo/cmake)
[0.351s] -- Found ament_lint_auto: 0.12.11 (/opt/ros/humble/share/ament_lint_auto/cmake)
[0.390s] -- Configuring done
[0.391s] -- Generating done
[0.392s] -- Build files have been written to: /workspace/ros2_ws_turtlebot3/build/ros_gz_bringup
[0.395s] Invoked command in '/workspace/ros2_ws_turtlebot3/build/ros_gz_bringup' returned '0': AMENT_PREFIX_PATH=/workspace/ros2_ws_turtlebot3/install/ros_gz_gazebo:/workspace/ros2_ws_turtlebot3/install/ros_gz_description:${AMENT_PREFIX_PATH} CMAKE_PREFIX_PATH=/workspace/ros2_ws_turtlebot3/install/ros_gz_gazebo:/workspace/ros2_ws_turtlebot3/install/ros_gz_description:/opt/ros/humble IGN_GAZEBO_PLUGIN_PATH=/workspace/ros2_ws_turtlebot3/install/ros_gz_gazebo/lib/ros_gz_gazebo IGN_GAZEBO_RESOURCE_PATH=/workspace/ros2_ws_turtlebot3/install/ros_gz_gazebo/share/ros_gz_gazebo/worlds:/workspace/ros2_ws_turtlebot3/install/ros_gz_description/share/ros_gz_description/models /usr/bin/cmake /workspace/ros2_ws_turtlebot3/src/ros_gz/ros_gz_bringup -DCMAKE_INSTALL_PREFIX=/workspace/ros2_ws_turtlebot3/install/ros_gz_bringup
[0.396s] Invoking command in '/workspace/ros2_ws_turtlebot3/build/ros_gz_bringup': AMENT_PREFIX_PATH=/workspace/ros2_ws_turtlebot3/install/ros_gz_gazebo:/workspace/ros2_ws_turtlebot3/install/ros_gz_description:${AMENT_PREFIX_PATH} CMAKE_PREFIX_PATH=/workspace/ros2_ws_turtlebot3/install/ros_gz_gazebo:/workspace/ros2_ws_turtlebot3/install/ros_gz_description:/opt/ros/humble IGN_GAZEBO_PLUGIN_PATH=/workspace/ros2_ws_turtlebot3/install/ros_gz_gazebo/lib/ros_gz_gazebo IGN_GAZEBO_RESOURCE_PATH=/workspace/ros2_ws_turtlebot3/install/ros_gz_gazebo/share/ros_gz_gazebo/worlds:/workspace/ros2_ws_turtlebot3/install/ros_gz_description/share/ros_gz_description/models /usr/bin/cmake --build /workspace/ros2_ws_turtlebot3/build/ros_gz_bringup -- -j8 -l8
[0.419s] Invoked command in '/workspace/ros2_ws_turtlebot3/build/ros_gz_bringup' returned '0': AMENT_PREFIX_PATH=/workspace/ros2_ws_turtlebot3/install/ros_gz_gazebo:/workspace/ros2_ws_turtlebot3/install/ros_gz_description:${AMENT_PREFIX_PATH} CMAKE_PREFIX_PATH=/workspace/ros2_ws_turtlebot3/install/ros_gz_gazebo:/workspace/ros2_ws_turtlebot3/install/ros_gz_description:/opt/ros/humble IGN_GAZEBO_PLUGIN_PATH=/workspace/ros2_ws_turtlebot3/install/ros_gz_gazebo/lib/ros_gz_gazebo IGN_GAZEBO_RESOURCE_PATH=/workspace/ros2_ws_turtlebot3/install/ros_gz_gazebo/share/ros_gz_gazebo/worlds:/workspace/ros2_ws_turtlebot3/install/ros_gz_description/share/ros_gz_description/models /usr/bin/cmake --build /workspace/ros2_ws_turtlebot3/build/ros_gz_bringup -- -j8 -l8
[0.432s] Invoking command in '/workspace/ros2_ws_turtlebot3/build/ros_gz_bringup': AMENT_PREFIX_PATH=/workspace/ros2_ws_turtlebot3/install/ros_gz_gazebo:/workspace/ros2_ws_turtlebot3/install/ros_gz_description:${AMENT_PREFIX_PATH} CMAKE_PREFIX_PATH=/workspace/ros2_ws_turtlebot3/install/ros_gz_gazebo:/workspace/ros2_ws_turtlebot3/install/ros_gz_description:/opt/ros/humble IGN_GAZEBO_PLUGIN_PATH=/workspace/ros2_ws_turtlebot3/install/ros_gz_gazebo/lib/ros_gz_gazebo IGN_GAZEBO_RESOURCE_PATH=/workspace/ros2_ws_turtlebot3/install/ros_gz_gazebo/share/ros_gz_gazebo/worlds:/workspace/ros2_ws_turtlebot3/install/ros_gz_description/share/ros_gz_description/models /usr/bin/cmake --install /workspace/ros2_ws_turtlebot3/build/ros_gz_bringup
[0.437s] -- Install configuration: ""
[0.437s] -- Installing: /workspace/ros2_ws_turtlebot3/install/ros_gz_bringup/share/ros_gz_bringup/launch
[0.437s] -- Installing: /workspace/ros2_ws_turtlebot3/install/ros_gz_bringup/share/ros_gz_bringup/launch/launch.py
[0.438s] -- Installing: /workspace/ros2_ws_turtlebot3/install/ros_gz_bringup/share/ros_gz_bringup/config
[0.438s] -- Installing: /workspace/ros2_ws_turtlebot3/install/ros_gz_bringup/share/ros_gz_bringup/config/ros_gz_bridge.yaml
[0.438s] -- Installing: /workspace/ros2_ws_turtlebot3/install/ros_gz_bringup/share/ros_gz_bringup/config/turtlebot3.rviz
[0.438s] -- Installing: /workspace/ros2_ws_turtlebot3/install/ros_gz_bringup/share/ament_index/resource_index/package_run_dependencies/ros_gz_bringup
[0.438s] -- Installing: /workspace/ros2_ws_turtlebot3/install/ros_gz_bringup/share/ament_index/resource_index/parent_prefix_path/ros_gz_bringup
[0.438s] -- Installing: /workspace/ros2_ws_turtlebot3/install/ros_gz_bringup/share/ros_gz_bringup/environment/ament_prefix_path.sh
[0.438s] -- Installing: /workspace/ros2_ws_turtlebot3/install/ros_gz_bringup/share/ros_gz_bringup/environment/ament_prefix_path.dsv
[0.438s] -- Installing: /workspace/ros2_ws_turtlebot3/install/ros_gz_bringup/share/ros_gz_bringup/environment/path.sh
[0.438s] -- Installing: /workspace/ros2_ws_turtlebot3/install/ros_gz_bringup/share/ros_gz_bringup/environment/path.dsv
[0.438s] -- Installing: /workspace/ros2_ws_turtlebot3/install/ros_gz_bringup/share/ros_gz_bringup/local_setup.bash
[0.438s] -- Installing: /workspace/ros2_ws_turtlebot3/install/ros_gz_bringup/share/ros_gz_bringup/local_setup.sh
[0.438s] -- Installing: /workspace/ros2_ws_turtlebot3/install/ros_gz_bringup/share/ros_gz_bringup/local_setup.zsh
[0.438s] -- Installing: /workspace/ros2_ws_turtlebot3/install/ros_gz_bringup/share/ros_gz_bringup/local_setup.dsv
[0.439s] -- Installing: /workspace/ros2_ws_turtlebot3/install/ros_gz_bringup/share/ros_gz_bringup/package.dsv
[0.439s] -- Installing: /workspace/ros2_ws_turtlebot3/install/ros_gz_bringup/share/ament_index/resource_index/packages/ros_gz_bringup
[0.439s] -- Installing: /workspace/ros2_ws_turtlebot3/install/ros_gz_bringup/share/ros_gz_bringup/cmake/ros_gz_bringupConfig.cmake
[0.439s] -- Installing: /workspace/ros2_ws_turtlebot3/install/ros_gz_bringup/share/ros_gz_bringup/cmake/ros_gz_bringupConfig-version.cmake
[0.439s] -- Installing: /workspace/ros2_ws_turtlebot3/install/ros_gz_bringup/share/ros_gz_bringup/package.xml
[0.440s] Invoked command in '/workspace/ros2_ws_turtlebot3/build/ros_gz_bringup' returned '0': AMENT_PREFIX_PATH=/workspace/ros2_ws_turtlebot3/install/ros_gz_gazebo:/workspace/ros2_ws_turtlebot3/install/ros_gz_description:${AMENT_PREFIX_PATH} CMAKE_PREFIX_PATH=/workspace/ros2_ws_turtlebot3/install/ros_gz_gazebo:/workspace/ros2_ws_turtlebot3/install/ros_gz_description:/opt/ros/humble IGN_GAZEBO_PLUGIN_PATH=/workspace/ros2_ws_turtlebot3/install/ros_gz_gazebo/lib/ros_gz_gazebo IGN_GAZEBO_RESOURCE_PATH=/workspace/ros2_ws_turtlebot3/install/ros_gz_gazebo/share/ros_gz_gazebo/worlds:/workspace/ros2_ws_turtlebot3/install/ros_gz_description/share/ros_gz_description/models /usr/bin/cmake --install /workspace/ros2_ws_turtlebot3/build/ros_gz_bringup
