[0.019s] Invoking command in '/workspace/ros2_ws_turtlebot3/build/ros_gz_description': CMAKE_PREFIX_PATH=${CMAKE_PREFIX_PATH}:/opt/ros/humble /usr/bin/cmake --build /workspace/ros2_ws_turtlebot3/build/ros_gz_description -- -j8 -l8
[0.054s] Invoked command in '/workspace/ros2_ws_turtlebot3/build/ros_gz_description' returned '0': CMAKE_PREFIX_PATH=${CMAKE_PREFIX_PATH}:/opt/ros/humble /usr/bin/cmake --build /workspace/ros2_ws_turtlebot3/build/ros_gz_description -- -j8 -l8
[0.081s] Invoking command in '/workspace/ros2_ws_turtlebot3/build/ros_gz_description': CMAKE_PREFIX_PATH=${CMAKE_PREFIX_PATH}:/opt/ros/humble /usr/bin/cmake --install /workspace/ros2_ws_turtlebot3/build/ros_gz_description
[0.087s] -- Install configuration: ""
[0.087s] -- Up-to-date: /workspace/ros2_ws_turtlebot3/install/ros_gz_description/share/ros_gz_description/models
[0.087s] -- Up-to-date: /workspace/ros2_ws_turtlebot3/install/ros_gz_description/share/ros_gz_description/models/turtlebot3
[0.088s] -- Up-to-date: /workspace/ros2_ws_turtlebot3/install/ros_gz_description/share/ros_gz_description/models/turtlebot3/model_.sdf
[0.088s] -- Up-to-date: /workspace/ros2_ws_turtlebot3/install/ros_gz_description/share/ros_gz_description/models/turtlebot3/model.sdf
[0.088s] -- Up-to-date: /workspace/ros2_ws_turtlebot3/install/ros_gz_description/share/ros_gz_description/models/turtlebot3/meshes
[0.088s] -- Up-to-date: /workspace/ros2_ws_turtlebot3/install/ros_gz_description/share/ros_gz_description/models/turtlebot3/meshes/lds.dae
[0.088s] -- Up-to-date: /workspace/ros2_ws_turtlebot3/install/ros_gz_description/share/ros_gz_description/models/turtlebot3/meshes/tire.dae
[0.088s] -- Up-to-date: /workspace/ros2_ws_turtlebot3/install/ros_gz_description/share/ros_gz_description/models/turtlebot3/meshes/burger_base.dae
[0.088s] -- Up-to-date: /workspace/ros2_ws_turtlebot3/install/ros_gz_description/share/ros_gz_description/models/turtlebot3/meshes/waffle_pi_base.dae
[0.088s] -- Up-to-date: /workspace/ros2_ws_turtlebot3/install/ros_gz_description/share/ros_gz_description/models/turtlebot3/meshes/waffle_base.dae
[0.089s] -- Up-to-date: /workspace/ros2_ws_turtlebot3/install/ros_gz_description/share/ros_gz_description/models/turtlebot3/meshes/r200.dae
[0.089s] -- Up-to-date: /workspace/ros2_ws_turtlebot3/install/ros_gz_description/share/ros_gz_description/models/turtlebot3/model.config
[0.089s] -- Up-to-date: /workspace/ros2_ws_turtlebot3/install/ros_gz_description/share/ros_gz_description/environment/ros_gz_description.dsv
[0.089s] -- Up-to-date: /workspace/ros2_ws_turtlebot3/install/ros_gz_description/share/ros_gz_description/environment/ros_gz_description.sh
[0.089s] -- Up-to-date: /workspace/ros2_ws_turtlebot3/install/ros_gz_description/share/ament_index/resource_index/package_run_dependencies/ros_gz_description
[0.089s] -- Up-to-date: /workspace/ros2_ws_turtlebot3/install/ros_gz_description/share/ament_index/resource_index/parent_prefix_path/ros_gz_description
[0.089s] -- Up-to-date: /workspace/ros2_ws_turtlebot3/install/ros_gz_description/share/ros_gz_description/environment/ament_prefix_path.sh
[0.089s] -- Up-to-date: /workspace/ros2_ws_turtlebot3/install/ros_gz_description/share/ros_gz_description/environment/ament_prefix_path.dsv
[0.089s] -- Up-to-date: /workspace/ros2_ws_turtlebot3/install/ros_gz_description/share/ros_gz_description/environment/path.sh
[0.090s] -- Up-to-date: /workspace/ros2_ws_turtlebot3/install/ros_gz_description/share/ros_gz_description/environment/path.dsv
[0.090s] -- Up-to-date: /workspace/ros2_ws_turtlebot3/install/ros_gz_description/share/ros_gz_description/local_setup.bash
[0.090s] -- Up-to-date: /workspace/ros2_ws_turtlebot3/install/ros_gz_description/share/ros_gz_description/local_setup.sh
[0.090s] -- Up-to-date: /workspace/ros2_ws_turtlebot3/install/ros_gz_description/share/ros_gz_description/local_setup.zsh
[0.090s] -- Up-to-date: /workspace/ros2_ws_turtlebot3/install/ros_gz_description/share/ros_gz_description/local_setup.dsv
[0.090s] -- Installing: /workspace/ros2_ws_turtlebot3/install/ros_gz_description/share/ros_gz_description/package.dsv
[0.090s] -- Up-to-date: /workspace/ros2_ws_turtlebot3/install/ros_gz_description/share/ament_index/resource_index/packages/ros_gz_description
[0.091s] -- Up-to-date: /workspace/ros2_ws_turtlebot3/install/ros_gz_description/share/ros_gz_description/cmake/ros_gz_descriptionConfig.cmake
[0.091s] -- Up-to-date: /workspace/ros2_ws_turtlebot3/install/ros_gz_description/share/ros_gz_description/cmake/ros_gz_descriptionConfig-version.cmake
[0.091s] -- Up-to-date: /workspace/ros2_ws_turtlebot3/install/ros_gz_description/share/ros_gz_description/package.xml
[0.094s] Invoked command in '/workspace/ros2_ws_turtlebot3/build/ros_gz_description' returned '0': CMAKE_PREFIX_PATH=${CMAKE_PREFIX_PATH}:/opt/ros/humble /usr/bin/cmake --install /workspace/ros2_ws_turtlebot3/build/ros_gz_description
