[0.016s] Invoking command in '/workspace/ros2_ws_diff_drive/build/ros_gz_description': CMAKE_PREFIX_PATH=${CMAKE_PREFIX_PATH}:/opt/ros/humble /usr/bin/cmake --build /workspace/ros2_ws_diff_drive/build/ros_gz_description -- -j8 -l8
[0.050s] Invoked command in '/workspace/ros2_ws_diff_drive/build/ros_gz_description' returned '0': CMAKE_PREFIX_PATH=${CMAKE_PREFIX_PATH}:/opt/ros/humble /usr/bin/cmake --build /workspace/ros2_ws_diff_drive/build/ros_gz_description -- -j8 -l8
[0.077s] Invoking command in '/workspace/ros2_ws_diff_drive/build/ros_gz_description': CMAKE_PREFIX_PATH=${CMAKE_PREFIX_PATH}:/opt/ros/humble /usr/bin/cmake --install /workspace/ros2_ws_diff_drive/build/ros_gz_description
[0.084s] -- Install configuration: ""
[0.084s] -- Up-to-date: /workspace/ros2_ws_diff_drive/install/ros_gz_description/share/ros_gz_description/models
[0.084s] -- Up-to-date: /workspace/ros2_ws_diff_drive/install/ros_gz_description/share/ros_gz_description/models/diff_drive
[0.084s] -- Up-to-date: /workspace/ros2_ws_diff_drive/install/ros_gz_description/share/ros_gz_description/models/diff_drive/model.sdf
[0.084s] -- Up-to-date: /workspace/ros2_ws_diff_drive/install/ros_gz_description/share/ros_gz_description/models/diff_drive/model.config
[0.084s] -- Up-to-date: /workspace/ros2_ws_diff_drive/install/ros_gz_description/share/ros_gz_description/environment/ros_gz_description.dsv
[0.085s] -- Up-to-date: /workspace/ros2_ws_diff_drive/install/ros_gz_description/share/ros_gz_description/environment/ros_gz_description.sh
[0.085s] -- Up-to-date: /workspace/ros2_ws_diff_drive/install/ros_gz_description/share/ament_index/resource_index/package_run_dependencies/ros_gz_description
[0.085s] -- Up-to-date: /workspace/ros2_ws_diff_drive/install/ros_gz_description/share/ament_index/resource_index/parent_prefix_path/ros_gz_description
[0.085s] -- Up-to-date: /workspace/ros2_ws_diff_drive/install/ros_gz_description/share/ros_gz_description/environment/ament_prefix_path.sh
[0.085s] -- Up-to-date: /workspace/ros2_ws_diff_drive/install/ros_gz_description/share/ros_gz_description/environment/ament_prefix_path.dsv
[0.085s] -- Up-to-date: /workspace/ros2_ws_diff_drive/install/ros_gz_description/share/ros_gz_description/environment/path.sh
[0.085s] -- Up-to-date: /workspace/ros2_ws_diff_drive/install/ros_gz_description/share/ros_gz_description/environment/path.dsv
[0.085s] -- Up-to-date: /workspace/ros2_ws_diff_drive/install/ros_gz_description/share/ros_gz_description/local_setup.bash
[0.085s] -- Up-to-date: /workspace/ros2_ws_diff_drive/install/ros_gz_description/share/ros_gz_description/local_setup.sh
[0.086s] -- Up-to-date: /workspace/ros2_ws_diff_drive/install/ros_gz_description/share/ros_gz_description/local_setup.zsh
[0.086s] -- Up-to-date: /workspace/ros2_ws_diff_drive/install/ros_gz_description/share/ros_gz_description/local_setup.dsv
[0.087s] -- Installing: /workspace/ros2_ws_diff_drive/install/ros_gz_description/share/ros_gz_description/package.dsv
[0.087s] -- Up-to-date: /workspace/ros2_ws_diff_drive/install/ros_gz_description/share/ament_index/resource_index/packages/ros_gz_description
[0.087s] -- Up-to-date: /workspace/ros2_ws_diff_drive/install/ros_gz_description/share/ros_gz_description/cmake/ros_gz_descriptionConfig.cmake
[0.087s] -- Up-to-date: /workspace/ros2_ws_diff_drive/install/ros_gz_description/share/ros_gz_description/cmake/ros_gz_descriptionConfig-version.cmake
[0.087s] -- Up-to-date: /workspace/ros2_ws_diff_drive/install/ros_gz_description/share/ros_gz_description/package.xml
[0.089s] Invoked command in '/workspace/ros2_ws_diff_drive/build/ros_gz_description' returned '0': CMAKE_PREFIX_PATH=${CMAKE_PREFIX_PATH}:/opt/ros/humble /usr/bin/cmake --install /workspace/ros2_ws_diff_drive/build/ros_gz_description
