[0.009s] Invoking command in '/workspace/ros2_ws_diff_drive/build/ros_gz_gazebo': CMAKE_PREFIX_PATH=/workspace/ros2_ws_diff_drive/install/ros_gz_description:/workspace/ros2_ws_diff_drive/install/ros_gz_bringup:/workspace/ros2_ws_diff_drive/install/ros_gz_gazebo:/workspace/ros2_ws_diff_drive/install/launch:/opt/ros/humble IGN_GAZEBO_RESOURCE_PATH=/workspace/ros2_ws_diff_drive/install/ros_gz_description/share/ros_gz_description/models:${IGN_GAZEBO_RESOURCE_PATH} /usr/bin/cmake --build /workspace/ros2_ws_diff_drive/build/ros_gz_gazebo -- -j8 -l8
[0.059s] [100%] Built target FullSystem
[0.059s] [100%] Built target BasicSystem
[0.069s] Invoked command in '/workspace/ros2_ws_diff_drive/build/ros_gz_gazebo' returned '0': CMAKE_PREFIX_PATH=/workspace/ros2_ws_diff_drive/install/ros_gz_description:/workspace/ros2_ws_diff_drive/install/ros_gz_bringup:/workspace/ros2_ws_diff_drive/install/ros_gz_gazebo:/workspace/ros2_ws_diff_drive/install/launch:/opt/ros/humble IGN_GAZEBO_RESOURCE_PATH=/workspace/ros2_ws_diff_drive/install/ros_gz_description/share/ros_gz_description/models:${IGN_GAZEBO_RESOURCE_PATH} /usr/bin/cmake --build /workspace/ros2_ws_diff_drive/build/ros_gz_gazebo -- -j8 -l8
[0.095s] Invoking command in '/workspace/ros2_ws_diff_drive/build/ros_gz_gazebo': CMAKE_PREFIX_PATH=/workspace/ros2_ws_diff_drive/install/ros_gz_description:/workspace/ros2_ws_diff_drive/install/ros_gz_bringup:/workspace/ros2_ws_diff_drive/install/ros_gz_gazebo:/workspace/ros2_ws_diff_drive/install/launch:/opt/ros/humble IGN_GAZEBO_RESOURCE_PATH=/workspace/ros2_ws_diff_drive/install/ros_gz_description/share/ros_gz_description/models:${IGN_GAZEBO_RESOURCE_PATH} /usr/bin/cmake --install /workspace/ros2_ws_diff_drive/build/ros_gz_gazebo
[0.102s] -- Install configuration: ""
[0.102s] -- Up-to-date: /workspace/ros2_ws_diff_drive/install/ros_gz_gazebo/lib/ros_gz_gazebo/libBasicSystem.so
[0.102s] -- Up-to-date: /workspace/ros2_ws_diff_drive/install/ros_gz_gazebo/lib/ros_gz_gazebo/libFullSystem.so
[0.102s] -- Up-to-date: /workspace/ros2_ws_diff_drive/install/ros_gz_gazebo/share/ros_gz_gazebo/worlds
[0.102s] -- Up-to-date: /workspace/ros2_ws_diff_drive/install/ros_gz_gazebo/share/ros_gz_gazebo/worlds/meshes
[0.103s] -- Up-to-date: /workspace/ros2_ws_diff_drive/install/ros_gz_gazebo/share/ros_gz_gazebo/worlds/meshes/hexagon.dae
[0.103s] -- Up-to-date: /workspace/ros2_ws_diff_drive/install/ros_gz_gazebo/share/ros_gz_gazebo/worlds/meshes/wall.dae
[0.103s] -- Up-to-date: /workspace/ros2_ws_diff_drive/install/ros_gz_gazebo/share/ros_gz_gazebo/worlds/diff_drive_world.sdf
[0.103s] -- Up-to-date: /workspace/ros2_ws_diff_drive/install/ros_gz_gazebo/share/ros_gz_gazebo/environment/ros_gz_gazebo.dsv
[0.103s] -- Up-to-date: /workspace/ros2_ws_diff_drive/install/ros_gz_gazebo/share/ros_gz_gazebo/environment/ros_gz_gazebo.sh
[0.103s] -- Up-to-date: /workspace/ros2_ws_diff_drive/install/ros_gz_gazebo/share/ament_index/resource_index/package_run_dependencies/ros_gz_gazebo
[0.103s] -- Up-to-date: /workspace/ros2_ws_diff_drive/install/ros_gz_gazebo/share/ament_index/resource_index/parent_prefix_path/ros_gz_gazebo
[0.103s] -- Up-to-date: /workspace/ros2_ws_diff_drive/install/ros_gz_gazebo/share/ros_gz_gazebo/environment/ament_prefix_path.sh
[0.103s] -- Up-to-date: /workspace/ros2_ws_diff_drive/install/ros_gz_gazebo/share/ros_gz_gazebo/environment/ament_prefix_path.dsv
[0.103s] -- Up-to-date: /workspace/ros2_ws_diff_drive/install/ros_gz_gazebo/share/ros_gz_gazebo/environment/path.sh
[0.103s] -- Up-to-date: /workspace/ros2_ws_diff_drive/install/ros_gz_gazebo/share/ros_gz_gazebo/environment/path.dsv
[0.103s] -- Up-to-date: /workspace/ros2_ws_diff_drive/install/ros_gz_gazebo/share/ros_gz_gazebo/local_setup.bash
[0.103s] -- Up-to-date: /workspace/ros2_ws_diff_drive/install/ros_gz_gazebo/share/ros_gz_gazebo/local_setup.sh
[0.103s] -- Up-to-date: /workspace/ros2_ws_diff_drive/install/ros_gz_gazebo/share/ros_gz_gazebo/local_setup.zsh
[0.104s] -- Up-to-date: /workspace/ros2_ws_diff_drive/install/ros_gz_gazebo/share/ros_gz_gazebo/local_setup.dsv
[0.104s] -- Installing: /workspace/ros2_ws_diff_drive/install/ros_gz_gazebo/share/ros_gz_gazebo/package.dsv
[0.104s] -- Up-to-date: /workspace/ros2_ws_diff_drive/install/ros_gz_gazebo/share/ament_index/resource_index/packages/ros_gz_gazebo
[0.104s] -- Up-to-date: /workspace/ros2_ws_diff_drive/install/ros_gz_gazebo/share/ros_gz_gazebo/cmake/ros_gz_gazeboConfig.cmake
[0.104s] -- Up-to-date: /workspace/ros2_ws_diff_drive/install/ros_gz_gazebo/share/ros_gz_gazebo/cmake/ros_gz_gazeboConfig-version.cmake
[0.104s] -- Up-to-date: /workspace/ros2_ws_diff_drive/install/ros_gz_gazebo/share/ros_gz_gazebo/package.xml
[0.105s] Invoked command in '/workspace/ros2_ws_diff_drive/build/ros_gz_gazebo' returned '0': CMAKE_PREFIX_PATH=/workspace/ros2_ws_diff_drive/install/ros_gz_description:/workspace/ros2_ws_diff_drive/install/ros_gz_bringup:/workspace/ros2_ws_diff_drive/install/ros_gz_gazebo:/workspace/ros2_ws_diff_drive/install/launch:/opt/ros/humble IGN_GAZEBO_RESOURCE_PATH=/workspace/ros2_ws_diff_drive/install/ros_gz_description/share/ros_gz_description/models:${IGN_GAZEBO_RESOURCE_PATH} /usr/bin/cmake --install /workspace/ros2_ws_diff_drive/build/ros_gz_gazebo
