[0.103s] DEBUG:colcon:Command line arguments: ['/usr/bin/colcon', 'build']
[0.103s] DEBUG:colcon:Parsed command line arguments: Namespace(log_base=None, log_level=None, verb_name='build', build_base='build', install_base='install', merge_install=False, symlink_install=False, test_result_base=None, continue_on_error=False, executor='parallel', parallel_workers=8, event_handlers=None, ignore_user_meta=False, metas=['./colcon.meta'], base_paths=['.'], packages_ignore=None, packages_ignore_regex=None, paths=None, packages_up_to=None, packages_up_to_regex=None, packages_above=None, packages_above_and_dependencies=None, packages_above_depth=None, packages_select_by_dep=None, packages_skip_by_dep=None, packages_skip_up_to=None, packages_select_build_failed=False, packages_skip_build_finished=False, packages_select_test_failures=False, packages_skip_test_passed=False, packages_select=None, packages_skip=None, packages_select_regex=None, packages_skip_regex=None, packages_start=None, packages_end=None, cmake_args=None, cmake_target=None, cmake_target_skip_unavailable=False, cmake_clean_cache=False, cmake_clean_first=False, cmake_force_configure=False, ament_cmake_args=None, catkin_cmake_args=None, catkin_skip_building_tests=False, mixin_files=None, mixin=None, verb_parser=<colcon_mixin.mixin.mixin_argument.MixinArgumentDecorator object at 0x7c078a4d89a0>, verb_extension=<colcon_core.verb.build.BuildVerb object at 0x7c078a625030>, main=<bound method BuildVerb.main of <colcon_core.verb.build.BuildVerb object at 0x7c078a625030>>, mixin_verb=('build',))
[0.234s] Level 1:colcon.colcon_core.package_discovery:discover_packages(colcon_meta) check parameters
[0.234s] INFO:colcon.colcon_metadata.package_discovery.colcon_meta:Using configuration from '/root/.colcon/metadata/default/Gazebo.meta'
[0.235s] INFO:colcon.colcon_metadata.package_discovery.colcon_meta:Using configuration from '/root/.colcon/metadata/default/fastrtps.meta'
[0.235s] Level 1:colcon.colcon_core.package_discovery:discover_packages(recursive) check parameters
[0.235s] Level 1:colcon.colcon_core.package_discovery:discover_packages(ignore) check parameters
[0.235s] Level 1:colcon.colcon_core.package_discovery:discover_packages(path) check parameters
[0.235s] Level 1:colcon.colcon_core.package_discovery:discover_packages(colcon_meta) discover
[0.235s] Level 1:colcon.colcon_core.package_discovery:discover_packages(recursive) discover
[0.235s] INFO:colcon.colcon_core.package_discovery:Crawling recursively for packages in '/workspace/ros2_ws_turtlebot3'
[0.235s] Level 1:colcon.colcon_core.package_identification:_identify(.) by extensions ['ignore', 'ignore_ament_install']
[0.235s] Level 1:colcon.colcon_core.package_identification:_identify(.) by extension 'ignore'
[0.235s] Level 1:colcon.colcon_core.package_identification:_identify(.) by extension 'ignore_ament_install'
[0.235s] Level 1:colcon.colcon_core.package_identification:_identify(.) by extensions ['colcon_pkg']
[0.235s] Level 1:colcon.colcon_core.package_identification:_identify(.) by extension 'colcon_pkg'
[0.235s] Level 1:colcon.colcon_core.package_identification:_identify(.) by extensions ['colcon_meta']
[0.235s] Level 1:colcon.colcon_core.package_identification:_identify(.) by extension 'colcon_meta'
[0.235s] Level 1:colcon.colcon_core.package_identification:_identify(.) by extensions ['ros']
[0.235s] Level 1:colcon.colcon_core.package_identification:_identify(.) by extension 'ros'
[0.246s] Level 1:colcon.colcon_core.package_identification:_identify(.) by extensions ['cmake', 'python']
[0.246s] Level 1:colcon.colcon_core.package_identification:_identify(.) by extension 'cmake'
[0.247s] Level 1:colcon.colcon_core.package_identification:_identify(.) by extension 'python'
[0.247s] Level 1:colcon.colcon_core.package_identification:_identify(.) by extensions ['python_setup_py']
[0.247s] Level 1:colcon.colcon_core.package_identification:_identify(.) by extension 'python_setup_py'
[0.247s] Level 1:colcon.colcon_core.package_identification:_identify(build) by extensions ['ignore', 'ignore_ament_install']
[0.247s] Level 1:colcon.colcon_core.package_identification:_identify(build) by extension 'ignore'
[0.247s] Level 1:colcon.colcon_core.package_identification:_identify(build) ignored
[0.247s] Level 1:colcon.colcon_core.package_identification:_identify(install) by extensions ['ignore', 'ignore_ament_install']
[0.247s] Level 1:colcon.colcon_core.package_identification:_identify(install) by extension 'ignore'
[0.247s] Level 1:colcon.colcon_core.package_identification:_identify(install) ignored
[0.247s] Level 1:colcon.colcon_core.package_identification:_identify(log) by extensions ['ignore', 'ignore_ament_install']
[0.247s] Level 1:colcon.colcon_core.package_identification:_identify(log) by extension 'ignore'
[0.247s] Level 1:colcon.colcon_core.package_identification:_identify(log) ignored
[0.247s] Level 1:colcon.colcon_core.package_identification:_identify(src) by extensions ['ignore', 'ignore_ament_install']
[0.247s] Level 1:colcon.colcon_core.package_identification:_identify(src) by extension 'ignore'
[0.247s] Level 1:colcon.colcon_core.package_identification:_identify(src) by extension 'ignore_ament_install'
[0.248s] Level 1:colcon.colcon_core.package_identification:_identify(src) by extensions ['colcon_pkg']
[0.248s] Level 1:colcon.colcon_core.package_identification:_identify(src) by extension 'colcon_pkg'
[0.248s] Level 1:colcon.colcon_core.package_identification:_identify(src) by extensions ['colcon_meta']
[0.248s] Level 1:colcon.colcon_core.package_identification:_identify(src) by extension 'colcon_meta'
[0.248s] Level 1:colcon.colcon_core.package_identification:_identify(src) by extensions ['ros']
[0.248s] Level 1:colcon.colcon_core.package_identification:_identify(src) by extension 'ros'
[0.248s] Level 1:colcon.colcon_core.package_identification:_identify(src) by extensions ['cmake', 'python']
[0.248s] Level 1:colcon.colcon_core.package_identification:_identify(src) by extension 'cmake'
[0.248s] Level 1:colcon.colcon_core.package_identification:_identify(src) by extension 'python'
[0.248s] Level 1:colcon.colcon_core.package_identification:_identify(src) by extensions ['python_setup_py']
[0.248s] Level 1:colcon.colcon_core.package_identification:_identify(src) by extension 'python_setup_py'
[0.248s] Level 1:colcon.colcon_core.package_identification:_identify(src/launch) by extensions ['ignore', 'ignore_ament_install']
[0.248s] Level 1:colcon.colcon_core.package_identification:_identify(src/launch) by extension 'ignore'
[0.248s] Level 1:colcon.colcon_core.package_identification:_identify(src/launch) by extension 'ignore_ament_install'
[0.248s] Level 1:colcon.colcon_core.package_identification:_identify(src/launch) by extensions ['colcon_pkg']
[0.248s] Level 1:colcon.colcon_core.package_identification:_identify(src/launch) by extension 'colcon_pkg'
[0.248s] Level 1:colcon.colcon_core.package_identification:_identify(src/launch) by extensions ['colcon_meta']
[0.248s] Level 1:colcon.colcon_core.package_identification:_identify(src/launch) by extension 'colcon_meta'
[0.248s] Level 1:colcon.colcon_core.package_identification:_identify(src/launch) by extensions ['ros']
[0.248s] Level 1:colcon.colcon_core.package_identification:_identify(src/launch) by extension 'ros'
[0.250s] DEBUG:colcon.colcon_core.package_identification:Package 'src/launch' with type 'ros.ament_cmake' and name 'launch'
[0.250s] Level 1:colcon.colcon_core.package_identification:_identify(src/ros_gz) by extensions ['ignore', 'ignore_ament_install']
[0.251s] Level 1:colcon.colcon_core.package_identification:_identify(src/ros_gz) by extension 'ignore'
[0.251s] Level 1:colcon.colcon_core.package_identification:_identify(src/ros_gz) by extension 'ignore_ament_install'
[0.251s] Level 1:colcon.colcon_core.package_identification:_identify(src/ros_gz) by extensions ['colcon_pkg']
[0.251s] Level 1:colcon.colcon_core.package_identification:_identify(src/ros_gz) by extension 'colcon_pkg'
[0.251s] Level 1:colcon.colcon_core.package_identification:_identify(src/ros_gz) by extensions ['colcon_meta']
[0.251s] Level 1:colcon.colcon_core.package_identification:_identify(src/ros_gz) by extension 'colcon_meta'
[0.251s] Level 1:colcon.colcon_core.package_identification:_identify(src/ros_gz) by extensions ['ros']
[0.251s] Level 1:colcon.colcon_core.package_identification:_identify(src/ros_gz) by extension 'ros'
[0.251s] Level 1:colcon.colcon_core.package_identification:_identify(src/ros_gz) by extensions ['cmake', 'python']
[0.251s] Level 1:colcon.colcon_core.package_identification:_identify(src/ros_gz) by extension 'cmake'
[0.251s] Level 1:colcon.colcon_core.package_identification:_identify(src/ros_gz) by extension 'python'
[0.251s] Level 1:colcon.colcon_core.package_identification:_identify(src/ros_gz) by extensions ['python_setup_py']
[0.251s] Level 1:colcon.colcon_core.package_identification:_identify(src/ros_gz) by extension 'python_setup_py'
[0.251s] Level 1:colcon.colcon_core.package_identification:_identify(src/ros_gz/ros_gz_bringup) by extensions ['ignore', 'ignore_ament_install']
[0.251s] Level 1:colcon.colcon_core.package_identification:_identify(src/ros_gz/ros_gz_bringup) by extension 'ignore'
[0.251s] Level 1:colcon.colcon_core.package_identification:_identify(src/ros_gz/ros_gz_bringup) by extension 'ignore_ament_install'
[0.251s] Level 1:colcon.colcon_core.package_identification:_identify(src/ros_gz/ros_gz_bringup) by extensions ['colcon_pkg']
[0.251s] Level 1:colcon.colcon_core.package_identification:_identify(src/ros_gz/ros_gz_bringup) by extension 'colcon_pkg'
[0.251s] Level 1:colcon.colcon_core.package_identification:_identify(src/ros_gz/ros_gz_bringup) by extensions ['colcon_meta']
[0.251s] Level 1:colcon.colcon_core.package_identification:_identify(src/ros_gz/ros_gz_bringup) by extension 'colcon_meta'
[0.251s] Level 1:colcon.colcon_core.package_identification:_identify(src/ros_gz/ros_gz_bringup) by extensions ['ros']
[0.251s] Level 1:colcon.colcon_core.package_identification:_identify(src/ros_gz/ros_gz_bringup) by extension 'ros'
[0.252s] DEBUG:colcon.colcon_core.package_identification:Package 'src/ros_gz/ros_gz_bringup' with type 'ros.ament_cmake' and name 'ros_gz_bringup'
[0.253s] Level 1:colcon.colcon_core.package_identification:_identify(src/ros_gz/ros_gz_description) by extensions ['ignore', 'ignore_ament_install']
[0.253s] Level 1:colcon.colcon_core.package_identification:_identify(src/ros_gz/ros_gz_description) by extension 'ignore'
[0.253s] Level 1:colcon.colcon_core.package_identification:_identify(src/ros_gz/ros_gz_description) by extension 'ignore_ament_install'
[0.253s] Level 1:colcon.colcon_core.package_identification:_identify(src/ros_gz/ros_gz_description) by extensions ['colcon_pkg']
[0.253s] Level 1:colcon.colcon_core.package_identification:_identify(src/ros_gz/ros_gz_description) by extension 'colcon_pkg'
[0.253s] Level 1:colcon.colcon_core.package_identification:_identify(src/ros_gz/ros_gz_description) by extensions ['colcon_meta']
[0.253s] Level 1:colcon.colcon_core.package_identification:_identify(src/ros_gz/ros_gz_description) by extension 'colcon_meta'
[0.253s] Level 1:colcon.colcon_core.package_identification:_identify(src/ros_gz/ros_gz_description) by extensions ['ros']
[0.253s] Level 1:colcon.colcon_core.package_identification:_identify(src/ros_gz/ros_gz_description) by extension 'ros'
[0.254s] DEBUG:colcon.colcon_core.package_identification:Package 'src/ros_gz/ros_gz_description' with type 'ros.ament_cmake' and name 'ros_gz_description'
[0.254s] Level 1:colcon.colcon_core.package_identification:_identify(src/ros_gz/ros_gz_gazebo) by extensions ['ignore', 'ignore_ament_install']
[0.254s] Level 1:colcon.colcon_core.package_identification:_identify(src/ros_gz/ros_gz_gazebo) by extension 'ignore'
[0.254s] Level 1:colcon.colcon_core.package_identification:_identify(src/ros_gz/ros_gz_gazebo) by extension 'ignore_ament_install'
[0.254s] Level 1:colcon.colcon_core.package_identification:_identify(src/ros_gz/ros_gz_gazebo) by extensions ['colcon_pkg']
[0.254s] Level 1:colcon.colcon_core.package_identification:_identify(src/ros_gz/ros_gz_gazebo) by extension 'colcon_pkg'
[0.254s] Level 1:colcon.colcon_core.package_identification:_identify(src/ros_gz/ros_gz_gazebo) by extensions ['colcon_meta']
[0.254s] Level 1:colcon.colcon_core.package_identification:_identify(src/ros_gz/ros_gz_gazebo) by extension 'colcon_meta'
[0.254s] Level 1:colcon.colcon_core.package_identification:_identify(src/ros_gz/ros_gz_gazebo) by extensions ['ros']
[0.254s] Level 1:colcon.colcon_core.package_identification:_identify(src/ros_gz/ros_gz_gazebo) by extension 'ros'
[0.255s] DEBUG:colcon.colcon_core.package_identification:Package 'src/ros_gz/ros_gz_gazebo' with type 'ros.ament_cmake' and name 'ros_gz_gazebo'
[0.255s] Level 1:colcon.colcon_core.package_identification:_identify(src/slam_nav2_bringup) by extensions ['ignore', 'ignore_ament_install']
[0.255s] Level 1:colcon.colcon_core.package_identification:_identify(src/slam_nav2_bringup) by extension 'ignore'
[0.255s] Level 1:colcon.colcon_core.package_identification:_identify(src/slam_nav2_bringup) by extension 'ignore_ament_install'
[0.256s] Level 1:colcon.colcon_core.package_identification:_identify(src/slam_nav2_bringup) by extensions ['colcon_pkg']
[0.256s] Level 1:colcon.colcon_core.package_identification:_identify(src/slam_nav2_bringup) by extension 'colcon_pkg'
[0.256s] Level 1:colcon.colcon_core.package_identification:_identify(src/slam_nav2_bringup) by extensions ['colcon_meta']
[0.256s] Level 1:colcon.colcon_core.package_identification:_identify(src/slam_nav2_bringup) by extension 'colcon_meta'
[0.256s] Level 1:colcon.colcon_core.package_identification:_identify(src/slam_nav2_bringup) by extensions ['ros']
[0.256s] Level 1:colcon.colcon_core.package_identification:_identify(src/slam_nav2_bringup) by extension 'ros'
[0.256s] DEBUG:colcon.colcon_core.package_identification:Package 'src/slam_nav2_bringup' with type 'ros.ament_cmake' and name 'slam_nav2_bringup'
[0.257s] Level 1:colcon.colcon_core.package_discovery:discover_packages(recursive) using defaults
[0.257s] Level 1:colcon.colcon_core.package_discovery:discover_packages(ignore) discover
[0.257s] Level 1:colcon.colcon_core.package_discovery:discover_packages(ignore) using defaults
[0.257s] Level 1:colcon.colcon_core.package_discovery:discover_packages(path) discover
[0.257s] Level 1:colcon.colcon_core.package_discovery:discover_packages(path) using defaults
[0.278s] Level 5:colcon.colcon_core.verb:set package 'launch' build argument 'cmake_args' from command line to 'None'
[0.278s] Level 5:colcon.colcon_core.verb:set package 'launch' build argument 'cmake_target' from command line to 'None'
[0.278s] Level 5:colcon.colcon_core.verb:set package 'launch' build argument 'cmake_target_skip_unavailable' from command line to 'False'
[0.278s] Level 5:colcon.colcon_core.verb:set package 'launch' build argument 'cmake_clean_cache' from command line to 'False'
[0.278s] Level 5:colcon.colcon_core.verb:set package 'launch' build argument 'cmake_clean_first' from command line to 'False'
[0.278s] Level 5:colcon.colcon_core.verb:set package 'launch' build argument 'cmake_force_configure' from command line to 'False'
[0.278s] Level 5:colcon.colcon_core.verb:set package 'launch' build argument 'ament_cmake_args' from command line to 'None'
[0.278s] Level 5:colcon.colcon_core.verb:set package 'launch' build argument 'catkin_cmake_args' from command line to 'None'
[0.278s] Level 5:colcon.colcon_core.verb:set package 'launch' build argument 'catkin_skip_building_tests' from command line to 'False'
[0.278s] DEBUG:colcon.colcon_core.verb:Building package 'launch' with the following arguments: {'ament_cmake_args': None, 'build_base': '/workspace/ros2_ws_turtlebot3/build/launch', 'catkin_cmake_args': None, 'catkin_skip_building_tests': False, 'cmake_args': None, 'cmake_clean_cache': False, 'cmake_clean_first': False, 'cmake_force_configure': False, 'cmake_target': None, 'cmake_target_skip_unavailable': False, 'install_base': '/workspace/ros2_ws_turtlebot3/install/launch', 'merge_install': False, 'path': '/workspace/ros2_ws_turtlebot3/src/launch', 'symlink_install': False, 'test_result_base': None}
[0.279s] Level 5:colcon.colcon_core.verb:set package 'ros_gz_description' build argument 'cmake_args' from command line to 'None'
[0.279s] Level 5:colcon.colcon_core.verb:set package 'ros_gz_description' build argument 'cmake_target' from command line to 'None'
[0.279s] Level 5:colcon.colcon_core.verb:set package 'ros_gz_description' build argument 'cmake_target_skip_unavailable' from command line to 'False'
[0.279s] Level 5:colcon.colcon_core.verb:set package 'ros_gz_description' build argument 'cmake_clean_cache' from command line to 'False'
[0.279s] Level 5:colcon.colcon_core.verb:set package 'ros_gz_description' build argument 'cmake_clean_first' from command line to 'False'
[0.279s] Level 5:colcon.colcon_core.verb:set package 'ros_gz_description' build argument 'cmake_force_configure' from command line to 'False'
[0.279s] Level 5:colcon.colcon_core.verb:set package 'ros_gz_description' build argument 'ament_cmake_args' from command line to 'None'
[0.279s] Level 5:colcon.colcon_core.verb:set package 'ros_gz_description' build argument 'catkin_cmake_args' from command line to 'None'
[0.279s] Level 5:colcon.colcon_core.verb:set package 'ros_gz_description' build argument 'catkin_skip_building_tests' from command line to 'False'
[0.279s] DEBUG:colcon.colcon_core.verb:Building package 'ros_gz_description' with the following arguments: {'ament_cmake_args': None, 'build_base': '/workspace/ros2_ws_turtlebot3/build/ros_gz_description', 'catkin_cmake_args': None, 'catkin_skip_building_tests': False, 'cmake_args': None, 'cmake_clean_cache': False, 'cmake_clean_first': False, 'cmake_force_configure': False, 'cmake_target': None, 'cmake_target_skip_unavailable': False, 'install_base': '/workspace/ros2_ws_turtlebot3/install/ros_gz_description', 'merge_install': False, 'path': '/workspace/ros2_ws_turtlebot3/src/ros_gz/ros_gz_description', 'symlink_install': False, 'test_result_base': None}
[0.279s] Level 5:colcon.colcon_core.verb:set package 'slam_nav2_bringup' build argument 'cmake_args' from command line to 'None'
[0.279s] Level 5:colcon.colcon_core.verb:set package 'slam_nav2_bringup' build argument 'cmake_target' from command line to 'None'
[0.279s] Level 5:colcon.colcon_core.verb:set package 'slam_nav2_bringup' build argument 'cmake_target_skip_unavailable' from command line to 'False'
[0.279s] Level 5:colcon.colcon_core.verb:set package 'slam_nav2_bringup' build argument 'cmake_clean_cache' from command line to 'False'
[0.279s] Level 5:colcon.colcon_core.verb:set package 'slam_nav2_bringup' build argument 'cmake_clean_first' from command line to 'False'
[0.279s] Level 5:colcon.colcon_core.verb:set package 'slam_nav2_bringup' build argument 'cmake_force_configure' from command line to 'False'
[0.279s] Level 5:colcon.colcon_core.verb:set package 'slam_nav2_bringup' build argument 'ament_cmake_args' from command line to 'None'
[0.279s] Level 5:colcon.colcon_core.verb:set package 'slam_nav2_bringup' build argument 'catkin_cmake_args' from command line to 'None'
[0.279s] Level 5:colcon.colcon_core.verb:set package 'slam_nav2_bringup' build argument 'catkin_skip_building_tests' from command line to 'False'
[0.279s] DEBUG:colcon.colcon_core.verb:Building package 'slam_nav2_bringup' with the following arguments: {'ament_cmake_args': None, 'build_base': '/workspace/ros2_ws_turtlebot3/build/slam_nav2_bringup', 'catkin_cmake_args': None, 'catkin_skip_building_tests': False, 'cmake_args': None, 'cmake_clean_cache': False, 'cmake_clean_first': False, 'cmake_force_configure': False, 'cmake_target': None, 'cmake_target_skip_unavailable': False, 'install_base': '/workspace/ros2_ws_turtlebot3/install/slam_nav2_bringup', 'merge_install': False, 'path': '/workspace/ros2_ws_turtlebot3/src/slam_nav2_bringup', 'symlink_install': False, 'test_result_base': None}
[0.280s] Level 5:colcon.colcon_core.verb:set package 'ros_gz_gazebo' build argument 'cmake_args' from command line to 'None'
[0.280s] Level 5:colcon.colcon_core.verb:set package 'ros_gz_gazebo' build argument 'cmake_target' from command line to 'None'
[0.280s] Level 5:colcon.colcon_core.verb:set package 'ros_gz_gazebo' build argument 'cmake_target_skip_unavailable' from command line to 'False'
[0.280s] Level 5:colcon.colcon_core.verb:set package 'ros_gz_gazebo' build argument 'cmake_clean_cache' from command line to 'False'
[0.280s] Level 5:colcon.colcon_core.verb:set package 'ros_gz_gazebo' build argument 'cmake_clean_first' from command line to 'False'
[0.280s] Level 5:colcon.colcon_core.verb:set package 'ros_gz_gazebo' build argument 'cmake_force_configure' from command line to 'False'
[0.280s] Level 5:colcon.colcon_core.verb:set package 'ros_gz_gazebo' build argument 'ament_cmake_args' from command line to 'None'
[0.280s] Level 5:colcon.colcon_core.verb:set package 'ros_gz_gazebo' build argument 'catkin_cmake_args' from command line to 'None'
[0.280s] Level 5:colcon.colcon_core.verb:set package 'ros_gz_gazebo' build argument 'catkin_skip_building_tests' from command line to 'False'
[0.280s] DEBUG:colcon.colcon_core.verb:Building package 'ros_gz_gazebo' with the following arguments: {'ament_cmake_args': None, 'build_base': '/workspace/ros2_ws_turtlebot3/build/ros_gz_gazebo', 'catkin_cmake_args': None, 'catkin_skip_building_tests': False, 'cmake_args': None, 'cmake_clean_cache': False, 'cmake_clean_first': False, 'cmake_force_configure': False, 'cmake_target': None, 'cmake_target_skip_unavailable': False, 'install_base': '/workspace/ros2_ws_turtlebot3/install/ros_gz_gazebo', 'merge_install': False, 'path': '/workspace/ros2_ws_turtlebot3/src/ros_gz/ros_gz_gazebo', 'symlink_install': False, 'test_result_base': None}
[0.280s] Level 5:colcon.colcon_core.verb:set package 'ros_gz_bringup' build argument 'cmake_args' from command line to 'None'
[0.280s] Level 5:colcon.colcon_core.verb:set package 'ros_gz_bringup' build argument 'cmake_target' from command line to 'None'
[0.280s] Level 5:colcon.colcon_core.verb:set package 'ros_gz_bringup' build argument 'cmake_target_skip_unavailable' from command line to 'False'
[0.280s] Level 5:colcon.colcon_core.verb:set package 'ros_gz_bringup' build argument 'cmake_clean_cache' from command line to 'False'
[0.280s] Level 5:colcon.colcon_core.verb:set package 'ros_gz_bringup' build argument 'cmake_clean_first' from command line to 'False'
[0.280s] Level 5:colcon.colcon_core.verb:set package 'ros_gz_bringup' build argument 'cmake_force_configure' from command line to 'False'
[0.280s] Level 5:colcon.colcon_core.verb:set package 'ros_gz_bringup' build argument 'ament_cmake_args' from command line to 'None'
[0.280s] Level 5:colcon.colcon_core.verb:set package 'ros_gz_bringup' build argument 'catkin_cmake_args' from command line to 'None'
[0.280s] Level 5:colcon.colcon_core.verb:set package 'ros_gz_bringup' build argument 'catkin_skip_building_tests' from command line to 'False'
[0.280s] DEBUG:colcon.colcon_core.verb:Building package 'ros_gz_bringup' with the following arguments: {'ament_cmake_args': None, 'build_base': '/workspace/ros2_ws_turtlebot3/build/ros_gz_bringup', 'catkin_cmake_args': None, 'catkin_skip_building_tests': False, 'cmake_args': None, 'cmake_clean_cache': False, 'cmake_clean_first': False, 'cmake_force_configure': False, 'cmake_target': None, 'cmake_target_skip_unavailable': False, 'install_base': '/workspace/ros2_ws_turtlebot3/install/ros_gz_bringup', 'merge_install': False, 'path': '/workspace/ros2_ws_turtlebot3/src/ros_gz/ros_gz_bringup', 'symlink_install': False, 'test_result_base': None}
[0.280s] INFO:colcon.colcon_core.executor:Executing jobs using 'parallel' executor
[0.282s] DEBUG:colcon.colcon_parallel_executor.executor.parallel:run_until_complete
[0.282s] INFO:colcon.colcon_ros.task.ament_cmake.build:Building ROS package in '/workspace/ros2_ws_turtlebot3/src/ros_gz/ros_gz_description' with build type 'ament_cmake'
[0.282s] INFO:colcon.colcon_cmake.task.cmake.build:Building CMake package in '/workspace/ros2_ws_turtlebot3/src/ros_gz/ros_gz_description'
[0.284s] INFO:colcon.colcon_core.plugin_system:Skipping extension 'colcon_core.shell.bat': Not used on non-Windows systems
[0.284s] INFO:colcon.colcon_core.shell:Skip shell extension 'powershell' for command environment: Not usable outside of PowerShell
[0.284s] DEBUG:colcon.colcon_core.shell:Skip shell extension 'dsv' for command environment
[0.290s] INFO:colcon.colcon_ros.task.ament_cmake.build:Building ROS package in '/workspace/ros2_ws_turtlebot3/src/launch' with build type 'ament_cmake'
[0.290s] INFO:colcon.colcon_cmake.task.cmake.build:Building CMake package in '/workspace/ros2_ws_turtlebot3/src/launch'
[0.290s] INFO:colcon.colcon_core.shell:Skip shell extension 'powershell' for command environment: Not usable outside of PowerShell
[0.290s] DEBUG:colcon.colcon_core.shell:Skip shell extension 'dsv' for command environment
[0.294s] INFO:colcon.colcon_ros.task.ament_cmake.build:Building ROS package in '/workspace/ros2_ws_turtlebot3/src/slam_nav2_bringup' with build type 'ament_cmake'
[0.294s] INFO:colcon.colcon_cmake.task.cmake.build:Building CMake package in '/workspace/ros2_ws_turtlebot3/src/slam_nav2_bringup'
[0.294s] INFO:colcon.colcon_core.shell:Skip shell extension 'powershell' for command environment: Not usable outside of PowerShell
[0.294s] DEBUG:colcon.colcon_core.shell:Skip shell extension 'dsv' for command environment
[0.303s] DEBUG:colcon.colcon_core.event_handler.log_command:Invoking command in '/workspace/ros2_ws_turtlebot3/build/ros_gz_description': CMAKE_PREFIX_PATH=${CMAKE_PREFIX_PATH}:/opt/ros/humble /usr/bin/cmake --build /workspace/ros2_ws_turtlebot3/build/ros_gz_description -- -j8 -l8
[0.306s] DEBUG:colcon.colcon_core.event_handler.log_command:Invoking command in '/workspace/ros2_ws_turtlebot3/build/launch': CMAKE_PREFIX_PATH=${CMAKE_PREFIX_PATH}:/opt/ros/humble /usr/bin/cmake --build /workspace/ros2_ws_turtlebot3/build/launch -- -j8 -l8
[0.310s] DEBUG:colcon.colcon_core.event_handler.log_command:Invoking command in '/workspace/ros2_ws_turtlebot3/build/slam_nav2_bringup': CMAKE_PREFIX_PATH=${CMAKE_PREFIX_PATH}:/opt/ros/humble /usr/bin/cmake --build /workspace/ros2_ws_turtlebot3/build/slam_nav2_bringup -- -j8 -l8
[0.336s] DEBUG:colcon.colcon_core.event_handler.log_command:Invoked command in '/workspace/ros2_ws_turtlebot3/build/ros_gz_description' returned '0': CMAKE_PREFIX_PATH=${CMAKE_PREFIX_PATH}:/opt/ros/humble /usr/bin/cmake --build /workspace/ros2_ws_turtlebot3/build/ros_gz_description -- -j8 -l8
[0.338s] DEBUG:colcon.colcon_core.event_handler.log_command:Invoked command in '/workspace/ros2_ws_turtlebot3/build/launch' returned '0': CMAKE_PREFIX_PATH=${CMAKE_PREFIX_PATH}:/opt/ros/humble /usr/bin/cmake --build /workspace/ros2_ws_turtlebot3/build/launch -- -j8 -l8
[0.344s] DEBUG:colcon.colcon_core.event_handler.log_command:Invoked command in '/workspace/ros2_ws_turtlebot3/build/slam_nav2_bringup' returned '0': CMAKE_PREFIX_PATH=${CMAKE_PREFIX_PATH}:/opt/ros/humble /usr/bin/cmake --build /workspace/ros2_ws_turtlebot3/build/slam_nav2_bringup -- -j8 -l8
[0.364s] DEBUG:colcon.colcon_core.event_handler.log_command:Invoking command in '/workspace/ros2_ws_turtlebot3/build/ros_gz_description': CMAKE_PREFIX_PATH=${CMAKE_PREFIX_PATH}:/opt/ros/humble /usr/bin/cmake --install /workspace/ros2_ws_turtlebot3/build/ros_gz_description
[0.366s] DEBUG:colcon.colcon_core.event_handler.log_command:Invoking command in '/workspace/ros2_ws_turtlebot3/build/launch': CMAKE_PREFIX_PATH=${CMAKE_PREFIX_PATH}:/opt/ros/humble /usr/bin/cmake --install /workspace/ros2_ws_turtlebot3/build/launch
[0.368s] DEBUG:colcon.colcon_core.event_handler.log_command:Invoking command in '/workspace/ros2_ws_turtlebot3/build/slam_nav2_bringup': CMAKE_PREFIX_PATH=${CMAKE_PREFIX_PATH}:/opt/ros/humble /usr/bin/cmake --install /workspace/ros2_ws_turtlebot3/build/slam_nav2_bringup
[0.374s] Level 1:colcon.colcon_core.environment:create_environment_scripts_only(ros_gz_description)
[0.376s] DEBUG:colcon.colcon_core.event_handler.log_command:Invoked command in '/workspace/ros2_ws_turtlebot3/build/ros_gz_description' returned '0': CMAKE_PREFIX_PATH=${CMAKE_PREFIX_PATH}:/opt/ros/humble /usr/bin/cmake --install /workspace/ros2_ws_turtlebot3/build/ros_gz_description
[0.380s] Level 1:colcon.colcon_core.environment:checking '/workspace/ros2_ws_turtlebot3/install/ros_gz_description' for CMake module files
[0.380s] Level 1:colcon.colcon_core.environment:checking '/workspace/ros2_ws_turtlebot3/install/ros_gz_description' for CMake config files
[0.381s] Level 1:colcon.colcon_core.shell:create_environment_hook('ros_gz_description', 'cmake_prefix_path')
[0.381s] INFO:colcon.colcon_core.shell:Creating environment hook '/workspace/ros2_ws_turtlebot3/install/ros_gz_description/share/ros_gz_description/hook/cmake_prefix_path.ps1'
[0.382s] INFO:colcon.colcon_core.shell:Creating environment descriptor '/workspace/ros2_ws_turtlebot3/install/ros_gz_description/share/ros_gz_description/hook/cmake_prefix_path.dsv'
[0.382s] INFO:colcon.colcon_core.shell:Creating environment hook '/workspace/ros2_ws_turtlebot3/install/ros_gz_description/share/ros_gz_description/hook/cmake_prefix_path.sh'
[0.384s] Level 1:colcon.colcon_core.environment:checking '/workspace/ros2_ws_turtlebot3/install/ros_gz_description/bin'
[0.384s] Level 1:colcon.colcon_core.environment:checking '/workspace/ros2_ws_turtlebot3/install/ros_gz_description/lib/pkgconfig/ros_gz_description.pc'
[0.386s] Level 1:colcon.colcon_core.environment:checking '/workspace/ros2_ws_turtlebot3/install/ros_gz_description/lib/python3.10/site-packages'
[0.386s] Level 1:colcon.colcon_core.environment:checking '/workspace/ros2_ws_turtlebot3/install/ros_gz_description/bin'
[0.387s] INFO:colcon.colcon_core.shell:Creating package script '/workspace/ros2_ws_turtlebot3/install/ros_gz_description/share/ros_gz_description/package.ps1'
[0.387s] INFO:colcon.colcon_core.shell:Creating package descriptor '/workspace/ros2_ws_turtlebot3/install/ros_gz_description/share/ros_gz_description/package.dsv'
[0.388s] INFO:colcon.colcon_core.shell:Creating package script '/workspace/ros2_ws_turtlebot3/install/ros_gz_description/share/ros_gz_description/package.sh'
[0.389s] INFO:colcon.colcon_core.shell:Creating package script '/workspace/ros2_ws_turtlebot3/install/ros_gz_description/share/ros_gz_description/package.bash'
[0.389s] INFO:colcon.colcon_core.shell:Creating package script '/workspace/ros2_ws_turtlebot3/install/ros_gz_description/share/ros_gz_description/package.zsh'
[0.390s] Level 1:colcon.colcon_core.environment:create_file_with_runtime_dependencies(/workspace/ros2_ws_turtlebot3/install/ros_gz_description/share/colcon-core/packages/ros_gz_description)
[0.391s] Level 1:colcon.colcon_core.environment:create_environment_scripts_only(slam_nav2_bringup)
[0.392s] Level 1:colcon.colcon_core.environment:checking '/workspace/ros2_ws_turtlebot3/install/slam_nav2_bringup' for CMake module files
[0.392s] DEBUG:colcon.colcon_core.event_handler.log_command:Invoked command in '/workspace/ros2_ws_turtlebot3/build/slam_nav2_bringup' returned '0': CMAKE_PREFIX_PATH=${CMAKE_PREFIX_PATH}:/opt/ros/humble /usr/bin/cmake --install /workspace/ros2_ws_turtlebot3/build/slam_nav2_bringup
[0.392s] Level 1:colcon.colcon_core.environment:checking '/workspace/ros2_ws_turtlebot3/install/slam_nav2_bringup' for CMake config files
[0.393s] Level 1:colcon.colcon_core.shell:create_environment_hook('slam_nav2_bringup', 'cmake_prefix_path')
[0.393s] INFO:colcon.colcon_core.shell:Creating environment hook '/workspace/ros2_ws_turtlebot3/install/slam_nav2_bringup/share/slam_nav2_bringup/hook/cmake_prefix_path.ps1'
[0.393s] INFO:colcon.colcon_core.shell:Creating environment descriptor '/workspace/ros2_ws_turtlebot3/install/slam_nav2_bringup/share/slam_nav2_bringup/hook/cmake_prefix_path.dsv'
[0.393s] INFO:colcon.colcon_core.shell:Creating environment hook '/workspace/ros2_ws_turtlebot3/install/slam_nav2_bringup/share/slam_nav2_bringup/hook/cmake_prefix_path.sh'
[0.394s] Level 1:colcon.colcon_core.environment:checking '/workspace/ros2_ws_turtlebot3/install/slam_nav2_bringup/bin'
[0.394s] Level 1:colcon.colcon_core.environment:checking '/workspace/ros2_ws_turtlebot3/install/slam_nav2_bringup/lib/pkgconfig/slam_nav2_bringup.pc'
[0.394s] Level 1:colcon.colcon_core.environment:checking '/workspace/ros2_ws_turtlebot3/install/slam_nav2_bringup/lib/python3.10/site-packages'
[0.394s] Level 1:colcon.colcon_core.environment:checking '/workspace/ros2_ws_turtlebot3/install/slam_nav2_bringup/bin'
[0.395s] INFO:colcon.colcon_core.shell:Creating package script '/workspace/ros2_ws_turtlebot3/install/slam_nav2_bringup/share/slam_nav2_bringup/package.ps1'
[0.395s] INFO:colcon.colcon_core.shell:Creating package descriptor '/workspace/ros2_ws_turtlebot3/install/slam_nav2_bringup/share/slam_nav2_bringup/package.dsv'
[0.396s] INFO:colcon.colcon_core.shell:Creating package script '/workspace/ros2_ws_turtlebot3/install/slam_nav2_bringup/share/slam_nav2_bringup/package.sh'
[0.396s] INFO:colcon.colcon_core.shell:Creating package script '/workspace/ros2_ws_turtlebot3/install/slam_nav2_bringup/share/slam_nav2_bringup/package.bash'
[0.396s] INFO:colcon.colcon_core.shell:Creating package script '/workspace/ros2_ws_turtlebot3/install/slam_nav2_bringup/share/slam_nav2_bringup/package.zsh'
[0.396s] Level 1:colcon.colcon_core.environment:create_file_with_runtime_dependencies(/workspace/ros2_ws_turtlebot3/install/slam_nav2_bringup/share/colcon-core/packages/slam_nav2_bringup)
[0.397s] Level 1:colcon.colcon_core.environment:create_environment_scripts_only(launch)
[0.398s] Level 1:colcon.colcon_core.environment:checking '/workspace/ros2_ws_turtlebot3/install/launch' for CMake module files
[0.398s] DEBUG:colcon.colcon_core.event_handler.log_command:Invoked command in '/workspace/ros2_ws_turtlebot3/build/launch' returned '0': CMAKE_PREFIX_PATH=${CMAKE_PREFIX_PATH}:/opt/ros/humble /usr/bin/cmake --install /workspace/ros2_ws_turtlebot3/build/launch
[0.398s] Level 1:colcon.colcon_core.environment:checking '/workspace/ros2_ws_turtlebot3/install/launch' for CMake config files
[0.399s] Level 1:colcon.colcon_core.shell:create_environment_hook('launch', 'cmake_prefix_path')
[0.399s] INFO:colcon.colcon_core.shell:Creating environment hook '/workspace/ros2_ws_turtlebot3/install/launch/share/launch/hook/cmake_prefix_path.ps1'
[0.399s] INFO:colcon.colcon_core.shell:Creating environment descriptor '/workspace/ros2_ws_turtlebot3/install/launch/share/launch/hook/cmake_prefix_path.dsv'
[0.399s] INFO:colcon.colcon_core.shell:Creating environment hook '/workspace/ros2_ws_turtlebot3/install/launch/share/launch/hook/cmake_prefix_path.sh'
[0.400s] Level 1:colcon.colcon_core.environment:checking '/workspace/ros2_ws_turtlebot3/install/launch/bin'
[0.400s] Level 1:colcon.colcon_core.environment:checking '/workspace/ros2_ws_turtlebot3/install/launch/lib/pkgconfig/launch.pc'
[0.400s] Level 1:colcon.colcon_core.environment:checking '/workspace/ros2_ws_turtlebot3/install/launch/lib/python3.10/site-packages'
[0.400s] Level 1:colcon.colcon_core.environment:checking '/workspace/ros2_ws_turtlebot3/install/launch/bin'
[0.401s] INFO:colcon.colcon_core.shell:Creating package script '/workspace/ros2_ws_turtlebot3/install/launch/share/launch/package.ps1'
[0.401s] INFO:colcon.colcon_core.shell:Creating package descriptor '/workspace/ros2_ws_turtlebot3/install/launch/share/launch/package.dsv'
[0.401s] INFO:colcon.colcon_core.shell:Creating package script '/workspace/ros2_ws_turtlebot3/install/launch/share/launch/package.sh'
[0.401s] INFO:colcon.colcon_core.shell:Creating package script '/workspace/ros2_ws_turtlebot3/install/launch/share/launch/package.bash'
[0.402s] INFO:colcon.colcon_core.shell:Creating package script '/workspace/ros2_ws_turtlebot3/install/launch/share/launch/package.zsh'
[0.402s] Level 1:colcon.colcon_core.environment:create_file_with_runtime_dependencies(/workspace/ros2_ws_turtlebot3/install/launch/share/colcon-core/packages/launch)
[0.409s] Level 1:colcon.colcon_core.environment:create_environment_scripts_only(ros_gz_description)
[0.409s] Level 1:colcon.colcon_core.environment:checking '/workspace/ros2_ws_turtlebot3/install/ros_gz_description' for CMake module files
[0.410s] Level 1:colcon.colcon_core.environment:checking '/workspace/ros2_ws_turtlebot3/install/ros_gz_description' for CMake config files
[0.410s] Level 1:colcon.colcon_core.shell:create_environment_hook('ros_gz_description', 'cmake_prefix_path')
[0.410s] INFO:colcon.colcon_core.shell:Creating environment hook '/workspace/ros2_ws_turtlebot3/install/ros_gz_description/share/ros_gz_description/hook/cmake_prefix_path.ps1'
[0.411s] INFO:colcon.colcon_core.shell:Creating environment descriptor '/workspace/ros2_ws_turtlebot3/install/ros_gz_description/share/ros_gz_description/hook/cmake_prefix_path.dsv'
[0.411s] INFO:colcon.colcon_core.shell:Creating environment hook '/workspace/ros2_ws_turtlebot3/install/ros_gz_description/share/ros_gz_description/hook/cmake_prefix_path.sh'
[0.412s] Level 1:colcon.colcon_core.environment:checking '/workspace/ros2_ws_turtlebot3/install/ros_gz_description/bin'
[0.412s] Level 1:colcon.colcon_core.environment:checking '/workspace/ros2_ws_turtlebot3/install/ros_gz_description/lib/pkgconfig/ros_gz_description.pc'
[0.412s] Level 1:colcon.colcon_core.environment:checking '/workspace/ros2_ws_turtlebot3/install/ros_gz_description/lib/python3.10/site-packages'
[0.413s] Level 1:colcon.colcon_core.environment:checking '/workspace/ros2_ws_turtlebot3/install/ros_gz_description/bin'
[0.413s] INFO:colcon.colcon_core.shell:Creating package script '/workspace/ros2_ws_turtlebot3/install/ros_gz_description/share/ros_gz_description/package.ps1'
[0.413s] INFO:colcon.colcon_core.shell:Creating package descriptor '/workspace/ros2_ws_turtlebot3/install/ros_gz_description/share/ros_gz_description/package.dsv'
[0.414s] INFO:colcon.colcon_core.shell:Creating package script '/workspace/ros2_ws_turtlebot3/install/ros_gz_description/share/ros_gz_description/package.sh'
[0.414s] INFO:colcon.colcon_core.shell:Creating package script '/workspace/ros2_ws_turtlebot3/install/ros_gz_description/share/ros_gz_description/package.bash'
[0.415s] INFO:colcon.colcon_core.shell:Creating package script '/workspace/ros2_ws_turtlebot3/install/ros_gz_description/share/ros_gz_description/package.zsh'
[0.415s] Level 1:colcon.colcon_core.environment:create_file_with_runtime_dependencies(/workspace/ros2_ws_turtlebot3/install/ros_gz_description/share/colcon-core/packages/ros_gz_description)
[0.415s] INFO:colcon.colcon_ros.task.ament_cmake.build:Building ROS package in '/workspace/ros2_ws_turtlebot3/src/ros_gz/ros_gz_gazebo' with build type 'ament_cmake'
[0.415s] INFO:colcon.colcon_cmake.task.cmake.build:Building CMake package in '/workspace/ros2_ws_turtlebot3/src/ros_gz/ros_gz_gazebo'
[0.416s] INFO:colcon.colcon_core.shell:Skip shell extension 'powershell' for command environment: Not usable outside of PowerShell
[0.416s] DEBUG:colcon.colcon_core.shell:Skip shell extension 'dsv' for command environment
[0.423s] Level 1:colcon.colcon_core.environment:create_environment_scripts_only(slam_nav2_bringup)
[0.424s] Level 1:colcon.colcon_core.environment:checking '/workspace/ros2_ws_turtlebot3/install/slam_nav2_bringup' for CMake module files
[0.424s] Level 1:colcon.colcon_core.environment:checking '/workspace/ros2_ws_turtlebot3/install/slam_nav2_bringup' for CMake config files
[0.424s] Level 1:colcon.colcon_core.shell:create_environment_hook('slam_nav2_bringup', 'cmake_prefix_path')
[0.425s] INFO:colcon.colcon_core.shell:Creating environment hook '/workspace/ros2_ws_turtlebot3/install/slam_nav2_bringup/share/slam_nav2_bringup/hook/cmake_prefix_path.ps1'
[0.425s] INFO:colcon.colcon_core.shell:Creating environment descriptor '/workspace/ros2_ws_turtlebot3/install/slam_nav2_bringup/share/slam_nav2_bringup/hook/cmake_prefix_path.dsv'
[0.425s] INFO:colcon.colcon_core.shell:Creating environment hook '/workspace/ros2_ws_turtlebot3/install/slam_nav2_bringup/share/slam_nav2_bringup/hook/cmake_prefix_path.sh'
[0.426s] Level 1:colcon.colcon_core.environment:checking '/workspace/ros2_ws_turtlebot3/install/slam_nav2_bringup/bin'
[0.426s] Level 1:colcon.colcon_core.environment:checking '/workspace/ros2_ws_turtlebot3/install/slam_nav2_bringup/lib/pkgconfig/slam_nav2_bringup.pc'
[0.426s] Level 1:colcon.colcon_core.environment:checking '/workspace/ros2_ws_turtlebot3/install/slam_nav2_bringup/lib/python3.10/site-packages'
[0.426s] Level 1:colcon.colcon_core.environment:checking '/workspace/ros2_ws_turtlebot3/install/slam_nav2_bringup/bin'
[0.426s] INFO:colcon.colcon_core.shell:Creating package script '/workspace/ros2_ws_turtlebot3/install/slam_nav2_bringup/share/slam_nav2_bringup/package.ps1'
[0.427s] INFO:colcon.colcon_core.shell:Creating package descriptor '/workspace/ros2_ws_turtlebot3/install/slam_nav2_bringup/share/slam_nav2_bringup/package.dsv'
[0.427s] INFO:colcon.colcon_core.shell:Creating package script '/workspace/ros2_ws_turtlebot3/install/slam_nav2_bringup/share/slam_nav2_bringup/package.sh'
[0.428s] INFO:colcon.colcon_core.shell:Creating package script '/workspace/ros2_ws_turtlebot3/install/slam_nav2_bringup/share/slam_nav2_bringup/package.bash'
[0.428s] INFO:colcon.colcon_core.shell:Creating package script '/workspace/ros2_ws_turtlebot3/install/slam_nav2_bringup/share/slam_nav2_bringup/package.zsh'
[0.428s] Level 1:colcon.colcon_core.environment:create_file_with_runtime_dependencies(/workspace/ros2_ws_turtlebot3/install/slam_nav2_bringup/share/colcon-core/packages/slam_nav2_bringup)
[0.429s] Level 1:colcon.colcon_core.environment:create_environment_scripts_only(launch)
[0.429s] Level 1:colcon.colcon_core.environment:checking '/workspace/ros2_ws_turtlebot3/install/launch' for CMake module files
[0.430s] Level 1:colcon.colcon_core.environment:checking '/workspace/ros2_ws_turtlebot3/install/launch' for CMake config files
[0.430s] Level 1:colcon.colcon_core.shell:create_environment_hook('launch', 'cmake_prefix_path')
[0.431s] INFO:colcon.colcon_core.shell:Creating environment hook '/workspace/ros2_ws_turtlebot3/install/launch/share/launch/hook/cmake_prefix_path.ps1'
[0.431s] INFO:colcon.colcon_core.shell:Creating environment descriptor '/workspace/ros2_ws_turtlebot3/install/launch/share/launch/hook/cmake_prefix_path.dsv'
[0.431s] INFO:colcon.colcon_core.shell:Creating environment hook '/workspace/ros2_ws_turtlebot3/install/launch/share/launch/hook/cmake_prefix_path.sh'
[0.432s] Level 1:colcon.colcon_core.environment:checking '/workspace/ros2_ws_turtlebot3/install/launch/bin'
[0.432s] Level 1:colcon.colcon_core.environment:checking '/workspace/ros2_ws_turtlebot3/install/launch/lib/pkgconfig/launch.pc'
[0.432s] Level 1:colcon.colcon_core.environment:checking '/workspace/ros2_ws_turtlebot3/install/launch/lib/python3.10/site-packages'
[0.432s] Level 1:colcon.colcon_core.environment:checking '/workspace/ros2_ws_turtlebot3/install/launch/bin'
[0.433s] INFO:colcon.colcon_core.shell:Creating package script '/workspace/ros2_ws_turtlebot3/install/launch/share/launch/package.ps1'
[0.433s] INFO:colcon.colcon_core.shell:Creating package descriptor '/workspace/ros2_ws_turtlebot3/install/launch/share/launch/package.dsv'
[0.433s] INFO:colcon.colcon_core.shell:Creating package script '/workspace/ros2_ws_turtlebot3/install/launch/share/launch/package.sh'
[0.434s] INFO:colcon.colcon_core.shell:Creating package script '/workspace/ros2_ws_turtlebot3/install/launch/share/launch/package.bash'
[0.434s] INFO:colcon.colcon_core.shell:Creating package script '/workspace/ros2_ws_turtlebot3/install/launch/share/launch/package.zsh'
[0.434s] Level 1:colcon.colcon_core.environment:create_file_with_runtime_dependencies(/workspace/ros2_ws_turtlebot3/install/launch/share/colcon-core/packages/launch)
[0.438s] DEBUG:colcon.colcon_core.event_handler.log_command:Invoking command in '/workspace/ros2_ws_turtlebot3/build/ros_gz_gazebo': CMAKE_PREFIX_PATH=/workspace/ros2_ws_turtlebot3/install/ros_gz_description:/workspace/ros2_ws_turtlebot3/install/slam_nav2_bringup:/workspace/ros2_ws_turtlebot3/install/ros_gz_bringup:/workspace/ros2_ws_turtlebot3/install/ros_gz_gazebo:/workspace/ros2_ws_turtlebot3/install/launch:/opt/ros/humble IGN_GAZEBO_RESOURCE_PATH=/workspace/ros2_ws_turtlebot3/install/ros_gz_description/share/ros_gz_description/models:${IGN_GAZEBO_RESOURCE_PATH} /usr/bin/cmake --build /workspace/ros2_ws_turtlebot3/build/ros_gz_gazebo -- -j8 -l8
[0.496s] DEBUG:colcon.colcon_core.event_handler.log_command:Invoked command in '/workspace/ros2_ws_turtlebot3/build/ros_gz_gazebo' returned '0': CMAKE_PREFIX_PATH=/workspace/ros2_ws_turtlebot3/install/ros_gz_description:/workspace/ros2_ws_turtlebot3/install/slam_nav2_bringup:/workspace/ros2_ws_turtlebot3/install/ros_gz_bringup:/workspace/ros2_ws_turtlebot3/install/ros_gz_gazebo:/workspace/ros2_ws_turtlebot3/install/launch:/opt/ros/humble IGN_GAZEBO_RESOURCE_PATH=/workspace/ros2_ws_turtlebot3/install/ros_gz_description/share/ros_gz_description/models:${IGN_GAZEBO_RESOURCE_PATH} /usr/bin/cmake --build /workspace/ros2_ws_turtlebot3/build/ros_gz_gazebo -- -j8 -l8
[0.522s] DEBUG:colcon.colcon_core.event_handler.log_command:Invoking command in '/workspace/ros2_ws_turtlebot3/build/ros_gz_gazebo': CMAKE_PREFIX_PATH=/workspace/ros2_ws_turtlebot3/install/ros_gz_description:/workspace/ros2_ws_turtlebot3/install/slam_nav2_bringup:/workspace/ros2_ws_turtlebot3/install/ros_gz_bringup:/workspace/ros2_ws_turtlebot3/install/ros_gz_gazebo:/workspace/ros2_ws_turtlebot3/install/launch:/opt/ros/humble IGN_GAZEBO_RESOURCE_PATH=/workspace/ros2_ws_turtlebot3/install/ros_gz_description/share/ros_gz_description/models:${IGN_GAZEBO_RESOURCE_PATH} /usr/bin/cmake --install /workspace/ros2_ws_turtlebot3/build/ros_gz_gazebo
[0.531s] Level 1:colcon.colcon_core.environment:create_environment_scripts_only(ros_gz_gazebo)
[0.531s] Level 1:colcon.colcon_core.environment:checking '/workspace/ros2_ws_turtlebot3/install/ros_gz_gazebo' for CMake module files
[0.532s] DEBUG:colcon.colcon_core.event_handler.log_command:Invoked command in '/workspace/ros2_ws_turtlebot3/build/ros_gz_gazebo' returned '0': CMAKE_PREFIX_PATH=/workspace/ros2_ws_turtlebot3/install/ros_gz_description:/workspace/ros2_ws_turtlebot3/install/slam_nav2_bringup:/workspace/ros2_ws_turtlebot3/install/ros_gz_bringup:/workspace/ros2_ws_turtlebot3/install/ros_gz_gazebo:/workspace/ros2_ws_turtlebot3/install/launch:/opt/ros/humble IGN_GAZEBO_RESOURCE_PATH=/workspace/ros2_ws_turtlebot3/install/ros_gz_description/share/ros_gz_description/models:${IGN_GAZEBO_RESOURCE_PATH} /usr/bin/cmake --install /workspace/ros2_ws_turtlebot3/build/ros_gz_gazebo
[0.532s] Level 1:colcon.colcon_core.environment:checking '/workspace/ros2_ws_turtlebot3/install/ros_gz_gazebo' for CMake config files
[0.532s] Level 1:colcon.colcon_core.shell:create_environment_hook('ros_gz_gazebo', 'cmake_prefix_path')
[0.533s] INFO:colcon.colcon_core.shell:Creating environment hook '/workspace/ros2_ws_turtlebot3/install/ros_gz_gazebo/share/ros_gz_gazebo/hook/cmake_prefix_path.ps1'
[0.533s] INFO:colcon.colcon_core.shell:Creating environment descriptor '/workspace/ros2_ws_turtlebot3/install/ros_gz_gazebo/share/ros_gz_gazebo/hook/cmake_prefix_path.dsv'
[0.533s] INFO:colcon.colcon_core.shell:Creating environment hook '/workspace/ros2_ws_turtlebot3/install/ros_gz_gazebo/share/ros_gz_gazebo/hook/cmake_prefix_path.sh'
[0.534s] Level 1:colcon.colcon_core.environment:checking '/workspace/ros2_ws_turtlebot3/install/ros_gz_gazebo/lib'
[0.534s] Level 1:colcon.colcon_core.environment:checking '/workspace/ros2_ws_turtlebot3/install/ros_gz_gazebo/bin'
[0.534s] Level 1:colcon.colcon_core.environment:checking '/workspace/ros2_ws_turtlebot3/install/ros_gz_gazebo/lib/pkgconfig/ros_gz_gazebo.pc'
[0.534s] Level 1:colcon.colcon_core.environment:checking '/workspace/ros2_ws_turtlebot3/install/ros_gz_gazebo/lib/python3.10/site-packages'
[0.534s] Level 1:colcon.colcon_core.environment:checking '/workspace/ros2_ws_turtlebot3/install/ros_gz_gazebo/bin'
[0.535s] INFO:colcon.colcon_core.shell:Creating package script '/workspace/ros2_ws_turtlebot3/install/ros_gz_gazebo/share/ros_gz_gazebo/package.ps1'
[0.535s] INFO:colcon.colcon_core.shell:Creating package descriptor '/workspace/ros2_ws_turtlebot3/install/ros_gz_gazebo/share/ros_gz_gazebo/package.dsv'
[0.535s] INFO:colcon.colcon_core.shell:Creating package script '/workspace/ros2_ws_turtlebot3/install/ros_gz_gazebo/share/ros_gz_gazebo/package.sh'
[0.536s] INFO:colcon.colcon_core.shell:Creating package script '/workspace/ros2_ws_turtlebot3/install/ros_gz_gazebo/share/ros_gz_gazebo/package.bash'
[0.536s] INFO:colcon.colcon_core.shell:Creating package script '/workspace/ros2_ws_turtlebot3/install/ros_gz_gazebo/share/ros_gz_gazebo/package.zsh'
[0.536s] Level 1:colcon.colcon_core.environment:create_file_with_runtime_dependencies(/workspace/ros2_ws_turtlebot3/install/ros_gz_gazebo/share/colcon-core/packages/ros_gz_gazebo)
[0.562s] Level 1:colcon.colcon_core.environment:create_environment_scripts_only(ros_gz_gazebo)
[0.562s] Level 1:colcon.colcon_core.environment:checking '/workspace/ros2_ws_turtlebot3/install/ros_gz_gazebo' for CMake module files
[0.563s] Level 1:colcon.colcon_core.environment:checking '/workspace/ros2_ws_turtlebot3/install/ros_gz_gazebo' for CMake config files
[0.563s] Level 1:colcon.colcon_core.shell:create_environment_hook('ros_gz_gazebo', 'cmake_prefix_path')
[0.563s] INFO:colcon.colcon_core.shell:Creating environment hook '/workspace/ros2_ws_turtlebot3/install/ros_gz_gazebo/share/ros_gz_gazebo/hook/cmake_prefix_path.ps1'
[0.564s] INFO:colcon.colcon_core.shell:Creating environment descriptor '/workspace/ros2_ws_turtlebot3/install/ros_gz_gazebo/share/ros_gz_gazebo/hook/cmake_prefix_path.dsv'
[0.564s] INFO:colcon.colcon_core.shell:Creating environment hook '/workspace/ros2_ws_turtlebot3/install/ros_gz_gazebo/share/ros_gz_gazebo/hook/cmake_prefix_path.sh'
[0.565s] Level 1:colcon.colcon_core.environment:checking '/workspace/ros2_ws_turtlebot3/install/ros_gz_gazebo/lib'
[0.565s] Level 1:colcon.colcon_core.environment:checking '/workspace/ros2_ws_turtlebot3/install/ros_gz_gazebo/bin'
[0.565s] Level 1:colcon.colcon_core.environment:checking '/workspace/ros2_ws_turtlebot3/install/ros_gz_gazebo/lib/pkgconfig/ros_gz_gazebo.pc'
[0.565s] Level 1:colcon.colcon_core.environment:checking '/workspace/ros2_ws_turtlebot3/install/ros_gz_gazebo/lib/python3.10/site-packages'
[0.565s] Level 1:colcon.colcon_core.environment:checking '/workspace/ros2_ws_turtlebot3/install/ros_gz_gazebo/bin'
[0.565s] INFO:colcon.colcon_core.shell:Creating package script '/workspace/ros2_ws_turtlebot3/install/ros_gz_gazebo/share/ros_gz_gazebo/package.ps1'
[0.566s] INFO:colcon.colcon_core.shell:Creating package descriptor '/workspace/ros2_ws_turtlebot3/install/ros_gz_gazebo/share/ros_gz_gazebo/package.dsv'
[0.566s] INFO:colcon.colcon_core.shell:Creating package script '/workspace/ros2_ws_turtlebot3/install/ros_gz_gazebo/share/ros_gz_gazebo/package.sh'
[0.567s] INFO:colcon.colcon_core.shell:Creating package script '/workspace/ros2_ws_turtlebot3/install/ros_gz_gazebo/share/ros_gz_gazebo/package.bash'
[0.567s] INFO:colcon.colcon_core.shell:Creating package script '/workspace/ros2_ws_turtlebot3/install/ros_gz_gazebo/share/ros_gz_gazebo/package.zsh'
[0.567s] Level 1:colcon.colcon_core.environment:create_file_with_runtime_dependencies(/workspace/ros2_ws_turtlebot3/install/ros_gz_gazebo/share/colcon-core/packages/ros_gz_gazebo)
[0.567s] INFO:colcon.colcon_ros.task.ament_cmake.build:Building ROS package in '/workspace/ros2_ws_turtlebot3/src/ros_gz/ros_gz_bringup' with build type 'ament_cmake'
[0.568s] INFO:colcon.colcon_cmake.task.cmake.build:Building CMake package in '/workspace/ros2_ws_turtlebot3/src/ros_gz/ros_gz_bringup'
[0.568s] INFO:colcon.colcon_core.shell:Skip shell extension 'powershell' for command environment: Not usable outside of PowerShell
[0.568s] DEBUG:colcon.colcon_core.shell:Skip shell extension 'dsv' for command environment
[0.578s] DEBUG:colcon.colcon_core.event_handler.log_command:Invoking command in '/workspace/ros2_ws_turtlebot3/build/ros_gz_bringup': CMAKE_PREFIX_PATH=/workspace/ros2_ws_turtlebot3/install/ros_gz_gazebo:/workspace/ros2_ws_turtlebot3/install/ros_gz_description:/workspace/ros2_ws_turtlebot3/install/slam_nav2_bringup:/workspace/ros2_ws_turtlebot3/install/ros_gz_bringup:/workspace/ros2_ws_turtlebot3/install/launch:/opt/ros/humble IGN_GAZEBO_PLUGIN_PATH=/workspace/ros2_ws_turtlebot3/install/ros_gz_gazebo/lib/ros_gz_gazebo IGN_GAZEBO_RESOURCE_PATH=/workspace/ros2_ws_turtlebot3/install/ros_gz_description/share/ros_gz_description/models:${IGN_GAZEBO_RESOURCE_PATH} /usr/bin/cmake --build /workspace/ros2_ws_turtlebot3/build/ros_gz_bringup -- -j8 -l8
[0.611s] DEBUG:colcon.colcon_core.event_handler.log_command:Invoked command in '/workspace/ros2_ws_turtlebot3/build/ros_gz_bringup' returned '0': CMAKE_PREFIX_PATH=/workspace/ros2_ws_turtlebot3/install/ros_gz_gazebo:/workspace/ros2_ws_turtlebot3/install/ros_gz_description:/workspace/ros2_ws_turtlebot3/install/slam_nav2_bringup:/workspace/ros2_ws_turtlebot3/install/ros_gz_bringup:/workspace/ros2_ws_turtlebot3/install/launch:/opt/ros/humble IGN_GAZEBO_PLUGIN_PATH=/workspace/ros2_ws_turtlebot3/install/ros_gz_gazebo/lib/ros_gz_gazebo IGN_GAZEBO_RESOURCE_PATH=/workspace/ros2_ws_turtlebot3/install/ros_gz_description/share/ros_gz_description/models:${IGN_GAZEBO_RESOURCE_PATH} /usr/bin/cmake --build /workspace/ros2_ws_turtlebot3/build/ros_gz_bringup -- -j8 -l8
[0.631s] DEBUG:colcon.colcon_core.event_handler.log_command:Invoking command in '/workspace/ros2_ws_turtlebot3/build/ros_gz_bringup': CMAKE_PREFIX_PATH=/workspace/ros2_ws_turtlebot3/install/ros_gz_gazebo:/workspace/ros2_ws_turtlebot3/install/ros_gz_description:/workspace/ros2_ws_turtlebot3/install/slam_nav2_bringup:/workspace/ros2_ws_turtlebot3/install/ros_gz_bringup:/workspace/ros2_ws_turtlebot3/install/launch:/opt/ros/humble IGN_GAZEBO_PLUGIN_PATH=/workspace/ros2_ws_turtlebot3/install/ros_gz_gazebo/lib/ros_gz_gazebo IGN_GAZEBO_RESOURCE_PATH=/workspace/ros2_ws_turtlebot3/install/ros_gz_description/share/ros_gz_description/models:${IGN_GAZEBO_RESOURCE_PATH} /usr/bin/cmake --install /workspace/ros2_ws_turtlebot3/build/ros_gz_bringup
[0.641s] Level 1:colcon.colcon_core.environment:create_environment_scripts_only(ros_gz_bringup)
[0.641s] Level 1:colcon.colcon_core.environment:checking '/workspace/ros2_ws_turtlebot3/install/ros_gz_bringup' for CMake module files
[0.642s] DEBUG:colcon.colcon_core.event_handler.log_command:Invoked command in '/workspace/ros2_ws_turtlebot3/build/ros_gz_bringup' returned '0': CMAKE_PREFIX_PATH=/workspace/ros2_ws_turtlebot3/install/ros_gz_gazebo:/workspace/ros2_ws_turtlebot3/install/ros_gz_description:/workspace/ros2_ws_turtlebot3/install/slam_nav2_bringup:/workspace/ros2_ws_turtlebot3/install/ros_gz_bringup:/workspace/ros2_ws_turtlebot3/install/launch:/opt/ros/humble IGN_GAZEBO_PLUGIN_PATH=/workspace/ros2_ws_turtlebot3/install/ros_gz_gazebo/lib/ros_gz_gazebo IGN_GAZEBO_RESOURCE_PATH=/workspace/ros2_ws_turtlebot3/install/ros_gz_description/share/ros_gz_description/models:${IGN_GAZEBO_RESOURCE_PATH} /usr/bin/cmake --install /workspace/ros2_ws_turtlebot3/build/ros_gz_bringup
[0.642s] Level 1:colcon.colcon_core.environment:checking '/workspace/ros2_ws_turtlebot3/install/ros_gz_bringup' for CMake config files
[0.642s] Level 1:colcon.colcon_core.shell:create_environment_hook('ros_gz_bringup', 'cmake_prefix_path')
[0.642s] INFO:colcon.colcon_core.shell:Creating environment hook '/workspace/ros2_ws_turtlebot3/install/ros_gz_bringup/share/ros_gz_bringup/hook/cmake_prefix_path.ps1'
[0.643s] INFO:colcon.colcon_core.shell:Creating environment descriptor '/workspace/ros2_ws_turtlebot3/install/ros_gz_bringup/share/ros_gz_bringup/hook/cmake_prefix_path.dsv'
[0.643s] INFO:colcon.colcon_core.shell:Creating environment hook '/workspace/ros2_ws_turtlebot3/install/ros_gz_bringup/share/ros_gz_bringup/hook/cmake_prefix_path.sh'
[0.643s] Level 1:colcon.colcon_core.environment:checking '/workspace/ros2_ws_turtlebot3/install/ros_gz_bringup/bin'
[0.643s] Level 1:colcon.colcon_core.environment:checking '/workspace/ros2_ws_turtlebot3/install/ros_gz_bringup/lib/pkgconfig/ros_gz_bringup.pc'
[0.644s] Level 1:colcon.colcon_core.environment:checking '/workspace/ros2_ws_turtlebot3/install/ros_gz_bringup/lib/python3.10/site-packages'
[0.644s] Level 1:colcon.colcon_core.environment:checking '/workspace/ros2_ws_turtlebot3/install/ros_gz_bringup/bin'
[0.644s] INFO:colcon.colcon_core.shell:Creating package script '/workspace/ros2_ws_turtlebot3/install/ros_gz_bringup/share/ros_gz_bringup/package.ps1'
[0.644s] INFO:colcon.colcon_core.shell:Creating package descriptor '/workspace/ros2_ws_turtlebot3/install/ros_gz_bringup/share/ros_gz_bringup/package.dsv'
[0.645s] INFO:colcon.colcon_core.shell:Creating package script '/workspace/ros2_ws_turtlebot3/install/ros_gz_bringup/share/ros_gz_bringup/package.sh'
[0.645s] INFO:colcon.colcon_core.shell:Creating package script '/workspace/ros2_ws_turtlebot3/install/ros_gz_bringup/share/ros_gz_bringup/package.bash'
[0.645s] INFO:colcon.colcon_core.shell:Creating package script '/workspace/ros2_ws_turtlebot3/install/ros_gz_bringup/share/ros_gz_bringup/package.zsh'
[0.646s] Level 1:colcon.colcon_core.environment:create_file_with_runtime_dependencies(/workspace/ros2_ws_turtlebot3/install/ros_gz_bringup/share/colcon-core/packages/ros_gz_bringup)
[0.665s] Level 1:colcon.colcon_core.environment:create_environment_scripts_only(ros_gz_bringup)
[0.665s] Level 1:colcon.colcon_core.environment:checking '/workspace/ros2_ws_turtlebot3/install/ros_gz_bringup' for CMake module files
[0.666s] Level 1:colcon.colcon_core.environment:checking '/workspace/ros2_ws_turtlebot3/install/ros_gz_bringup' for CMake config files
[0.666s] Level 1:colcon.colcon_core.shell:create_environment_hook('ros_gz_bringup', 'cmake_prefix_path')
[0.666s] INFO:colcon.colcon_core.shell:Creating environment hook '/workspace/ros2_ws_turtlebot3/install/ros_gz_bringup/share/ros_gz_bringup/hook/cmake_prefix_path.ps1'
[0.666s] INFO:colcon.colcon_core.shell:Creating environment descriptor '/workspace/ros2_ws_turtlebot3/install/ros_gz_bringup/share/ros_gz_bringup/hook/cmake_prefix_path.dsv'
[0.667s] INFO:colcon.colcon_core.shell:Creating environment hook '/workspace/ros2_ws_turtlebot3/install/ros_gz_bringup/share/ros_gz_bringup/hook/cmake_prefix_path.sh'
[0.667s] Level 1:colcon.colcon_core.environment:checking '/workspace/ros2_ws_turtlebot3/install/ros_gz_bringup/bin'
[0.667s] Level 1:colcon.colcon_core.environment:checking '/workspace/ros2_ws_turtlebot3/install/ros_gz_bringup/lib/pkgconfig/ros_gz_bringup.pc'
[0.668s] Level 1:colcon.colcon_core.environment:checking '/workspace/ros2_ws_turtlebot3/install/ros_gz_bringup/lib/python3.10/site-packages'
[0.668s] Level 1:colcon.colcon_core.environment:checking '/workspace/ros2_ws_turtlebot3/install/ros_gz_bringup/bin'
[0.668s] INFO:colcon.colcon_core.shell:Creating package script '/workspace/ros2_ws_turtlebot3/install/ros_gz_bringup/share/ros_gz_bringup/package.ps1'
[0.668s] INFO:colcon.colcon_core.shell:Creating package descriptor '/workspace/ros2_ws_turtlebot3/install/ros_gz_bringup/share/ros_gz_bringup/package.dsv'
[0.669s] INFO:colcon.colcon_core.shell:Creating package script '/workspace/ros2_ws_turtlebot3/install/ros_gz_bringup/share/ros_gz_bringup/package.sh'
[0.669s] INFO:colcon.colcon_core.shell:Creating package script '/workspace/ros2_ws_turtlebot3/install/ros_gz_bringup/share/ros_gz_bringup/package.bash'
[0.678s] INFO:colcon.colcon_core.shell:Creating package script '/workspace/ros2_ws_turtlebot3/install/ros_gz_bringup/share/ros_gz_bringup/package.zsh'
[0.679s] Level 1:colcon.colcon_core.environment:create_file_with_runtime_dependencies(/workspace/ros2_ws_turtlebot3/install/ros_gz_bringup/share/colcon-core/packages/ros_gz_bringup)
[0.679s] DEBUG:colcon.colcon_parallel_executor.executor.parallel:closing loop
[0.679s] DEBUG:colcon.colcon_parallel_executor.executor.parallel:loop closed
[0.680s] DEBUG:colcon.colcon_parallel_executor.executor.parallel:run_until_complete finished with '0'
[0.680s] DEBUG:colcon.colcon_core.event_reactor:joining thread
[0.685s] INFO:colcon.colcon_core.plugin_system:Skipping extension 'colcon_notification.desktop_notification.notify_send': Could not find 'notify-send'
[0.686s] INFO:colcon.colcon_core.plugin_system:Skipping extension 'colcon_notification.desktop_notification.terminal_notifier': Not used on non-Darwin systems
[0.686s] INFO:colcon.colcon_core.plugin_system:Skipping extension 'colcon_notification.desktop_notification.win32': Not used on non-Windows systems
[0.686s] INFO:colcon.colcon_notification.desktop_notification:Sending desktop notification using 'notify2'
[0.689s] DEBUG:colcon.colcon_notification.desktop_notification.notify2:Failed to initialize notify2: org.freedesktop.DBus.Error.Spawn.ExecFailed: /usr/bin/dbus-launch terminated abnormally without any error message
[0.689s] DEBUG:colcon.colcon_core.event_reactor:joined thread
[0.689s] INFO:colcon.colcon_core.shell:Creating prefix script '/workspace/ros2_ws_turtlebot3/install/local_setup.ps1'
[0.691s] INFO:colcon.colcon_core.shell:Creating prefix util module '/workspace/ros2_ws_turtlebot3/install/_local_setup_util_ps1.py'
[0.692s] INFO:colcon.colcon_core.shell:Creating prefix chain script '/workspace/ros2_ws_turtlebot3/install/setup.ps1'
[0.693s] INFO:colcon.colcon_core.shell:Creating prefix script '/workspace/ros2_ws_turtlebot3/install/local_setup.sh'
[0.694s] INFO:colcon.colcon_core.shell:Creating prefix util module '/workspace/ros2_ws_turtlebot3/install/_local_setup_util_sh.py'
[0.695s] INFO:colcon.colcon_core.shell:Creating prefix chain script '/workspace/ros2_ws_turtlebot3/install/setup.sh'
[0.696s] INFO:colcon.colcon_core.shell:Creating prefix script '/workspace/ros2_ws_turtlebot3/install/local_setup.bash'
[0.696s] INFO:colcon.colcon_core.shell:Creating prefix chain script '/workspace/ros2_ws_turtlebot3/install/setup.bash'
[0.698s] INFO:colcon.colcon_core.shell:Creating prefix script '/workspace/ros2_ws_turtlebot3/install/local_setup.zsh'
[0.698s] INFO:colcon.colcon_core.shell:Creating prefix chain script '/workspace/ros2_ws_turtlebot3/install/setup.zsh'
