[0.008s] Invoking command in '/workspace/ros2_ws_turtlebot3/build/slam_nav2_bringup': CMAKE_PREFIX_PATH=${CMAKE_PREFIX_PATH}:/opt/ros/humble /usr/bin/cmake /workspace/ros2_ws_turtlebot3/src/slam_nav2_bringup -DCMAKE_INSTALL_PREFIX=/workspace/ros2_ws_turtlebot3/install/slam_nav2_bringup
[0.080s] -- The C compiler identification is GNU 11.4.0
[0.139s] -- The CXX compiler identification is GNU 11.4.0
[0.144s] -- Detecting C compiler ABI info
[0.190s] -- Detecting C compiler ABI info - done
[0.195s] -- Check for working C compiler: /usr/bin/cc - skipped
[0.195s] -- Detecting C compile features
[0.196s] -- Detecting C compile features - done
[0.198s] -- Detecting CXX compiler ABI info
[0.251s] -- Detecting CXX compiler ABI info - done
[0.257s] -- Check for working CXX compiler: /usr/bin/c++ - skipped
[0.257s] -- Detecting CXX compile features
[0.257s] -- Detecting CXX compile features - done
[0.261s] -- Found ament_cmake: 1.3.10 (/opt/ros/humble/share/ament_cmake/cmake)
[0.364s] -- Found Python3: /usr/bin/python3 (found version "3.10.12") found components: Interpreter 
[0.433s] -- Found ament_lint_auto: 0.12.11 (/opt/ros/humble/share/ament_lint_auto/cmake)
[0.493s] -- Added test 'copyright' to check source files copyright and LICENSE
[0.495s] -- Added test 'flake8' to check Python code syntax and style conventions
[0.495s] -- Added test 'lint_cmake' to check CMake code style
[0.496s] -- Added test 'pep257' to check Python code against some of the docstring style conventions in PEP 257
[0.497s] -- Added test 'xmllint' to check XML markup files
[0.498s] -- Configuring done
[0.500s] -- Generating done
[0.501s] -- Build files have been written to: /workspace/ros2_ws_turtlebot3/build/slam_nav2_bringup
[0.503s] Invoked command in '/workspace/ros2_ws_turtlebot3/build/slam_nav2_bringup' returned '0': CMAKE_PREFIX_PATH=${CMAKE_PREFIX_PATH}:/opt/ros/humble /usr/bin/cmake /workspace/ros2_ws_turtlebot3/src/slam_nav2_bringup -DCMAKE_INSTALL_PREFIX=/workspace/ros2_ws_turtlebot3/install/slam_nav2_bringup
[0.504s] Invoking command in '/workspace/ros2_ws_turtlebot3/build/slam_nav2_bringup': CMAKE_PREFIX_PATH=${CMAKE_PREFIX_PATH}:/opt/ros/humble /usr/bin/cmake --build /workspace/ros2_ws_turtlebot3/build/slam_nav2_bringup -- -j8 -l8
[0.528s] Invoked command in '/workspace/ros2_ws_turtlebot3/build/slam_nav2_bringup' returned '0': CMAKE_PREFIX_PATH=${CMAKE_PREFIX_PATH}:/opt/ros/humble /usr/bin/cmake --build /workspace/ros2_ws_turtlebot3/build/slam_nav2_bringup -- -j8 -l8
[0.543s] Invoking command in '/workspace/ros2_ws_turtlebot3/build/slam_nav2_bringup': CMAKE_PREFIX_PATH=${CMAKE_PREFIX_PATH}:/opt/ros/humble /usr/bin/cmake --install /workspace/ros2_ws_turtlebot3/build/slam_nav2_bringup
[0.548s] -- Install configuration: ""
[0.548s] -- Installing: /workspace/ros2_ws_turtlebot3/install/slam_nav2_bringup/share/slam_nav2_bringup/launch
[0.548s] -- Installing: /workspace/ros2_ws_turtlebot3/install/slam_nav2_bringup/share/slam_nav2_bringup/launch/launch.py
[0.549s] -- Installing: /workspace/ros2_ws_turtlebot3/install/slam_nav2_bringup/share/slam_nav2_bringup/config
[0.549s] -- Installing: /workspace/ros2_ws_turtlebot3/install/slam_nav2_bringup/share/slam_nav2_bringup/config/mapper_params_online_async.yaml
[0.549s] -- Installing: /workspace/ros2_ws_turtlebot3/install/slam_nav2_bringup/share/slam_nav2_bringup/maps
[0.549s] -- Installing: /workspace/ros2_ws_turtlebot3/install/slam_nav2_bringup/share/slam_nav2_bringup/maps/map.yaml
[0.549s] -- Installing: /workspace/ros2_ws_turtlebot3/install/slam_nav2_bringup/share/slam_nav2_bringup/maps/map.pgm
[0.549s] -- Installing: /workspace/ros2_ws_turtlebot3/install/slam_nav2_bringup/share/slam_nav2_bringup/param
[0.549s] -- Installing: /workspace/ros2_ws_turtlebot3/install/slam_nav2_bringup/share/slam_nav2_bringup/param/turtlebot3_waffle.yaml
[0.549s] -- Installing: /workspace/ros2_ws_turtlebot3/install/slam_nav2_bringup/share/ament_index/resource_index/package_run_dependencies/slam_nav2_bringup
[0.549s] -- Installing: /workspace/ros2_ws_turtlebot3/install/slam_nav2_bringup/share/ament_index/resource_index/parent_prefix_path/slam_nav2_bringup
[0.549s] -- Installing: /workspace/ros2_ws_turtlebot3/install/slam_nav2_bringup/share/slam_nav2_bringup/environment/ament_prefix_path.sh
[0.549s] -- Installing: /workspace/ros2_ws_turtlebot3/install/slam_nav2_bringup/share/slam_nav2_bringup/environment/ament_prefix_path.dsv
[0.549s] -- Installing: /workspace/ros2_ws_turtlebot3/install/slam_nav2_bringup/share/slam_nav2_bringup/environment/path.sh
[0.549s] -- Installing: /workspace/ros2_ws_turtlebot3/install/slam_nav2_bringup/share/slam_nav2_bringup/environment/path.dsv
[0.549s] -- Installing: /workspace/ros2_ws_turtlebot3/install/slam_nav2_bringup/share/slam_nav2_bringup/local_setup.bash
[0.550s] -- Installing: /workspace/ros2_ws_turtlebot3/install/slam_nav2_bringup/share/slam_nav2_bringup/local_setup.sh
[0.550s] -- Installing: /workspace/ros2_ws_turtlebot3/install/slam_nav2_bringup/share/slam_nav2_bringup/local_setup.zsh
[0.550s] -- Installing: /workspace/ros2_ws_turtlebot3/install/slam_nav2_bringup/share/slam_nav2_bringup/local_setup.dsv
[0.550s] -- Installing: /workspace/ros2_ws_turtlebot3/install/slam_nav2_bringup/share/slam_nav2_bringup/package.dsv
[0.550s] -- Installing: /workspace/ros2_ws_turtlebot3/install/slam_nav2_bringup/share/ament_index/resource_index/packages/slam_nav2_bringup
[0.550s] -- Installing: /workspace/ros2_ws_turtlebot3/install/slam_nav2_bringup/share/slam_nav2_bringup/cmake/slam_nav2_bringupConfig.cmake
[0.550s] -- Installing: /workspace/ros2_ws_turtlebot3/install/slam_nav2_bringup/share/slam_nav2_bringup/cmake/slam_nav2_bringupConfig-version.cmake
[0.550s] -- Installing: /workspace/ros2_ws_turtlebot3/install/slam_nav2_bringup/share/slam_nav2_bringup/package.xml
[0.559s] Invoked command in '/workspace/ros2_ws_turtlebot3/build/slam_nav2_bringup' returned '0': CMAKE_PREFIX_PATH=${CMAKE_PREFIX_PATH}:/opt/ros/humble /usr/bin/cmake --install /workspace/ros2_ws_turtlebot3/build/slam_nav2_bringup
