-- The C compiler identification is GNU 11.4.0
-- The CXX compiler identification is GNU 11.4.0
-- Detecting C compiler ABI info
-- Detecting C compiler ABI info - done
-- Check for working C compiler: /usr/bin/cc - skipped
-- Detecting C compile features
-- Detecting C compile features - done
-- Detecting CXX compiler ABI info
-- Detecting CXX compiler ABI info - done
-- Check for working CXX compiler: /usr/bin/c++ - skipped
-- Detecting CXX compile features
-- Detecting CXX compile features - done
-- Found ament_cmake: 1.3.10 (/opt/ros/humble/share/ament_cmake/cmake)
-- Found Python3: /usr/bin/python3 (found version "3.10.12") found components: Interpreter 
-- Found rclcpp: 16.0.10 (/opt/ros/humble/share/rclcpp/cmake)
-- Found rosidl_generator_c: 3.1.5 (/opt/ros/humble/share/rosidl_generator_c/cmake)
-- Found rosidl_adapter: 3.1.5 (/opt/ros/humble/share/rosidl_adapter/cmake)
-- Found rosidl_generator_cpp: 3.1.5 (/opt/ros/humble/share/rosidl_generator_cpp/cmake)
-- Using all available rosidl_typesupport_c: rosidl_typesupport_fastrtps_c;rosidl_typesupport_introspection_c
-- Using all available rosidl_typesupport_cpp: rosidl_typesupport_fastrtps_cpp;rosidl_typesupport_introspection_cpp
-- Found rmw_implementation_cmake: 6.1.2 (/opt/ros/humble/share/rmw_implementation_cmake/cmake)
-- Found rmw_fastrtps_cpp: 6.2.7 (/opt/ros/humble/share/rmw_fastrtps_cpp/cmake)
-- Found OpenSSL: /usr/lib/x86_64-linux-gnu/libcrypto.so (found version "3.0.2")  
-- Found FastRTPS: /opt/ros/humble/include  
-- Using RMW implementation 'rmw_fastrtps_cpp' as default
-- Looking for pthread.h
-- Looking for pthread.h - found
-- Performing Test CMAKE_HAVE_LIBC_PTHREAD
-- Performing Test CMAKE_HAVE_LIBC_PTHREAD - Success
-- Found Threads: TRUE  
-- Found rclcpp_action: 16.0.10 (/opt/ros/humble/share/rclcpp_action/cmake)
-- Found nav2_msgs: 1.1.18 (/opt/ros/humble/share/nav2_msgs/cmake)
-- Found tf2: 0.25.7 (/opt/ros/humble/share/tf2/cmake)
-- Found tf2_geometry_msgs: 0.25.7 (/opt/ros/humble/share/tf2_geometry_msgs/cmake)
-- Found eigen3_cmake_module: 0.1.1 (/opt/ros/humble/share/eigen3_cmake_module/cmake)
-- Found Eigen3: TRUE (found version "3.4.0") 
-- Ensuring Eigen3 include directory is part of orocos-kdl CMake target
-- Configuring done
-- Generating done
-- Build files have been written to: /workspace/ros2_ws_turtlebot3/build/bt_nav2
[ 50%] [32mBuilding CXX object CMakeFiles/navigation_behavior.dir/src/navigation_behavior/navigation_behavior.cpp.o[0m
[ 50%] [32mBuilding CXX object CMakeFiles/initial_pose_publisher.dir/src/initial_pose_publisher/initial_pose_publisher.cpp.o[0m
[ 75%] [32m[1mLinking CXX executable navigation_behavior[0m
[100%] [32m[1mLinking CXX executable initial_pose_publisher[0m
[100%] Built target navigation_behavior
[100%] Built target initial_pose_publisher
-- Install configuration: ""
-- Installing: /workspace/ros2_ws_turtlebot3/install/bt_nav2/lib/bt_nav2/initial_pose_publisher
-- Set runtime path of "/workspace/ros2_ws_turtlebot3/install/bt_nav2/lib/bt_nav2/initial_pose_publisher" to ""
-- Installing: /workspace/ros2_ws_turtlebot3/install/bt_nav2/lib/bt_nav2/navigation_behavior
-- Set runtime path of "/workspace/ros2_ws_turtlebot3/install/bt_nav2/lib/bt_nav2/navigation_behavior" to ""
-- Installing: /workspace/ros2_ws_turtlebot3/install/bt_nav2/share/bt_nav2/launch
-- Installing: /workspace/ros2_ws_turtlebot3/install/bt_nav2/share/bt_nav2/launch/launch.py
-- Installing: /workspace/ros2_ws_turtlebot3/install/bt_nav2/share/bt_nav2/bt_xml
-- Installing: /workspace/ros2_ws_turtlebot3/install/bt_nav2/share/bt_nav2/bt_xml/tree.xml
-- Installing: /workspace/ros2_ws_turtlebot3/install/bt_nav2/share/ament_index/resource_index/package_run_dependencies/bt_nav2
-- Installing: /workspace/ros2_ws_turtlebot3/install/bt_nav2/share/ament_index/resource_index/parent_prefix_path/bt_nav2
-- Installing: /workspace/ros2_ws_turtlebot3/install/bt_nav2/share/bt_nav2/environment/ament_prefix_path.sh
-- Installing: /workspace/ros2_ws_turtlebot3/install/bt_nav2/share/bt_nav2/environment/ament_prefix_path.dsv
-- Installing: /workspace/ros2_ws_turtlebot3/install/bt_nav2/share/bt_nav2/environment/path.sh
-- Installing: /workspace/ros2_ws_turtlebot3/install/bt_nav2/share/bt_nav2/environment/path.dsv
-- Installing: /workspace/ros2_ws_turtlebot3/install/bt_nav2/share/bt_nav2/local_setup.bash
-- Installing: /workspace/ros2_ws_turtlebot3/install/bt_nav2/share/bt_nav2/local_setup.sh
-- Installing: /workspace/ros2_ws_turtlebot3/install/bt_nav2/share/bt_nav2/local_setup.zsh
-- Installing: /workspace/ros2_ws_turtlebot3/install/bt_nav2/share/bt_nav2/local_setup.dsv
-- Installing: /workspace/ros2_ws_turtlebot3/install/bt_nav2/share/bt_nav2/package.dsv
-- Installing: /workspace/ros2_ws_turtlebot3/install/bt_nav2/share/ament_index/resource_index/packages/bt_nav2
-- Installing: /workspace/ros2_ws_turtlebot3/install/bt_nav2/share/bt_nav2/cmake/bt_nav2Config.cmake
-- Installing: /workspace/ros2_ws_turtlebot3/install/bt_nav2/share/bt_nav2/cmake/bt_nav2Config-version.cmake
-- Installing: /workspace/ros2_ws_turtlebot3/install/bt_nav2/share/bt_nav2/package.xml
