[0.008s] Invoking command in '/workspace/ros2_ws_turtlebot3/build/ros_gz_gazebo': CMAKE_PREFIX_PATH=/workspace/ros2_ws_turtlebot3/install/ros_gz_description:/workspace/ros2_ws_turtlebot3/install/slam_toolbox_bringup:/workspace/ros2_ws_turtlebot3/install/slam_toolbox:/workspace/ros2_ws_turtlebot3/install/turtlebot3:/workspace/ros2_ws_turtlebot3/install/ros_gz_bringup:/workspace/ros2_ws_turtlebot3/install/ros_gz_gazebo:/workspace/ros2_ws_turtlebot3/install/launch:/opt/ros/humble IGN_GAZEBO_RESOURCE_PATH=/workspace/ros2_ws_turtlebot3/install/ros_gz_description/share/ros_gz_description/models:${IGN_GAZEBO_RESOURCE_PATH} /usr/bin/cmake /workspace/ros2_ws_turtlebot3/src/ros_gz/ros_gz_gazebo -DCMAKE_INSTALL_PREFIX=/workspace/ros2_ws_turtlebot3/install/ros_gz_gazebo
[0.018s] -- Found ament_cmake: 1.3.10 (/opt/ros/humble/share/ament_cmake/cmake)
[0.141s] -- Found ros_gz_description: 0.0.0 (/workspace/ros2_ws_turtlebot3/install/ros_gz_description/share/ros_gz_description/cmake)
[0.152s] -- Looking for ignition-plugin1 -- found version 1.4.0
[0.152s] -- Searching for dependencies of ignition-plugin1
[0.153s] -- Searching for <ignition-plugin1> component [register]
[0.157s] -- Looking for ignition-plugin1-register -- found version 1.4.0
[0.157s] -- Searching for dependencies of ignition-plugin1-register
[0.162s] -- Looking for ignition-common4 -- found version 4.7.0
[0.162s] -- Searching for dependencies of ignition-common4
[0.163s] -- Looking for dlfcn.h - found
[0.171s] -- Looking for libdl - found
[0.173s] -- Found DL: TRUE  
[0.178s] -- Checking for module 'uuid'
[0.189s] --   Found uuid, version 2.37.2
[0.215s] -- Found UUID: TRUE  
[0.216s] -- Searching for <ignition-common4> component [profiler]
[0.219s] -- Looking for ignition-common4-profiler -- found version 4.7.0
[0.220s] -- Searching for dependencies of ignition-common4-profiler
[0.226s] -- Looking for ignition-gazebo6 -- found version 6.16.0
[0.227s] -- Searching for dependencies of ignition-gazebo6
[0.231s] -- Looking for sdformat12 -- found version 12.7.2
[0.231s] -- Searching for dependencies of sdformat12
[0.236s] -- Checking for module 'tinyxml2'
[0.247s] --   Found tinyxml2, version 9.0.0
[0.276s] -- Looking for ignition-math6 -- found version 6.15.1
[0.276s] -- Searching for dependencies of ignition-math6
[0.281s] -- Looking for ignition-utils1 -- found version 1.5.1
[0.281s] -- Searching for dependencies of ignition-utils1
[0.283s] -- Looking for ignition-plugin1 -- found version 1.4.0
[0.283s] -- Searching for dependencies of ignition-plugin1
[0.284s] -- Searching for <ignition-plugin1> component [loader]
[0.288s] -- Looking for ignition-plugin1-loader -- found version 1.4.0
[0.288s] -- Searching for dependencies of ignition-plugin1-loader
[0.289s] -- Searching for <ignition-plugin1> component [register]
[0.293s] -- Looking for ignition-transport11 -- found version 11.4.1
[0.293s] -- Searching for dependencies of ignition-transport11
[0.462s] -- Found Protobuf: /usr/lib/x86_64-linux-gnu/libprotobuf.so (found version "3.12.4") 
[0.479s] -- Config-file not installed for ZeroMQ -- checking for pkg-config
[0.483s] -- Checking for module 'libzmq >= 4'
[0.494s] --   Found libzmq , version 4.3.4
[0.524s] -- Found ZeroMQ: TRUE (Required is at least version "4") 
[0.536s] -- Looking for ignition-utils1 -- found version 1.5.1
[0.536s] -- Searching for dependencies of ignition-utils1
[0.537s] -- Searching for <ignition-utils1> component [cli]
[0.540s] -- Looking for ignition-utils1-cli -- found version 1.5.1
[0.540s] -- Searching for dependencies of ignition-utils1-cli
[0.552s] -- Looking for ignition-msgs8 -- found version 8.7.0
[0.552s] -- Searching for dependencies of ignition-msgs8
[0.576s] -- Found Protobuf: /usr/lib/x86_64-linux-gnu/libprotobuf.so (found suitable version "3.12.4", minimum required is "3") 
[0.576s] -- Looking for ignition-math6 -- found version 6.15.1
[0.583s] -- Searching for <ignition-transport11> component [log]
[0.587s] -- Looking for ignition-transport11-log -- found version 11.4.1
[0.587s] -- Searching for dependencies of ignition-transport11-log
[0.588s] -- Searching for <ignition-transport11> component [parameters]
[0.591s] -- Looking for ignition-transport11-parameters -- found version 11.4.1
[0.592s] -- Searching for dependencies of ignition-transport11-parameters
[0.593s] -- Looking for ignition-msgs8 -- found version 8.7.0
[0.593s] -- Looking for ignition-common4 -- found version 4.7.0
[0.593s] -- Searching for dependencies of ignition-common4
[0.594s] -- Looking for dlfcn.h - found
[0.594s] -- Looking for libdl - found
[0.602s] -- Searching for <ignition-common4> component [profiler]
[0.602s] -- Searching for <ignition-common4> component [events]
[0.605s] -- Looking for ignition-common4-events -- found version 4.7.0
[0.606s] -- Searching for dependencies of ignition-common4-events
[0.606s] -- Looking for ignition-math6 -- found version 6.15.1
[0.607s] -- Searching for <ignition-common4> component [av]
[0.610s] -- Looking for ignition-common4-av -- found version 4.7.0
[0.611s] -- Searching for dependencies of ignition-common4-av
[0.615s] -- Checking for module 'libswscale'
[0.626s] --   Found libswscale, version 5.9.100
[0.653s] -- Found SWSCALE: TRUE  
[0.658s] -- Checking for module 'libavdevice >= 56.4.100'
[0.670s] --   Found libavdevice , version 58.13.100
[0.702s] -- Found AVDEVICE: TRUE (Required is at least version "56.4.100") 
[0.706s] -- Checking for module 'libavformat'
[0.717s] --   Found libavformat, version 58.76.100
[0.746s] -- Found AVFORMAT: TRUE  
[0.751s] -- Checking for module 'libavcodec'
[0.763s] --   Found libavcodec, version 58.134.100
[0.793s] -- Found AVCODEC: TRUE  
[0.798s] -- Checking for module 'libavutil'
[0.809s] --   Found libavutil, version 56.70.100
[0.838s] -- Found AVUTIL: TRUE  
[0.842s] -- Looking for ignition-fuel_tools7 -- found version 7.3.0
[0.842s] -- Searching for dependencies of ignition-fuel_tools7
[0.925s] -- Found CURL: /usr/lib/x86_64-linux-gnu/libcurl.so (found version "7.81.0")  
[0.934s] -- Checking for module 'jsoncpp'
[0.946s] --   Found jsoncpp, version 1.9.5
[0.974s] -- Found JSONCPP: TRUE  
[0.980s] -- Checking for module 'libzip'
[0.991s] --   Found libzip, version 1.7.3
[1.019s] -- Found ZIP: TRUE  
[1.020s] -- Looking for ignition-common4 -- found version 4.7.0
[1.020s] -- Looking for ignition-math6 -- found version 6.15.1
[1.020s] -- Looking for ignition-msgs8 -- found version 8.7.0
[1.032s] -- Looking for ignition-gui6 -- found version 6.8.0
[1.033s] -- Searching for dependencies of ignition-gui6
[1.065s] -- Looking for ignition-math6 -- found version 6.15.1
[1.066s] -- Looking for ignition-common4 -- found version 4.7.0
[1.066s] -- Looking for ignition-plugin1 -- found version 1.4.0
[1.066s] -- Looking for ignition-transport11 -- found version 11.4.1
[1.070s] -- Looking for ignition-rendering6 -- found version 6.6.3
[1.070s] -- Searching for dependencies of ignition-rendering6
[1.071s] -- Looking for ignition-math6 -- found version 6.15.1
[1.071s] -- Searching for dependencies of ignition-math6
[1.071s] -- Searching for <ignition-math6> component [eigen3]
[1.075s] -- Looking for ignition-math6-eigen3 -- found version 6.15.1
[1.075s] -- Searching for dependencies of ignition-math6-eigen3
[1.086s] -- Looking for ignition-common4 -- found version 4.7.0
[1.087s] -- Searching for dependencies of ignition-common4
[1.087s] -- Looking for dlfcn.h - found
[1.087s] -- Looking for libdl - found
[1.095s] -- Searching for <ignition-common4> component [graphics]
[1.099s] -- Looking for ignition-common4-graphics -- found version 4.7.0
[1.099s] -- Searching for dependencies of ignition-common4-graphics
[1.100s] -- Looking for ignition-math6 -- found version 6.15.1
[1.100s] -- Looking for ignition-utils1 -- found version 1.5.1
[1.101s] -- Searching for <ignition-common4> component [events]
[1.101s] -- Looking for ignition-plugin1 -- found version 1.4.0
[1.102s] -- Searching for dependencies of ignition-plugin1
[1.102s] -- Searching for <ignition-plugin1> component [all]
[1.105s] -- Looking for all libraries of ignition-plugin1 -- found version 1.4.0
[1.106s] -- Looking for ignition-plugin1 -- found version 1.4.0
[1.108s] -- Looking for ignition-msgs8 -- found version 8.7.0
[1.134s] -- Looking for ignition-physics5 -- found version 5.3.2
[1.135s] -- Searching for dependencies of ignition-physics5
[1.135s] -- Looking for ignition-math6 -- found version 6.15.1
[1.136s] -- Looking for ignition-plugin1 -- found version 1.4.0
[1.136s] -- Looking for ignition-utils1 -- found version 1.5.1
[1.137s] -- Searching for <ignition-physics5> component [heightmap]
[1.140s] -- Looking for ignition-physics5-heightmap -- found version 5.3.2
[1.141s] -- Searching for dependencies of ignition-physics5-heightmap
[1.141s] -- Looking for ignition-common4 -- found version 4.7.0
[1.142s] -- Searching for <ignition-physics5> component [mesh]
[1.145s] -- Looking for ignition-physics5-mesh -- found version 5.3.2
[1.145s] -- Searching for dependencies of ignition-physics5-mesh
[1.146s] -- Looking for ignition-common4 -- found version 4.7.0
[1.146s] -- Searching for <ignition-physics5> component [sdf]
[1.149s] -- Looking for ignition-physics5-sdf -- found version 5.3.2
[1.150s] -- Searching for dependencies of ignition-physics5-sdf
[1.150s] -- Looking for sdformat12 -- found version 12.7.2
[1.154s] -- Looking for ignition-sensors6 -- found version 6.8.0
[1.155s] -- Searching for dependencies of ignition-sensors6
[1.180s] -- Found Protobuf: /usr/lib/x86_64-linux-gnu/libprotobuf.so (found version "3.12.4") 
[1.181s] -- Looking for ignition-math6 -- found version 6.15.1
[1.181s] -- Looking for ignition-common4 -- found version 4.7.0
[1.182s] -- Looking for ignition-transport11 -- found version 11.4.1
[1.182s] -- Looking for ignition-rendering6 -- found version 6.6.3
[1.183s] -- Looking for ignition-msgs8 -- found version 8.7.0
[1.184s] -- Looking for sdformat12 -- found version 12.7.2
[1.185s] -- Searching for <ignition-sensors6> component [air_pressure]
[1.188s] -- Looking for ignition-sensors6-air_pressure -- found version 6.8.0
[1.189s] -- Searching for dependencies of ignition-sensors6-air_pressure
[1.190s] -- Searching for <ignition-sensors6> component [altimeter]
[1.194s] -- Looking for ignition-sensors6-altimeter -- found version 6.8.0
[1.194s] -- Searching for dependencies of ignition-sensors6-altimeter
[1.195s] -- Searching for <ignition-sensors6> component [imu]
[1.199s] -- Looking for ignition-sensors6-imu -- found version 6.8.0
[1.199s] -- Searching for dependencies of ignition-sensors6-imu
[1.200s] -- Searching for <ignition-sensors6> component [force_torque]
[1.204s] -- Looking for ignition-sensors6-force_torque -- found version 6.8.0
[1.204s] -- Searching for dependencies of ignition-sensors6-force_torque
[1.205s] -- Searching for <ignition-sensors6> component [logical_camera]
[1.209s] -- Looking for ignition-sensors6-logical_camera -- found version 6.8.0
[1.209s] -- Searching for dependencies of ignition-sensors6-logical_camera
[1.210s] -- Searching for <ignition-sensors6> component [magnetometer]
[1.214s] -- Looking for ignition-sensors6-magnetometer -- found version 6.8.0
[1.214s] -- Searching for dependencies of ignition-sensors6-magnetometer
[1.215s] -- Searching for <ignition-sensors6> component [navsat]
[1.219s] -- Looking for ignition-sensors6-navsat -- found version 6.8.0
[1.219s] -- Searching for dependencies of ignition-sensors6-navsat
[1.220s] -- Searching for <ignition-sensors6> component [rendering]
[1.224s] -- Looking for ignition-sensors6-rendering -- found version 6.8.0
[1.225s] -- Searching for dependencies of ignition-sensors6-rendering
[1.225s] -- Searching for <ignition-sensors6> component [lidar]
[1.229s] -- Looking for ignition-sensors6-lidar -- found version 6.8.0
[1.230s] -- Searching for dependencies of ignition-sensors6-lidar
[1.230s] -- Looking for ignition-sensors6 -- found version 6.8.0
[1.231s] -- Searching for <ignition-sensors6> component [gpu_lidar]
[1.235s] -- Looking for ignition-sensors6-gpu_lidar -- found version 6.8.0
[1.235s] -- Searching for dependencies of ignition-sensors6-gpu_lidar
[1.236s] -- Looking for ignition-sensors6 -- found version 6.8.0
[1.237s] -- Searching for <ignition-sensors6> component [camera]
[1.241s] -- Looking for ignition-sensors6-camera -- found version 6.8.0
[1.241s] -- Searching for dependencies of ignition-sensors6-camera
[1.242s] -- Looking for ignition-sensors6 -- found version 6.8.0
[1.242s] -- Searching for <ignition-sensors6> component [boundingbox_camera]
[1.246s] -- Looking for ignition-sensors6-boundingbox_camera -- found version 6.8.0
[1.247s] -- Searching for dependencies of ignition-sensors6-boundingbox_camera
[1.248s] -- Searching for <ignition-sensors6> component [segmentation_camera]
[1.251s] -- Looking for ignition-sensors6-segmentation_camera -- found version 6.8.0
[1.252s] -- Searching for dependencies of ignition-sensors6-segmentation_camera
[1.253s] -- Searching for <ignition-sensors6> component [depth_camera]
[1.256s] -- Looking for ignition-sensors6-depth_camera -- found version 6.8.0
[1.257s] -- Searching for dependencies of ignition-sensors6-depth_camera
[1.258s] -- Looking for ignition-sensors6 -- found version 6.8.0
[1.258s] -- Searching for <ignition-sensors6> component [rgbd_camera]
[1.262s] -- Looking for ignition-sensors6-rgbd_camera -- found version 6.8.0
[1.263s] -- Searching for dependencies of ignition-sensors6-rgbd_camera
[1.263s] -- Looking for ignition-sensors6 -- found version 6.8.0
[1.264s] -- Searching for <ignition-sensors6> component [thermal_camera]
[1.268s] -- Looking for ignition-sensors6-thermal_camera -- found version 6.8.0
[1.269s] -- Searching for dependencies of ignition-sensors6-thermal_camera
[1.269s] -- Looking for ignition-sensors6 -- found version 6.8.0
[1.270s] -- Looking for ignition-rendering6 -- found version 6.6.3
[1.271s] -- Looking for ignition-math6 -- found version 6.15.1
[1.275s] -- Looking for ignition-utils1 -- found version 1.5.1
[1.303s] -- Found ament_lint_auto: 0.12.11 (/opt/ros/humble/share/ament_lint_auto/cmake)
[1.369s] -- Configuring done
[1.388s] -- Generating done
[1.391s] -- Build files have been written to: /workspace/ros2_ws_turtlebot3/build/ros_gz_gazebo
[1.397s] Invoked command in '/workspace/ros2_ws_turtlebot3/build/ros_gz_gazebo' returned '0': CMAKE_PREFIX_PATH=/workspace/ros2_ws_turtlebot3/install/ros_gz_description:/workspace/ros2_ws_turtlebot3/install/slam_toolbox_bringup:/workspace/ros2_ws_turtlebot3/install/slam_toolbox:/workspace/ros2_ws_turtlebot3/install/turtlebot3:/workspace/ros2_ws_turtlebot3/install/ros_gz_bringup:/workspace/ros2_ws_turtlebot3/install/ros_gz_gazebo:/workspace/ros2_ws_turtlebot3/install/launch:/opt/ros/humble IGN_GAZEBO_RESOURCE_PATH=/workspace/ros2_ws_turtlebot3/install/ros_gz_description/share/ros_gz_description/models:${IGN_GAZEBO_RESOURCE_PATH} /usr/bin/cmake /workspace/ros2_ws_turtlebot3/src/ros_gz/ros_gz_gazebo -DCMAKE_INSTALL_PREFIX=/workspace/ros2_ws_turtlebot3/install/ros_gz_gazebo
[1.398s] Invoking command in '/workspace/ros2_ws_turtlebot3/build/ros_gz_gazebo': CMAKE_PREFIX_PATH=/workspace/ros2_ws_turtlebot3/install/ros_gz_description:/workspace/ros2_ws_turtlebot3/install/slam_toolbox_bringup:/workspace/ros2_ws_turtlebot3/install/slam_toolbox:/workspace/ros2_ws_turtlebot3/install/turtlebot3:/workspace/ros2_ws_turtlebot3/install/ros_gz_bringup:/workspace/ros2_ws_turtlebot3/install/ros_gz_gazebo:/workspace/ros2_ws_turtlebot3/install/launch:/opt/ros/humble IGN_GAZEBO_RESOURCE_PATH=/workspace/ros2_ws_turtlebot3/install/ros_gz_description/share/ros_gz_description/models:${IGN_GAZEBO_RESOURCE_PATH} /usr/bin/cmake --build /workspace/ros2_ws_turtlebot3/build/ros_gz_gazebo -- -j8 -l8
[1.443s] [ 50%] [32mBuilding CXX object CMakeFiles/BasicSystem.dir/src/BasicSystem.cc.o[0m
[1.443s] [ 50%] [32mBuilding CXX object CMakeFiles/FullSystem.dir/src/FullSystem.cc.o[0m
[5.082s] [ 75%] [32m[1mLinking CXX shared library libBasicSystem.so[0m
[5.170s] [100%] [32m[1mLinking CXX shared library libFullSystem.so[0m
[5.300s] [100%] Built target BasicSystem
[5.400s] [100%] Built target FullSystem
[5.409s] Invoked command in '/workspace/ros2_ws_turtlebot3/build/ros_gz_gazebo' returned '0': CMAKE_PREFIX_PATH=/workspace/ros2_ws_turtlebot3/install/ros_gz_description:/workspace/ros2_ws_turtlebot3/install/slam_toolbox_bringup:/workspace/ros2_ws_turtlebot3/install/slam_toolbox:/workspace/ros2_ws_turtlebot3/install/turtlebot3:/workspace/ros2_ws_turtlebot3/install/ros_gz_bringup:/workspace/ros2_ws_turtlebot3/install/ros_gz_gazebo:/workspace/ros2_ws_turtlebot3/install/launch:/opt/ros/humble IGN_GAZEBO_RESOURCE_PATH=/workspace/ros2_ws_turtlebot3/install/ros_gz_description/share/ros_gz_description/models:${IGN_GAZEBO_RESOURCE_PATH} /usr/bin/cmake --build /workspace/ros2_ws_turtlebot3/build/ros_gz_gazebo -- -j8 -l8
[5.436s] Invoking command in '/workspace/ros2_ws_turtlebot3/build/ros_gz_gazebo': CMAKE_PREFIX_PATH=/workspace/ros2_ws_turtlebot3/install/ros_gz_description:/workspace/ros2_ws_turtlebot3/install/slam_toolbox_bringup:/workspace/ros2_ws_turtlebot3/install/slam_toolbox:/workspace/ros2_ws_turtlebot3/install/turtlebot3:/workspace/ros2_ws_turtlebot3/install/ros_gz_bringup:/workspace/ros2_ws_turtlebot3/install/ros_gz_gazebo:/workspace/ros2_ws_turtlebot3/install/launch:/opt/ros/humble IGN_GAZEBO_RESOURCE_PATH=/workspace/ros2_ws_turtlebot3/install/ros_gz_description/share/ros_gz_description/models:${IGN_GAZEBO_RESOURCE_PATH} /usr/bin/cmake --install /workspace/ros2_ws_turtlebot3/build/ros_gz_gazebo
[5.442s] -- Install configuration: ""
[5.442s] -- Installing: /workspace/ros2_ws_turtlebot3/install/ros_gz_gazebo/lib/ros_gz_gazebo/libBasicSystem.so
[5.443s] -- Installing: /workspace/ros2_ws_turtlebot3/install/ros_gz_gazebo/lib/ros_gz_gazebo/libFullSystem.so
[5.444s] -- Installing: /workspace/ros2_ws_turtlebot3/install/ros_gz_gazebo/share/ros_gz_gazebo/worlds
[5.444s] -- Installing: /workspace/ros2_ws_turtlebot3/install/ros_gz_gazebo/share/ros_gz_gazebo/worlds/turtlebot3_world.sdf
[5.444s] -- Installing: /workspace/ros2_ws_turtlebot3/install/ros_gz_gazebo/share/ros_gz_gazebo/worlds/meshes
[5.445s] -- Installing: /workspace/ros2_ws_turtlebot3/install/ros_gz_gazebo/share/ros_gz_gazebo/worlds/meshes/hexagon.dae
[5.445s] -- Installing: /workspace/ros2_ws_turtlebot3/install/ros_gz_gazebo/share/ros_gz_gazebo/worlds/meshes/wall.dae
[5.445s] -- Installing: /workspace/ros2_ws_turtlebot3/install/ros_gz_gazebo/share/ros_gz_gazebo/environment/ros_gz_gazebo.dsv
[5.445s] -- Installing: /workspace/ros2_ws_turtlebot3/install/ros_gz_gazebo/share/ros_gz_gazebo/environment/ros_gz_gazebo.sh
[5.445s] -- Installing: /workspace/ros2_ws_turtlebot3/install/ros_gz_gazebo/share/ament_index/resource_index/package_run_dependencies/ros_gz_gazebo
[5.445s] -- Installing: /workspace/ros2_ws_turtlebot3/install/ros_gz_gazebo/share/ament_index/resource_index/parent_prefix_path/ros_gz_gazebo
[5.446s] -- Installing: /workspace/ros2_ws_turtlebot3/install/ros_gz_gazebo/share/ros_gz_gazebo/environment/ament_prefix_path.sh
[5.446s] -- Installing: /workspace/ros2_ws_turtlebot3/install/ros_gz_gazebo/share/ros_gz_gazebo/environment/ament_prefix_path.dsv
[5.446s] -- Installing: /workspace/ros2_ws_turtlebot3/install/ros_gz_gazebo/share/ros_gz_gazebo/environment/path.sh
[5.446s] -- Installing: /workspace/ros2_ws_turtlebot3/install/ros_gz_gazebo/share/ros_gz_gazebo/environment/path.dsv
[5.446s] -- Installing: /workspace/ros2_ws_turtlebot3/install/ros_gz_gazebo/share/ros_gz_gazebo/local_setup.bash
[5.446s] -- Installing: /workspace/ros2_ws_turtlebot3/install/ros_gz_gazebo/share/ros_gz_gazebo/local_setup.sh
[5.446s] -- Installing: /workspace/ros2_ws_turtlebot3/install/ros_gz_gazebo/share/ros_gz_gazebo/local_setup.zsh
[5.446s] -- Installing: /workspace/ros2_ws_turtlebot3/install/ros_gz_gazebo/share/ros_gz_gazebo/local_setup.dsv
[5.446s] -- Installing: /workspace/ros2_ws_turtlebot3/install/ros_gz_gazebo/share/ros_gz_gazebo/package.dsv
[5.447s] -- Installing: /workspace/ros2_ws_turtlebot3/install/ros_gz_gazebo/share/ament_index/resource_index/packages/ros_gz_gazebo
[5.447s] -- Installing: /workspace/ros2_ws_turtlebot3/install/ros_gz_gazebo/share/ros_gz_gazebo/cmake/ros_gz_gazeboConfig.cmake
[5.447s] -- Installing: /workspace/ros2_ws_turtlebot3/install/ros_gz_gazebo/share/ros_gz_gazebo/cmake/ros_gz_gazeboConfig-version.cmake
[5.447s] -- Installing: /workspace/ros2_ws_turtlebot3/install/ros_gz_gazebo/share/ros_gz_gazebo/package.xml
[5.449s] Invoked command in '/workspace/ros2_ws_turtlebot3/build/ros_gz_gazebo' returned '0': CMAKE_PREFIX_PATH=/workspace/ros2_ws_turtlebot3/install/ros_gz_description:/workspace/ros2_ws_turtlebot3/install/slam_toolbox_bringup:/workspace/ros2_ws_turtlebot3/install/slam_toolbox:/workspace/ros2_ws_turtlebot3/install/turtlebot3:/workspace/ros2_ws_turtlebot3/install/ros_gz_bringup:/workspace/ros2_ws_turtlebot3/install/ros_gz_gazebo:/workspace/ros2_ws_turtlebot3/install/launch:/opt/ros/humble IGN_GAZEBO_RESOURCE_PATH=/workspace/ros2_ws_turtlebot3/install/ros_gz_description/share/ros_gz_description/models:${IGN_GAZEBO_RESOURCE_PATH} /usr/bin/cmake --install /workspace/ros2_ws_turtlebot3/build/ros_gz_gazebo
