[0.074s] DEBUG:colcon:Command line arguments: ['/usr/bin/colcon', 'build']
[0.075s] DEBUG:colcon:Parsed command line arguments: Namespace(log_base=None, log_level=None, verb_name='build', build_base='build', install_base='install', merge_install=False, symlink_install=False, test_result_base=None, continue_on_error=False, executor='parallel', parallel_workers=8, event_handlers=None, ignore_user_meta=False, metas=['./colcon.meta'], base_paths=['.'], packages_ignore=None, packages_ignore_regex=None, paths=None, packages_up_to=None, packages_up_to_regex=None, packages_above=None, packages_above_and_dependencies=None, packages_above_depth=None, packages_select_by_dep=None, packages_skip_by_dep=None, packages_skip_up_to=None, packages_select_build_failed=False, packages_skip_build_finished=False, packages_select_test_failures=False, packages_skip_test_passed=False, packages_select=None, packages_skip=None, packages_select_regex=None, packages_skip_regex=None, packages_start=None, packages_end=None, cmake_args=None, cmake_target=None, cmake_target_skip_unavailable=False, cmake_clean_cache=False, cmake_clean_first=False, cmake_force_configure=False, ament_cmake_args=None, catkin_cmake_args=None, catkin_skip_building_tests=False, mixin_files=None, mixin=None, verb_parser=<colcon_mixin.mixin.mixin_argument.MixinArgumentDecorator object at 0x78cc2a2a09d0>, verb_extension=<colcon_core.verb.build.BuildVerb object at 0x78cc2a3ed060>, main=<bound method BuildVerb.main of <colcon_core.verb.build.BuildVerb object at 0x78cc2a3ed060>>, mixin_verb=('build',))
[0.164s] Level 1:colcon.colcon_core.package_discovery:discover_packages(colcon_meta) check parameters
[0.164s] INFO:colcon.colcon_metadata.package_discovery.colcon_meta:Using configuration from '/root/.colcon/metadata/default/Gazebo.meta'
[0.165s] INFO:colcon.colcon_metadata.package_discovery.colcon_meta:Using configuration from '/root/.colcon/metadata/default/fastrtps.meta'
[0.165s] Level 1:colcon.colcon_core.package_discovery:discover_packages(recursive) check parameters
[0.165s] Level 1:colcon.colcon_core.package_discovery:discover_packages(ignore) check parameters
[0.165s] Level 1:colcon.colcon_core.package_discovery:discover_packages(path) check parameters
[0.165s] Level 1:colcon.colcon_core.package_discovery:discover_packages(colcon_meta) discover
[0.165s] Level 1:colcon.colcon_core.package_discovery:discover_packages(recursive) discover
[0.165s] INFO:colcon.colcon_core.package_discovery:Crawling recursively for packages in '/workspace/ros2_ws_diff_drive'
[0.165s] Level 1:colcon.colcon_core.package_identification:_identify(.) by extensions ['ignore', 'ignore_ament_install']
[0.165s] Level 1:colcon.colcon_core.package_identification:_identify(.) by extension 'ignore'
[0.165s] Level 1:colcon.colcon_core.package_identification:_identify(.) by extension 'ignore_ament_install'
[0.165s] Level 1:colcon.colcon_core.package_identification:_identify(.) by extensions ['colcon_pkg']
[0.165s] Level 1:colcon.colcon_core.package_identification:_identify(.) by extension 'colcon_pkg'
[0.165s] Level 1:colcon.colcon_core.package_identification:_identify(.) by extensions ['colcon_meta']
[0.165s] Level 1:colcon.colcon_core.package_identification:_identify(.) by extension 'colcon_meta'
[0.165s] Level 1:colcon.colcon_core.package_identification:_identify(.) by extensions ['ros']
[0.165s] Level 1:colcon.colcon_core.package_identification:_identify(.) by extension 'ros'
[0.172s] Level 1:colcon.colcon_core.package_identification:_identify(.) by extensions ['cmake', 'python']
[0.173s] Level 1:colcon.colcon_core.package_identification:_identify(.) by extension 'cmake'
[0.173s] Level 1:colcon.colcon_core.package_identification:_identify(.) by extension 'python'
[0.173s] Level 1:colcon.colcon_core.package_identification:_identify(.) by extensions ['python_setup_py']
[0.173s] Level 1:colcon.colcon_core.package_identification:_identify(.) by extension 'python_setup_py'
[0.173s] Level 1:colcon.colcon_core.package_identification:_identify(build) by extensions ['ignore', 'ignore_ament_install']
[0.173s] Level 1:colcon.colcon_core.package_identification:_identify(build) by extension 'ignore'
[0.173s] Level 1:colcon.colcon_core.package_identification:_identify(build) ignored
[0.173s] Level 1:colcon.colcon_core.package_identification:_identify(install) by extensions ['ignore', 'ignore_ament_install']
[0.173s] Level 1:colcon.colcon_core.package_identification:_identify(install) by extension 'ignore'
[0.173s] Level 1:colcon.colcon_core.package_identification:_identify(install) ignored
[0.173s] Level 1:colcon.colcon_core.package_identification:_identify(log) by extensions ['ignore', 'ignore_ament_install']
[0.173s] Level 1:colcon.colcon_core.package_identification:_identify(log) by extension 'ignore'
[0.173s] Level 1:colcon.colcon_core.package_identification:_identify(log) ignored
[0.173s] Level 1:colcon.colcon_core.package_identification:_identify(src) by extensions ['ignore', 'ignore_ament_install']
[0.173s] Level 1:colcon.colcon_core.package_identification:_identify(src) by extension 'ignore'
[0.173s] Level 1:colcon.colcon_core.package_identification:_identify(src) by extension 'ignore_ament_install'
[0.173s] Level 1:colcon.colcon_core.package_identification:_identify(src) by extensions ['colcon_pkg']
[0.173s] Level 1:colcon.colcon_core.package_identification:_identify(src) by extension 'colcon_pkg'
[0.173s] Level 1:colcon.colcon_core.package_identification:_identify(src) by extensions ['colcon_meta']
[0.173s] Level 1:colcon.colcon_core.package_identification:_identify(src) by extension 'colcon_meta'
[0.173s] Level 1:colcon.colcon_core.package_identification:_identify(src) by extensions ['ros']
[0.173s] Level 1:colcon.colcon_core.package_identification:_identify(src) by extension 'ros'
[0.173s] Level 1:colcon.colcon_core.package_identification:_identify(src) by extensions ['cmake', 'python']
[0.173s] Level 1:colcon.colcon_core.package_identification:_identify(src) by extension 'cmake'
[0.173s] Level 1:colcon.colcon_core.package_identification:_identify(src) by extension 'python'
[0.173s] Level 1:colcon.colcon_core.package_identification:_identify(src) by extensions ['python_setup_py']
[0.173s] Level 1:colcon.colcon_core.package_identification:_identify(src) by extension 'python_setup_py'
[0.173s] Level 1:colcon.colcon_core.package_identification:_identify(src/launch) by extensions ['ignore', 'ignore_ament_install']
[0.173s] Level 1:colcon.colcon_core.package_identification:_identify(src/launch) by extension 'ignore'
[0.174s] Level 1:colcon.colcon_core.package_identification:_identify(src/launch) by extension 'ignore_ament_install'
[0.174s] Level 1:colcon.colcon_core.package_identification:_identify(src/launch) by extensions ['colcon_pkg']
[0.174s] Level 1:colcon.colcon_core.package_identification:_identify(src/launch) by extension 'colcon_pkg'
[0.174s] Level 1:colcon.colcon_core.package_identification:_identify(src/launch) by extensions ['colcon_meta']
[0.174s] Level 1:colcon.colcon_core.package_identification:_identify(src/launch) by extension 'colcon_meta'
[0.174s] Level 1:colcon.colcon_core.package_identification:_identify(src/launch) by extensions ['ros']
[0.174s] Level 1:colcon.colcon_core.package_identification:_identify(src/launch) by extension 'ros'
[0.175s] DEBUG:colcon.colcon_core.package_identification:Package 'src/launch' with type 'ros.ament_cmake' and name 'launch'
[0.175s] Level 1:colcon.colcon_core.package_identification:_identify(src/ros_gz) by extensions ['ignore', 'ignore_ament_install']
[0.175s] Level 1:colcon.colcon_core.package_identification:_identify(src/ros_gz) by extension 'ignore'
[0.175s] Level 1:colcon.colcon_core.package_identification:_identify(src/ros_gz) by extension 'ignore_ament_install'
[0.175s] Level 1:colcon.colcon_core.package_identification:_identify(src/ros_gz) by extensions ['colcon_pkg']
[0.175s] Level 1:colcon.colcon_core.package_identification:_identify(src/ros_gz) by extension 'colcon_pkg'
[0.175s] Level 1:colcon.colcon_core.package_identification:_identify(src/ros_gz) by extensions ['colcon_meta']
[0.175s] Level 1:colcon.colcon_core.package_identification:_identify(src/ros_gz) by extension 'colcon_meta'
[0.175s] Level 1:colcon.colcon_core.package_identification:_identify(src/ros_gz) by extensions ['ros']
[0.175s] Level 1:colcon.colcon_core.package_identification:_identify(src/ros_gz) by extension 'ros'
[0.175s] Level 1:colcon.colcon_core.package_identification:_identify(src/ros_gz) by extensions ['cmake', 'python']
[0.175s] Level 1:colcon.colcon_core.package_identification:_identify(src/ros_gz) by extension 'cmake'
[0.175s] Level 1:colcon.colcon_core.package_identification:_identify(src/ros_gz) by extension 'python'
[0.175s] Level 1:colcon.colcon_core.package_identification:_identify(src/ros_gz) by extensions ['python_setup_py']
[0.175s] Level 1:colcon.colcon_core.package_identification:_identify(src/ros_gz) by extension 'python_setup_py'
[0.176s] Level 1:colcon.colcon_core.package_identification:_identify(src/ros_gz/ros_gz_bringup) by extensions ['ignore', 'ignore_ament_install']
[0.176s] Level 1:colcon.colcon_core.package_identification:_identify(src/ros_gz/ros_gz_bringup) by extension 'ignore'
[0.176s] Level 1:colcon.colcon_core.package_identification:_identify(src/ros_gz/ros_gz_bringup) by extension 'ignore_ament_install'
[0.176s] Level 1:colcon.colcon_core.package_identification:_identify(src/ros_gz/ros_gz_bringup) by extensions ['colcon_pkg']
[0.176s] Level 1:colcon.colcon_core.package_identification:_identify(src/ros_gz/ros_gz_bringup) by extension 'colcon_pkg'
[0.176s] Level 1:colcon.colcon_core.package_identification:_identify(src/ros_gz/ros_gz_bringup) by extensions ['colcon_meta']
[0.176s] Level 1:colcon.colcon_core.package_identification:_identify(src/ros_gz/ros_gz_bringup) by extension 'colcon_meta'
[0.176s] Level 1:colcon.colcon_core.package_identification:_identify(src/ros_gz/ros_gz_bringup) by extensions ['ros']
[0.176s] Level 1:colcon.colcon_core.package_identification:_identify(src/ros_gz/ros_gz_bringup) by extension 'ros'
[0.176s] DEBUG:colcon.colcon_core.package_identification:Package 'src/ros_gz/ros_gz_bringup' with type 'ros.ament_cmake' and name 'ros_gz_bringup'
[0.176s] Level 1:colcon.colcon_core.package_identification:_identify(src/ros_gz/ros_gz_description) by extensions ['ignore', 'ignore_ament_install']
[0.176s] Level 1:colcon.colcon_core.package_identification:_identify(src/ros_gz/ros_gz_description) by extension 'ignore'
[0.176s] Level 1:colcon.colcon_core.package_identification:_identify(src/ros_gz/ros_gz_description) by extension 'ignore_ament_install'
[0.176s] Level 1:colcon.colcon_core.package_identification:_identify(src/ros_gz/ros_gz_description) by extensions ['colcon_pkg']
[0.176s] Level 1:colcon.colcon_core.package_identification:_identify(src/ros_gz/ros_gz_description) by extension 'colcon_pkg'
[0.177s] Level 1:colcon.colcon_core.package_identification:_identify(src/ros_gz/ros_gz_description) by extensions ['colcon_meta']
[0.177s] Level 1:colcon.colcon_core.package_identification:_identify(src/ros_gz/ros_gz_description) by extension 'colcon_meta'
[0.177s] Level 1:colcon.colcon_core.package_identification:_identify(src/ros_gz/ros_gz_description) by extensions ['ros']
[0.177s] Level 1:colcon.colcon_core.package_identification:_identify(src/ros_gz/ros_gz_description) by extension 'ros'
[0.177s] DEBUG:colcon.colcon_core.package_identification:Package 'src/ros_gz/ros_gz_description' with type 'ros.ament_cmake' and name 'ros_gz_description'
[0.177s] Level 1:colcon.colcon_core.package_identification:_identify(src/ros_gz/ros_gz_gazebo) by extensions ['ignore', 'ignore_ament_install']
[0.177s] Level 1:colcon.colcon_core.package_identification:_identify(src/ros_gz/ros_gz_gazebo) by extension 'ignore'
[0.177s] Level 1:colcon.colcon_core.package_identification:_identify(src/ros_gz/ros_gz_gazebo) by extension 'ignore_ament_install'
[0.177s] Level 1:colcon.colcon_core.package_identification:_identify(src/ros_gz/ros_gz_gazebo) by extensions ['colcon_pkg']
[0.177s] Level 1:colcon.colcon_core.package_identification:_identify(src/ros_gz/ros_gz_gazebo) by extension 'colcon_pkg'
[0.177s] Level 1:colcon.colcon_core.package_identification:_identify(src/ros_gz/ros_gz_gazebo) by extensions ['colcon_meta']
[0.177s] Level 1:colcon.colcon_core.package_identification:_identify(src/ros_gz/ros_gz_gazebo) by extension 'colcon_meta'
[0.177s] Level 1:colcon.colcon_core.package_identification:_identify(src/ros_gz/ros_gz_gazebo) by extensions ['ros']
[0.177s] Level 1:colcon.colcon_core.package_identification:_identify(src/ros_gz/ros_gz_gazebo) by extension 'ros'
[0.177s] DEBUG:colcon.colcon_core.package_identification:Package 'src/ros_gz/ros_gz_gazebo' with type 'ros.ament_cmake' and name 'ros_gz_gazebo'
[0.177s] Level 1:colcon.colcon_core.package_discovery:discover_packages(recursive) using defaults
[0.177s] Level 1:colcon.colcon_core.package_discovery:discover_packages(ignore) discover
[0.178s] Level 1:colcon.colcon_core.package_discovery:discover_packages(ignore) using defaults
[0.178s] Level 1:colcon.colcon_core.package_discovery:discover_packages(path) discover
[0.178s] Level 1:colcon.colcon_core.package_discovery:discover_packages(path) using defaults
[0.190s] Level 5:colcon.colcon_core.verb:set package 'launch' build argument 'cmake_args' from command line to 'None'
[0.190s] Level 5:colcon.colcon_core.verb:set package 'launch' build argument 'cmake_target' from command line to 'None'
[0.190s] Level 5:colcon.colcon_core.verb:set package 'launch' build argument 'cmake_target_skip_unavailable' from command line to 'False'
[0.190s] Level 5:colcon.colcon_core.verb:set package 'launch' build argument 'cmake_clean_cache' from command line to 'False'
[0.190s] Level 5:colcon.colcon_core.verb:set package 'launch' build argument 'cmake_clean_first' from command line to 'False'
[0.190s] Level 5:colcon.colcon_core.verb:set package 'launch' build argument 'cmake_force_configure' from command line to 'False'
[0.190s] Level 5:colcon.colcon_core.verb:set package 'launch' build argument 'ament_cmake_args' from command line to 'None'
[0.190s] Level 5:colcon.colcon_core.verb:set package 'launch' build argument 'catkin_cmake_args' from command line to 'None'
[0.190s] Level 5:colcon.colcon_core.verb:set package 'launch' build argument 'catkin_skip_building_tests' from command line to 'False'
[0.190s] DEBUG:colcon.colcon_core.verb:Building package 'launch' with the following arguments: {'ament_cmake_args': None, 'build_base': '/workspace/ros2_ws_diff_drive/build/launch', 'catkin_cmake_args': None, 'catkin_skip_building_tests': False, 'cmake_args': None, 'cmake_clean_cache': False, 'cmake_clean_first': False, 'cmake_force_configure': False, 'cmake_target': None, 'cmake_target_skip_unavailable': False, 'install_base': '/workspace/ros2_ws_diff_drive/install/launch', 'merge_install': False, 'path': '/workspace/ros2_ws_diff_drive/src/launch', 'symlink_install': False, 'test_result_base': None}
[0.190s] Level 5:colcon.colcon_core.verb:set package 'ros_gz_description' build argument 'cmake_args' from command line to 'None'
[0.190s] Level 5:colcon.colcon_core.verb:set package 'ros_gz_description' build argument 'cmake_target' from command line to 'None'
[0.190s] Level 5:colcon.colcon_core.verb:set package 'ros_gz_description' build argument 'cmake_target_skip_unavailable' from command line to 'False'
[0.190s] Level 5:colcon.colcon_core.verb:set package 'ros_gz_description' build argument 'cmake_clean_cache' from command line to 'False'
[0.191s] Level 5:colcon.colcon_core.verb:set package 'ros_gz_description' build argument 'cmake_clean_first' from command line to 'False'
[0.191s] Level 5:colcon.colcon_core.verb:set package 'ros_gz_description' build argument 'cmake_force_configure' from command line to 'False'
[0.191s] Level 5:colcon.colcon_core.verb:set package 'ros_gz_description' build argument 'ament_cmake_args' from command line to 'None'
[0.191s] Level 5:colcon.colcon_core.verb:set package 'ros_gz_description' build argument 'catkin_cmake_args' from command line to 'None'
[0.191s] Level 5:colcon.colcon_core.verb:set package 'ros_gz_description' build argument 'catkin_skip_building_tests' from command line to 'False'
[0.191s] DEBUG:colcon.colcon_core.verb:Building package 'ros_gz_description' with the following arguments: {'ament_cmake_args': None, 'build_base': '/workspace/ros2_ws_diff_drive/build/ros_gz_description', 'catkin_cmake_args': None, 'catkin_skip_building_tests': False, 'cmake_args': None, 'cmake_clean_cache': False, 'cmake_clean_first': False, 'cmake_force_configure': False, 'cmake_target': None, 'cmake_target_skip_unavailable': False, 'install_base': '/workspace/ros2_ws_diff_drive/install/ros_gz_description', 'merge_install': False, 'path': '/workspace/ros2_ws_diff_drive/src/ros_gz/ros_gz_description', 'symlink_install': False, 'test_result_base': None}
[0.191s] Level 5:colcon.colcon_core.verb:set package 'ros_gz_gazebo' build argument 'cmake_args' from command line to 'None'
[0.191s] Level 5:colcon.colcon_core.verb:set package 'ros_gz_gazebo' build argument 'cmake_target' from command line to 'None'
[0.191s] Level 5:colcon.colcon_core.verb:set package 'ros_gz_gazebo' build argument 'cmake_target_skip_unavailable' from command line to 'False'
[0.191s] Level 5:colcon.colcon_core.verb:set package 'ros_gz_gazebo' build argument 'cmake_clean_cache' from command line to 'False'
[0.191s] Level 5:colcon.colcon_core.verb:set package 'ros_gz_gazebo' build argument 'cmake_clean_first' from command line to 'False'
[0.191s] Level 5:colcon.colcon_core.verb:set package 'ros_gz_gazebo' build argument 'cmake_force_configure' from command line to 'False'
[0.191s] Level 5:colcon.colcon_core.verb:set package 'ros_gz_gazebo' build argument 'ament_cmake_args' from command line to 'None'
[0.191s] Level 5:colcon.colcon_core.verb:set package 'ros_gz_gazebo' build argument 'catkin_cmake_args' from command line to 'None'
[0.191s] Level 5:colcon.colcon_core.verb:set package 'ros_gz_gazebo' build argument 'catkin_skip_building_tests' from command line to 'False'
[0.191s] DEBUG:colcon.colcon_core.verb:Building package 'ros_gz_gazebo' with the following arguments: {'ament_cmake_args': None, 'build_base': '/workspace/ros2_ws_diff_drive/build/ros_gz_gazebo', 'catkin_cmake_args': None, 'catkin_skip_building_tests': False, 'cmake_args': None, 'cmake_clean_cache': False, 'cmake_clean_first': False, 'cmake_force_configure': False, 'cmake_target': None, 'cmake_target_skip_unavailable': False, 'install_base': '/workspace/ros2_ws_diff_drive/install/ros_gz_gazebo', 'merge_install': False, 'path': '/workspace/ros2_ws_diff_drive/src/ros_gz/ros_gz_gazebo', 'symlink_install': False, 'test_result_base': None}
[0.191s] Level 5:colcon.colcon_core.verb:set package 'ros_gz_bringup' build argument 'cmake_args' from command line to 'None'
[0.191s] Level 5:colcon.colcon_core.verb:set package 'ros_gz_bringup' build argument 'cmake_target' from command line to 'None'
[0.191s] Level 5:colcon.colcon_core.verb:set package 'ros_gz_bringup' build argument 'cmake_target_skip_unavailable' from command line to 'False'
[0.191s] Level 5:colcon.colcon_core.verb:set package 'ros_gz_bringup' build argument 'cmake_clean_cache' from command line to 'False'
[0.191s] Level 5:colcon.colcon_core.verb:set package 'ros_gz_bringup' build argument 'cmake_clean_first' from command line to 'False'
[0.191s] Level 5:colcon.colcon_core.verb:set package 'ros_gz_bringup' build argument 'cmake_force_configure' from command line to 'False'
[0.191s] Level 5:colcon.colcon_core.verb:set package 'ros_gz_bringup' build argument 'ament_cmake_args' from command line to 'None'
[0.191s] Level 5:colcon.colcon_core.verb:set package 'ros_gz_bringup' build argument 'catkin_cmake_args' from command line to 'None'
[0.191s] Level 5:colcon.colcon_core.verb:set package 'ros_gz_bringup' build argument 'catkin_skip_building_tests' from command line to 'False'
[0.191s] DEBUG:colcon.colcon_core.verb:Building package 'ros_gz_bringup' with the following arguments: {'ament_cmake_args': None, 'build_base': '/workspace/ros2_ws_diff_drive/build/ros_gz_bringup', 'catkin_cmake_args': None, 'catkin_skip_building_tests': False, 'cmake_args': None, 'cmake_clean_cache': False, 'cmake_clean_first': False, 'cmake_force_configure': False, 'cmake_target': None, 'cmake_target_skip_unavailable': False, 'install_base': '/workspace/ros2_ws_diff_drive/install/ros_gz_bringup', 'merge_install': False, 'path': '/workspace/ros2_ws_diff_drive/src/ros_gz/ros_gz_bringup', 'symlink_install': False, 'test_result_base': None}
[0.191s] INFO:colcon.colcon_core.executor:Executing jobs using 'parallel' executor
[0.192s] DEBUG:colcon.colcon_parallel_executor.executor.parallel:run_until_complete
[0.192s] INFO:colcon.colcon_ros.task.ament_cmake.build:Building ROS package in '/workspace/ros2_ws_diff_drive/src/ros_gz/ros_gz_description' with build type 'ament_cmake'
[0.192s] INFO:colcon.colcon_cmake.task.cmake.build:Building CMake package in '/workspace/ros2_ws_diff_drive/src/ros_gz/ros_gz_description'
[0.194s] INFO:colcon.colcon_core.plugin_system:Skipping extension 'colcon_core.shell.bat': Not used on non-Windows systems
[0.194s] INFO:colcon.colcon_core.shell:Skip shell extension 'powershell' for command environment: Not usable outside of PowerShell
[0.194s] DEBUG:colcon.colcon_core.shell:Skip shell extension 'dsv' for command environment
[0.197s] INFO:colcon.colcon_ros.task.ament_cmake.build:Building ROS package in '/workspace/ros2_ws_diff_drive/src/launch' with build type 'ament_cmake'
[0.198s] INFO:colcon.colcon_cmake.task.cmake.build:Building CMake package in '/workspace/ros2_ws_diff_drive/src/launch'
[0.198s] INFO:colcon.colcon_core.shell:Skip shell extension 'powershell' for command environment: Not usable outside of PowerShell
[0.198s] DEBUG:colcon.colcon_core.shell:Skip shell extension 'dsv' for command environment
[0.202s] DEBUG:colcon.colcon_core.event_handler.log_command:Invoking command in '/workspace/ros2_ws_diff_drive/build/ros_gz_description': CMAKE_PREFIX_PATH=/opt/ros/humble /usr/bin/cmake /workspace/ros2_ws_diff_drive/src/ros_gz/ros_gz_description -DCMAKE_INSTALL_PREFIX=/workspace/ros2_ws_diff_drive/install/ros_gz_description
[0.206s] DEBUG:colcon.colcon_core.event_handler.log_command:Invoking command in '/workspace/ros2_ws_diff_drive/build/launch': CMAKE_PREFIX_PATH=/opt/ros/humble /usr/bin/cmake /workspace/ros2_ws_diff_drive/src/launch -DCMAKE_INSTALL_PREFIX=/workspace/ros2_ws_diff_drive/install/launch
[0.613s] DEBUG:colcon.colcon_core.event_handler.log_command:Invoked command in '/workspace/ros2_ws_diff_drive/build/ros_gz_description' returned '0': CMAKE_PREFIX_PATH=/opt/ros/humble /usr/bin/cmake /workspace/ros2_ws_diff_drive/src/ros_gz/ros_gz_description -DCMAKE_INSTALL_PREFIX=/workspace/ros2_ws_diff_drive/install/ros_gz_description
[0.614s] DEBUG:colcon.colcon_core.event_handler.log_command:Invoking command in '/workspace/ros2_ws_diff_drive/build/ros_gz_description': CMAKE_PREFIX_PATH=/opt/ros/humble /usr/bin/cmake --build /workspace/ros2_ws_diff_drive/build/ros_gz_description -- -j8 -l8
[0.614s] DEBUG:colcon.colcon_core.event_handler.log_command:Invoked command in '/workspace/ros2_ws_diff_drive/build/launch' returned '0': CMAKE_PREFIX_PATH=/opt/ros/humble /usr/bin/cmake /workspace/ros2_ws_diff_drive/src/launch -DCMAKE_INSTALL_PREFIX=/workspace/ros2_ws_diff_drive/install/launch
[0.615s] DEBUG:colcon.colcon_core.event_handler.log_command:Invoking command in '/workspace/ros2_ws_diff_drive/build/launch': CMAKE_PREFIX_PATH=/opt/ros/humble /usr/bin/cmake --build /workspace/ros2_ws_diff_drive/build/launch -- -j8 -l8
[0.637s] DEBUG:colcon.colcon_core.event_handler.log_command:Invoked command in '/workspace/ros2_ws_diff_drive/build/ros_gz_description' returned '0': CMAKE_PREFIX_PATH=/opt/ros/humble /usr/bin/cmake --build /workspace/ros2_ws_diff_drive/build/ros_gz_description -- -j8 -l8
[0.638s] DEBUG:colcon.colcon_core.event_handler.log_command:Invoked command in '/workspace/ros2_ws_diff_drive/build/launch' returned '0': CMAKE_PREFIX_PATH=/opt/ros/humble /usr/bin/cmake --build /workspace/ros2_ws_diff_drive/build/launch -- -j8 -l8
[0.657s] DEBUG:colcon.colcon_core.event_handler.log_command:Invoking command in '/workspace/ros2_ws_diff_drive/build/ros_gz_description': CMAKE_PREFIX_PATH=/opt/ros/humble /usr/bin/cmake --install /workspace/ros2_ws_diff_drive/build/ros_gz_description
[0.658s] DEBUG:colcon.colcon_core.event_handler.log_command:Invoking command in '/workspace/ros2_ws_diff_drive/build/launch': CMAKE_PREFIX_PATH=/opt/ros/humble /usr/bin/cmake --install /workspace/ros2_ws_diff_drive/build/launch
[0.666s] Level 1:colcon.colcon_core.environment:create_environment_scripts_only(launch)
[0.666s] DEBUG:colcon.colcon_core.event_handler.log_command:Invoked command in '/workspace/ros2_ws_diff_drive/build/launch' returned '0': CMAKE_PREFIX_PATH=/opt/ros/humble /usr/bin/cmake --install /workspace/ros2_ws_diff_drive/build/launch
[0.667s] Level 1:colcon.colcon_core.environment:checking '/workspace/ros2_ws_diff_drive/install/launch' for CMake module files
[0.668s] Level 1:colcon.colcon_core.environment:checking '/workspace/ros2_ws_diff_drive/install/launch' for CMake config files
[0.668s] Level 1:colcon.colcon_core.shell:create_environment_hook('launch', 'cmake_prefix_path')
[0.668s] INFO:colcon.colcon_core.shell:Creating environment hook '/workspace/ros2_ws_diff_drive/install/launch/share/launch/hook/cmake_prefix_path.ps1'
[0.668s] INFO:colcon.colcon_core.shell:Creating environment descriptor '/workspace/ros2_ws_diff_drive/install/launch/share/launch/hook/cmake_prefix_path.dsv'
[0.669s] INFO:colcon.colcon_core.shell:Creating environment hook '/workspace/ros2_ws_diff_drive/install/launch/share/launch/hook/cmake_prefix_path.sh'
[0.669s] Level 1:colcon.colcon_core.environment:checking '/workspace/ros2_ws_diff_drive/install/launch/bin'
[0.669s] Level 1:colcon.colcon_core.environment:checking '/workspace/ros2_ws_diff_drive/install/launch/lib/pkgconfig/launch.pc'
[0.670s] Level 1:colcon.colcon_core.environment:checking '/workspace/ros2_ws_diff_drive/install/launch/lib/python3.10/site-packages'
[0.671s] Level 1:colcon.colcon_core.environment:checking '/workspace/ros2_ws_diff_drive/install/launch/bin'
[0.671s] INFO:colcon.colcon_core.shell:Creating package script '/workspace/ros2_ws_diff_drive/install/launch/share/launch/package.ps1'
[0.671s] INFO:colcon.colcon_core.shell:Creating package descriptor '/workspace/ros2_ws_diff_drive/install/launch/share/launch/package.dsv'
[0.672s] INFO:colcon.colcon_core.shell:Creating package script '/workspace/ros2_ws_diff_drive/install/launch/share/launch/package.sh'
[0.672s] INFO:colcon.colcon_core.shell:Creating package script '/workspace/ros2_ws_diff_drive/install/launch/share/launch/package.bash'
[0.672s] INFO:colcon.colcon_core.shell:Creating package script '/workspace/ros2_ws_diff_drive/install/launch/share/launch/package.zsh'
[0.673s] Level 1:colcon.colcon_core.environment:create_file_with_runtime_dependencies(/workspace/ros2_ws_diff_drive/install/launch/share/colcon-core/packages/launch)
[0.673s] Level 1:colcon.colcon_core.environment:create_environment_scripts_only(ros_gz_description)
[0.674s] Level 1:colcon.colcon_core.environment:checking '/workspace/ros2_ws_diff_drive/install/ros_gz_description' for CMake module files
[0.674s] DEBUG:colcon.colcon_core.event_handler.log_command:Invoked command in '/workspace/ros2_ws_diff_drive/build/ros_gz_description' returned '0': CMAKE_PREFIX_PATH=/opt/ros/humble /usr/bin/cmake --install /workspace/ros2_ws_diff_drive/build/ros_gz_description
[0.674s] Level 1:colcon.colcon_core.environment:checking '/workspace/ros2_ws_diff_drive/install/ros_gz_description' for CMake config files
[0.674s] Level 1:colcon.colcon_core.shell:create_environment_hook('ros_gz_description', 'cmake_prefix_path')
[0.674s] INFO:colcon.colcon_core.shell:Creating environment hook '/workspace/ros2_ws_diff_drive/install/ros_gz_description/share/ros_gz_description/hook/cmake_prefix_path.ps1'
[0.675s] INFO:colcon.colcon_core.shell:Creating environment descriptor '/workspace/ros2_ws_diff_drive/install/ros_gz_description/share/ros_gz_description/hook/cmake_prefix_path.dsv'
[0.675s] INFO:colcon.colcon_core.shell:Creating environment hook '/workspace/ros2_ws_diff_drive/install/ros_gz_description/share/ros_gz_description/hook/cmake_prefix_path.sh'
[0.675s] Level 1:colcon.colcon_core.environment:checking '/workspace/ros2_ws_diff_drive/install/ros_gz_description/bin'
[0.675s] Level 1:colcon.colcon_core.environment:checking '/workspace/ros2_ws_diff_drive/install/ros_gz_description/lib/pkgconfig/ros_gz_description.pc'
[0.675s] Level 1:colcon.colcon_core.environment:checking '/workspace/ros2_ws_diff_drive/install/ros_gz_description/lib/python3.10/site-packages'
[0.676s] Level 1:colcon.colcon_core.environment:checking '/workspace/ros2_ws_diff_drive/install/ros_gz_description/bin'
[0.676s] INFO:colcon.colcon_core.shell:Creating package script '/workspace/ros2_ws_diff_drive/install/ros_gz_description/share/ros_gz_description/package.ps1'
[0.676s] INFO:colcon.colcon_core.shell:Creating package descriptor '/workspace/ros2_ws_diff_drive/install/ros_gz_description/share/ros_gz_description/package.dsv'
[0.676s] INFO:colcon.colcon_core.shell:Creating package script '/workspace/ros2_ws_diff_drive/install/ros_gz_description/share/ros_gz_description/package.sh'
[0.676s] INFO:colcon.colcon_core.shell:Creating package script '/workspace/ros2_ws_diff_drive/install/ros_gz_description/share/ros_gz_description/package.bash'
[0.677s] INFO:colcon.colcon_core.shell:Creating package script '/workspace/ros2_ws_diff_drive/install/ros_gz_description/share/ros_gz_description/package.zsh'
[0.677s] Level 1:colcon.colcon_core.environment:create_file_with_runtime_dependencies(/workspace/ros2_ws_diff_drive/install/ros_gz_description/share/colcon-core/packages/ros_gz_description)
[0.686s] Level 1:colcon.colcon_core.environment:create_environment_scripts_only(launch)
[0.686s] Level 1:colcon.colcon_core.environment:checking '/workspace/ros2_ws_diff_drive/install/launch' for CMake module files
[0.687s] Level 1:colcon.colcon_core.environment:checking '/workspace/ros2_ws_diff_drive/install/launch' for CMake config files
[0.687s] Level 1:colcon.colcon_core.shell:create_environment_hook('launch', 'cmake_prefix_path')
[0.687s] INFO:colcon.colcon_core.shell:Creating environment hook '/workspace/ros2_ws_diff_drive/install/launch/share/launch/hook/cmake_prefix_path.ps1'
[0.687s] INFO:colcon.colcon_core.shell:Creating environment descriptor '/workspace/ros2_ws_diff_drive/install/launch/share/launch/hook/cmake_prefix_path.dsv'
[0.687s] INFO:colcon.colcon_core.shell:Creating environment hook '/workspace/ros2_ws_diff_drive/install/launch/share/launch/hook/cmake_prefix_path.sh'
[0.688s] Level 1:colcon.colcon_core.environment:checking '/workspace/ros2_ws_diff_drive/install/launch/bin'
[0.688s] Level 1:colcon.colcon_core.environment:checking '/workspace/ros2_ws_diff_drive/install/launch/lib/pkgconfig/launch.pc'
[0.688s] Level 1:colcon.colcon_core.environment:checking '/workspace/ros2_ws_diff_drive/install/launch/lib/python3.10/site-packages'
[0.688s] Level 1:colcon.colcon_core.environment:checking '/workspace/ros2_ws_diff_drive/install/launch/bin'
[0.688s] INFO:colcon.colcon_core.shell:Creating package script '/workspace/ros2_ws_diff_drive/install/launch/share/launch/package.ps1'
[0.689s] INFO:colcon.colcon_core.shell:Creating package descriptor '/workspace/ros2_ws_diff_drive/install/launch/share/launch/package.dsv'
[0.689s] INFO:colcon.colcon_core.shell:Creating package script '/workspace/ros2_ws_diff_drive/install/launch/share/launch/package.sh'
[0.689s] INFO:colcon.colcon_core.shell:Creating package script '/workspace/ros2_ws_diff_drive/install/launch/share/launch/package.bash'
[0.689s] INFO:colcon.colcon_core.shell:Creating package script '/workspace/ros2_ws_diff_drive/install/launch/share/launch/package.zsh'
[0.690s] Level 1:colcon.colcon_core.environment:create_file_with_runtime_dependencies(/workspace/ros2_ws_diff_drive/install/launch/share/colcon-core/packages/launch)
[0.690s] Level 1:colcon.colcon_core.environment:create_environment_scripts_only(ros_gz_description)
[0.691s] Level 1:colcon.colcon_core.environment:checking '/workspace/ros2_ws_diff_drive/install/ros_gz_description' for CMake module files
[0.691s] Level 1:colcon.colcon_core.environment:checking '/workspace/ros2_ws_diff_drive/install/ros_gz_description' for CMake config files
[0.691s] Level 1:colcon.colcon_core.shell:create_environment_hook('ros_gz_description', 'cmake_prefix_path')
[0.691s] INFO:colcon.colcon_core.shell:Creating environment hook '/workspace/ros2_ws_diff_drive/install/ros_gz_description/share/ros_gz_description/hook/cmake_prefix_path.ps1'
[0.691s] INFO:colcon.colcon_core.shell:Creating environment descriptor '/workspace/ros2_ws_diff_drive/install/ros_gz_description/share/ros_gz_description/hook/cmake_prefix_path.dsv'
[0.692s] INFO:colcon.colcon_core.shell:Creating environment hook '/workspace/ros2_ws_diff_drive/install/ros_gz_description/share/ros_gz_description/hook/cmake_prefix_path.sh'
[0.692s] Level 1:colcon.colcon_core.environment:checking '/workspace/ros2_ws_diff_drive/install/ros_gz_description/bin'
[0.692s] Level 1:colcon.colcon_core.environment:checking '/workspace/ros2_ws_diff_drive/install/ros_gz_description/lib/pkgconfig/ros_gz_description.pc'
[0.692s] Level 1:colcon.colcon_core.environment:checking '/workspace/ros2_ws_diff_drive/install/ros_gz_description/lib/python3.10/site-packages'
[0.692s] Level 1:colcon.colcon_core.environment:checking '/workspace/ros2_ws_diff_drive/install/ros_gz_description/bin'
[0.693s] INFO:colcon.colcon_core.shell:Creating package script '/workspace/ros2_ws_diff_drive/install/ros_gz_description/share/ros_gz_description/package.ps1'
[0.693s] INFO:colcon.colcon_core.shell:Creating package descriptor '/workspace/ros2_ws_diff_drive/install/ros_gz_description/share/ros_gz_description/package.dsv'
[0.693s] INFO:colcon.colcon_core.shell:Creating package script '/workspace/ros2_ws_diff_drive/install/ros_gz_description/share/ros_gz_description/package.sh'
[0.694s] INFO:colcon.colcon_core.shell:Creating package script '/workspace/ros2_ws_diff_drive/install/ros_gz_description/share/ros_gz_description/package.bash'
[0.694s] INFO:colcon.colcon_core.shell:Creating package script '/workspace/ros2_ws_diff_drive/install/ros_gz_description/share/ros_gz_description/package.zsh'
[0.694s] Level 1:colcon.colcon_core.environment:create_file_with_runtime_dependencies(/workspace/ros2_ws_diff_drive/install/ros_gz_description/share/colcon-core/packages/ros_gz_description)
[0.694s] INFO:colcon.colcon_ros.task.ament_cmake.build:Building ROS package in '/workspace/ros2_ws_diff_drive/src/ros_gz/ros_gz_gazebo' with build type 'ament_cmake'
[0.694s] INFO:colcon.colcon_cmake.task.cmake.build:Building CMake package in '/workspace/ros2_ws_diff_drive/src/ros_gz/ros_gz_gazebo'
[0.695s] INFO:colcon.colcon_core.shell:Skip shell extension 'powershell' for command environment: Not usable outside of PowerShell
[0.695s] DEBUG:colcon.colcon_core.shell:Skip shell extension 'dsv' for command environment
[0.701s] DEBUG:colcon.colcon_core.event_handler.log_command:Invoking command in '/workspace/ros2_ws_diff_drive/build/ros_gz_gazebo': AMENT_PREFIX_PATH=/workspace/ros2_ws_diff_drive/install/ros_gz_description:${AMENT_PREFIX_PATH} CMAKE_PREFIX_PATH=/workspace/ros2_ws_diff_drive/install/ros_gz_description:/opt/ros/humble IGN_GAZEBO_RESOURCE_PATH=/workspace/ros2_ws_diff_drive/install/ros_gz_description/share/ros_gz_description/models /usr/bin/cmake /workspace/ros2_ws_diff_drive/src/ros_gz/ros_gz_gazebo -DCMAKE_INSTALL_PREFIX=/workspace/ros2_ws_diff_drive/install/ros_gz_gazebo
[1.847s] DEBUG:colcon.colcon_core.event_handler.log_command:Invoked command in '/workspace/ros2_ws_diff_drive/build/ros_gz_gazebo' returned '0': AMENT_PREFIX_PATH=/workspace/ros2_ws_diff_drive/install/ros_gz_description:${AMENT_PREFIX_PATH} CMAKE_PREFIX_PATH=/workspace/ros2_ws_diff_drive/install/ros_gz_description:/opt/ros/humble IGN_GAZEBO_RESOURCE_PATH=/workspace/ros2_ws_diff_drive/install/ros_gz_description/share/ros_gz_description/models /usr/bin/cmake /workspace/ros2_ws_diff_drive/src/ros_gz/ros_gz_gazebo -DCMAKE_INSTALL_PREFIX=/workspace/ros2_ws_diff_drive/install/ros_gz_gazebo
[1.848s] DEBUG:colcon.colcon_core.event_handler.log_command:Invoking command in '/workspace/ros2_ws_diff_drive/build/ros_gz_gazebo': AMENT_PREFIX_PATH=/workspace/ros2_ws_diff_drive/install/ros_gz_description:${AMENT_PREFIX_PATH} CMAKE_PREFIX_PATH=/workspace/ros2_ws_diff_drive/install/ros_gz_description:/opt/ros/humble IGN_GAZEBO_RESOURCE_PATH=/workspace/ros2_ws_diff_drive/install/ros_gz_description/share/ros_gz_description/models /usr/bin/cmake --build /workspace/ros2_ws_diff_drive/build/ros_gz_gazebo -- -j8 -l8
[4.693s] DEBUG:colcon.colcon_core.event_handler.log_command:Invoked command in '/workspace/ros2_ws_diff_drive/build/ros_gz_gazebo' returned '0': AMENT_PREFIX_PATH=/workspace/ros2_ws_diff_drive/install/ros_gz_description:${AMENT_PREFIX_PATH} CMAKE_PREFIX_PATH=/workspace/ros2_ws_diff_drive/install/ros_gz_description:/opt/ros/humble IGN_GAZEBO_RESOURCE_PATH=/workspace/ros2_ws_diff_drive/install/ros_gz_description/share/ros_gz_description/models /usr/bin/cmake --build /workspace/ros2_ws_diff_drive/build/ros_gz_gazebo -- -j8 -l8
[4.712s] DEBUG:colcon.colcon_core.event_handler.log_command:Invoking command in '/workspace/ros2_ws_diff_drive/build/ros_gz_gazebo': AMENT_PREFIX_PATH=/workspace/ros2_ws_diff_drive/install/ros_gz_description:${AMENT_PREFIX_PATH} CMAKE_PREFIX_PATH=/workspace/ros2_ws_diff_drive/install/ros_gz_description:/opt/ros/humble IGN_GAZEBO_RESOURCE_PATH=/workspace/ros2_ws_diff_drive/install/ros_gz_description/share/ros_gz_description/models /usr/bin/cmake --install /workspace/ros2_ws_diff_drive/build/ros_gz_gazebo
[4.721s] Level 1:colcon.colcon_core.environment:create_environment_scripts_only(ros_gz_gazebo)
[4.721s] Level 1:colcon.colcon_core.environment:checking '/workspace/ros2_ws_diff_drive/install/ros_gz_gazebo' for CMake module files
[4.721s] DEBUG:colcon.colcon_core.event_handler.log_command:Invoked command in '/workspace/ros2_ws_diff_drive/build/ros_gz_gazebo' returned '0': AMENT_PREFIX_PATH=/workspace/ros2_ws_diff_drive/install/ros_gz_description:${AMENT_PREFIX_PATH} CMAKE_PREFIX_PATH=/workspace/ros2_ws_diff_drive/install/ros_gz_description:/opt/ros/humble IGN_GAZEBO_RESOURCE_PATH=/workspace/ros2_ws_diff_drive/install/ros_gz_description/share/ros_gz_description/models /usr/bin/cmake --install /workspace/ros2_ws_diff_drive/build/ros_gz_gazebo
[4.721s] Level 1:colcon.colcon_core.environment:checking '/workspace/ros2_ws_diff_drive/install/ros_gz_gazebo' for CMake config files
[4.722s] Level 1:colcon.colcon_core.shell:create_environment_hook('ros_gz_gazebo', 'cmake_prefix_path')
[4.722s] INFO:colcon.colcon_core.shell:Creating environment hook '/workspace/ros2_ws_diff_drive/install/ros_gz_gazebo/share/ros_gz_gazebo/hook/cmake_prefix_path.ps1'
[4.722s] INFO:colcon.colcon_core.shell:Creating environment descriptor '/workspace/ros2_ws_diff_drive/install/ros_gz_gazebo/share/ros_gz_gazebo/hook/cmake_prefix_path.dsv'
[4.722s] INFO:colcon.colcon_core.shell:Creating environment hook '/workspace/ros2_ws_diff_drive/install/ros_gz_gazebo/share/ros_gz_gazebo/hook/cmake_prefix_path.sh'
[4.722s] Level 1:colcon.colcon_core.environment:checking '/workspace/ros2_ws_diff_drive/install/ros_gz_gazebo/lib'
[4.723s] Level 1:colcon.colcon_core.environment:checking '/workspace/ros2_ws_diff_drive/install/ros_gz_gazebo/bin'
[4.723s] Level 1:colcon.colcon_core.environment:checking '/workspace/ros2_ws_diff_drive/install/ros_gz_gazebo/lib/pkgconfig/ros_gz_gazebo.pc'
[4.723s] Level 1:colcon.colcon_core.environment:checking '/workspace/ros2_ws_diff_drive/install/ros_gz_gazebo/lib/python3.10/site-packages'
[4.723s] Level 1:colcon.colcon_core.environment:checking '/workspace/ros2_ws_diff_drive/install/ros_gz_gazebo/bin'
[4.723s] INFO:colcon.colcon_core.shell:Creating package script '/workspace/ros2_ws_diff_drive/install/ros_gz_gazebo/share/ros_gz_gazebo/package.ps1'
[4.723s] INFO:colcon.colcon_core.shell:Creating package descriptor '/workspace/ros2_ws_diff_drive/install/ros_gz_gazebo/share/ros_gz_gazebo/package.dsv'
[4.724s] INFO:colcon.colcon_core.shell:Creating package script '/workspace/ros2_ws_diff_drive/install/ros_gz_gazebo/share/ros_gz_gazebo/package.sh'
[4.724s] INFO:colcon.colcon_core.shell:Creating package script '/workspace/ros2_ws_diff_drive/install/ros_gz_gazebo/share/ros_gz_gazebo/package.bash'
[4.724s] INFO:colcon.colcon_core.shell:Creating package script '/workspace/ros2_ws_diff_drive/install/ros_gz_gazebo/share/ros_gz_gazebo/package.zsh'
[4.724s] Level 1:colcon.colcon_core.environment:create_file_with_runtime_dependencies(/workspace/ros2_ws_diff_drive/install/ros_gz_gazebo/share/colcon-core/packages/ros_gz_gazebo)
[4.742s] Level 1:colcon.colcon_core.environment:create_environment_scripts_only(ros_gz_gazebo)
[4.742s] Level 1:colcon.colcon_core.environment:checking '/workspace/ros2_ws_diff_drive/install/ros_gz_gazebo' for CMake module files
[4.742s] Level 1:colcon.colcon_core.environment:checking '/workspace/ros2_ws_diff_drive/install/ros_gz_gazebo' for CMake config files
[4.742s] Level 1:colcon.colcon_core.shell:create_environment_hook('ros_gz_gazebo', 'cmake_prefix_path')
[4.743s] INFO:colcon.colcon_core.shell:Creating environment hook '/workspace/ros2_ws_diff_drive/install/ros_gz_gazebo/share/ros_gz_gazebo/hook/cmake_prefix_path.ps1'
[4.743s] INFO:colcon.colcon_core.shell:Creating environment descriptor '/workspace/ros2_ws_diff_drive/install/ros_gz_gazebo/share/ros_gz_gazebo/hook/cmake_prefix_path.dsv'
[4.743s] INFO:colcon.colcon_core.shell:Creating environment hook '/workspace/ros2_ws_diff_drive/install/ros_gz_gazebo/share/ros_gz_gazebo/hook/cmake_prefix_path.sh'
[4.743s] Level 1:colcon.colcon_core.environment:checking '/workspace/ros2_ws_diff_drive/install/ros_gz_gazebo/lib'
[4.743s] Level 1:colcon.colcon_core.environment:checking '/workspace/ros2_ws_diff_drive/install/ros_gz_gazebo/bin'
[4.744s] Level 1:colcon.colcon_core.environment:checking '/workspace/ros2_ws_diff_drive/install/ros_gz_gazebo/lib/pkgconfig/ros_gz_gazebo.pc'
[4.744s] Level 1:colcon.colcon_core.environment:checking '/workspace/ros2_ws_diff_drive/install/ros_gz_gazebo/lib/python3.10/site-packages'
[4.744s] Level 1:colcon.colcon_core.environment:checking '/workspace/ros2_ws_diff_drive/install/ros_gz_gazebo/bin'
[4.744s] INFO:colcon.colcon_core.shell:Creating package script '/workspace/ros2_ws_diff_drive/install/ros_gz_gazebo/share/ros_gz_gazebo/package.ps1'
[4.744s] INFO:colcon.colcon_core.shell:Creating package descriptor '/workspace/ros2_ws_diff_drive/install/ros_gz_gazebo/share/ros_gz_gazebo/package.dsv'
[4.744s] INFO:colcon.colcon_core.shell:Creating package script '/workspace/ros2_ws_diff_drive/install/ros_gz_gazebo/share/ros_gz_gazebo/package.sh'
[4.745s] INFO:colcon.colcon_core.shell:Creating package script '/workspace/ros2_ws_diff_drive/install/ros_gz_gazebo/share/ros_gz_gazebo/package.bash'
[4.745s] INFO:colcon.colcon_core.shell:Creating package script '/workspace/ros2_ws_diff_drive/install/ros_gz_gazebo/share/ros_gz_gazebo/package.zsh'
[4.745s] Level 1:colcon.colcon_core.environment:create_file_with_runtime_dependencies(/workspace/ros2_ws_diff_drive/install/ros_gz_gazebo/share/colcon-core/packages/ros_gz_gazebo)
[4.745s] INFO:colcon.colcon_ros.task.ament_cmake.build:Building ROS package in '/workspace/ros2_ws_diff_drive/src/ros_gz/ros_gz_bringup' with build type 'ament_cmake'
[4.745s] INFO:colcon.colcon_cmake.task.cmake.build:Building CMake package in '/workspace/ros2_ws_diff_drive/src/ros_gz/ros_gz_bringup'
[4.746s] INFO:colcon.colcon_core.shell:Skip shell extension 'powershell' for command environment: Not usable outside of PowerShell
[4.746s] DEBUG:colcon.colcon_core.shell:Skip shell extension 'dsv' for command environment
[4.753s] DEBUG:colcon.colcon_core.event_handler.log_command:Invoking command in '/workspace/ros2_ws_diff_drive/build/ros_gz_bringup': AMENT_PREFIX_PATH=/workspace/ros2_ws_diff_drive/install/ros_gz_gazebo:/workspace/ros2_ws_diff_drive/install/ros_gz_description:${AMENT_PREFIX_PATH} CMAKE_PREFIX_PATH=/workspace/ros2_ws_diff_drive/install/ros_gz_gazebo:/workspace/ros2_ws_diff_drive/install/ros_gz_description:/opt/ros/humble IGN_GAZEBO_PLUGIN_PATH=/workspace/ros2_ws_diff_drive/install/ros_gz_gazebo/lib/ros_gz_gazebo IGN_GAZEBO_RESOURCE_PATH=/workspace/ros2_ws_diff_drive/install/ros_gz_gazebo/share/ros_gz_gazebo/worlds:/workspace/ros2_ws_diff_drive/install/ros_gz_description/share/ros_gz_description/models /usr/bin/cmake /workspace/ros2_ws_diff_drive/src/ros_gz/ros_gz_bringup -DCMAKE_INSTALL_PREFIX=/workspace/ros2_ws_diff_drive/install/ros_gz_bringup
[5.150s] DEBUG:colcon.colcon_core.event_handler.log_command:Invoked command in '/workspace/ros2_ws_diff_drive/build/ros_gz_bringup' returned '0': AMENT_PREFIX_PATH=/workspace/ros2_ws_diff_drive/install/ros_gz_gazebo:/workspace/ros2_ws_diff_drive/install/ros_gz_description:${AMENT_PREFIX_PATH} CMAKE_PREFIX_PATH=/workspace/ros2_ws_diff_drive/install/ros_gz_gazebo:/workspace/ros2_ws_diff_drive/install/ros_gz_description:/opt/ros/humble IGN_GAZEBO_PLUGIN_PATH=/workspace/ros2_ws_diff_drive/install/ros_gz_gazebo/lib/ros_gz_gazebo IGN_GAZEBO_RESOURCE_PATH=/workspace/ros2_ws_diff_drive/install/ros_gz_gazebo/share/ros_gz_gazebo/worlds:/workspace/ros2_ws_diff_drive/install/ros_gz_description/share/ros_gz_description/models /usr/bin/cmake /workspace/ros2_ws_diff_drive/src/ros_gz/ros_gz_bringup -DCMAKE_INSTALL_PREFIX=/workspace/ros2_ws_diff_drive/install/ros_gz_bringup
[5.150s] DEBUG:colcon.colcon_core.event_handler.log_command:Invoking command in '/workspace/ros2_ws_diff_drive/build/ros_gz_bringup': AMENT_PREFIX_PATH=/workspace/ros2_ws_diff_drive/install/ros_gz_gazebo:/workspace/ros2_ws_diff_drive/install/ros_gz_description:${AMENT_PREFIX_PATH} CMAKE_PREFIX_PATH=/workspace/ros2_ws_diff_drive/install/ros_gz_gazebo:/workspace/ros2_ws_diff_drive/install/ros_gz_description:/opt/ros/humble IGN_GAZEBO_PLUGIN_PATH=/workspace/ros2_ws_diff_drive/install/ros_gz_gazebo/lib/ros_gz_gazebo IGN_GAZEBO_RESOURCE_PATH=/workspace/ros2_ws_diff_drive/install/ros_gz_gazebo/share/ros_gz_gazebo/worlds:/workspace/ros2_ws_diff_drive/install/ros_gz_description/share/ros_gz_description/models /usr/bin/cmake --build /workspace/ros2_ws_diff_drive/build/ros_gz_bringup -- -j8 -l8
[5.174s] DEBUG:colcon.colcon_core.event_handler.log_command:Invoked command in '/workspace/ros2_ws_diff_drive/build/ros_gz_bringup' returned '0': AMENT_PREFIX_PATH=/workspace/ros2_ws_diff_drive/install/ros_gz_gazebo:/workspace/ros2_ws_diff_drive/install/ros_gz_description:${AMENT_PREFIX_PATH} CMAKE_PREFIX_PATH=/workspace/ros2_ws_diff_drive/install/ros_gz_gazebo:/workspace/ros2_ws_diff_drive/install/ros_gz_description:/opt/ros/humble IGN_GAZEBO_PLUGIN_PATH=/workspace/ros2_ws_diff_drive/install/ros_gz_gazebo/lib/ros_gz_gazebo IGN_GAZEBO_RESOURCE_PATH=/workspace/ros2_ws_diff_drive/install/ros_gz_gazebo/share/ros_gz_gazebo/worlds:/workspace/ros2_ws_diff_drive/install/ros_gz_description/share/ros_gz_description/models /usr/bin/cmake --build /workspace/ros2_ws_diff_drive/build/ros_gz_bringup -- -j8 -l8
[5.187s] DEBUG:colcon.colcon_core.event_handler.log_command:Invoking command in '/workspace/ros2_ws_diff_drive/build/ros_gz_bringup': AMENT_PREFIX_PATH=/workspace/ros2_ws_diff_drive/install/ros_gz_gazebo:/workspace/ros2_ws_diff_drive/install/ros_gz_description:${AMENT_PREFIX_PATH} CMAKE_PREFIX_PATH=/workspace/ros2_ws_diff_drive/install/ros_gz_gazebo:/workspace/ros2_ws_diff_drive/install/ros_gz_description:/opt/ros/humble IGN_GAZEBO_PLUGIN_PATH=/workspace/ros2_ws_diff_drive/install/ros_gz_gazebo/lib/ros_gz_gazebo IGN_GAZEBO_RESOURCE_PATH=/workspace/ros2_ws_diff_drive/install/ros_gz_gazebo/share/ros_gz_gazebo/worlds:/workspace/ros2_ws_diff_drive/install/ros_gz_description/share/ros_gz_description/models /usr/bin/cmake --install /workspace/ros2_ws_diff_drive/build/ros_gz_bringup
[5.194s] Level 1:colcon.colcon_core.environment:create_environment_scripts_only(ros_gz_bringup)
[5.194s] Level 1:colcon.colcon_core.environment:checking '/workspace/ros2_ws_diff_drive/install/ros_gz_bringup' for CMake module files
[5.194s] DEBUG:colcon.colcon_core.event_handler.log_command:Invoked command in '/workspace/ros2_ws_diff_drive/build/ros_gz_bringup' returned '0': AMENT_PREFIX_PATH=/workspace/ros2_ws_diff_drive/install/ros_gz_gazebo:/workspace/ros2_ws_diff_drive/install/ros_gz_description:${AMENT_PREFIX_PATH} CMAKE_PREFIX_PATH=/workspace/ros2_ws_diff_drive/install/ros_gz_gazebo:/workspace/ros2_ws_diff_drive/install/ros_gz_description:/opt/ros/humble IGN_GAZEBO_PLUGIN_PATH=/workspace/ros2_ws_diff_drive/install/ros_gz_gazebo/lib/ros_gz_gazebo IGN_GAZEBO_RESOURCE_PATH=/workspace/ros2_ws_diff_drive/install/ros_gz_gazebo/share/ros_gz_gazebo/worlds:/workspace/ros2_ws_diff_drive/install/ros_gz_description/share/ros_gz_description/models /usr/bin/cmake --install /workspace/ros2_ws_diff_drive/build/ros_gz_bringup
[5.195s] Level 1:colcon.colcon_core.environment:checking '/workspace/ros2_ws_diff_drive/install/ros_gz_bringup' for CMake config files
[5.195s] Level 1:colcon.colcon_core.shell:create_environment_hook('ros_gz_bringup', 'cmake_prefix_path')
[5.195s] INFO:colcon.colcon_core.shell:Creating environment hook '/workspace/ros2_ws_diff_drive/install/ros_gz_bringup/share/ros_gz_bringup/hook/cmake_prefix_path.ps1'
[5.195s] INFO:colcon.colcon_core.shell:Creating environment descriptor '/workspace/ros2_ws_diff_drive/install/ros_gz_bringup/share/ros_gz_bringup/hook/cmake_prefix_path.dsv'
[5.195s] INFO:colcon.colcon_core.shell:Creating environment hook '/workspace/ros2_ws_diff_drive/install/ros_gz_bringup/share/ros_gz_bringup/hook/cmake_prefix_path.sh'
[5.196s] Level 1:colcon.colcon_core.environment:checking '/workspace/ros2_ws_diff_drive/install/ros_gz_bringup/bin'
[5.196s] Level 1:colcon.colcon_core.environment:checking '/workspace/ros2_ws_diff_drive/install/ros_gz_bringup/lib/pkgconfig/ros_gz_bringup.pc'
[5.196s] Level 1:colcon.colcon_core.environment:checking '/workspace/ros2_ws_diff_drive/install/ros_gz_bringup/lib/python3.10/site-packages'
[5.196s] Level 1:colcon.colcon_core.environment:checking '/workspace/ros2_ws_diff_drive/install/ros_gz_bringup/bin'
[5.196s] INFO:colcon.colcon_core.shell:Creating package script '/workspace/ros2_ws_diff_drive/install/ros_gz_bringup/share/ros_gz_bringup/package.ps1'
[5.196s] INFO:colcon.colcon_core.shell:Creating package descriptor '/workspace/ros2_ws_diff_drive/install/ros_gz_bringup/share/ros_gz_bringup/package.dsv'
[5.197s] INFO:colcon.colcon_core.shell:Creating package script '/workspace/ros2_ws_diff_drive/install/ros_gz_bringup/share/ros_gz_bringup/package.sh'
[5.197s] INFO:colcon.colcon_core.shell:Creating package script '/workspace/ros2_ws_diff_drive/install/ros_gz_bringup/share/ros_gz_bringup/package.bash'
[5.197s] INFO:colcon.colcon_core.shell:Creating package script '/workspace/ros2_ws_diff_drive/install/ros_gz_bringup/share/ros_gz_bringup/package.zsh'
[5.197s] Level 1:colcon.colcon_core.environment:create_file_with_runtime_dependencies(/workspace/ros2_ws_diff_drive/install/ros_gz_bringup/share/colcon-core/packages/ros_gz_bringup)
[5.211s] Level 1:colcon.colcon_core.environment:create_environment_scripts_only(ros_gz_bringup)
[5.211s] Level 1:colcon.colcon_core.environment:checking '/workspace/ros2_ws_diff_drive/install/ros_gz_bringup' for CMake module files
[5.211s] Level 1:colcon.colcon_core.environment:checking '/workspace/ros2_ws_diff_drive/install/ros_gz_bringup' for CMake config files
[5.211s] Level 1:colcon.colcon_core.shell:create_environment_hook('ros_gz_bringup', 'cmake_prefix_path')
[5.212s] INFO:colcon.colcon_core.shell:Creating environment hook '/workspace/ros2_ws_diff_drive/install/ros_gz_bringup/share/ros_gz_bringup/hook/cmake_prefix_path.ps1'
[5.212s] INFO:colcon.colcon_core.shell:Creating environment descriptor '/workspace/ros2_ws_diff_drive/install/ros_gz_bringup/share/ros_gz_bringup/hook/cmake_prefix_path.dsv'
[5.212s] INFO:colcon.colcon_core.shell:Creating environment hook '/workspace/ros2_ws_diff_drive/install/ros_gz_bringup/share/ros_gz_bringup/hook/cmake_prefix_path.sh'
[5.212s] Level 1:colcon.colcon_core.environment:checking '/workspace/ros2_ws_diff_drive/install/ros_gz_bringup/bin'
[5.213s] Level 1:colcon.colcon_core.environment:checking '/workspace/ros2_ws_diff_drive/install/ros_gz_bringup/lib/pkgconfig/ros_gz_bringup.pc'
[5.213s] Level 1:colcon.colcon_core.environment:checking '/workspace/ros2_ws_diff_drive/install/ros_gz_bringup/lib/python3.10/site-packages'
[5.213s] Level 1:colcon.colcon_core.environment:checking '/workspace/ros2_ws_diff_drive/install/ros_gz_bringup/bin'
[5.213s] INFO:colcon.colcon_core.shell:Creating package script '/workspace/ros2_ws_diff_drive/install/ros_gz_bringup/share/ros_gz_bringup/package.ps1'
[5.213s] INFO:colcon.colcon_core.shell:Creating package descriptor '/workspace/ros2_ws_diff_drive/install/ros_gz_bringup/share/ros_gz_bringup/package.dsv'
[5.214s] INFO:colcon.colcon_core.shell:Creating package script '/workspace/ros2_ws_diff_drive/install/ros_gz_bringup/share/ros_gz_bringup/package.sh'
[5.214s] INFO:colcon.colcon_core.shell:Creating package script '/workspace/ros2_ws_diff_drive/install/ros_gz_bringup/share/ros_gz_bringup/package.bash'
[5.214s] INFO:colcon.colcon_core.shell:Creating package script '/workspace/ros2_ws_diff_drive/install/ros_gz_bringup/share/ros_gz_bringup/package.zsh'
[5.214s] Level 1:colcon.colcon_core.environment:create_file_with_runtime_dependencies(/workspace/ros2_ws_diff_drive/install/ros_gz_bringup/share/colcon-core/packages/ros_gz_bringup)
[5.214s] DEBUG:colcon.colcon_parallel_executor.executor.parallel:closing loop
[5.215s] DEBUG:colcon.colcon_parallel_executor.executor.parallel:loop closed
[5.215s] DEBUG:colcon.colcon_parallel_executor.executor.parallel:run_until_complete finished with '0'
[5.215s] DEBUG:colcon.colcon_core.event_reactor:joining thread
[5.225s] INFO:colcon.colcon_core.plugin_system:Skipping extension 'colcon_notification.desktop_notification.notify_send': Could not find 'notify-send'
[5.225s] INFO:colcon.colcon_core.plugin_system:Skipping extension 'colcon_notification.desktop_notification.terminal_notifier': Not used on non-Darwin systems
[5.225s] INFO:colcon.colcon_core.plugin_system:Skipping extension 'colcon_notification.desktop_notification.win32': Not used on non-Windows systems
[5.226s] INFO:colcon.colcon_notification.desktop_notification:Sending desktop notification using 'notify2'
[5.227s] DEBUG:colcon.colcon_notification.desktop_notification.notify2:Failed to initialize notify2: org.freedesktop.DBus.Error.Spawn.ExecFailed: /usr/bin/dbus-launch terminated abnormally without any error message
[5.228s] DEBUG:colcon.colcon_core.event_reactor:joined thread
[5.228s] INFO:colcon.colcon_core.shell:Creating prefix script '/workspace/ros2_ws_diff_drive/install/local_setup.ps1'
[5.229s] INFO:colcon.colcon_core.shell:Creating prefix util module '/workspace/ros2_ws_diff_drive/install/_local_setup_util_ps1.py'
[5.230s] INFO:colcon.colcon_core.shell:Creating prefix chain script '/workspace/ros2_ws_diff_drive/install/setup.ps1'
[5.230s] INFO:colcon.colcon_core.shell:Creating prefix script '/workspace/ros2_ws_diff_drive/install/local_setup.sh'
[5.231s] INFO:colcon.colcon_core.shell:Creating prefix util module '/workspace/ros2_ws_diff_drive/install/_local_setup_util_sh.py'
[5.231s] INFO:colcon.colcon_core.shell:Creating prefix chain script '/workspace/ros2_ws_diff_drive/install/setup.sh'
[5.232s] INFO:colcon.colcon_core.shell:Creating prefix script '/workspace/ros2_ws_diff_drive/install/local_setup.bash'
[5.232s] INFO:colcon.colcon_core.shell:Creating prefix chain script '/workspace/ros2_ws_diff_drive/install/setup.bash'
[5.232s] INFO:colcon.colcon_core.shell:Creating prefix script '/workspace/ros2_ws_diff_drive/install/local_setup.zsh'
[5.233s] INFO:colcon.colcon_core.shell:Creating prefix chain script '/workspace/ros2_ws_diff_drive/install/setup.zsh'
